[0.153s] Invoking command in '/home/varun/ros2workspace/build/my_pkgcpp': CMAKE_PREFIX_PATH=${CMAKE_PREFIX_PATH}:/home/varun/ros2workspace/install/my_pkgpy:/home/varun/ros2_ws/install/my_py_pkg:/opt/ros/humble /usr/bin/cmake /home/varun/ros2workspace/src/my_pkgcpp -DCMAKE_INSTALL_PREFIX=/home/varun/ros2workspace/install/my_pkgcpp
[0.257s] -- The C compiler identification is GNU 11.4.0
[0.345s] -- The CXX compiler identification is GNU 11.4.0
[0.355s] -- Detecting C compiler ABI info
[0.429s] -- Detecting C compiler ABI info - done
[0.434s] -- Check for working C compiler: /usr/bin/cc - skipped
[0.435s] -- Detecting C compile features
[0.435s] -- Detecting C compile features - done
[0.439s] -- Detecting CXX compiler ABI info
[0.511s] -- Detecting CXX compiler ABI info - done
[0.516s] -- Check for working CXX compiler: /usr/bin/c++ - skipped
[0.517s] -- Detecting CXX compile features
[0.517s] -- Detecting CXX compile features - done
[0.524s] -- Found ament_cmake: 1.3.5 (/opt/ros/humble/share/ament_cmake/cmake)
[0.670s] -- Found Python3: /usr/bin/python3.10 (found version "3.10.12") found components: Interpreter 
[0.757s] -- Found rclcpp: 16.0.6 (/opt/ros/humble/share/rclcpp/cmake)
[0.808s] -- Found rosidl_generator_c: 3.1.5 (/opt/ros/humble/share/rosidl_generator_c/cmake)
[0.813s] -- Found rosidl_adapter: 3.1.5 (/opt/ros/humble/share/rosidl_adapter/cmake)
[0.823s] -- Found rosidl_generator_cpp: 3.1.5 (/opt/ros/humble/share/rosidl_generator_cpp/cmake)
[0.840s] -- Using all available rosidl_typesupport_c: rosidl_typesupport_fastrtps_c;rosidl_typesupport_introspection_c
[0.859s] -- Using all available rosidl_typesupport_cpp: rosidl_typesupport_fastrtps_cpp;rosidl_typesupport_introspection_cpp
[0.927s] -- Found rmw_implementation_cmake: 6.1.1 (/opt/ros/humble/share/rmw_implementation_cmake/cmake)
[0.931s] -- Found rmw_fastrtps_cpp: 6.2.4 (/opt/ros/humble/share/rmw_fastrtps_cpp/cmake)
[1.037s] -- Found OpenSSL: /usr/lib/x86_64-linux-gnu/libcrypto.so (found version "3.0.2")  
[1.062s] -- Found FastRTPS: /opt/ros/humble/include  
[1.103s] -- Using RMW implementation 'rmw_fastrtps_cpp' as default
[1.114s] -- Looking for pthread.h
[1.188s] -- Looking for pthread.h - found
[1.188s] -- Performing Test CMAKE_HAVE_LIBC_PTHREAD
[1.256s] -- Performing Test CMAKE_HAVE_LIBC_PTHREAD - Success
[1.257s] -- Found Threads: TRUE  
[1.392s] -- Found ament_lint_auto: 0.12.8 (/opt/ros/humble/share/ament_lint_auto/cmake)
[1.462s] -- Added test 'lint_cmake' to check CMake code style
[1.463s] -- Added test 'xmllint' to check XML markup files
[1.465s] -- Configuring done
[1.470s] -- Generating done
[1.471s] -- Build files have been written to: /home/varun/ros2workspace/build/my_pkgcpp
[1.478s] Invoked command in '/home/varun/ros2workspace/build/my_pkgcpp' returned '0': CMAKE_PREFIX_PATH=${CMAKE_PREFIX_PATH}:/home/varun/ros2workspace/install/my_pkgpy:/home/varun/ros2_ws/install/my_py_pkg:/opt/ros/humble /usr/bin/cmake /home/varun/ros2workspace/src/my_pkgcpp -DCMAKE_INSTALL_PREFIX=/home/varun/ros2workspace/install/my_pkgcpp
[1.480s] Invoking command in '/home/varun/ros2workspace/build/my_pkgcpp': CMAKE_PREFIX_PATH=${CMAKE_PREFIX_PATH}:/home/varun/ros2workspace/install/my_pkgpy:/home/varun/ros2_ws/install/my_py_pkg:/opt/ros/humble /usr/bin/cmake --build /home/varun/ros2workspace/build/my_pkgcpp -- -j12 -l12
[1.519s] Invoked command in '/home/varun/ros2workspace/build/my_pkgcpp' returned '0': CMAKE_PREFIX_PATH=${CMAKE_PREFIX_PATH}:/home/varun/ros2workspace/install/my_pkgpy:/home/varun/ros2_ws/install/my_py_pkg:/opt/ros/humble /usr/bin/cmake --build /home/varun/ros2workspace/build/my_pkgcpp -- -j12 -l12
[1.550s] Invoking command in '/home/varun/ros2workspace/build/my_pkgcpp': CMAKE_PREFIX_PATH=${CMAKE_PREFIX_PATH}:/home/varun/ros2workspace/install/my_pkgpy:/home/varun/ros2_ws/install/my_py_pkg:/opt/ros/humble /usr/bin/cmake --install /home/varun/ros2workspace/build/my_pkgcpp
[1.557s] -- Install configuration: ""
[1.557s] -- Installing: /home/varun/ros2workspace/install/my_pkgcpp/share/ament_index/resource_index/package_run_dependencies/my_pkgcpp
[1.558s] -- Installing: /home/varun/ros2workspace/install/my_pkgcpp/share/ament_index/resource_index/parent_prefix_path/my_pkgcpp
[1.558s] -- Installing: /home/varun/ros2workspace/install/my_pkgcpp/share/my_pkgcpp/environment/ament_prefix_path.sh
[1.558s] -- Installing: /home/varun/ros2workspace/install/my_pkgcpp/share/my_pkgcpp/environment/ament_prefix_path.dsv
[1.558s] -- Installing: /home/varun/ros2workspace/install/my_pkgcpp/share/my_pkgcpp/environment/path.sh
[1.558s] -- Installing: /home/varun/ros2workspace/install/my_pkgcpp/share/my_pkgcpp/environment/path.dsv
[1.559s] -- Installing: /home/varun/ros2workspace/install/my_pkgcpp/share/my_pkgcpp/local_setup.bash
[1.559s] -- Installing: /home/varun/ros2workspace/install/my_pkgcpp/share/my_pkgcpp/local_setup.sh
[1.559s] -- Installing: /home/varun/ros2workspace/install/my_pkgcpp/share/my_pkgcpp/local_setup.zsh
[1.559s] -- Installing: /home/varun/ros2workspace/install/my_pkgcpp/share/my_pkgcpp/local_setup.dsv
[1.559s] -- Installing: /home/varun/ros2workspace/install/my_pkgcpp/share/my_pkgcpp/package.dsv
[1.559s] -- Installing: /home/varun/ros2workspace/install/my_pkgcpp/share/ament_index/resource_index/packages/my_pkgcpp
[1.560s] -- Installing: /home/varun/ros2workspace/install/my_pkgcpp/share/my_pkgcpp/cmake/my_pkgcppConfig.cmake
[1.560s] -- Installing: /home/varun/ros2workspace/install/my_pkgcpp/share/my_pkgcpp/cmake/my_pkgcppConfig-version.cmake
[1.560s] -- Installing: /home/varun/ros2workspace/install/my_pkgcpp/share/my_pkgcpp/package.xml
[1.562s] Invoked command in '/home/varun/ros2workspace/build/my_pkgcpp' returned '0': CMAKE_PREFIX_PATH=${CMAKE_PREFIX_PATH}:/home/varun/ros2workspace/install/my_pkgpy:/home/varun/ros2_ws/install/my_py_pkg:/opt/ros/humble /usr/bin/cmake --install /home/varun/ros2workspace/build/my_pkgcpp
