[0.076s] Invoking command in '/home/varun/ros2workspace/build/my_pkgcpp': CMAKE_PREFIX_PATH=${CMAKE_PREFIX_PATH}:/home/varun/ros2workspace/install/my_pkgpy:/home/varun/ros2_ws/install/my_py_pkg:/opt/ros/humble /usr/bin/cmake --build /home/varun/ros2workspace/build/my_pkgcpp -- -j12 -l12
[0.109s] -- Found ament_cmake: 1.3.5 (/opt/ros/humble/share/ament_cmake/cmake)
[0.239s] -- Found rclcpp: 16.0.6 (/opt/ros/humble/share/rclcpp/cmake)
[0.276s] -- Found rosidl_generator_c: 3.1.5 (/opt/ros/humble/share/rosidl_generator_c/cmake)
[0.279s] -- Found rosidl_adapter: 3.1.5 (/opt/ros/humble/share/rosidl_adapter/cmake)
[0.287s] -- Found rosidl_generator_cpp: 3.1.5 (/opt/ros/humble/share/rosidl_generator_cpp/cmake)
[0.301s] -- Using all available rosidl_typesupport_c: rosidl_typesupport_fastrtps_c;rosidl_typesupport_introspection_c
[0.317s] -- Using all available rosidl_typesupport_cpp: rosidl_typesupport_fastrtps_cpp;rosidl_typesupport_introspection_cpp
[0.374s] -- Found rmw_implementation_cmake: 6.1.1 (/opt/ros/humble/share/rmw_implementation_cmake/cmake)
[0.376s] -- Found rmw_fastrtps_cpp: 6.2.4 (/opt/ros/humble/share/rmw_fastrtps_cpp/cmake)
[0.486s] -- Using RMW implementation 'rmw_fastrtps_cpp' as default
[0.669s] -- Configuring done
[0.682s] -- Generating done
[0.683s] -- Build files have been written to: /home/varun/ros2workspace/build/my_pkgcpp
[0.717s] [ 50%] [32mBuilding CXX object CMakeFiles/cpp_node.dir/src/my_node.cpp.o[0m
[2.812s] [100%] [32m[1mLinking CXX executable cpp_node[0m
[2.926s] [100%] Built target cpp_node
[2.937s] Invoked command in '/home/varun/ros2workspace/build/my_pkgcpp' returned '0': CMAKE_PREFIX_PATH=${CMAKE_PREFIX_PATH}:/home/varun/ros2workspace/install/my_pkgpy:/home/varun/ros2_ws/install/my_py_pkg:/opt/ros/humble /usr/bin/cmake --build /home/varun/ros2workspace/build/my_pkgcpp -- -j12 -l12
[2.967s] Invoking command in '/home/varun/ros2workspace/build/my_pkgcpp': CMAKE_PREFIX_PATH=${CMAKE_PREFIX_PATH}:/home/varun/ros2workspace/install/my_pkgpy:/home/varun/ros2_ws/install/my_py_pkg:/opt/ros/humble /usr/bin/cmake --install /home/varun/ros2workspace/build/my_pkgcpp
[2.973s] -- Install configuration: ""
[2.973s] -- Installing: /home/varun/ros2workspace/install/my_pkgcpp/lib/my_pkgcpp/cpp_node
[2.973s] -- Set runtime path of "/home/varun/ros2workspace/install/my_pkgcpp/lib/my_pkgcpp/cpp_node" to ""
[2.974s] -- Up-to-date: /home/varun/ros2workspace/install/my_pkgcpp/share/ament_index/resource_index/package_run_dependencies/my_pkgcpp
[2.974s] -- Installing: /home/varun/ros2workspace/install/my_pkgcpp/share/ament_index/resource_index/parent_prefix_path/my_pkgcpp
[2.974s] -- Up-to-date: /home/varun/ros2workspace/install/my_pkgcpp/share/my_pkgcpp/environment/ament_prefix_path.sh
[2.974s] -- Installing: /home/varun/ros2workspace/install/my_pkgcpp/share/my_pkgcpp/environment/ament_prefix_path.dsv
[2.974s] -- Up-to-date: /home/varun/ros2workspace/install/my_pkgcpp/share/my_pkgcpp/environment/path.sh
[2.974s] -- Installing: /home/varun/ros2workspace/install/my_pkgcpp/share/my_pkgcpp/environment/path.dsv
[2.974s] -- Up-to-date: /home/varun/ros2workspace/install/my_pkgcpp/share/my_pkgcpp/local_setup.bash
[2.974s] -- Up-to-date: /home/varun/ros2workspace/install/my_pkgcpp/share/my_pkgcpp/local_setup.sh
[2.974s] -- Up-to-date: /home/varun/ros2workspace/install/my_pkgcpp/share/my_pkgcpp/local_setup.zsh
[2.974s] -- Installing: /home/varun/ros2workspace/install/my_pkgcpp/share/my_pkgcpp/local_setup.dsv
[2.974s] -- Installing: /home/varun/ros2workspace/install/my_pkgcpp/share/my_pkgcpp/package.dsv
[2.975s] -- Up-to-date: /home/varun/ros2workspace/install/my_pkgcpp/share/ament_index/resource_index/packages/my_pkgcpp
[2.975s] -- Up-to-date: /home/varun/ros2workspace/install/my_pkgcpp/share/my_pkgcpp/cmake/my_pkgcppConfig.cmake
[2.975s] -- Up-to-date: /home/varun/ros2workspace/install/my_pkgcpp/share/my_pkgcpp/cmake/my_pkgcppConfig-version.cmake
[2.975s] -- Up-to-date: /home/varun/ros2workspace/install/my_pkgcpp/share/my_pkgcpp/package.xml
[2.976s] Invoked command in '/home/varun/ros2workspace/build/my_pkgcpp' returned '0': CMAKE_PREFIX_PATH=${CMAKE_PREFIX_PATH}:/home/varun/ros2workspace/install/my_pkgpy:/home/varun/ros2_ws/install/my_py_pkg:/opt/ros/humble /usr/bin/cmake --install /home/varun/ros2workspace/build/my_pkgcpp
