running develop
running egg_info
writing my_pkgpy.egg-info/PKG-INFO
writing dependency_links to my_pkgpy.egg-info/dependency_links.txt
writing entry points to my_pkgpy.egg-info/entry_points.txt
writing requirements to my_pkgpy.egg-info/requires.txt
writing top-level names to my_pkgpy.egg-info/top_level.txt
reading manifest file 'my_pkgpy.egg-info/SOURCES.txt'
writing manifest file 'my_pkgpy.egg-info/SOURCES.txt'
running build_ext
Creating /home/varun/ros2workspace/install/my_pkgpy/lib/python3.10/site-packages/my-pkgpy.egg-link (link to .)
Installing Add_two_integers_client script to /home/varun/ros2workspace/install/my_pkgpy/lib/my_pkgpy
Installing Add_two_integers_client_no_opp script to /home/varun/ros2workspace/install/my_pkgpy/lib/my_pkgpy
Installing Add_two_integers_server script to /home/varun/ros2workspace/install/my_pkgpy/lib/my_pkgpy
Installing number_counter script to /home/varun/ros2workspace/install/my_pkgpy/lib/my_pkgpy
Installing number_publish script to /home/varun/ros2workspace/install/my_pkgpy/lib/my_pkgpy
Installing py_node script to /home/varun/ros2workspace/install/my_pkgpy/lib/my_pkgpy
Installing robot_news_station script to /home/varun/ros2workspace/install/my_pkgpy/lib/my_pkgpy
Installing smartphone script to /home/varun/ros2workspace/install/my_pkgpy/lib/my_pkgpy

Installed /home/varun/ros2workspace/build/my_pkgpy
running install_data
