[1.126s] Invoking command in '/home/varun/ros2workspace/build/turtlesim_catch_them_all': PYTHONPATH=/home/varun/ros2workspace/build/turtlesim_catch_them_all/prefix_override:/home/varun/ros2workspace/install/turtlesim_catch_them_all/lib/python3.10/site-packages:${PYTHONPATH} /usr/bin/python3 setup.py develop --editable --build-directory /home/varun/ros2workspace/build/turtlesim_catch_them_all/build --no-deps install_data
[1.464s] running develop
[1.688s] running egg_info
[1.688s] creating turtlesim_catch_them_all.egg-info
[1.689s] writing turtlesim_catch_them_all.egg-info/PKG-INFO
[1.689s] writing dependency_links to turtlesim_catch_them_all.egg-info/dependency_links.txt
[1.689s] writing entry points to turtlesim_catch_them_all.egg-info/entry_points.txt
[1.689s] writing requirements to turtlesim_catch_them_all.egg-info/requires.txt
[1.689s] writing top-level names to turtlesim_catch_them_all.egg-info/top_level.txt
[1.689s] writing manifest file 'turtlesim_catch_them_all.egg-info/SOURCES.txt'
[1.691s] reading manifest file 'turtlesim_catch_them_all.egg-info/SOURCES.txt'
[1.692s] writing manifest file 'turtlesim_catch_them_all.egg-info/SOURCES.txt'
[1.693s] running build_ext
[1.694s] Creating /home/varun/ros2workspace/install/turtlesim_catch_them_all/lib/python3.10/site-packages/turtlesim-catch-them-all.egg-link (link to .)
[1.695s] Installing turtlee_controller script to /home/varun/ros2workspace/install/turtlesim_catch_them_all/lib/turtlesim_catch_them_all
[1.695s] 
[1.695s] Installed /home/varun/ros2workspace/build/turtlesim_catch_them_all
[1.695s] running install_data
[1.695s] creating /home/varun/ros2workspace/install/turtlesim_catch_them_all/share/ament_index
[1.695s] creating /home/varun/ros2workspace/install/turtlesim_catch_them_all/share/ament_index/resource_index
[1.695s] creating /home/varun/ros2workspace/install/turtlesim_catch_them_all/share/ament_index/resource_index/packages
[1.696s] copying resource/turtlesim_catch_them_all -> /home/varun/ros2workspace/install/turtlesim_catch_them_all/share/ament_index/resource_index/packages
[1.696s] copying package.xml -> /home/varun/ros2workspace/install/turtlesim_catch_them_all/share/turtlesim_catch_them_all
[1.729s] Invoked command in '/home/varun/ros2workspace/build/turtlesim_catch_them_all' returned '0': PYTHONPATH=/home/varun/ros2workspace/build/turtlesim_catch_them_all/prefix_override:/home/varun/ros2workspace/install/turtlesim_catch_them_all/lib/python3.10/site-packages:${PYTHONPATH} /usr/bin/python3 setup.py develop --editable --build-directory /home/varun/ros2workspace/build/turtlesim_catch_them_all/build --no-deps install_data
