[0.965s] DEBUG:colcon:Command line arguments: ['/usr/bin/colcon', 'list', '-p', '--base-paths', '/home/varun/ros2workspace']
[0.965s] DEBUG:colcon:Parsed command line arguments: Namespace(log_base=None, log_level=None, verb_name='list', build_base='build', ignore_user_meta=False, metas=['./colcon.meta'], base_paths=['/home/varun/ros2workspace'], packages_ignore=None, packages_ignore_regex=None, paths=None, packages_up_to=None, packages_up_to_regex=None, packages_above=None, packages_above_and_dependencies=None, packages_above_depth=None, packages_select_by_dep=None, packages_skip_by_dep=None, packages_skip_up_to=None, packages_select_build_failed=False, packages_skip_build_finished=False, packages_select_test_failures=False, packages_skip_test_passed=False, packages_select=None, packages_skip=None, packages_select_regex=None, packages_skip_regex=None, packages_start=None, packages_end=None, allow_overriding=[], topological_order=False, names_only=False, paths_only=True, topological_graph=False, topological_graph_dot=False, topological_graph_density=False, topological_graph_legend=False, topological_graph_dot_cluster=False, topological_graph_dot_include_skipped=False, verb_parser=<colcon_defaults.argument_parser.defaults.DefaultArgumentsDecorator object at 0x7f56916c4640>, verb_extension=<colcon_package_information.verb.list.ListVerb object at 0x7f5691688eb0>, main=<bound method ListVerb.main of <colcon_package_information.verb.list.ListVerb object at 0x7f5691688eb0>>)
[1.009s] Level 1:colcon.colcon_core.package_discovery:discover_packages(colcon_meta) check parameters
[1.009s] Level 1:colcon.colcon_core.package_discovery:discover_packages(recursive) check parameters
[1.009s] Level 1:colcon.colcon_core.package_discovery:discover_packages(ignore) check parameters
[1.009s] Level 1:colcon.colcon_core.package_discovery:discover_packages(path) check parameters
[1.009s] Level 1:colcon.colcon_core.package_discovery:discover_packages(recursive) discover
[1.009s] INFO:colcon.colcon_core.package_discovery:Crawling recursively for packages in '/home/varun/ros2workspace'
[1.009s] Level 1:colcon.colcon_core.package_identification:_identify(/home/varun/ros2workspace) by extensions ['ignore', 'ignore_ament_install']
[1.009s] Level 1:colcon.colcon_core.package_identification:_identify(/home/varun/ros2workspace) by extension 'ignore'
[1.009s] Level 1:colcon.colcon_core.package_identification:_identify(/home/varun/ros2workspace) by extension 'ignore_ament_install'
[1.009s] Level 1:colcon.colcon_core.package_identification:_identify(/home/varun/ros2workspace) by extensions ['colcon_pkg']
[1.009s] Level 1:colcon.colcon_core.package_identification:_identify(/home/varun/ros2workspace) by extension 'colcon_pkg'
[1.009s] Level 1:colcon.colcon_core.package_identification:_identify(/home/varun/ros2workspace) by extensions ['colcon_meta']
[1.009s] Level 1:colcon.colcon_core.package_identification:_identify(/home/varun/ros2workspace) by extension 'colcon_meta'
[1.009s] Level 1:colcon.colcon_core.package_identification:_identify(/home/varun/ros2workspace) by extensions ['ros']
[1.009s] Level 1:colcon.colcon_core.package_identification:_identify(/home/varun/ros2workspace) by extension 'ros'
[1.018s] Level 1:colcon.colcon_core.package_identification:_identify(/home/varun/ros2workspace) by extensions ['cmake', 'python']
[1.018s] Level 1:colcon.colcon_core.package_identification:_identify(/home/varun/ros2workspace) by extension 'cmake'
[1.018s] Level 1:colcon.colcon_core.package_identification:_identify(/home/varun/ros2workspace) by extension 'python'
[1.018s] Level 1:colcon.colcon_core.package_identification:_identify(/home/varun/ros2workspace) by extensions ['python_setup_py']
[1.018s] Level 1:colcon.colcon_core.package_identification:_identify(/home/varun/ros2workspace) by extension 'python_setup_py'
[1.018s] Level 1:colcon.colcon_core.package_identification:_identify(/home/varun/ros2workspace/build) by extensions ['ignore', 'ignore_ament_install']
[1.018s] Level 1:colcon.colcon_core.package_identification:_identify(/home/varun/ros2workspace/build) by extension 'ignore'
[1.018s] Level 1:colcon.colcon_core.package_identification:_identify(/home/varun/ros2workspace/build) ignored
[1.018s] Level 1:colcon.colcon_core.package_identification:_identify(/home/varun/ros2workspace/install) by extensions ['ignore', 'ignore_ament_install']
[1.019s] Level 1:colcon.colcon_core.package_identification:_identify(/home/varun/ros2workspace/install) by extension 'ignore'
[1.019s] Level 1:colcon.colcon_core.package_identification:_identify(/home/varun/ros2workspace/install) ignored
[1.019s] Level 1:colcon.colcon_core.package_identification:_identify(/home/varun/ros2workspace/log) by extensions ['ignore', 'ignore_ament_install']
[1.019s] Level 1:colcon.colcon_core.package_identification:_identify(/home/varun/ros2workspace/log) by extension 'ignore'
[1.019s] Level 1:colcon.colcon_core.package_identification:_identify(/home/varun/ros2workspace/log) ignored
[1.019s] Level 1:colcon.colcon_core.package_identification:_identify(/home/varun/ros2workspace/src) by extensions ['ignore', 'ignore_ament_install']
[1.019s] Level 1:colcon.colcon_core.package_identification:_identify(/home/varun/ros2workspace/src) by extension 'ignore'
[1.019s] Level 1:colcon.colcon_core.package_identification:_identify(/home/varun/ros2workspace/src) by extension 'ignore_ament_install'
[1.019s] Level 1:colcon.colcon_core.package_identification:_identify(/home/varun/ros2workspace/src) by extensions ['colcon_pkg']
[1.019s] Level 1:colcon.colcon_core.package_identification:_identify(/home/varun/ros2workspace/src) by extension 'colcon_pkg'
[1.019s] Level 1:colcon.colcon_core.package_identification:_identify(/home/varun/ros2workspace/src) by extensions ['colcon_meta']
[1.019s] Level 1:colcon.colcon_core.package_identification:_identify(/home/varun/ros2workspace/src) by extension 'colcon_meta'
[1.019s] Level 1:colcon.colcon_core.package_identification:_identify(/home/varun/ros2workspace/src) by extensions ['ros']
[1.019s] Level 1:colcon.colcon_core.package_identification:_identify(/home/varun/ros2workspace/src) by extension 'ros'
[1.019s] Level 1:colcon.colcon_core.package_identification:_identify(/home/varun/ros2workspace/src) by extensions ['cmake', 'python']
[1.019s] Level 1:colcon.colcon_core.package_identification:_identify(/home/varun/ros2workspace/src) by extension 'cmake'
[1.019s] Level 1:colcon.colcon_core.package_identification:_identify(/home/varun/ros2workspace/src) by extension 'python'
[1.019s] Level 1:colcon.colcon_core.package_identification:_identify(/home/varun/ros2workspace/src) by extensions ['python_setup_py']
[1.019s] Level 1:colcon.colcon_core.package_identification:_identify(/home/varun/ros2workspace/src) by extension 'python_setup_py'
[1.020s] Level 1:colcon.colcon_core.package_identification:_identify(/home/varun/ros2workspace/src/my_pkgcpp) by extensions ['ignore', 'ignore_ament_install']
[1.020s] Level 1:colcon.colcon_core.package_identification:_identify(/home/varun/ros2workspace/src/my_pkgcpp) by extension 'ignore'
[1.020s] Level 1:colcon.colcon_core.package_identification:_identify(/home/varun/ros2workspace/src/my_pkgcpp) by extension 'ignore_ament_install'
[1.020s] Level 1:colcon.colcon_core.package_identification:_identify(/home/varun/ros2workspace/src/my_pkgcpp) by extensions ['colcon_pkg']
[1.020s] Level 1:colcon.colcon_core.package_identification:_identify(/home/varun/ros2workspace/src/my_pkgcpp) by extension 'colcon_pkg'
[1.020s] Level 1:colcon.colcon_core.package_identification:_identify(/home/varun/ros2workspace/src/my_pkgcpp) by extensions ['colcon_meta']
[1.020s] Level 1:colcon.colcon_core.package_identification:_identify(/home/varun/ros2workspace/src/my_pkgcpp) by extension 'colcon_meta'
[1.020s] Level 1:colcon.colcon_core.package_identification:_identify(/home/varun/ros2workspace/src/my_pkgcpp) by extensions ['ros']
[1.020s] Level 1:colcon.colcon_core.package_identification:_identify(/home/varun/ros2workspace/src/my_pkgcpp) by extension 'ros'
[1.022s] DEBUG:colcon.colcon_core.package_identification:Package '/home/varun/ros2workspace/src/my_pkgcpp' with type 'ros.ament_cmake' and name 'my_pkgcpp'
[1.022s] Level 1:colcon.colcon_core.package_identification:_identify(/home/varun/ros2workspace/src/my_pkgpy) by extensions ['ignore', 'ignore_ament_install']
[1.022s] Level 1:colcon.colcon_core.package_identification:_identify(/home/varun/ros2workspace/src/my_pkgpy) by extension 'ignore'
[1.022s] Level 1:colcon.colcon_core.package_identification:_identify(/home/varun/ros2workspace/src/my_pkgpy) by extension 'ignore_ament_install'
[1.022s] Level 1:colcon.colcon_core.package_identification:_identify(/home/varun/ros2workspace/src/my_pkgpy) by extensions ['colcon_pkg']
[1.022s] Level 1:colcon.colcon_core.package_identification:_identify(/home/varun/ros2workspace/src/my_pkgpy) by extension 'colcon_pkg'
[1.022s] Level 1:colcon.colcon_core.package_identification:_identify(/home/varun/ros2workspace/src/my_pkgpy) by extensions ['colcon_meta']
[1.022s] Level 1:colcon.colcon_core.package_identification:_identify(/home/varun/ros2workspace/src/my_pkgpy) by extension 'colcon_meta'
[1.022s] Level 1:colcon.colcon_core.package_identification:_identify(/home/varun/ros2workspace/src/my_pkgpy) by extensions ['ros']
[1.022s] Level 1:colcon.colcon_core.package_identification:_identify(/home/varun/ros2workspace/src/my_pkgpy) by extension 'ros'
[1.023s] DEBUG:colcon.colcon_core.package_identification:Package '/home/varun/ros2workspace/src/my_pkgpy' with type 'ros.ament_python' and name 'my_pkgpy'
[1.023s] Level 1:colcon.colcon_core.package_identification:_identify(/home/varun/ros2workspace/src/my_robot_bringup) by extensions ['ignore', 'ignore_ament_install']
[1.023s] Level 1:colcon.colcon_core.package_identification:_identify(/home/varun/ros2workspace/src/my_robot_bringup) by extension 'ignore'
[1.023s] Level 1:colcon.colcon_core.package_identification:_identify(/home/varun/ros2workspace/src/my_robot_bringup) by extension 'ignore_ament_install'
[1.023s] Level 1:colcon.colcon_core.package_identification:_identify(/home/varun/ros2workspace/src/my_robot_bringup) by extensions ['colcon_pkg']
[1.023s] Level 1:colcon.colcon_core.package_identification:_identify(/home/varun/ros2workspace/src/my_robot_bringup) by extension 'colcon_pkg'
[1.023s] Level 1:colcon.colcon_core.package_identification:_identify(/home/varun/ros2workspace/src/my_robot_bringup) by extensions ['colcon_meta']
[1.023s] Level 1:colcon.colcon_core.package_identification:_identify(/home/varun/ros2workspace/src/my_robot_bringup) by extension 'colcon_meta'
[1.023s] Level 1:colcon.colcon_core.package_identification:_identify(/home/varun/ros2workspace/src/my_robot_bringup) by extensions ['ros']
[1.023s] Level 1:colcon.colcon_core.package_identification:_identify(/home/varun/ros2workspace/src/my_robot_bringup) by extension 'ros'
[1.023s] DEBUG:colcon.colcon_core.package_identification:Package '/home/varun/ros2workspace/src/my_robot_bringup' with type 'ros.ament_cmake' and name 'my_robot_bringup'
[1.023s] Level 1:colcon.colcon_core.package_identification:_identify(/home/varun/ros2workspace/src/my_robot_interfaces) by extensions ['ignore', 'ignore_ament_install']
[1.023s] Level 1:colcon.colcon_core.package_identification:_identify(/home/varun/ros2workspace/src/my_robot_interfaces) by extension 'ignore'
[1.023s] Level 1:colcon.colcon_core.package_identification:_identify(/home/varun/ros2workspace/src/my_robot_interfaces) by extension 'ignore_ament_install'
[1.024s] Level 1:colcon.colcon_core.package_identification:_identify(/home/varun/ros2workspace/src/my_robot_interfaces) by extensions ['colcon_pkg']
[1.024s] Level 1:colcon.colcon_core.package_identification:_identify(/home/varun/ros2workspace/src/my_robot_interfaces) by extension 'colcon_pkg'
[1.024s] Level 1:colcon.colcon_core.package_identification:_identify(/home/varun/ros2workspace/src/my_robot_interfaces) by extensions ['colcon_meta']
[1.024s] Level 1:colcon.colcon_core.package_identification:_identify(/home/varun/ros2workspace/src/my_robot_interfaces) by extension 'colcon_meta'
[1.024s] Level 1:colcon.colcon_core.package_identification:_identify(/home/varun/ros2workspace/src/my_robot_interfaces) by extensions ['ros']
[1.024s] Level 1:colcon.colcon_core.package_identification:_identify(/home/varun/ros2workspace/src/my_robot_interfaces) by extension 'ros'
[1.024s] DEBUG:colcon.colcon_core.package_identification:Package '/home/varun/ros2workspace/src/my_robot_interfaces' with type 'ros.ament_cmake' and name 'my_robot_interfaces'
[1.024s] Level 1:colcon.colcon_core.package_identification:_identify(/home/varun/ros2workspace/src/turtlesim_catch_them_all) by extensions ['ignore', 'ignore_ament_install']
[1.024s] Level 1:colcon.colcon_core.package_identification:_identify(/home/varun/ros2workspace/src/turtlesim_catch_them_all) by extension 'ignore'
[1.024s] Level 1:colcon.colcon_core.package_identification:_identify(/home/varun/ros2workspace/src/turtlesim_catch_them_all) by extension 'ignore_ament_install'
[1.024s] Level 1:colcon.colcon_core.package_identification:_identify(/home/varun/ros2workspace/src/turtlesim_catch_them_all) by extensions ['colcon_pkg']
[1.024s] Level 1:colcon.colcon_core.package_identification:_identify(/home/varun/ros2workspace/src/turtlesim_catch_them_all) by extension 'colcon_pkg'
[1.024s] Level 1:colcon.colcon_core.package_identification:_identify(/home/varun/ros2workspace/src/turtlesim_catch_them_all) by extensions ['colcon_meta']
[1.024s] Level 1:colcon.colcon_core.package_identification:_identify(/home/varun/ros2workspace/src/turtlesim_catch_them_all) by extension 'colcon_meta'
[1.025s] Level 1:colcon.colcon_core.package_identification:_identify(/home/varun/ros2workspace/src/turtlesim_catch_them_all) by extensions ['ros']
[1.025s] Level 1:colcon.colcon_core.package_identification:_identify(/home/varun/ros2workspace/src/turtlesim_catch_them_all) by extension 'ros'
[1.025s] DEBUG:colcon.colcon_core.package_identification:Package '/home/varun/ros2workspace/src/turtlesim_catch_them_all' with type 'ros.ament_python' and name 'turtlesim_catch_them_all'
[1.025s] Level 1:colcon.colcon_core.package_discovery:discover_packages(recursive) using defaults
