[0.748s] Invoking command in '/home/varun/ros2workspace/src/my_pkgpy': PYTHONPATH=/home/varun/ros2workspace/build/my_pkgpy/prefix_override:/home/varun/ros2workspace/install/my_pkgpy/lib/python3.10/site-packages:${PYTHONPATH} /usr/bin/python3 setup.py egg_info --egg-base ../../build/my_pkgpy build --build-base /home/varun/ros2workspace/build/my_pkgpy/build install --record /home/varun/ros2workspace/build/my_pkgpy/install.log --single-version-externally-managed
[0.947s] running egg_info
[0.949s] writing ../../build/my_pkgpy/my_pkgpy.egg-info/PKG-INFO
[0.949s] writing dependency_links to ../../build/my_pkgpy/my_pkgpy.egg-info/dependency_links.txt
[0.949s] writing entry points to ../../build/my_pkgpy/my_pkgpy.egg-info/entry_points.txt
[0.950s] writing requirements to ../../build/my_pkgpy/my_pkgpy.egg-info/requires.txt
[0.950s] writing top-level names to ../../build/my_pkgpy/my_pkgpy.egg-info/top_level.txt
[0.951s] reading manifest file '../../build/my_pkgpy/my_pkgpy.egg-info/SOURCES.txt'
[0.952s] writing manifest file '../../build/my_pkgpy/my_pkgpy.egg-info/SOURCES.txt'
[0.952s] running build
[0.952s] running build_py
[0.952s] copying my_pkgpy/node1.py -> /home/varun/ros2workspace/build/my_pkgpy/build/lib/my_pkgpy
[0.952s] copying my_pkgpy/smartphone.py -> /home/varun/ros2workspace/build/my_pkgpy/build/lib/my_pkgpy
[0.952s] copying my_pkgpy/robot_news_station.py -> /home/varun/ros2workspace/build/my_pkgpy/build/lib/my_pkgpy
[0.952s] running install
[0.952s] running install_lib
[0.953s] copying /home/varun/ros2workspace/build/my_pkgpy/build/lib/my_pkgpy/node1.py -> /home/varun/ros2workspace/install/my_pkgpy/lib/python3.10/site-packages/my_pkgpy
[0.953s] copying /home/varun/ros2workspace/build/my_pkgpy/build/lib/my_pkgpy/smartphone.py -> /home/varun/ros2workspace/install/my_pkgpy/lib/python3.10/site-packages/my_pkgpy
[0.953s] copying /home/varun/ros2workspace/build/my_pkgpy/build/lib/my_pkgpy/robot_news_station.py -> /home/varun/ros2workspace/install/my_pkgpy/lib/python3.10/site-packages/my_pkgpy
[0.954s] byte-compiling /home/varun/ros2workspace/install/my_pkgpy/lib/python3.10/site-packages/my_pkgpy/node1.py to node1.cpython-310.pyc
[0.954s] byte-compiling /home/varun/ros2workspace/install/my_pkgpy/lib/python3.10/site-packages/my_pkgpy/smartphone.py to smartphone.cpython-310.pyc
[0.955s] byte-compiling /home/varun/ros2workspace/install/my_pkgpy/lib/python3.10/site-packages/my_pkgpy/robot_news_station.py to robot_news_station.cpython-310.pyc
[0.955s] running install_data
[0.955s] running install_egg_info
[0.956s] removing '/home/varun/ros2workspace/install/my_pkgpy/lib/python3.10/site-packages/my_pkgpy-0.0.0-py3.10.egg-info' (and everything under it)
[0.957s] Copying ../../build/my_pkgpy/my_pkgpy.egg-info to /home/varun/ros2workspace/install/my_pkgpy/lib/python3.10/site-packages/my_pkgpy-0.0.0-py3.10.egg-info
[0.958s] running install_scripts
[0.972s] Installing py_node script to /home/varun/ros2workspace/install/my_pkgpy/lib/my_pkgpy
[0.972s] Installing robot_news_station script to /home/varun/ros2workspace/install/my_pkgpy/lib/my_pkgpy
[0.972s] Installing smartphone script to /home/varun/ros2workspace/install/my_pkgpy/lib/my_pkgpy
[0.972s] writing list of installed files to '/home/varun/ros2workspace/build/my_pkgpy/install.log'
[0.988s] Invoked command in '/home/varun/ros2workspace/src/my_pkgpy' returned '0': PYTHONPATH=/home/varun/ros2workspace/build/my_pkgpy/prefix_override:/home/varun/ros2workspace/install/my_pkgpy/lib/python3.10/site-packages:${PYTHONPATH} /usr/bin/python3 setup.py egg_info --egg-base ../../build/my_pkgpy build --build-base /home/varun/ros2workspace/build/my_pkgpy/build install --record /home/varun/ros2workspace/build/my_pkgpy/install.log --single-version-externally-managed
