[0.646s] Invoking command in '/home/varun/ros2workspace/build/my_pkgpy': PYTHONPATH=/home/varun/ros2workspace/build/my_pkgpy/prefix_override:/home/varun/ros2workspace/install/my_pkgpy/lib/python3.10/site-packages:${PYTHONPATH} /usr/bin/python3 setup.py develop --editable --build-directory /home/varun/ros2workspace/build/my_pkgpy/build --no-deps install_data
[0.861s] running develop
[1.001s] running egg_info
[1.002s] writing my_pkgpy.egg-info/PKG-INFO
[1.002s] writing dependency_links to my_pkgpy.egg-info/dependency_links.txt
[1.002s] writing entry points to my_pkgpy.egg-info/entry_points.txt
[1.002s] writing requirements to my_pkgpy.egg-info/requires.txt
[1.002s] writing top-level names to my_pkgpy.egg-info/top_level.txt
[1.003s] reading manifest file 'my_pkgpy.egg-info/SOURCES.txt'
[1.004s] writing manifest file 'my_pkgpy.egg-info/SOURCES.txt'
[1.005s] running build_ext
[1.005s] Creating /home/varun/ros2workspace/install/my_pkgpy/lib/python3.10/site-packages/my-pkgpy.egg-link (link to .)
[1.006s] Installing Add_two_integers_client script to /home/varun/ros2workspace/install/my_pkgpy/lib/my_pkgpy
[1.006s] Installing Add_two_integers_client_no_opp script to /home/varun/ros2workspace/install/my_pkgpy/lib/my_pkgpy
[1.006s] Installing Add_two_integers_server script to /home/varun/ros2workspace/install/my_pkgpy/lib/my_pkgpy
[1.006s] Installing number_counter script to /home/varun/ros2workspace/install/my_pkgpy/lib/my_pkgpy
[1.006s] Installing number_publish script to /home/varun/ros2workspace/install/my_pkgpy/lib/my_pkgpy
[1.006s] Installing py_node script to /home/varun/ros2workspace/install/my_pkgpy/lib/my_pkgpy
[1.006s] Installing robot_news_station script to /home/varun/ros2workspace/install/my_pkgpy/lib/my_pkgpy
[1.006s] Installing smartphone script to /home/varun/ros2workspace/install/my_pkgpy/lib/my_pkgpy
[1.006s] 
[1.007s] Installed /home/varun/ros2workspace/build/my_pkgpy
[1.007s] running install_data
[1.028s] Invoked command in '/home/varun/ros2workspace/build/my_pkgpy' returned '0': PYTHONPATH=/home/varun/ros2workspace/build/my_pkgpy/prefix_override:/home/varun/ros2workspace/install/my_pkgpy/lib/python3.10/site-packages:${PYTHONPATH} /usr/bin/python3 setup.py develop --editable --build-directory /home/varun/ros2workspace/build/my_pkgpy/build --no-deps install_data
