[1.045s] Invoking command in '/home/varun/ros2workspace/src/my_pkgpy': PYTHONPATH=/home/varun/ros2workspace/build/my_pkgpy/prefix_override:/home/varun/ros2workspace/install/my_pkgpy/lib/python3.10/site-packages:${PYTHONPATH} /usr/bin/python3 setup.py egg_info --egg-base ../../build/my_pkgpy build --build-base /home/varun/ros2workspace/build/my_pkgpy/build install --record /home/varun/ros2workspace/build/my_pkgpy/install.log --single-version-externally-managed
[1.398s] running egg_info
[1.399s] writing ../../build/my_pkgpy/my_pkgpy.egg-info/PKG-INFO
[1.399s] writing dependency_links to ../../build/my_pkgpy/my_pkgpy.egg-info/dependency_links.txt
[1.399s] writing entry points to ../../build/my_pkgpy/my_pkgpy.egg-info/entry_points.txt
[1.399s] writing requirements to ../../build/my_pkgpy/my_pkgpy.egg-info/requires.txt
[1.400s] writing top-level names to ../../build/my_pkgpy/my_pkgpy.egg-info/top_level.txt
[1.402s] reading manifest file '../../build/my_pkgpy/my_pkgpy.egg-info/SOURCES.txt'
[1.403s] writing manifest file '../../build/my_pkgpy/my_pkgpy.egg-info/SOURCES.txt'
[1.403s] running build
[1.403s] running build_py
[1.403s] copying my_pkgpy/number_publisher.py -> /home/varun/ros2workspace/build/my_pkgpy/build/lib/my_pkgpy
[1.405s] running install
[1.405s] running install_lib
[1.406s] copying /home/varun/ros2workspace/build/my_pkgpy/build/lib/my_pkgpy/number_publisher.py -> /home/varun/ros2workspace/install/my_pkgpy/lib/python3.10/site-packages/my_pkgpy
[1.407s] byte-compiling /home/varun/ros2workspace/install/my_pkgpy/lib/python3.10/site-packages/my_pkgpy/number_publisher.py to number_publisher.cpython-310.pyc
[1.408s] running install_data
[1.409s] running install_egg_info
[1.411s] removing '/home/varun/ros2workspace/install/my_pkgpy/lib/python3.10/site-packages/my_pkgpy-0.0.0-py3.10.egg-info' (and everything under it)
[1.411s] Copying ../../build/my_pkgpy/my_pkgpy.egg-info to /home/varun/ros2workspace/install/my_pkgpy/lib/python3.10/site-packages/my_pkgpy-0.0.0-py3.10.egg-info
[1.413s] running install_scripts
[1.438s] Installing Add_two_integers_client script to /home/varun/ros2workspace/install/my_pkgpy/lib/my_pkgpy
[1.438s] Installing Add_two_integers_client_no_opp script to /home/varun/ros2workspace/install/my_pkgpy/lib/my_pkgpy
[1.438s] Installing Add_two_integers_server script to /home/varun/ros2workspace/install/my_pkgpy/lib/my_pkgpy
[1.438s] Installing Hw_status_publihser script to /home/varun/ros2workspace/install/my_pkgpy/lib/my_pkgpy
[1.438s] Installing Led_states_publisher script to /home/varun/ros2workspace/install/my_pkgpy/lib/my_pkgpy
[1.439s] Installing battery_client script to /home/varun/ros2workspace/install/my_pkgpy/lib/my_pkgpy
[1.439s] Installing number_counter script to /home/varun/ros2workspace/install/my_pkgpy/lib/my_pkgpy
[1.439s] Installing number_publish script to /home/varun/ros2workspace/install/my_pkgpy/lib/my_pkgpy
[1.439s] Installing py_node script to /home/varun/ros2workspace/install/my_pkgpy/lib/my_pkgpy
[1.439s] Installing robot_news_station script to /home/varun/ros2workspace/install/my_pkgpy/lib/my_pkgpy
[1.439s] Installing smartphone script to /home/varun/ros2workspace/install/my_pkgpy/lib/my_pkgpy
[1.440s] writing list of installed files to '/home/varun/ros2workspace/build/my_pkgpy/install.log'
[1.466s] Invoked command in '/home/varun/ros2workspace/src/my_pkgpy' returned '0': PYTHONPATH=/home/varun/ros2workspace/build/my_pkgpy/prefix_override:/home/varun/ros2workspace/install/my_pkgpy/lib/python3.10/site-packages:${PYTHONPATH} /usr/bin/python3 setup.py egg_info --egg-base ../../build/my_pkgpy build --build-base /home/varun/ros2workspace/build/my_pkgpy/build install --record /home/varun/ros2workspace/build/my_pkgpy/install.log --single-version-externally-managed
