[1.449s] DEBUG:colcon:Command line arguments: ['/usr/bin/colcon', 'build', '--packages-select', 'my_robot_bringup']
[1.449s] DEBUG:colcon:Parsed command line arguments: Namespace(log_base=None, log_level=None, verb_name='build', build_base='build', install_base='install', merge_install=False, symlink_install=False, test_result_base=None, continue_on_error=False, executor='parallel', parallel_workers=12, event_handlers=None, ignore_user_meta=False, metas=['./colcon.meta'], base_paths=['.'], packages_ignore=None, packages_ignore_regex=None, paths=None, packages_up_to=None, packages_up_to_regex=None, packages_above=None, packages_above_and_dependencies=None, packages_above_depth=None, packages_select_by_dep=None, packages_skip_by_dep=None, packages_skip_up_to=None, packages_select_build_failed=False, packages_skip_build_finished=False, packages_select_test_failures=False, packages_skip_test_passed=False, packages_select=['my_robot_bringup'], packages_skip=None, packages_select_regex=None, packages_skip_regex=None, packages_start=None, packages_end=None, allow_overriding=[], cmake_args=None, cmake_target=None, cmake_target_skip_unavailable=False, cmake_clean_cache=False, cmake_clean_first=False, cmake_force_configure=False, ament_cmake_args=None, catkin_cmake_args=None, catkin_skip_building_tests=False, verb_parser=<colcon_defaults.argument_parser.defaults.DefaultArgumentsDecorator object at 0x7fb3f03c6200>, verb_extension=<colcon_core.verb.build.BuildVerb object at 0x7fb3f03bb8e0>, main=<bound method BuildVerb.main of <colcon_core.verb.build.BuildVerb object at 0x7fb3f03bb8e0>>)
[1.513s] Level 1:colcon.colcon_core.package_discovery:discover_packages(colcon_meta) check parameters
[1.513s] Level 1:colcon.colcon_core.package_discovery:discover_packages(recursive) check parameters
[1.513s] Level 1:colcon.colcon_core.package_discovery:discover_packages(ignore) check parameters
[1.513s] Level 1:colcon.colcon_core.package_discovery:discover_packages(path) check parameters
[1.513s] Level 1:colcon.colcon_core.package_discovery:discover_packages(colcon_meta) discover
[1.513s] Level 1:colcon.colcon_core.package_discovery:discover_packages(recursive) discover
[1.513s] INFO:colcon.colcon_core.package_discovery:Crawling recursively for packages in '/home/varun/ros2workspace'
[1.513s] Level 1:colcon.colcon_core.package_identification:_identify(.) by extensions ['ignore', 'ignore_ament_install']
[1.513s] Level 1:colcon.colcon_core.package_identification:_identify(.) by extension 'ignore'
[1.513s] Level 1:colcon.colcon_core.package_identification:_identify(.) by extension 'ignore_ament_install'
[1.513s] Level 1:colcon.colcon_core.package_identification:_identify(.) by extensions ['colcon_pkg']
[1.513s] Level 1:colcon.colcon_core.package_identification:_identify(.) by extension 'colcon_pkg'
[1.513s] Level 1:colcon.colcon_core.package_identification:_identify(.) by extensions ['colcon_meta']
[1.513s] Level 1:colcon.colcon_core.package_identification:_identify(.) by extension 'colcon_meta'
[1.514s] Level 1:colcon.colcon_core.package_identification:_identify(.) by extensions ['ros']
[1.514s] Level 1:colcon.colcon_core.package_identification:_identify(.) by extension 'ros'
[1.529s] Level 1:colcon.colcon_core.package_identification:_identify(.) by extensions ['cmake', 'python']
[1.529s] Level 1:colcon.colcon_core.package_identification:_identify(.) by extension 'cmake'
[1.529s] Level 1:colcon.colcon_core.package_identification:_identify(.) by extension 'python'
[1.529s] Level 1:colcon.colcon_core.package_identification:_identify(.) by extensions ['python_setup_py']
[1.529s] Level 1:colcon.colcon_core.package_identification:_identify(.) by extension 'python_setup_py'
[1.529s] Level 1:colcon.colcon_core.package_identification:_identify(build) by extensions ['ignore', 'ignore_ament_install']
[1.530s] Level 1:colcon.colcon_core.package_identification:_identify(build) by extension 'ignore'
[1.530s] Level 1:colcon.colcon_core.package_identification:_identify(build) ignored
[1.530s] Level 1:colcon.colcon_core.package_identification:_identify(install) by extensions ['ignore', 'ignore_ament_install']
[1.530s] Level 1:colcon.colcon_core.package_identification:_identify(install) by extension 'ignore'
[1.530s] Level 1:colcon.colcon_core.package_identification:_identify(install) ignored
[1.531s] Level 1:colcon.colcon_core.package_identification:_identify(log) by extensions ['ignore', 'ignore_ament_install']
[1.531s] Level 1:colcon.colcon_core.package_identification:_identify(log) by extension 'ignore'
[1.531s] Level 1:colcon.colcon_core.package_identification:_identify(log) ignored
[1.531s] Level 1:colcon.colcon_core.package_identification:_identify(src) by extensions ['ignore', 'ignore_ament_install']
[1.531s] Level 1:colcon.colcon_core.package_identification:_identify(src) by extension 'ignore'
[1.531s] Level 1:colcon.colcon_core.package_identification:_identify(src) by extension 'ignore_ament_install'
[1.531s] Level 1:colcon.colcon_core.package_identification:_identify(src) by extensions ['colcon_pkg']
[1.531s] Level 1:colcon.colcon_core.package_identification:_identify(src) by extension 'colcon_pkg'
[1.531s] Level 1:colcon.colcon_core.package_identification:_identify(src) by extensions ['colcon_meta']
[1.531s] Level 1:colcon.colcon_core.package_identification:_identify(src) by extension 'colcon_meta'
[1.531s] Level 1:colcon.colcon_core.package_identification:_identify(src) by extensions ['ros']
[1.531s] Level 1:colcon.colcon_core.package_identification:_identify(src) by extension 'ros'
[1.531s] Level 1:colcon.colcon_core.package_identification:_identify(src) by extensions ['cmake', 'python']
[1.531s] Level 1:colcon.colcon_core.package_identification:_identify(src) by extension 'cmake'
[1.531s] Level 1:colcon.colcon_core.package_identification:_identify(src) by extension 'python'
[1.532s] Level 1:colcon.colcon_core.package_identification:_identify(src) by extensions ['python_setup_py']
[1.532s] Level 1:colcon.colcon_core.package_identification:_identify(src) by extension 'python_setup_py'
[1.532s] Level 1:colcon.colcon_core.package_identification:_identify(src/my_pkgcpp) by extensions ['ignore', 'ignore_ament_install']
[1.532s] Level 1:colcon.colcon_core.package_identification:_identify(src/my_pkgcpp) by extension 'ignore'
[1.532s] Level 1:colcon.colcon_core.package_identification:_identify(src/my_pkgcpp) by extension 'ignore_ament_install'
[1.532s] Level 1:colcon.colcon_core.package_identification:_identify(src/my_pkgcpp) by extensions ['colcon_pkg']
[1.532s] Level 1:colcon.colcon_core.package_identification:_identify(src/my_pkgcpp) by extension 'colcon_pkg'
[1.532s] Level 1:colcon.colcon_core.package_identification:_identify(src/my_pkgcpp) by extensions ['colcon_meta']
[1.532s] Level 1:colcon.colcon_core.package_identification:_identify(src/my_pkgcpp) by extension 'colcon_meta'
[1.532s] Level 1:colcon.colcon_core.package_identification:_identify(src/my_pkgcpp) by extensions ['ros']
[1.532s] Level 1:colcon.colcon_core.package_identification:_identify(src/my_pkgcpp) by extension 'ros'
[1.536s] DEBUG:colcon.colcon_core.package_identification:Package 'src/my_pkgcpp' with type 'ros.ament_cmake' and name 'my_pkgcpp'
[1.536s] Level 1:colcon.colcon_core.package_identification:_identify(src/my_pkgpy) by extensions ['ignore', 'ignore_ament_install']
[1.536s] Level 1:colcon.colcon_core.package_identification:_identify(src/my_pkgpy) by extension 'ignore'
[1.536s] Level 1:colcon.colcon_core.package_identification:_identify(src/my_pkgpy) by extension 'ignore_ament_install'
[1.536s] Level 1:colcon.colcon_core.package_identification:_identify(src/my_pkgpy) by extensions ['colcon_pkg']
[1.536s] Level 1:colcon.colcon_core.package_identification:_identify(src/my_pkgpy) by extension 'colcon_pkg'
[1.536s] Level 1:colcon.colcon_core.package_identification:_identify(src/my_pkgpy) by extensions ['colcon_meta']
[1.537s] Level 1:colcon.colcon_core.package_identification:_identify(src/my_pkgpy) by extension 'colcon_meta'
[1.537s] Level 1:colcon.colcon_core.package_identification:_identify(src/my_pkgpy) by extensions ['ros']
[1.537s] Level 1:colcon.colcon_core.package_identification:_identify(src/my_pkgpy) by extension 'ros'
[1.538s] DEBUG:colcon.colcon_core.package_identification:Package 'src/my_pkgpy' with type 'ros.ament_python' and name 'my_pkgpy'
[1.538s] Level 1:colcon.colcon_core.package_identification:_identify(src/my_robot_bringup) by extensions ['ignore', 'ignore_ament_install']
[1.538s] Level 1:colcon.colcon_core.package_identification:_identify(src/my_robot_bringup) by extension 'ignore'
[1.538s] Level 1:colcon.colcon_core.package_identification:_identify(src/my_robot_bringup) by extension 'ignore_ament_install'
[1.538s] Level 1:colcon.colcon_core.package_identification:_identify(src/my_robot_bringup) by extensions ['colcon_pkg']
[1.538s] Level 1:colcon.colcon_core.package_identification:_identify(src/my_robot_bringup) by extension 'colcon_pkg'
[1.538s] Level 1:colcon.colcon_core.package_identification:_identify(src/my_robot_bringup) by extensions ['colcon_meta']
[1.538s] Level 1:colcon.colcon_core.package_identification:_identify(src/my_robot_bringup) by extension 'colcon_meta'
[1.538s] Level 1:colcon.colcon_core.package_identification:_identify(src/my_robot_bringup) by extensions ['ros']
[1.538s] Level 1:colcon.colcon_core.package_identification:_identify(src/my_robot_bringup) by extension 'ros'
[1.539s] DEBUG:colcon.colcon_core.package_identification:Package 'src/my_robot_bringup' with type 'ros.ament_cmake' and name 'my_robot_bringup'
[1.539s] Level 1:colcon.colcon_core.package_identification:_identify(src/my_robot_interfaces) by extensions ['ignore', 'ignore_ament_install']
[1.539s] Level 1:colcon.colcon_core.package_identification:_identify(src/my_robot_interfaces) by extension 'ignore'
[1.539s] Level 1:colcon.colcon_core.package_identification:_identify(src/my_robot_interfaces) by extension 'ignore_ament_install'
[1.539s] Level 1:colcon.colcon_core.package_identification:_identify(src/my_robot_interfaces) by extensions ['colcon_pkg']
[1.539s] Level 1:colcon.colcon_core.package_identification:_identify(src/my_robot_interfaces) by extension 'colcon_pkg'
[1.539s] Level 1:colcon.colcon_core.package_identification:_identify(src/my_robot_interfaces) by extensions ['colcon_meta']
[1.539s] Level 1:colcon.colcon_core.package_identification:_identify(src/my_robot_interfaces) by extension 'colcon_meta'
[1.540s] Level 1:colcon.colcon_core.package_identification:_identify(src/my_robot_interfaces) by extensions ['ros']
[1.540s] Level 1:colcon.colcon_core.package_identification:_identify(src/my_robot_interfaces) by extension 'ros'
[1.540s] DEBUG:colcon.colcon_core.package_identification:Package 'src/my_robot_interfaces' with type 'ros.ament_cmake' and name 'my_robot_interfaces'
[1.540s] Level 1:colcon.colcon_core.package_identification:_identify(src/turtlesim_catch_them_all) by extensions ['ignore', 'ignore_ament_install']
[1.541s] Level 1:colcon.colcon_core.package_identification:_identify(src/turtlesim_catch_them_all) by extension 'ignore'
[1.541s] Level 1:colcon.colcon_core.package_identification:_identify(src/turtlesim_catch_them_all) by extension 'ignore_ament_install'
[1.541s] Level 1:colcon.colcon_core.package_identification:_identify(src/turtlesim_catch_them_all) by extensions ['colcon_pkg']
[1.541s] Level 1:colcon.colcon_core.package_identification:_identify(src/turtlesim_catch_them_all) by extension 'colcon_pkg'
[1.541s] Level 1:colcon.colcon_core.package_identification:_identify(src/turtlesim_catch_them_all) by extensions ['colcon_meta']
[1.541s] Level 1:colcon.colcon_core.package_identification:_identify(src/turtlesim_catch_them_all) by extension 'colcon_meta'
[1.541s] Level 1:colcon.colcon_core.package_identification:_identify(src/turtlesim_catch_them_all) by extensions ['ros']
[1.541s] Level 1:colcon.colcon_core.package_identification:_identify(src/turtlesim_catch_them_all) by extension 'ros'
[1.542s] DEBUG:colcon.colcon_core.package_identification:Package 'src/turtlesim_catch_them_all' with type 'ros.ament_python' and name 'turtlesim_catch_them_all'
[1.542s] Level 1:colcon.colcon_core.package_discovery:discover_packages(recursive) using defaults
[1.542s] Level 1:colcon.colcon_core.package_discovery:discover_packages(ignore) discover
[1.542s] Level 1:colcon.colcon_core.package_discovery:discover_packages(ignore) using defaults
[1.542s] Level 1:colcon.colcon_core.package_discovery:discover_packages(path) discover
[1.542s] Level 1:colcon.colcon_core.package_discovery:discover_packages(path) using defaults
[1.628s] INFO:colcon.colcon_core.package_selection:Skipping not selected package 'my_pkgcpp' in 'src/my_pkgcpp'
[1.629s] INFO:colcon.colcon_core.package_selection:Skipping not selected package 'my_robot_interfaces' in 'src/my_robot_interfaces'
[1.629s] INFO:colcon.colcon_core.package_selection:Skipping not selected package 'my_pkgpy' in 'src/my_pkgpy'
[1.629s] INFO:colcon.colcon_core.package_selection:Skipping not selected package 'turtlesim_catch_them_all' in 'src/turtlesim_catch_them_all'
[1.669s] Level 1:colcon.colcon_core.package_discovery:discover_packages(prefix_path) check parameters
[1.669s] Level 1:colcon.colcon_core.package_discovery:discover_packages(prefix_path) discover
[1.711s] DEBUG:colcon.colcon_installed_package_information.package_discovery:Found 5 installed packages in /home/varun/ros2workspace/install
[1.750s] DEBUG:colcon.colcon_installed_package_information.package_discovery:Found 2 installed packages in /home/varun/ros2_ws/install
[1.772s] DEBUG:colcon.colcon_installed_package_information.package_discovery:Found 270 installed packages in /opt/ros/humble
[1.773s] Level 1:colcon.colcon_core.package_discovery:discover_packages(prefix_path) using defaults
[1.884s] Level 5:colcon.colcon_core.verb:set package 'my_robot_bringup' build argument 'cmake_args' from command line to 'None'
[1.884s] Level 5:colcon.colcon_core.verb:set package 'my_robot_bringup' build argument 'cmake_target' from command line to 'None'
[1.884s] Level 5:colcon.colcon_core.verb:set package 'my_robot_bringup' build argument 'cmake_target_skip_unavailable' from command line to 'False'
[1.884s] Level 5:colcon.colcon_core.verb:set package 'my_robot_bringup' build argument 'cmake_clean_cache' from command line to 'False'
[1.884s] Level 5:colcon.colcon_core.verb:set package 'my_robot_bringup' build argument 'cmake_clean_first' from command line to 'False'
[1.884s] Level 5:colcon.colcon_core.verb:set package 'my_robot_bringup' build argument 'cmake_force_configure' from command line to 'False'
[1.884s] Level 5:colcon.colcon_core.verb:set package 'my_robot_bringup' build argument 'ament_cmake_args' from command line to 'None'
[1.884s] Level 5:colcon.colcon_core.verb:set package 'my_robot_bringup' build argument 'catkin_cmake_args' from command line to 'None'
[1.884s] Level 5:colcon.colcon_core.verb:set package 'my_robot_bringup' build argument 'catkin_skip_building_tests' from command line to 'False'
[1.884s] DEBUG:colcon.colcon_core.verb:Building package 'my_robot_bringup' with the following arguments: {'ament_cmake_args': None, 'build_base': '/home/varun/ros2workspace/build/my_robot_bringup', 'catkin_cmake_args': None, 'catkin_skip_building_tests': False, 'cmake_args': None, 'cmake_clean_cache': False, 'cmake_clean_first': False, 'cmake_force_configure': False, 'cmake_target': None, 'cmake_target_skip_unavailable': False, 'install_base': '/home/varun/ros2workspace/install/my_robot_bringup', 'merge_install': False, 'path': '/home/varun/ros2workspace/src/my_robot_bringup', 'symlink_install': False, 'test_result_base': None}
[1.905s] INFO:colcon.colcon_core.executor:Executing jobs using 'parallel' executor
[1.927s] DEBUG:colcon.colcon_parallel_executor.executor.parallel:run_until_complete
[1.927s] INFO:colcon.colcon_ros.task.ament_cmake.build:Building ROS package in '/home/varun/ros2workspace/src/my_robot_bringup' with build type 'ament_cmake'
[1.927s] INFO:colcon.colcon_cmake.task.cmake.build:Building CMake package in '/home/varun/ros2workspace/src/my_robot_bringup'
[1.954s] INFO:colcon.colcon_core.plugin_system:Skipping extension 'colcon_core.shell.bat': Not used on non-Windows systems
[1.954s] INFO:colcon.colcon_core.shell:Skip shell extension 'powershell' for command environment: Not usable outside of PowerShell
[1.954s] DEBUG:colcon.colcon_core.shell:Skip shell extension 'dsv' for command environment
[2.059s] DEBUG:colcon.colcon_core.event_handler.log_command:Invoking command in '/home/varun/ros2workspace/build/my_robot_bringup': AMENT_PREFIX_PATH=/home/varun/ros2workspace/install/turtlesim_catch_them_all:/home/varun/ros2workspace/install/my_pkgpy:/home/varun/ros2workspace/install/my_robot_bringup:/home/varun/ros2workspace/install/my_robot_interfaces:/home/varun/ros2workspace/install/my_pkgcpp:/home/varun/ros2_ws/install/my_py_pkg:/home/varun/ros2_ws/install/my_cpp_pkg:/opt/ros/humble CMAKE_PREFIX_PATH=/home/varun/ros2workspace/install/my_robot_interfaces:/home/varun/ros2workspace/install/my_robot_bringup:/home/varun/ros2workspace/install/my_pkgcpp:/home/varun/ros2_ws/install/my_cpp_pkg:/home/varun/ros2workspace/install/turtlesim_catch_them_all:/home/varun/ros2workspace/install/my_pkgpy:/home/varun/ros2_ws/install/my_py_pkg:/opt/ros/humble /usr/bin/cmake --build /home/varun/ros2workspace/build/my_robot_bringup -- -j12 -l12
[2.123s] DEBUG:colcon.colcon_core.event_handler.log_command:Invoked command in '/home/varun/ros2workspace/build/my_robot_bringup' returned '0': AMENT_PREFIX_PATH=/home/varun/ros2workspace/install/turtlesim_catch_them_all:/home/varun/ros2workspace/install/my_pkgpy:/home/varun/ros2workspace/install/my_robot_bringup:/home/varun/ros2workspace/install/my_robot_interfaces:/home/varun/ros2workspace/install/my_pkgcpp:/home/varun/ros2_ws/install/my_py_pkg:/home/varun/ros2_ws/install/my_cpp_pkg:/opt/ros/humble CMAKE_PREFIX_PATH=/home/varun/ros2workspace/install/my_robot_interfaces:/home/varun/ros2workspace/install/my_robot_bringup:/home/varun/ros2workspace/install/my_pkgcpp:/home/varun/ros2_ws/install/my_cpp_pkg:/home/varun/ros2workspace/install/turtlesim_catch_them_all:/home/varun/ros2workspace/install/my_pkgpy:/home/varun/ros2_ws/install/my_py_pkg:/opt/ros/humble /usr/bin/cmake --build /home/varun/ros2workspace/build/my_robot_bringup -- -j12 -l12
[2.168s] DEBUG:colcon.colcon_core.event_handler.log_command:Invoking command in '/home/varun/ros2workspace/build/my_robot_bringup': AMENT_PREFIX_PATH=/home/varun/ros2workspace/install/turtlesim_catch_them_all:/home/varun/ros2workspace/install/my_pkgpy:/home/varun/ros2workspace/install/my_robot_bringup:/home/varun/ros2workspace/install/my_robot_interfaces:/home/varun/ros2workspace/install/my_pkgcpp:/home/varun/ros2_ws/install/my_py_pkg:/home/varun/ros2_ws/install/my_cpp_pkg:/opt/ros/humble CMAKE_PREFIX_PATH=/home/varun/ros2workspace/install/my_robot_interfaces:/home/varun/ros2workspace/install/my_robot_bringup:/home/varun/ros2workspace/install/my_pkgcpp:/home/varun/ros2_ws/install/my_cpp_pkg:/home/varun/ros2workspace/install/turtlesim_catch_them_all:/home/varun/ros2workspace/install/my_pkgpy:/home/varun/ros2_ws/install/my_py_pkg:/opt/ros/humble /usr/bin/cmake --install /home/varun/ros2workspace/build/my_robot_bringup
[2.204s] Level 1:colcon.colcon_core.environment:create_environment_scripts_only(my_robot_bringup)
[2.205s] DEBUG:colcon.colcon_core.event_handler.log_command:Invoked command in '/home/varun/ros2workspace/build/my_robot_bringup' returned '0': AMENT_PREFIX_PATH=/home/varun/ros2workspace/install/turtlesim_catch_them_all:/home/varun/ros2workspace/install/my_pkgpy:/home/varun/ros2workspace/install/my_robot_bringup:/home/varun/ros2workspace/install/my_robot_interfaces:/home/varun/ros2workspace/install/my_pkgcpp:/home/varun/ros2_ws/install/my_py_pkg:/home/varun/ros2_ws/install/my_cpp_pkg:/opt/ros/humble CMAKE_PREFIX_PATH=/home/varun/ros2workspace/install/my_robot_interfaces:/home/varun/ros2workspace/install/my_robot_bringup:/home/varun/ros2workspace/install/my_pkgcpp:/home/varun/ros2_ws/install/my_cpp_pkg:/home/varun/ros2workspace/install/turtlesim_catch_them_all:/home/varun/ros2workspace/install/my_pkgpy:/home/varun/ros2_ws/install/my_py_pkg:/opt/ros/humble /usr/bin/cmake --install /home/varun/ros2workspace/build/my_robot_bringup
[2.230s] Level 1:colcon.colcon_core.environment:checking '/home/varun/ros2workspace/install/my_robot_bringup' for CMake module files
[2.230s] Level 1:colcon.colcon_core.environment:checking '/home/varun/ros2workspace/install/my_robot_bringup' for CMake config files
[2.231s] Level 1:colcon.colcon_core.shell:create_environment_hook('my_robot_bringup', 'cmake_prefix_path')
[2.251s] INFO:colcon.colcon_core.shell:Creating environment hook '/home/varun/ros2workspace/install/my_robot_bringup/share/my_robot_bringup/hook/cmake_prefix_path.ps1'
[2.252s] INFO:colcon.colcon_core.shell:Creating environment descriptor '/home/varun/ros2workspace/install/my_robot_bringup/share/my_robot_bringup/hook/cmake_prefix_path.dsv'
[2.253s] INFO:colcon.colcon_core.shell:Creating environment hook '/home/varun/ros2workspace/install/my_robot_bringup/share/my_robot_bringup/hook/cmake_prefix_path.sh'
[2.254s] Level 1:colcon.colcon_core.environment:checking '/home/varun/ros2workspace/install/my_robot_bringup/bin'
[2.254s] Level 1:colcon.colcon_core.environment:checking '/home/varun/ros2workspace/install/my_robot_bringup/lib/pkgconfig/my_robot_bringup.pc'
[2.254s] Level 1:colcon.colcon_core.environment:checking '/home/varun/ros2workspace/install/my_robot_bringup/lib/python3.10/site-packages'
[2.254s] Level 1:colcon.colcon_core.environment:checking '/home/varun/ros2workspace/install/my_robot_bringup/bin'
[2.274s] INFO:colcon.colcon_core.shell:Creating package script '/home/varun/ros2workspace/install/my_robot_bringup/share/my_robot_bringup/package.ps1'
[2.275s] INFO:colcon.colcon_core.shell:Creating package descriptor '/home/varun/ros2workspace/install/my_robot_bringup/share/my_robot_bringup/package.dsv'
[2.276s] INFO:colcon.colcon_core.shell:Creating package script '/home/varun/ros2workspace/install/my_robot_bringup/share/my_robot_bringup/package.sh'
[2.277s] INFO:colcon.colcon_core.shell:Creating package script '/home/varun/ros2workspace/install/my_robot_bringup/share/my_robot_bringup/package.bash'
[2.278s] INFO:colcon.colcon_core.shell:Creating package script '/home/varun/ros2workspace/install/my_robot_bringup/share/my_robot_bringup/package.zsh'
[2.279s] Level 1:colcon.colcon_core.environment:create_file_with_runtime_dependencies(/home/varun/ros2workspace/install/my_robot_bringup/share/colcon-core/packages/my_robot_bringup)
[2.331s] Level 1:colcon.colcon_core.environment:create_environment_scripts_only(my_robot_bringup)
[2.352s] Level 1:colcon.colcon_core.environment:checking '/home/varun/ros2workspace/install/my_robot_bringup' for CMake module files
[2.353s] Level 1:colcon.colcon_core.environment:checking '/home/varun/ros2workspace/install/my_robot_bringup' for CMake config files
[2.353s] Level 1:colcon.colcon_core.shell:create_environment_hook('my_robot_bringup', 'cmake_prefix_path')
[2.373s] INFO:colcon.colcon_core.shell:Creating environment hook '/home/varun/ros2workspace/install/my_robot_bringup/share/my_robot_bringup/hook/cmake_prefix_path.ps1'
[2.374s] INFO:colcon.colcon_core.shell:Creating environment descriptor '/home/varun/ros2workspace/install/my_robot_bringup/share/my_robot_bringup/hook/cmake_prefix_path.dsv'
[2.374s] INFO:colcon.colcon_core.shell:Creating environment hook '/home/varun/ros2workspace/install/my_robot_bringup/share/my_robot_bringup/hook/cmake_prefix_path.sh'
[2.375s] Level 1:colcon.colcon_core.environment:checking '/home/varun/ros2workspace/install/my_robot_bringup/bin'
[2.375s] Level 1:colcon.colcon_core.environment:checking '/home/varun/ros2workspace/install/my_robot_bringup/lib/pkgconfig/my_robot_bringup.pc'
[2.375s] Level 1:colcon.colcon_core.environment:checking '/home/varun/ros2workspace/install/my_robot_bringup/lib/python3.10/site-packages'
[2.375s] Level 1:colcon.colcon_core.environment:checking '/home/varun/ros2workspace/install/my_robot_bringup/bin'
[2.396s] INFO:colcon.colcon_core.shell:Creating package script '/home/varun/ros2workspace/install/my_robot_bringup/share/my_robot_bringup/package.ps1'
[2.397s] INFO:colcon.colcon_core.shell:Creating package descriptor '/home/varun/ros2workspace/install/my_robot_bringup/share/my_robot_bringup/package.dsv'
[2.397s] INFO:colcon.colcon_core.shell:Creating package script '/home/varun/ros2workspace/install/my_robot_bringup/share/my_robot_bringup/package.sh'
[2.398s] INFO:colcon.colcon_core.shell:Creating package script '/home/varun/ros2workspace/install/my_robot_bringup/share/my_robot_bringup/package.bash'
[2.398s] INFO:colcon.colcon_core.shell:Creating package script '/home/varun/ros2workspace/install/my_robot_bringup/share/my_robot_bringup/package.zsh'
[2.398s] Level 1:colcon.colcon_core.environment:create_file_with_runtime_dependencies(/home/varun/ros2workspace/install/my_robot_bringup/share/colcon-core/packages/my_robot_bringup)
[2.399s] DEBUG:colcon.colcon_parallel_executor.executor.parallel:closing loop
[2.399s] DEBUG:colcon.colcon_parallel_executor.executor.parallel:loop closed
[2.399s] DEBUG:colcon.colcon_parallel_executor.executor.parallel:run_until_complete finished with '0'
[2.400s] DEBUG:colcon.colcon_core.event_reactor:joining thread
[2.431s] INFO:colcon.colcon_core.plugin_system:Skipping extension 'colcon_notification.desktop_notification.terminal_notifier': Not used on non-Darwin systems
[2.431s] INFO:colcon.colcon_core.plugin_system:Skipping extension 'colcon_notification.desktop_notification.win32': Not used on non-Windows systems
[2.431s] INFO:colcon.colcon_notification.desktop_notification:Sending desktop notification using 'notify2'
[2.445s] DEBUG:colcon.colcon_core.event_reactor:joined thread
[2.465s] INFO:colcon.colcon_core.shell:Creating prefix script '/home/varun/ros2workspace/install/local_setup.ps1'
[2.466s] INFO:colcon.colcon_core.shell:Creating prefix util module '/home/varun/ros2workspace/install/_local_setup_util_ps1.py'
[2.468s] INFO:colcon.colcon_core.shell:Creating prefix chain script '/home/varun/ros2workspace/install/setup.ps1'
[2.490s] INFO:colcon.colcon_core.shell:Creating prefix script '/home/varun/ros2workspace/install/local_setup.sh'
[2.490s] INFO:colcon.colcon_core.shell:Creating prefix util module '/home/varun/ros2workspace/install/_local_setup_util_sh.py'
[2.491s] INFO:colcon.colcon_core.shell:Creating prefix chain script '/home/varun/ros2workspace/install/setup.sh'
[2.513s] INFO:colcon.colcon_core.shell:Creating prefix script '/home/varun/ros2workspace/install/local_setup.bash'
[2.513s] INFO:colcon.colcon_core.shell:Creating prefix chain script '/home/varun/ros2workspace/install/setup.bash'
[2.535s] INFO:colcon.colcon_core.shell:Creating prefix script '/home/varun/ros2workspace/install/local_setup.zsh'
[2.535s] INFO:colcon.colcon_core.shell:Creating prefix chain script '/home/varun/ros2workspace/install/setup.zsh'
