[0.074s] Invoking command in '/home/varun/ros2workspace/build/my_robot_interfaces': /usr/bin/cmake /home/varun/ros2workspace/src/my_robot_interfaces -DCMAKE_INSTALL_PREFIX=/home/varun/ros2workspace/install/my_robot_interfaces
[0.086s] -- Found ament_cmake: 1.3.6 (/opt/ros/humble/share/ament_cmake/cmake)
[0.203s] -- Found rosidl_default_generators: 1.2.0 (/opt/ros/humble/share/rosidl_default_generators/cmake)
[0.205s] -- Using all available rosidl_typesupport_c: rosidl_typesupport_fastrtps_c;rosidl_typesupport_introspection_c
[0.207s] -- Found rosidl_adapter: 3.1.5 (/opt/ros/humble/share/rosidl_adapter/cmake)
[0.230s] -- Using all available rosidl_typesupport_cpp: rosidl_typesupport_fastrtps_cpp;rosidl_typesupport_introspection_cpp
[0.388s] Error parsing '/home/varun/ros2workspace/src/my_robot_interfaces/package.xml':
[0.423s] Traceback (most recent call last):
[0.423s]   File "/opt/ros/humble/share/ament_cmake_core/cmake/core/package_xml_2_cmake.py", line 150, in <module>
[0.423s]     main()
[0.423s]   File "/opt/ros/humble/share/ament_cmake_core/cmake/core/package_xml_2_cmake.py", line 53, in main
[0.423s]     raise e
[0.423s]   File "/opt/ros/humble/share/ament_cmake_core/cmake/core/package_xml_2_cmake.py", line 49, in main
[0.423s]     package = parse_package_string(
[0.423s]   File "/usr/lib/python3/dist-packages/catkin_pkg/package.py", line 788, in parse_package_string
[0.424s]     pkg.validate(warnings=warnings)
[0.424s]   File "/usr/lib/python3/dist-packages/catkin_pkg/package.py", line 330, in validate
[0.424s]     raise InvalidPackage('\n'.join(errors), self.filename)
[0.424s] catkin_pkg.package.InvalidPackage: Error(s) in package '/home/varun/ros2workspace/src/my_robot_interfaces/package.xml':
[0.424s] Package name "my_robot_interfaces/" does not follow naming conventions
[0.434s] [31mCMake Error at /opt/ros/humble/share/ament_cmake_core/cmake/core/ament_package_xml.cmake:95 (message):
[0.435s]   execute_process(/usr/bin/python3.10
[0.435s]   /opt/ros/humble/share/ament_cmake_core/cmake/core/package_xml_2_cmake.py
[0.435s]   /home/varun/ros2workspace/src/my_robot_interfaces/package.xml
[0.435s]   /home/varun/ros2workspace/build/my_robot_interfaces/ament_cmake_core/package.cmake)
[0.435s]   returned error code 1
[0.435s] Call Stack (most recent call first):
[0.435s]   /opt/ros/humble/share/ament_cmake_core/cmake/core/ament_package_xml.cmake:49 (_ament_package_xml)
[0.435s]   /opt/ros/humble/share/rosidl_cmake/cmake/rosidl_generate_interfaces.cmake:226 (ament_package_xml)
[0.435s]   CMakeLists.txt:17 (rosidl_generate_interfaces)
[0.435s] 
[0.435s] [0m
[0.435s] -- Configuring incomplete, errors occurred!
[0.435s] See also "/home/varun/ros2workspace/build/my_robot_interfaces/CMakeFiles/CMakeOutput.log".
[0.447s] Invoked command in '/home/varun/ros2workspace/build/my_robot_interfaces' returned '1': /usr/bin/cmake /home/varun/ros2workspace/src/my_robot_interfaces -DCMAKE_INSTALL_PREFIX=/home/varun/ros2workspace/install/my_robot_interfaces
