[0.075s] Invoking command in '/home/varun/ros2workspace/build/my_robot_bringup': CMAKE_PREFIX_PATH=${CMAKE_PREFIX_PATH}:/home/varun/ros2workspace/install/my_pkgpy:/home/varun/ros2_ws/install/my_py_pkg:/opt/ros/humble /usr/bin/cmake /home/varun/ros2workspace/src/my_robot_bringup -DAMENT_CMAKE_SYMLINK_INSTALL=1 -DCMAKE_INSTALL_PREFIX=/home/varun/ros2workspace/install/my_robot_bringup
[0.183s] -- The C compiler identification is GNU 11.4.0
[0.267s] -- The CXX compiler identification is GNU 11.4.0
[0.277s] -- Detecting C compiler ABI info
[0.342s] -- Detecting C compiler ABI info - done
[0.347s] -- Check for working C compiler: /usr/bin/cc - skipped
[0.348s] -- Detecting C compile features
[0.349s] -- Detecting C compile features - done
[0.352s] -- Detecting CXX compiler ABI info
[0.420s] -- Detecting CXX compiler ABI info - done
[0.425s] -- Check for working CXX compiler: /usr/bin/c++ - skipped
[0.426s] -- Detecting CXX compile features
[0.426s] -- Detecting CXX compile features - done
[0.438s] -- Found ament_cmake: 1.3.6 (/opt/ros/humble/share/ament_cmake/cmake)
[0.581s] -- Found Python3: /usr/bin/python3.10 (found version "3.10.12") found components: Interpreter 
[0.635s] -- Override CMake install command with custom implementation using symlinks instead of copying resources
[0.724s] -- Configuring done
[0.727s] -- Generating done
[0.727s] -- Build files have been written to: /home/varun/ros2workspace/build/my_robot_bringup
[0.731s] Invoked command in '/home/varun/ros2workspace/build/my_robot_bringup' returned '0': CMAKE_PREFIX_PATH=${CMAKE_PREFIX_PATH}:/home/varun/ros2workspace/install/my_pkgpy:/home/varun/ros2_ws/install/my_py_pkg:/opt/ros/humble /usr/bin/cmake /home/varun/ros2workspace/src/my_robot_bringup -DAMENT_CMAKE_SYMLINK_INSTALL=1 -DCMAKE_INSTALL_PREFIX=/home/varun/ros2workspace/install/my_robot_bringup
[0.732s] Invoking command in '/home/varun/ros2workspace/build/my_robot_bringup': CMAKE_PREFIX_PATH=${CMAKE_PREFIX_PATH}:/home/varun/ros2workspace/install/my_pkgpy:/home/varun/ros2_ws/install/my_py_pkg:/opt/ros/humble /usr/bin/cmake --build /home/varun/ros2workspace/build/my_robot_bringup -- -j12 -l12
[0.765s] Invoked command in '/home/varun/ros2workspace/build/my_robot_bringup' returned '0': CMAKE_PREFIX_PATH=${CMAKE_PREFIX_PATH}:/home/varun/ros2workspace/install/my_pkgpy:/home/varun/ros2_ws/install/my_py_pkg:/opt/ros/humble /usr/bin/cmake --build /home/varun/ros2workspace/build/my_robot_bringup -- -j12 -l12
[0.793s] Invoking command in '/home/varun/ros2workspace/build/my_robot_bringup': CMAKE_PREFIX_PATH=${CMAKE_PREFIX_PATH}:/home/varun/ros2workspace/install/my_pkgpy:/home/varun/ros2_ws/install/my_py_pkg:/opt/ros/humble /usr/bin/cmake --install /home/varun/ros2workspace/build/my_robot_bringup
[0.799s] -- Install configuration: ""
[0.799s] -- Execute custom install script
[0.799s] -- Symlinking: /home/varun/ros2workspace/install/my_robot_bringup/share/my_robot_bringup/launch/number_app.launch.py
[0.807s] -- Symlinking: /home/varun/ros2workspace/install/my_robot_bringup/share/ament_index/resource_index/package_run_dependencies/my_robot_bringup
[0.815s] -- Symlinking: /home/varun/ros2workspace/install/my_robot_bringup/share/ament_index/resource_index/parent_prefix_path/my_robot_bringup
[0.823s] -- Symlinking: /home/varun/ros2workspace/install/my_robot_bringup/share/my_robot_bringup/environment/ament_prefix_path.sh
[0.830s] -- Symlinking: /home/varun/ros2workspace/install/my_robot_bringup/share/my_robot_bringup/environment/ament_prefix_path.dsv
[0.837s] -- Symlinking: /home/varun/ros2workspace/install/my_robot_bringup/share/my_robot_bringup/environment/path.sh
[0.844s] -- Symlinking: /home/varun/ros2workspace/install/my_robot_bringup/share/my_robot_bringup/environment/path.dsv
[0.852s] -- Symlinking: /home/varun/ros2workspace/install/my_robot_bringup/share/my_robot_bringup/local_setup.bash
[0.859s] -- Symlinking: /home/varun/ros2workspace/install/my_robot_bringup/share/my_robot_bringup/local_setup.sh
[0.866s] -- Symlinking: /home/varun/ros2workspace/install/my_robot_bringup/share/my_robot_bringup/local_setup.zsh
[0.874s] -- Symlinking: /home/varun/ros2workspace/install/my_robot_bringup/share/my_robot_bringup/local_setup.dsv
[0.881s] -- Symlinking: /home/varun/ros2workspace/install/my_robot_bringup/share/my_robot_bringup/package.dsv
[0.889s] -- Symlinking: /home/varun/ros2workspace/install/my_robot_bringup/share/ament_index/resource_index/packages/my_robot_bringup
[0.896s] -- Symlinking: /home/varun/ros2workspace/install/my_robot_bringup/share/my_robot_bringup/cmake/my_robot_bringupConfig.cmake
[0.903s] -- Symlinking: /home/varun/ros2workspace/install/my_robot_bringup/share/my_robot_bringup/cmake/my_robot_bringupConfig-version.cmake
[0.911s] -- Symlinking: /home/varun/ros2workspace/install/my_robot_bringup/share/my_robot_bringup/package.xml
[0.921s] Invoked command in '/home/varun/ros2workspace/build/my_robot_bringup' returned '0': CMAKE_PREFIX_PATH=${CMAKE_PREFIX_PATH}:/home/varun/ros2workspace/install/my_pkgpy:/home/varun/ros2_ws/install/my_py_pkg:/opt/ros/humble /usr/bin/cmake --install /home/varun/ros2workspace/build/my_robot_bringup
