[1.401s] DEBUG:colcon:Command line arguments: ['/usr/bin/colcon', 'build', '--packages-select', 'my_pkgpy']
[1.401s] DEBUG:colcon:Parsed command line arguments: Namespace(log_base=None, log_level=None, verb_name='build', build_base='build', install_base='install', merge_install=False, symlink_install=False, test_result_base=None, continue_on_error=False, executor='parallel', parallel_workers=12, event_handlers=None, ignore_user_meta=False, metas=['./colcon.meta'], base_paths=['.'], packages_ignore=None, packages_ignore_regex=None, paths=None, packages_up_to=None, packages_up_to_regex=None, packages_above=None, packages_above_and_dependencies=None, packages_above_depth=None, packages_select_by_dep=None, packages_skip_by_dep=None, packages_skip_up_to=None, packages_select_build_failed=False, packages_skip_build_finished=False, packages_select_test_failures=False, packages_skip_test_passed=False, packages_select=['my_pkgpy'], packages_skip=None, packages_select_regex=None, packages_skip_regex=None, packages_start=None, packages_end=None, allow_overriding=[], cmake_args=None, cmake_target=None, cmake_target_skip_unavailable=False, cmake_clean_cache=False, cmake_clean_first=False, cmake_force_configure=False, ament_cmake_args=None, catkin_cmake_args=None, catkin_skip_building_tests=False, verb_parser=<colcon_defaults.argument_parser.defaults.DefaultArgumentsDecorator object at 0x7fc2b56841c0>, verb_extension=<colcon_core.verb.build.BuildVerb object at 0x7fc2b5687940>, main=<bound method BuildVerb.main of <colcon_core.verb.build.BuildVerb object at 0x7fc2b5687940>>)
[1.463s] Level 1:colcon.colcon_core.package_discovery:discover_packages(colcon_meta) check parameters
[1.463s] Level 1:colcon.colcon_core.package_discovery:discover_packages(recursive) check parameters
[1.463s] Level 1:colcon.colcon_core.package_discovery:discover_packages(ignore) check parameters
[1.463s] Level 1:colcon.colcon_core.package_discovery:discover_packages(path) check parameters
[1.463s] Level 1:colcon.colcon_core.package_discovery:discover_packages(colcon_meta) discover
[1.463s] Level 1:colcon.colcon_core.package_discovery:discover_packages(recursive) discover
[1.463s] INFO:colcon.colcon_core.package_discovery:Crawling recursively for packages in '/home/varun/ros2workspace'
[1.463s] Level 1:colcon.colcon_core.package_identification:_identify(.) by extensions ['ignore', 'ignore_ament_install']
[1.464s] Level 1:colcon.colcon_core.package_identification:_identify(.) by extension 'ignore'
[1.464s] Level 1:colcon.colcon_core.package_identification:_identify(.) by extension 'ignore_ament_install'
[1.464s] Level 1:colcon.colcon_core.package_identification:_identify(.) by extensions ['colcon_pkg']
[1.464s] Level 1:colcon.colcon_core.package_identification:_identify(.) by extension 'colcon_pkg'
[1.464s] Level 1:colcon.colcon_core.package_identification:_identify(.) by extensions ['colcon_meta']
[1.464s] Level 1:colcon.colcon_core.package_identification:_identify(.) by extension 'colcon_meta'
[1.464s] Level 1:colcon.colcon_core.package_identification:_identify(.) by extensions ['ros']
[1.464s] Level 1:colcon.colcon_core.package_identification:_identify(.) by extension 'ros'
[1.476s] Level 1:colcon.colcon_core.package_identification:_identify(.) by extensions ['cmake', 'python']
[1.476s] Level 1:colcon.colcon_core.package_identification:_identify(.) by extension 'cmake'
[1.476s] Level 1:colcon.colcon_core.package_identification:_identify(.) by extension 'python'
[1.476s] Level 1:colcon.colcon_core.package_identification:_identify(.) by extensions ['python_setup_py']
[1.476s] Level 1:colcon.colcon_core.package_identification:_identify(.) by extension 'python_setup_py'
[1.476s] Level 1:colcon.colcon_core.package_identification:_identify(build) by extensions ['ignore', 'ignore_ament_install']
[1.476s] Level 1:colcon.colcon_core.package_identification:_identify(build) by extension 'ignore'
[1.477s] Level 1:colcon.colcon_core.package_identification:_identify(build) ignored
[1.477s] Level 1:colcon.colcon_core.package_identification:_identify(install) by extensions ['ignore', 'ignore_ament_install']
[1.477s] Level 1:colcon.colcon_core.package_identification:_identify(install) by extension 'ignore'
[1.477s] Level 1:colcon.colcon_core.package_identification:_identify(install) ignored
[1.477s] Level 1:colcon.colcon_core.package_identification:_identify(log) by extensions ['ignore', 'ignore_ament_install']
[1.477s] Level 1:colcon.colcon_core.package_identification:_identify(log) by extension 'ignore'
[1.477s] Level 1:colcon.colcon_core.package_identification:_identify(log) ignored
[1.477s] Level 1:colcon.colcon_core.package_identification:_identify(src) by extensions ['ignore', 'ignore_ament_install']
[1.478s] Level 1:colcon.colcon_core.package_identification:_identify(src) by extension 'ignore'
[1.478s] Level 1:colcon.colcon_core.package_identification:_identify(src) by extension 'ignore_ament_install'
[1.478s] Level 1:colcon.colcon_core.package_identification:_identify(src) by extensions ['colcon_pkg']
[1.478s] Level 1:colcon.colcon_core.package_identification:_identify(src) by extension 'colcon_pkg'
[1.478s] Level 1:colcon.colcon_core.package_identification:_identify(src) by extensions ['colcon_meta']
[1.478s] Level 1:colcon.colcon_core.package_identification:_identify(src) by extension 'colcon_meta'
[1.478s] Level 1:colcon.colcon_core.package_identification:_identify(src) by extensions ['ros']
[1.478s] Level 1:colcon.colcon_core.package_identification:_identify(src) by extension 'ros'
[1.478s] Level 1:colcon.colcon_core.package_identification:_identify(src) by extensions ['cmake', 'python']
[1.478s] Level 1:colcon.colcon_core.package_identification:_identify(src) by extension 'cmake'
[1.478s] Level 1:colcon.colcon_core.package_identification:_identify(src) by extension 'python'
[1.478s] Level 1:colcon.colcon_core.package_identification:_identify(src) by extensions ['python_setup_py']
[1.478s] Level 1:colcon.colcon_core.package_identification:_identify(src) by extension 'python_setup_py'
[1.478s] Level 1:colcon.colcon_core.package_identification:_identify(src/build) by extensions ['ignore', 'ignore_ament_install']
[1.479s] Level 1:colcon.colcon_core.package_identification:_identify(src/build) by extension 'ignore'
[1.479s] Level 1:colcon.colcon_core.package_identification:_identify(src/build) ignored
[1.479s] Level 1:colcon.colcon_core.package_identification:_identify(src/install) by extensions ['ignore', 'ignore_ament_install']
[1.479s] Level 1:colcon.colcon_core.package_identification:_identify(src/install) by extension 'ignore'
[1.479s] Level 1:colcon.colcon_core.package_identification:_identify(src/install) ignored
[1.479s] Level 1:colcon.colcon_core.package_identification:_identify(src/log) by extensions ['ignore', 'ignore_ament_install']
[1.479s] Level 1:colcon.colcon_core.package_identification:_identify(src/log) by extension 'ignore'
[1.479s] Level 1:colcon.colcon_core.package_identification:_identify(src/log) ignored
[1.479s] Level 1:colcon.colcon_core.package_identification:_identify(src/my_pkgcpp) by extensions ['ignore', 'ignore_ament_install']
[1.479s] Level 1:colcon.colcon_core.package_identification:_identify(src/my_pkgcpp) by extension 'ignore'
[1.479s] Level 1:colcon.colcon_core.package_identification:_identify(src/my_pkgcpp) by extension 'ignore_ament_install'
[1.480s] Level 1:colcon.colcon_core.package_identification:_identify(src/my_pkgcpp) by extensions ['colcon_pkg']
[1.480s] Level 1:colcon.colcon_core.package_identification:_identify(src/my_pkgcpp) by extension 'colcon_pkg'
[1.480s] Level 1:colcon.colcon_core.package_identification:_identify(src/my_pkgcpp) by extensions ['colcon_meta']
[1.480s] Level 1:colcon.colcon_core.package_identification:_identify(src/my_pkgcpp) by extension 'colcon_meta'
[1.480s] Level 1:colcon.colcon_core.package_identification:_identify(src/my_pkgcpp) by extensions ['ros']
[1.480s] Level 1:colcon.colcon_core.package_identification:_identify(src/my_pkgcpp) by extension 'ros'
[1.482s] DEBUG:colcon.colcon_core.package_identification:Package 'src/my_pkgcpp' with type 'ros.ament_cmake' and name 'my_pkgcpp'
[1.482s] Level 1:colcon.colcon_core.package_identification:_identify(src/my_pkgpy) by extensions ['ignore', 'ignore_ament_install']
[1.483s] Level 1:colcon.colcon_core.package_identification:_identify(src/my_pkgpy) by extension 'ignore'
[1.483s] Level 1:colcon.colcon_core.package_identification:_identify(src/my_pkgpy) by extension 'ignore_ament_install'
[1.483s] Level 1:colcon.colcon_core.package_identification:_identify(src/my_pkgpy) by extensions ['colcon_pkg']
[1.483s] Level 1:colcon.colcon_core.package_identification:_identify(src/my_pkgpy) by extension 'colcon_pkg'
[1.483s] Level 1:colcon.colcon_core.package_identification:_identify(src/my_pkgpy) by extensions ['colcon_meta']
[1.483s] Level 1:colcon.colcon_core.package_identification:_identify(src/my_pkgpy) by extension 'colcon_meta'
[1.483s] Level 1:colcon.colcon_core.package_identification:_identify(src/my_pkgpy) by extensions ['ros']
[1.483s] Level 1:colcon.colcon_core.package_identification:_identify(src/my_pkgpy) by extension 'ros'
[1.484s] DEBUG:colcon.colcon_core.package_identification:Package 'src/my_pkgpy' with type 'ros.ament_python' and name 'my_pkgpy'
[1.484s] Level 1:colcon.colcon_core.package_identification:_identify(src/my_robot_interfaces) by extensions ['ignore', 'ignore_ament_install']
[1.484s] Level 1:colcon.colcon_core.package_identification:_identify(src/my_robot_interfaces) by extension 'ignore'
[1.484s] Level 1:colcon.colcon_core.package_identification:_identify(src/my_robot_interfaces) by extension 'ignore_ament_install'
[1.484s] Level 1:colcon.colcon_core.package_identification:_identify(src/my_robot_interfaces) by extensions ['colcon_pkg']
[1.484s] Level 1:colcon.colcon_core.package_identification:_identify(src/my_robot_interfaces) by extension 'colcon_pkg'
[1.484s] Level 1:colcon.colcon_core.package_identification:_identify(src/my_robot_interfaces) by extensions ['colcon_meta']
[1.484s] Level 1:colcon.colcon_core.package_identification:_identify(src/my_robot_interfaces) by extension 'colcon_meta'
[1.484s] Level 1:colcon.colcon_core.package_identification:_identify(src/my_robot_interfaces) by extensions ['ros']
[1.484s] Level 1:colcon.colcon_core.package_identification:_identify(src/my_robot_interfaces) by extension 'ros'
[1.485s] DEBUG:colcon.colcon_core.package_identification:Package 'src/my_robot_interfaces' with type 'ros.ament_cmake' and name 'my_robot_interfaces'
[1.485s] Level 1:colcon.colcon_core.package_discovery:discover_packages(recursive) using defaults
[1.485s] Level 1:colcon.colcon_core.package_discovery:discover_packages(ignore) discover
[1.485s] Level 1:colcon.colcon_core.package_discovery:discover_packages(ignore) using defaults
[1.485s] Level 1:colcon.colcon_core.package_discovery:discover_packages(path) discover
[1.485s] Level 1:colcon.colcon_core.package_discovery:discover_packages(path) using defaults
[1.568s] INFO:colcon.colcon_core.package_selection:Skipping not selected package 'my_pkgcpp' in 'src/my_pkgcpp'
[1.568s] INFO:colcon.colcon_core.package_selection:Skipping not selected package 'my_robot_interfaces' in 'src/my_robot_interfaces'
[1.607s] Level 1:colcon.colcon_core.package_discovery:discover_packages(prefix_path) check parameters
[1.607s] Level 1:colcon.colcon_core.package_discovery:discover_packages(prefix_path) discover
[1.651s] DEBUG:colcon.colcon_installed_package_information.package_discovery:Found 3 installed packages in /home/varun/ros2workspace/install
[1.681s] DEBUG:colcon.colcon_installed_package_information.package_discovery:Found 2 installed packages in /home/varun/ros2_ws/install
[1.702s] DEBUG:colcon.colcon_installed_package_information.package_discovery:Found 270 installed packages in /opt/ros/humble
[1.703s] Level 1:colcon.colcon_core.package_discovery:discover_packages(prefix_path) using defaults
[1.812s] Level 5:colcon.colcon_core.verb:set package 'my_pkgpy' build argument 'cmake_args' from command line to 'None'
[1.812s] Level 5:colcon.colcon_core.verb:set package 'my_pkgpy' build argument 'cmake_target' from command line to 'None'
[1.812s] Level 5:colcon.colcon_core.verb:set package 'my_pkgpy' build argument 'cmake_target_skip_unavailable' from command line to 'False'
[1.812s] Level 5:colcon.colcon_core.verb:set package 'my_pkgpy' build argument 'cmake_clean_cache' from command line to 'False'
[1.812s] Level 5:colcon.colcon_core.verb:set package 'my_pkgpy' build argument 'cmake_clean_first' from command line to 'False'
[1.812s] Level 5:colcon.colcon_core.verb:set package 'my_pkgpy' build argument 'cmake_force_configure' from command line to 'False'
[1.812s] Level 5:colcon.colcon_core.verb:set package 'my_pkgpy' build argument 'ament_cmake_args' from command line to 'None'
[1.812s] Level 5:colcon.colcon_core.verb:set package 'my_pkgpy' build argument 'catkin_cmake_args' from command line to 'None'
[1.812s] Level 5:colcon.colcon_core.verb:set package 'my_pkgpy' build argument 'catkin_skip_building_tests' from command line to 'False'
[1.812s] DEBUG:colcon.colcon_core.verb:Building package 'my_pkgpy' with the following arguments: {'ament_cmake_args': None, 'build_base': '/home/varun/ros2workspace/build/my_pkgpy', 'catkin_cmake_args': None, 'catkin_skip_building_tests': False, 'cmake_args': None, 'cmake_clean_cache': False, 'cmake_clean_first': False, 'cmake_force_configure': False, 'cmake_target': None, 'cmake_target_skip_unavailable': False, 'install_base': '/home/varun/ros2workspace/install/my_pkgpy', 'merge_install': False, 'path': '/home/varun/ros2workspace/src/my_pkgpy', 'symlink_install': False, 'test_result_base': None}
[1.833s] INFO:colcon.colcon_core.executor:Executing jobs using 'parallel' executor
[1.855s] DEBUG:colcon.colcon_parallel_executor.executor.parallel:run_until_complete
[1.855s] INFO:colcon.colcon_ros.task.ament_python.build:Building ROS package in '/home/varun/ros2workspace/src/my_pkgpy' with build type 'ament_python'
[1.855s] Level 1:colcon.colcon_core.shell:create_environment_hook('my_pkgpy', 'ament_prefix_path')
[1.878s] INFO:colcon.colcon_core.plugin_system:Skipping extension 'colcon_core.shell.bat': Not used on non-Windows systems
[1.879s] INFO:colcon.colcon_core.shell:Creating environment hook '/home/varun/ros2workspace/install/my_pkgpy/share/my_pkgpy/hook/ament_prefix_path.ps1'
[1.879s] INFO:colcon.colcon_core.shell:Creating environment descriptor '/home/varun/ros2workspace/install/my_pkgpy/share/my_pkgpy/hook/ament_prefix_path.dsv'
[1.880s] INFO:colcon.colcon_core.shell:Creating environment hook '/home/varun/ros2workspace/install/my_pkgpy/share/my_pkgpy/hook/ament_prefix_path.sh'
[1.901s] INFO:colcon.colcon_core.shell:Skip shell extension 'powershell' for command environment: Not usable outside of PowerShell
[1.901s] DEBUG:colcon.colcon_core.shell:Skip shell extension 'dsv' for command environment
[2.326s] INFO:colcon.colcon_core.task.python.build:Building Python package in '/home/varun/ros2workspace/src/my_pkgpy'
[2.346s] INFO:colcon.colcon_core.shell:Skip shell extension 'powershell' for command environment: Not usable outside of PowerShell
[2.346s] DEBUG:colcon.colcon_core.shell:Skip shell extension 'dsv' for command environment
[2.874s] DEBUG:colcon.colcon_core.event_handler.log_command:Invoking command in '/home/varun/ros2workspace/src/my_pkgpy': PYTHONPATH=/home/varun/ros2workspace/build/my_pkgpy/prefix_override:/home/varun/ros2workspace/install/my_pkgpy/lib/python3.10/site-packages:${PYTHONPATH} /usr/bin/python3 setup.py egg_info --egg-base ../../build/my_pkgpy build --build-base /home/varun/ros2workspace/build/my_pkgpy/build install --record /home/varun/ros2workspace/build/my_pkgpy/install.log --single-version-externally-managed
[3.251s] DEBUG:colcon.colcon_core.event_handler.log_command:Invoked command in '/home/varun/ros2workspace/src/my_pkgpy' returned '0': PYTHONPATH=/home/varun/ros2workspace/build/my_pkgpy/prefix_override:/home/varun/ros2workspace/install/my_pkgpy/lib/python3.10/site-packages:${PYTHONPATH} /usr/bin/python3 setup.py egg_info --egg-base ../../build/my_pkgpy build --build-base /home/varun/ros2workspace/build/my_pkgpy/build install --record /home/varun/ros2workspace/build/my_pkgpy/install.log --single-version-externally-managed
[3.274s] Level 1:colcon.colcon_core.environment:checking '/home/varun/ros2workspace/install/my_pkgpy' for CMake module files
[3.274s] Level 1:colcon.colcon_core.environment:checking '/home/varun/ros2workspace/install/my_pkgpy' for CMake config files
[3.275s] Level 1:colcon.colcon_core.environment:checking '/home/varun/ros2workspace/install/my_pkgpy/lib'
[3.275s] Level 1:colcon.colcon_core.environment:checking '/home/varun/ros2workspace/install/my_pkgpy/bin'
[3.275s] Level 1:colcon.colcon_core.environment:checking '/home/varun/ros2workspace/install/my_pkgpy/lib/pkgconfig/my_pkgpy.pc'
[3.276s] Level 1:colcon.colcon_core.environment:checking '/home/varun/ros2workspace/install/my_pkgpy/lib/python3.10/site-packages'
[3.276s] Level 1:colcon.colcon_core.shell:create_environment_hook('my_pkgpy', 'pythonpath')
[3.297s] INFO:colcon.colcon_core.shell:Creating environment hook '/home/varun/ros2workspace/install/my_pkgpy/share/my_pkgpy/hook/pythonpath.ps1'
[3.297s] INFO:colcon.colcon_core.shell:Creating environment descriptor '/home/varun/ros2workspace/install/my_pkgpy/share/my_pkgpy/hook/pythonpath.dsv'
[3.297s] INFO:colcon.colcon_core.shell:Creating environment hook '/home/varun/ros2workspace/install/my_pkgpy/share/my_pkgpy/hook/pythonpath.sh'
[3.298s] Level 1:colcon.colcon_core.environment:checking '/home/varun/ros2workspace/install/my_pkgpy/bin'
[3.298s] Level 1:colcon.colcon_core.environment:create_environment_scripts_only(my_pkgpy)
[3.319s] INFO:colcon.colcon_core.shell:Creating package script '/home/varun/ros2workspace/install/my_pkgpy/share/my_pkgpy/package.ps1'
[3.320s] INFO:colcon.colcon_core.shell:Creating package descriptor '/home/varun/ros2workspace/install/my_pkgpy/share/my_pkgpy/package.dsv'
[3.320s] INFO:colcon.colcon_core.shell:Creating package script '/home/varun/ros2workspace/install/my_pkgpy/share/my_pkgpy/package.sh'
[3.321s] INFO:colcon.colcon_core.shell:Creating package script '/home/varun/ros2workspace/install/my_pkgpy/share/my_pkgpy/package.bash'
[3.322s] INFO:colcon.colcon_core.shell:Creating package script '/home/varun/ros2workspace/install/my_pkgpy/share/my_pkgpy/package.zsh'
[3.323s] Level 1:colcon.colcon_core.environment:create_file_with_runtime_dependencies(/home/varun/ros2workspace/install/my_pkgpy/share/colcon-core/packages/my_pkgpy)
[3.323s] DEBUG:colcon.colcon_parallel_executor.executor.parallel:closing loop
[3.323s] DEBUG:colcon.colcon_parallel_executor.executor.parallel:loop closed
[3.324s] DEBUG:colcon.colcon_parallel_executor.executor.parallel:run_until_complete finished with '0'
[3.324s] DEBUG:colcon.colcon_core.event_reactor:joining thread
[3.350s] INFO:colcon.colcon_core.plugin_system:Skipping extension 'colcon_notification.desktop_notification.terminal_notifier': Not used on non-Darwin systems
[3.350s] INFO:colcon.colcon_core.plugin_system:Skipping extension 'colcon_notification.desktop_notification.win32': Not used on non-Windows systems
[3.350s] INFO:colcon.colcon_notification.desktop_notification:Sending desktop notification using 'notify2'
[3.367s] DEBUG:colcon.colcon_core.event_reactor:joined thread
[3.387s] INFO:colcon.colcon_core.shell:Creating prefix script '/home/varun/ros2workspace/install/local_setup.ps1'
[3.388s] INFO:colcon.colcon_core.shell:Creating prefix util module '/home/varun/ros2workspace/install/_local_setup_util_ps1.py'
[3.390s] INFO:colcon.colcon_core.shell:Creating prefix chain script '/home/varun/ros2workspace/install/setup.ps1'
[3.412s] INFO:colcon.colcon_core.shell:Creating prefix script '/home/varun/ros2workspace/install/local_setup.sh'
[3.412s] INFO:colcon.colcon_core.shell:Creating prefix util module '/home/varun/ros2workspace/install/_local_setup_util_sh.py'
[3.413s] INFO:colcon.colcon_core.shell:Creating prefix chain script '/home/varun/ros2workspace/install/setup.sh'
[3.435s] INFO:colcon.colcon_core.shell:Creating prefix script '/home/varun/ros2workspace/install/local_setup.bash'
[3.435s] INFO:colcon.colcon_core.shell:Creating prefix chain script '/home/varun/ros2workspace/install/setup.bash'
[3.457s] INFO:colcon.colcon_core.shell:Creating prefix script '/home/varun/ros2workspace/install/local_setup.zsh'
[3.458s] INFO:colcon.colcon_core.shell:Creating prefix chain script '/home/varun/ros2workspace/install/setup.zsh'
