[0.855s] DEBUG:colcon:Command line arguments: ['/usr/bin/colcon', 'build', '--packages-select', 'my_pkgpy', '--symlink-install']
[0.855s] DEBUG:colcon:Parsed command line arguments: Namespace(log_base=None, log_level=None, verb_name='build', build_base='build', install_base='install', merge_install=False, symlink_install=True, test_result_base=None, continue_on_error=False, executor='parallel', parallel_workers=12, event_handlers=None, ignore_user_meta=False, metas=['./colcon.meta'], base_paths=['.'], packages_ignore=None, packages_ignore_regex=None, paths=None, packages_up_to=None, packages_up_to_regex=None, packages_above=None, packages_above_and_dependencies=None, packages_above_depth=None, packages_select_by_dep=None, packages_skip_by_dep=None, packages_skip_up_to=None, packages_select_build_failed=False, packages_skip_build_finished=False, packages_select_test_failures=False, packages_skip_test_passed=False, packages_select=['my_pkgpy'], packages_skip=None, packages_select_regex=None, packages_skip_regex=None, packages_start=None, packages_end=None, allow_overriding=[], cmake_args=None, cmake_target=None, cmake_target_skip_unavailable=False, cmake_clean_cache=False, cmake_clean_first=False, cmake_force_configure=False, ament_cmake_args=None, catkin_cmake_args=None, catkin_skip_building_tests=False, verb_parser=<colcon_defaults.argument_parser.defaults.DefaultArgumentsDecorator object at 0x7f747afcba30>, verb_extension=<colcon_core.verb.build.BuildVerb object at 0x7f747af85a80>, main=<bound method BuildVerb.main of <colcon_core.verb.build.BuildVerb object at 0x7f747af85a80>>)
[0.893s] Level 1:colcon.colcon_core.package_discovery:discover_packages(colcon_meta) check parameters
[0.893s] Level 1:colcon.colcon_core.package_discovery:discover_packages(recursive) check parameters
[0.893s] Level 1:colcon.colcon_core.package_discovery:discover_packages(ignore) check parameters
[0.893s] Level 1:colcon.colcon_core.package_discovery:discover_packages(path) check parameters
[0.893s] Level 1:colcon.colcon_core.package_discovery:discover_packages(colcon_meta) discover
[0.893s] Level 1:colcon.colcon_core.package_discovery:discover_packages(recursive) discover
[0.893s] INFO:colcon.colcon_core.package_discovery:Crawling recursively for packages in '/home/varun/ros2workspace'
[0.894s] Level 1:colcon.colcon_core.package_identification:_identify(.) by extensions ['ignore', 'ignore_ament_install']
[0.894s] Level 1:colcon.colcon_core.package_identification:_identify(.) by extension 'ignore'
[0.894s] Level 1:colcon.colcon_core.package_identification:_identify(.) by extension 'ignore_ament_install'
[0.894s] Level 1:colcon.colcon_core.package_identification:_identify(.) by extensions ['colcon_pkg']
[0.894s] Level 1:colcon.colcon_core.package_identification:_identify(.) by extension 'colcon_pkg'
[0.894s] Level 1:colcon.colcon_core.package_identification:_identify(.) by extensions ['colcon_meta']
[0.894s] Level 1:colcon.colcon_core.package_identification:_identify(.) by extension 'colcon_meta'
[0.894s] Level 1:colcon.colcon_core.package_identification:_identify(.) by extensions ['ros']
[0.894s] Level 1:colcon.colcon_core.package_identification:_identify(.) by extension 'ros'
[0.901s] Level 1:colcon.colcon_core.package_identification:_identify(.) by extensions ['cmake', 'python']
[0.901s] Level 1:colcon.colcon_core.package_identification:_identify(.) by extension 'cmake'
[0.902s] Level 1:colcon.colcon_core.package_identification:_identify(.) by extension 'python'
[0.902s] Level 1:colcon.colcon_core.package_identification:_identify(.) by extensions ['python_setup_py']
[0.902s] Level 1:colcon.colcon_core.package_identification:_identify(.) by extension 'python_setup_py'
[0.902s] Level 1:colcon.colcon_core.package_identification:_identify(build) by extensions ['ignore', 'ignore_ament_install']
[0.902s] Level 1:colcon.colcon_core.package_identification:_identify(build) by extension 'ignore'
[0.902s] Level 1:colcon.colcon_core.package_identification:_identify(build) ignored
[0.902s] Level 1:colcon.colcon_core.package_identification:_identify(install) by extensions ['ignore', 'ignore_ament_install']
[0.902s] Level 1:colcon.colcon_core.package_identification:_identify(install) by extension 'ignore'
[0.902s] Level 1:colcon.colcon_core.package_identification:_identify(install) ignored
[0.902s] Level 1:colcon.colcon_core.package_identification:_identify(log) by extensions ['ignore', 'ignore_ament_install']
[0.902s] Level 1:colcon.colcon_core.package_identification:_identify(log) by extension 'ignore'
[0.902s] Level 1:colcon.colcon_core.package_identification:_identify(log) ignored
[0.902s] Level 1:colcon.colcon_core.package_identification:_identify(src) by extensions ['ignore', 'ignore_ament_install']
[0.902s] Level 1:colcon.colcon_core.package_identification:_identify(src) by extension 'ignore'
[0.902s] Level 1:colcon.colcon_core.package_identification:_identify(src) by extension 'ignore_ament_install'
[0.902s] Level 1:colcon.colcon_core.package_identification:_identify(src) by extensions ['colcon_pkg']
[0.902s] Level 1:colcon.colcon_core.package_identification:_identify(src) by extension 'colcon_pkg'
[0.902s] Level 1:colcon.colcon_core.package_identification:_identify(src) by extensions ['colcon_meta']
[0.902s] Level 1:colcon.colcon_core.package_identification:_identify(src) by extension 'colcon_meta'
[0.903s] Level 1:colcon.colcon_core.package_identification:_identify(src) by extensions ['ros']
[0.903s] Level 1:colcon.colcon_core.package_identification:_identify(src) by extension 'ros'
[0.903s] Level 1:colcon.colcon_core.package_identification:_identify(src) by extensions ['cmake', 'python']
[0.903s] Level 1:colcon.colcon_core.package_identification:_identify(src) by extension 'cmake'
[0.903s] Level 1:colcon.colcon_core.package_identification:_identify(src) by extension 'python'
[0.903s] Level 1:colcon.colcon_core.package_identification:_identify(src) by extensions ['python_setup_py']
[0.903s] Level 1:colcon.colcon_core.package_identification:_identify(src) by extension 'python_setup_py'
[0.903s] Level 1:colcon.colcon_core.package_identification:_identify(src/my_pkgcpp) by extensions ['ignore', 'ignore_ament_install']
[0.903s] Level 1:colcon.colcon_core.package_identification:_identify(src/my_pkgcpp) by extension 'ignore'
[0.903s] Level 1:colcon.colcon_core.package_identification:_identify(src/my_pkgcpp) by extension 'ignore_ament_install'
[0.903s] Level 1:colcon.colcon_core.package_identification:_identify(src/my_pkgcpp) by extensions ['colcon_pkg']
[0.903s] Level 1:colcon.colcon_core.package_identification:_identify(src/my_pkgcpp) by extension 'colcon_pkg'
[0.903s] Level 1:colcon.colcon_core.package_identification:_identify(src/my_pkgcpp) by extensions ['colcon_meta']
[0.903s] Level 1:colcon.colcon_core.package_identification:_identify(src/my_pkgcpp) by extension 'colcon_meta'
[0.903s] Level 1:colcon.colcon_core.package_identification:_identify(src/my_pkgcpp) by extensions ['ros']
[0.903s] Level 1:colcon.colcon_core.package_identification:_identify(src/my_pkgcpp) by extension 'ros'
[0.905s] DEBUG:colcon.colcon_core.package_identification:Package 'src/my_pkgcpp' with type 'ros.ament_cmake' and name 'my_pkgcpp'
[0.905s] Level 1:colcon.colcon_core.package_identification:_identify(src/my_pkgpy) by extensions ['ignore', 'ignore_ament_install']
[0.905s] Level 1:colcon.colcon_core.package_identification:_identify(src/my_pkgpy) by extension 'ignore'
[0.905s] Level 1:colcon.colcon_core.package_identification:_identify(src/my_pkgpy) by extension 'ignore_ament_install'
[0.905s] Level 1:colcon.colcon_core.package_identification:_identify(src/my_pkgpy) by extensions ['colcon_pkg']
[0.905s] Level 1:colcon.colcon_core.package_identification:_identify(src/my_pkgpy) by extension 'colcon_pkg'
[0.905s] Level 1:colcon.colcon_core.package_identification:_identify(src/my_pkgpy) by extensions ['colcon_meta']
[0.905s] Level 1:colcon.colcon_core.package_identification:_identify(src/my_pkgpy) by extension 'colcon_meta'
[0.905s] Level 1:colcon.colcon_core.package_identification:_identify(src/my_pkgpy) by extensions ['ros']
[0.905s] Level 1:colcon.colcon_core.package_identification:_identify(src/my_pkgpy) by extension 'ros'
[0.906s] DEBUG:colcon.colcon_core.package_identification:Package 'src/my_pkgpy' with type 'ros.ament_python' and name 'my_pkgpy'
[0.906s] Level 1:colcon.colcon_core.package_discovery:discover_packages(recursive) using defaults
[0.906s] Level 1:colcon.colcon_core.package_discovery:discover_packages(ignore) discover
[0.906s] Level 1:colcon.colcon_core.package_discovery:discover_packages(ignore) using defaults
[0.906s] Level 1:colcon.colcon_core.package_discovery:discover_packages(path) discover
[0.906s] Level 1:colcon.colcon_core.package_discovery:discover_packages(path) using defaults
[0.957s] INFO:colcon.colcon_core.package_selection:Skipping not selected package 'my_pkgcpp' in 'src/my_pkgcpp'
[0.983s] Level 1:colcon.colcon_core.package_discovery:discover_packages(prefix_path) check parameters
[0.983s] Level 1:colcon.colcon_core.package_discovery:discover_packages(prefix_path) discover
[1.009s] DEBUG:colcon.colcon_installed_package_information.package_discovery:Found 2 installed packages in /home/varun/ros2workspace/install
[1.022s] DEBUG:colcon.colcon_installed_package_information.package_discovery:Found 2 installed packages in /home/varun/ros2_ws/install
[1.043s] DEBUG:colcon.colcon_installed_package_information.package_discovery:Found 270 installed packages in /opt/ros/humble
[1.044s] Level 1:colcon.colcon_core.package_discovery:discover_packages(prefix_path) using defaults
[1.113s] Level 5:colcon.colcon_core.verb:set package 'my_pkgpy' build argument 'cmake_args' from command line to 'None'
[1.113s] Level 5:colcon.colcon_core.verb:set package 'my_pkgpy' build argument 'cmake_target' from command line to 'None'
[1.113s] Level 5:colcon.colcon_core.verb:set package 'my_pkgpy' build argument 'cmake_target_skip_unavailable' from command line to 'False'
[1.113s] Level 5:colcon.colcon_core.verb:set package 'my_pkgpy' build argument 'cmake_clean_cache' from command line to 'False'
[1.113s] Level 5:colcon.colcon_core.verb:set package 'my_pkgpy' build argument 'cmake_clean_first' from command line to 'False'
[1.113s] Level 5:colcon.colcon_core.verb:set package 'my_pkgpy' build argument 'cmake_force_configure' from command line to 'False'
[1.113s] Level 5:colcon.colcon_core.verb:set package 'my_pkgpy' build argument 'ament_cmake_args' from command line to 'None'
[1.113s] Level 5:colcon.colcon_core.verb:set package 'my_pkgpy' build argument 'catkin_cmake_args' from command line to 'None'
[1.113s] Level 5:colcon.colcon_core.verb:set package 'my_pkgpy' build argument 'catkin_skip_building_tests' from command line to 'False'
[1.113s] DEBUG:colcon.colcon_core.verb:Building package 'my_pkgpy' with the following arguments: {'ament_cmake_args': None, 'build_base': '/home/varun/ros2workspace/build/my_pkgpy', 'catkin_cmake_args': None, 'catkin_skip_building_tests': False, 'cmake_args': None, 'cmake_clean_cache': False, 'cmake_clean_first': False, 'cmake_force_configure': False, 'cmake_target': None, 'cmake_target_skip_unavailable': False, 'install_base': '/home/varun/ros2workspace/install/my_pkgpy', 'merge_install': False, 'path': '/home/varun/ros2workspace/src/my_pkgpy', 'symlink_install': True, 'test_result_base': None}
[1.126s] INFO:colcon.colcon_core.executor:Executing jobs using 'parallel' executor
[1.139s] DEBUG:colcon.colcon_parallel_executor.executor.parallel:run_until_complete
[1.139s] INFO:colcon.colcon_ros.task.ament_python.build:Building ROS package in '/home/varun/ros2workspace/src/my_pkgpy' with build type 'ament_python'
[1.139s] Level 1:colcon.colcon_core.shell:create_environment_hook('my_pkgpy', 'ament_prefix_path')
[1.154s] INFO:colcon.colcon_core.plugin_system:Skipping extension 'colcon_core.shell.bat': Not used on non-Windows systems
[1.154s] INFO:colcon.colcon_core.shell:Creating environment hook '/home/varun/ros2workspace/install/my_pkgpy/share/my_pkgpy/hook/ament_prefix_path.ps1'
[1.154s] INFO:colcon.colcon_core.shell:Creating environment descriptor '/home/varun/ros2workspace/install/my_pkgpy/share/my_pkgpy/hook/ament_prefix_path.dsv'
[1.154s] INFO:colcon.colcon_core.shell:Creating environment hook '/home/varun/ros2workspace/install/my_pkgpy/share/my_pkgpy/hook/ament_prefix_path.sh'
[1.167s] INFO:colcon.colcon_core.shell:Skip shell extension 'powershell' for command environment: Not usable outside of PowerShell
[1.167s] DEBUG:colcon.colcon_core.shell:Skip shell extension 'dsv' for command environment
[1.435s] INFO:colcon.colcon_core.task.python.build:Building Python package in '/home/varun/ros2workspace/src/my_pkgpy'
[1.448s] INFO:colcon.colcon_core.shell:Skip shell extension 'powershell' for command environment: Not usable outside of PowerShell
[1.448s] DEBUG:colcon.colcon_core.shell:Skip shell extension 'dsv' for command environment
[1.783s] DEBUG:colcon.colcon_core.task.python.build:While undoing a previous installation files outside the Python library path are being ignored: /home/varun/ros2workspace/install/my_pkgpy/share/ament_index/resource_index/packages/my_pkgpy
[1.783s] DEBUG:colcon.colcon_core.task.python.build:While undoing a previous installation files outside the Python library path are being ignored: /home/varun/ros2workspace/install/my_pkgpy/share/my_pkgpy/package.xml
[1.784s] DEBUG:colcon.colcon_core.task.python.build:While undoing a previous installation files outside the Python library path are being ignored: /home/varun/ros2workspace/install/my_pkgpy/lib/my_pkgpy/Add_two_integers_client
[1.784s] DEBUG:colcon.colcon_core.task.python.build:While undoing a previous installation files outside the Python library path are being ignored: /home/varun/ros2workspace/install/my_pkgpy/lib/my_pkgpy/Add_two_integers_client_no_opp
[1.784s] DEBUG:colcon.colcon_core.task.python.build:While undoing a previous installation files outside the Python library path are being ignored: /home/varun/ros2workspace/install/my_pkgpy/lib/my_pkgpy/Add_two_integers_server
[1.784s] DEBUG:colcon.colcon_core.task.python.build:While undoing a previous installation files outside the Python library path are being ignored: /home/varun/ros2workspace/install/my_pkgpy/lib/my_pkgpy/number_counter
[1.784s] DEBUG:colcon.colcon_core.task.python.build:While undoing a previous installation files outside the Python library path are being ignored: /home/varun/ros2workspace/install/my_pkgpy/lib/my_pkgpy/number_publish
[1.784s] DEBUG:colcon.colcon_core.task.python.build:While undoing a previous installation files outside the Python library path are being ignored: /home/varun/ros2workspace/install/my_pkgpy/lib/my_pkgpy/py_node
[1.784s] DEBUG:colcon.colcon_core.task.python.build:While undoing a previous installation files outside the Python library path are being ignored: /home/varun/ros2workspace/install/my_pkgpy/lib/my_pkgpy/robot_news_station
[1.784s] DEBUG:colcon.colcon_core.task.python.build:While undoing a previous installation files outside the Python library path are being ignored: /home/varun/ros2workspace/install/my_pkgpy/lib/my_pkgpy/smartphone
[1.786s] DEBUG:colcon.colcon_core.event_handler.log_command:Invoking command in '/home/varun/ros2workspace/build/my_pkgpy': PYTHONPATH=/home/varun/ros2workspace/build/my_pkgpy/prefix_override:/home/varun/ros2workspace/install/my_pkgpy/lib/python3.10/site-packages:${PYTHONPATH} /usr/bin/python3 setup.py develop --editable --build-directory /home/varun/ros2workspace/build/my_pkgpy/build --no-deps install_data
[2.168s] Level 1:colcon.colcon_core.shell:create_environment_hook('my_pkgpy', 'pythonpath_develop')
[2.168s] DEBUG:colcon.colcon_core.event_handler.log_command:Invoked command in '/home/varun/ros2workspace/build/my_pkgpy' returned '0': PYTHONPATH=/home/varun/ros2workspace/build/my_pkgpy/prefix_override:/home/varun/ros2workspace/install/my_pkgpy/lib/python3.10/site-packages:${PYTHONPATH} /usr/bin/python3 setup.py develop --editable --build-directory /home/varun/ros2workspace/build/my_pkgpy/build --no-deps install_data
[2.196s] INFO:colcon.colcon_core.shell:Creating environment hook '/home/varun/ros2workspace/build/my_pkgpy/share/my_pkgpy/hook/pythonpath_develop.ps1'
[2.196s] INFO:colcon.colcon_core.shell:Creating environment descriptor '/home/varun/ros2workspace/build/my_pkgpy/share/my_pkgpy/hook/pythonpath_develop.dsv'
[2.196s] INFO:colcon.colcon_core.shell:Creating environment hook '/home/varun/ros2workspace/build/my_pkgpy/share/my_pkgpy/hook/pythonpath_develop.sh'
[2.211s] Level 1:colcon.colcon_core.environment:checking '/home/varun/ros2workspace/install/my_pkgpy' for CMake module files
[2.211s] Level 1:colcon.colcon_core.environment:checking '/home/varun/ros2workspace/install/my_pkgpy' for CMake config files
[2.211s] Level 1:colcon.colcon_core.environment:checking '/home/varun/ros2workspace/install/my_pkgpy/lib'
[2.211s] Level 1:colcon.colcon_core.environment:checking '/home/varun/ros2workspace/install/my_pkgpy/bin'
[2.212s] Level 1:colcon.colcon_core.environment:checking '/home/varun/ros2workspace/install/my_pkgpy/lib/pkgconfig/my_pkgpy.pc'
[2.212s] Level 1:colcon.colcon_core.environment:checking '/home/varun/ros2workspace/install/my_pkgpy/lib/python3.10/site-packages'
[2.212s] Level 1:colcon.colcon_core.shell:create_environment_hook('my_pkgpy', 'pythonpath')
[2.224s] INFO:colcon.colcon_core.shell:Creating environment hook '/home/varun/ros2workspace/install/my_pkgpy/share/my_pkgpy/hook/pythonpath.ps1'
[2.224s] INFO:colcon.colcon_core.shell:Creating environment descriptor '/home/varun/ros2workspace/install/my_pkgpy/share/my_pkgpy/hook/pythonpath.dsv'
[2.225s] INFO:colcon.colcon_core.shell:Creating environment hook '/home/varun/ros2workspace/install/my_pkgpy/share/my_pkgpy/hook/pythonpath.sh'
[2.225s] Level 1:colcon.colcon_core.environment:checking '/home/varun/ros2workspace/install/my_pkgpy/bin'
[2.225s] Level 1:colcon.colcon_core.environment:create_environment_scripts_only(my_pkgpy)
[2.237s] INFO:colcon.colcon_core.shell:Creating package script '/home/varun/ros2workspace/install/my_pkgpy/share/my_pkgpy/package.ps1'
[2.238s] INFO:colcon.colcon_core.shell:Creating package descriptor '/home/varun/ros2workspace/install/my_pkgpy/share/my_pkgpy/package.dsv'
[2.238s] INFO:colcon.colcon_core.shell:Creating package script '/home/varun/ros2workspace/install/my_pkgpy/share/my_pkgpy/package.sh'
[2.239s] INFO:colcon.colcon_core.shell:Creating package script '/home/varun/ros2workspace/install/my_pkgpy/share/my_pkgpy/package.bash'
[2.240s] INFO:colcon.colcon_core.shell:Creating package script '/home/varun/ros2workspace/install/my_pkgpy/share/my_pkgpy/package.zsh'
[2.240s] Level 1:colcon.colcon_core.environment:create_file_with_runtime_dependencies(/home/varun/ros2workspace/install/my_pkgpy/share/colcon-core/packages/my_pkgpy)
[2.240s] DEBUG:colcon.colcon_parallel_executor.executor.parallel:closing loop
[2.240s] DEBUG:colcon.colcon_parallel_executor.executor.parallel:loop closed
[2.241s] DEBUG:colcon.colcon_parallel_executor.executor.parallel:run_until_complete finished with '0'
[2.241s] DEBUG:colcon.colcon_core.event_reactor:joining thread
[2.266s] INFO:colcon.colcon_core.plugin_system:Skipping extension 'colcon_notification.desktop_notification.terminal_notifier': Not used on non-Darwin systems
[2.266s] INFO:colcon.colcon_core.plugin_system:Skipping extension 'colcon_notification.desktop_notification.win32': Not used on non-Windows systems
[2.266s] INFO:colcon.colcon_notification.desktop_notification:Sending desktop notification using 'notify2'
[2.277s] DEBUG:colcon.colcon_core.event_reactor:joined thread
[2.290s] INFO:colcon.colcon_core.shell:Creating prefix script '/home/varun/ros2workspace/install/local_setup.ps1'
[2.291s] INFO:colcon.colcon_core.shell:Creating prefix util module '/home/varun/ros2workspace/install/_local_setup_util_ps1.py'
[2.292s] INFO:colcon.colcon_core.shell:Creating prefix chain script '/home/varun/ros2workspace/install/setup.ps1'
[2.305s] INFO:colcon.colcon_core.shell:Creating prefix script '/home/varun/ros2workspace/install/local_setup.sh'
[2.306s] INFO:colcon.colcon_core.shell:Creating prefix util module '/home/varun/ros2workspace/install/_local_setup_util_sh.py'
[2.306s] INFO:colcon.colcon_core.shell:Creating prefix chain script '/home/varun/ros2workspace/install/setup.sh'
[2.319s] INFO:colcon.colcon_core.shell:Creating prefix script '/home/varun/ros2workspace/install/local_setup.bash'
[2.320s] INFO:colcon.colcon_core.shell:Creating prefix chain script '/home/varun/ros2workspace/install/setup.bash'
[2.333s] INFO:colcon.colcon_core.shell:Creating prefix script '/home/varun/ros2workspace/install/local_setup.zsh'
[2.333s] INFO:colcon.colcon_core.shell:Creating prefix chain script '/home/varun/ros2workspace/install/setup.zsh'
