running egg_info
creating ../../build/my_pkgpy/my_pkgpy.egg-info
writing ../../build/my_pkgpy/my_pkgpy.egg-info/PKG-INFO
writing dependency_links to ../../build/my_pkgpy/my_pkgpy.egg-info/dependency_links.txt
writing entry points to ../../build/my_pkgpy/my_pkgpy.egg-info/entry_points.txt
writing requirements to ../../build/my_pkgpy/my_pkgpy.egg-info/requires.txt
writing top-level names to ../../build/my_pkgpy/my_pkgpy.egg-info/top_level.txt
writing manifest file '../../build/my_pkgpy/my_pkgpy.egg-info/SOURCES.txt'
reading manifest file '../../build/my_pkgpy/my_pkgpy.egg-info/SOURCES.txt'
writing manifest file '../../build/my_pkgpy/my_pkgpy.egg-info/SOURCES.txt'
running build
running build_py
creating /home/varun/ros2workspace/build/my_pkgpy/build
creating /home/varun/ros2workspace/build/my_pkgpy/build/lib
creating /home/varun/ros2workspace/build/my_pkgpy/build/lib/my_pkgpy
copying my_pkgpy/__init__.py -> /home/varun/ros2workspace/build/my_pkgpy/build/lib/my_pkgpy
running install
running install_lib
creating /home/varun/ros2workspace/install/my_pkgpy/lib/python3.10/site-packages/my_pkgpy
copying /home/varun/ros2workspace/build/my_pkgpy/build/lib/my_pkgpy/__init__.py -> /home/varun/ros2workspace/install/my_pkgpy/lib/python3.10/site-packages/my_pkgpy
byte-compiling /home/varun/ros2workspace/install/my_pkgpy/lib/python3.10/site-packages/my_pkgpy/__init__.py to __init__.cpython-310.pyc
running install_data
creating /home/varun/ros2workspace/install/my_pkgpy/share/ament_index
creating /home/varun/ros2workspace/install/my_pkgpy/share/ament_index/resource_index
creating /home/varun/ros2workspace/install/my_pkgpy/share/ament_index/resource_index/packages
copying resource/my_pkgpy -> /home/varun/ros2workspace/install/my_pkgpy/share/ament_index/resource_index/packages
copying package.xml -> /home/varun/ros2workspace/install/my_pkgpy/share/my_pkgpy
running install_egg_info
Copying ../../build/my_pkgpy/my_pkgpy.egg-info to /home/varun/ros2workspace/install/my_pkgpy/lib/python3.10/site-packages/my_pkgpy-0.0.0-py3.10.egg-info
running install_scripts
writing list of installed files to '/home/varun/ros2workspace/build/my_pkgpy/install.log'
