[0.718s] Invoking command in '/home/varun/ros2workspace/src/my_pkgpy': PYTHONPATH=/home/varun/ros2workspace/build/my_pkgpy/prefix_override:/home/varun/ros2workspace/install/my_pkgpy/lib/python3.10/site-packages:${PYTHONPATH} /usr/bin/python3 setup.py egg_info --egg-base ../../build/my_pkgpy build --build-base /home/varun/ros2workspace/build/my_pkgpy/build install --record /home/varun/ros2workspace/build/my_pkgpy/install.log --single-version-externally-managed
[0.918s] running egg_info
[0.918s] creating ../../build/my_pkgpy/my_pkgpy.egg-info
[0.918s] writing ../../build/my_pkgpy/my_pkgpy.egg-info/PKG-INFO
[0.918s] writing dependency_links to ../../build/my_pkgpy/my_pkgpy.egg-info/dependency_links.txt
[0.918s] writing entry points to ../../build/my_pkgpy/my_pkgpy.egg-info/entry_points.txt
[0.919s] writing requirements to ../../build/my_pkgpy/my_pkgpy.egg-info/requires.txt
[0.919s] writing top-level names to ../../build/my_pkgpy/my_pkgpy.egg-info/top_level.txt
[0.919s] writing manifest file '../../build/my_pkgpy/my_pkgpy.egg-info/SOURCES.txt'
[0.920s] reading manifest file '../../build/my_pkgpy/my_pkgpy.egg-info/SOURCES.txt'
[0.920s] writing manifest file '../../build/my_pkgpy/my_pkgpy.egg-info/SOURCES.txt'
[0.920s] running build
[0.920s] running build_py
[0.920s] creating /home/varun/ros2workspace/build/my_pkgpy/build
[0.920s] creating /home/varun/ros2workspace/build/my_pkgpy/build/lib
[0.921s] creating /home/varun/ros2workspace/build/my_pkgpy/build/lib/my_pkgpy
[0.921s] copying my_pkgpy/__init__.py -> /home/varun/ros2workspace/build/my_pkgpy/build/lib/my_pkgpy
[0.921s] running install
[0.921s] running install_lib
[0.921s] creating /home/varun/ros2workspace/install/my_pkgpy/lib/python3.10/site-packages/my_pkgpy
[0.921s] copying /home/varun/ros2workspace/build/my_pkgpy/build/lib/my_pkgpy/__init__.py -> /home/varun/ros2workspace/install/my_pkgpy/lib/python3.10/site-packages/my_pkgpy
[0.922s] byte-compiling /home/varun/ros2workspace/install/my_pkgpy/lib/python3.10/site-packages/my_pkgpy/__init__.py to __init__.cpython-310.pyc
[0.922s] running install_data
[0.922s] creating /home/varun/ros2workspace/install/my_pkgpy/share/ament_index
[0.922s] creating /home/varun/ros2workspace/install/my_pkgpy/share/ament_index/resource_index
[0.922s] creating /home/varun/ros2workspace/install/my_pkgpy/share/ament_index/resource_index/packages
[0.922s] copying resource/my_pkgpy -> /home/varun/ros2workspace/install/my_pkgpy/share/ament_index/resource_index/packages
[0.922s] copying package.xml -> /home/varun/ros2workspace/install/my_pkgpy/share/my_pkgpy
[0.922s] running install_egg_info
[0.924s] Copying ../../build/my_pkgpy/my_pkgpy.egg-info to /home/varun/ros2workspace/install/my_pkgpy/lib/python3.10/site-packages/my_pkgpy-0.0.0-py3.10.egg-info
[0.924s] running install_scripts
[0.939s] writing list of installed files to '/home/varun/ros2workspace/build/my_pkgpy/install.log'
[0.957s] Invoked command in '/home/varun/ros2workspace/src/my_pkgpy' returned '0': PYTHONPATH=/home/varun/ros2workspace/build/my_pkgpy/prefix_override:/home/varun/ros2workspace/install/my_pkgpy/lib/python3.10/site-packages:${PYTHONPATH} /usr/bin/python3 setup.py egg_info --egg-base ../../build/my_pkgpy build --build-base /home/varun/ros2workspace/build/my_pkgpy/build install --record /home/varun/ros2workspace/build/my_pkgpy/install.log --single-version-externally-managed
