[0.132s] Invoking command in '/home/varun/ros2workspace/build/my_robot_bringup': AMENT_PREFIX_PATH=/home/varun/ros2workspace/install/my_pkgpy:/home/varun/ros2workspace/install/my_robot_bringup:/home/varun/ros2workspace/install/my_robot_interfaces:/home/varun/ros2workspace/install/my_pkgcpp:/home/varun/ros2_ws/install/my_py_pkg:/home/varun/ros2_ws/install/my_cpp_pkg:/opt/ros/humble CMAKE_PREFIX_PATH=/home/varun/ros2workspace/install/my_robot_interfaces:/home/varun/ros2workspace/install/my_robot_bringup:/home/varun/ros2workspace/install/my_pkgcpp:/home/varun/ros2_ws/install/my_cpp_pkg:/home/varun/ros2workspace/install/my_pkgpy:/home/varun/ros2_ws/install/my_py_pkg:/opt/ros/humble /usr/bin/cmake --build /home/varun/ros2workspace/build/my_robot_bringup -- -j12 -l12
[0.180s] Invoked command in '/home/varun/ros2workspace/build/my_robot_bringup' returned '0': AMENT_PREFIX_PATH=/home/varun/ros2workspace/install/my_pkgpy:/home/varun/ros2workspace/install/my_robot_bringup:/home/varun/ros2workspace/install/my_robot_interfaces:/home/varun/ros2workspace/install/my_pkgcpp:/home/varun/ros2_ws/install/my_py_pkg:/home/varun/ros2_ws/install/my_cpp_pkg:/opt/ros/humble CMAKE_PREFIX_PATH=/home/varun/ros2workspace/install/my_robot_interfaces:/home/varun/ros2workspace/install/my_robot_bringup:/home/varun/ros2workspace/install/my_pkgcpp:/home/varun/ros2_ws/install/my_cpp_pkg:/home/varun/ros2workspace/install/my_pkgpy:/home/varun/ros2_ws/install/my_py_pkg:/opt/ros/humble /usr/bin/cmake --build /home/varun/ros2workspace/build/my_robot_bringup -- -j12 -l12
[0.223s] Invoking command in '/home/varun/ros2workspace/build/my_robot_bringup': AMENT_PREFIX_PATH=/home/varun/ros2workspace/install/my_pkgpy:/home/varun/ros2workspace/install/my_robot_bringup:/home/varun/ros2workspace/install/my_robot_interfaces:/home/varun/ros2workspace/install/my_pkgcpp:/home/varun/ros2_ws/install/my_py_pkg:/home/varun/ros2_ws/install/my_cpp_pkg:/opt/ros/humble CMAKE_PREFIX_PATH=/home/varun/ros2workspace/install/my_robot_interfaces:/home/varun/ros2workspace/install/my_robot_bringup:/home/varun/ros2workspace/install/my_pkgcpp:/home/varun/ros2_ws/install/my_cpp_pkg:/home/varun/ros2workspace/install/my_pkgpy:/home/varun/ros2_ws/install/my_py_pkg:/opt/ros/humble /usr/bin/cmake --install /home/varun/ros2workspace/build/my_robot_bringup
[0.232s] -- Install configuration: ""
[0.232s] -- Execute custom install script
[0.233s] -- Up-to-date symlink: /home/varun/ros2workspace/install/my_robot_bringup/share/my_robot_bringup/launch/number_app.launch.py
[0.233s] -- Up-to-date symlink: /home/varun/ros2workspace/install/my_robot_bringup/share/ament_index/resource_index/package_run_dependencies/my_robot_bringup
[0.233s] -- Up-to-date symlink: /home/varun/ros2workspace/install/my_robot_bringup/share/ament_index/resource_index/parent_prefix_path/my_robot_bringup
[0.233s] -- Up-to-date symlink: /home/varun/ros2workspace/install/my_robot_bringup/share/my_robot_bringup/environment/ament_prefix_path.sh
[0.234s] -- Up-to-date symlink: /home/varun/ros2workspace/install/my_robot_bringup/share/my_robot_bringup/environment/ament_prefix_path.dsv
[0.234s] -- Up-to-date symlink: /home/varun/ros2workspace/install/my_robot_bringup/share/my_robot_bringup/environment/path.sh
[0.234s] -- Up-to-date symlink: /home/varun/ros2workspace/install/my_robot_bringup/share/my_robot_bringup/environment/path.dsv
[0.234s] -- Up-to-date symlink: /home/varun/ros2workspace/install/my_robot_bringup/share/my_robot_bringup/local_setup.bash
[0.234s] -- Up-to-date symlink: /home/varun/ros2workspace/install/my_robot_bringup/share/my_robot_bringup/local_setup.sh
[0.235s] -- Up-to-date symlink: /home/varun/ros2workspace/install/my_robot_bringup/share/my_robot_bringup/local_setup.zsh
[0.235s] -- Up-to-date symlink: /home/varun/ros2workspace/install/my_robot_bringup/share/my_robot_bringup/local_setup.dsv
[0.235s] -- Symlinking: /home/varun/ros2workspace/install/my_robot_bringup/share/my_robot_bringup/package.dsv
[0.247s] -- Up-to-date symlink: /home/varun/ros2workspace/install/my_robot_bringup/share/ament_index/resource_index/packages/my_robot_bringup
[0.248s] -- Up-to-date symlink: /home/varun/ros2workspace/install/my_robot_bringup/share/my_robot_bringup/cmake/my_robot_bringupConfig.cmake
[0.248s] -- Up-to-date symlink: /home/varun/ros2workspace/install/my_robot_bringup/share/my_robot_bringup/cmake/my_robot_bringupConfig-version.cmake
[0.248s] -- Up-to-date symlink: /home/varun/ros2workspace/install/my_robot_bringup/share/my_robot_bringup/package.xml
[0.251s] Invoked command in '/home/varun/ros2workspace/build/my_robot_bringup' returned '0': AMENT_PREFIX_PATH=/home/varun/ros2workspace/install/my_pkgpy:/home/varun/ros2workspace/install/my_robot_bringup:/home/varun/ros2workspace/install/my_robot_interfaces:/home/varun/ros2workspace/install/my_pkgcpp:/home/varun/ros2_ws/install/my_py_pkg:/home/varun/ros2_ws/install/my_cpp_pkg:/opt/ros/humble CMAKE_PREFIX_PATH=/home/varun/ros2workspace/install/my_robot_interfaces:/home/varun/ros2workspace/install/my_robot_bringup:/home/varun/ros2workspace/install/my_pkgcpp:/home/varun/ros2_ws/install/my_cpp_pkg:/home/varun/ros2workspace/install/my_pkgpy:/home/varun/ros2_ws/install/my_py_pkg:/opt/ros/humble /usr/bin/cmake --install /home/varun/ros2workspace/build/my_robot_bringup
