[1.018s] Invoking command in '/home/varun/ros2workspace/src/turtlesim_catch_them_all': CMAKE_PREFIX_PATH=/home/varun/ros2workspace/install/my_robot_interfaces:/home/varun/ros2workspace/install/my_robot_bringup:/home/varun/ros2workspace/install/my_pkgcpp:/home/varun/ros2_ws/install/my_cpp_pkg PYTHONPATH=/home/varun/ros2workspace/build/turtlesim_catch_them_all/prefix_override:/home/varun/ros2workspace/install/turtlesim_catch_them_all/lib/python3.10/site-packages:${PYTHONPATH} /usr/bin/python3 setup.py egg_info --egg-base ../../build/turtlesim_catch_them_all build --build-base /home/varun/ros2workspace/build/turtlesim_catch_them_all/build install --record /home/varun/ros2workspace/build/turtlesim_catch_them_all/install.log --single-version-externally-managed
[1.328s] running egg_info
[1.328s] writing ../../build/turtlesim_catch_them_all/turtlesim_catch_them_all.egg-info/PKG-INFO
[1.329s] writing dependency_links to ../../build/turtlesim_catch_them_all/turtlesim_catch_them_all.egg-info/dependency_links.txt
[1.329s] writing entry points to ../../build/turtlesim_catch_them_all/turtlesim_catch_them_all.egg-info/entry_points.txt
[1.329s] writing requirements to ../../build/turtlesim_catch_them_all/turtlesim_catch_them_all.egg-info/requires.txt
[1.329s] writing top-level names to ../../build/turtlesim_catch_them_all/turtlesim_catch_them_all.egg-info/top_level.txt
[1.331s] reading manifest file '../../build/turtlesim_catch_them_all/turtlesim_catch_them_all.egg-info/SOURCES.txt'
[1.332s] writing manifest file '../../build/turtlesim_catch_them_all/turtlesim_catch_them_all.egg-info/SOURCES.txt'
[1.332s] running build
[1.332s] running build_py
[1.332s] copying turtlesim_catch_them_all/turtle_spawner.py -> /home/varun/ros2workspace/build/turtlesim_catch_them_all/build/lib/turtlesim_catch_them_all
[1.333s] copying turtlesim_catch_them_all/turtle_controller.py -> /home/varun/ros2workspace/build/turtlesim_catch_them_all/build/lib/turtlesim_catch_them_all
[1.333s] running install
[1.333s] running install_lib
[1.334s] copying /home/varun/ros2workspace/build/turtlesim_catch_them_all/build/lib/turtlesim_catch_them_all/turtle_spawner.py -> /home/varun/ros2workspace/install/turtlesim_catch_them_all/lib/python3.10/site-packages/turtlesim_catch_them_all
[1.334s] copying /home/varun/ros2workspace/build/turtlesim_catch_them_all/build/lib/turtlesim_catch_them_all/turtle_controller.py -> /home/varun/ros2workspace/install/turtlesim_catch_them_all/lib/python3.10/site-packages/turtlesim_catch_them_all
[1.335s] byte-compiling /home/varun/ros2workspace/install/turtlesim_catch_them_all/lib/python3.10/site-packages/turtlesim_catch_them_all/turtle_spawner.py to turtle_spawner.cpython-310.pyc
[1.336s] byte-compiling /home/varun/ros2workspace/install/turtlesim_catch_them_all/lib/python3.10/site-packages/turtlesim_catch_them_all/turtle_controller.py to turtle_controller.cpython-310.pyc
[1.337s] running install_data
[1.337s] running install_egg_info
[1.339s] removing '/home/varun/ros2workspace/install/turtlesim_catch_them_all/lib/python3.10/site-packages/turtlesim_catch_them_all-0.0.0-py3.10.egg-info' (and everything under it)
[1.340s] Copying ../../build/turtlesim_catch_them_all/turtlesim_catch_them_all.egg-info to /home/varun/ros2workspace/install/turtlesim_catch_them_all/lib/python3.10/site-packages/turtlesim_catch_them_all-0.0.0-py3.10.egg-info
[1.341s] running install_scripts
[1.363s] Installing turtle_spawnnerr script to /home/varun/ros2workspace/install/turtlesim_catch_them_all/lib/turtlesim_catch_them_all
[1.363s] Installing turtlee_controller script to /home/varun/ros2workspace/install/turtlesim_catch_them_all/lib/turtlesim_catch_them_all
[1.363s] writing list of installed files to '/home/varun/ros2workspace/build/turtlesim_catch_them_all/install.log'
[1.386s] Invoked command in '/home/varun/ros2workspace/src/turtlesim_catch_them_all' returned '0': CMAKE_PREFIX_PATH=/home/varun/ros2workspace/install/my_robot_interfaces:/home/varun/ros2workspace/install/my_robot_bringup:/home/varun/ros2workspace/install/my_pkgcpp:/home/varun/ros2_ws/install/my_cpp_pkg PYTHONPATH=/home/varun/ros2workspace/build/turtlesim_catch_them_all/prefix_override:/home/varun/ros2workspace/install/turtlesim_catch_them_all/lib/python3.10/site-packages:${PYTHONPATH} /usr/bin/python3 setup.py egg_info --egg-base ../../build/turtlesim_catch_them_all build --build-base /home/varun/ros2workspace/build/turtlesim_catch_them_all/build install --record /home/varun/ros2workspace/build/turtlesim_catch_them_all/install.log --single-version-externally-managed
