[0.113s] Invoking command in '/home/varun/ros2workspace/build/my_robot_interfaces': CMAKE_PREFIX_PATH=${CMAKE_PREFIX_PATH}:/home/varun/ros2workspace/install/my_pkgpy:/home/varun/ros2_ws/install/my_py_pkg:/opt/ros/humble /usr/bin/cmake --build /home/varun/ros2workspace/build/my_robot_interfaces -- -j12 -l12
[0.142s] -- Found ament_cmake: 1.3.6 (/opt/ros/humble/share/ament_cmake/cmake)
[0.315s] -- Found rosidl_default_generators: 1.2.0 (/opt/ros/humble/share/rosidl_default_generators/cmake)
[0.317s] -- Using all available rosidl_typesupport_c: rosidl_typesupport_fastrtps_c;rosidl_typesupport_introspection_c
[0.320s] -- Found rosidl_adapter: 3.1.5 (/opt/ros/humble/share/rosidl_adapter/cmake)
[0.355s] -- Using all available rosidl_typesupport_cpp: rosidl_typesupport_fastrtps_cpp;rosidl_typesupport_introspection_cpp
[0.699s] -- Found ament_cmake_ros: 0.10.0 (/opt/ros/humble/share/ament_cmake_ros/cmake)
[0.924s] -- Using all available rosidl_typesupport_c: rosidl_typesupport_fastrtps_c;rosidl_typesupport_introspection_c
[1.211s] -- Using all available rosidl_typesupport_cpp: rosidl_typesupport_fastrtps_cpp;rosidl_typesupport_introspection_cpp
[1.241s] -- Found python_cmake_module: 0.10.0 (/opt/ros/humble/share/python_cmake_module/cmake)
[1.270s] -- Using PYTHON_EXECUTABLE: /usr/bin/python3
[1.270s] -- Using PYTHON_INCLUDE_DIRS: /usr/include/python3.10
[1.270s] -- Using PYTHON_LIBRARIES: /usr/lib/x86_64-linux-gnu/libpython3.10.so
[1.297s] -- Configuring done
[1.349s] -- Generating done
[1.354s] -- Build files have been written to: /home/varun/ros2workspace/build/my_robot_interfaces
[1.384s] [  1%] [34m[1mGenerating C code for ROS interfaces[0m
[1.397s] [  3%] [34m[1mGenerating C++ code for ROS interfaces[0m
[1.418s] [  3%] Built target ament_cmake_python_copy_my_robot_interfaces
[1.760s] running egg_info
[1.761s] writing my_robot_interfaces.egg-info/PKG-INFO
[1.761s] writing dependency_links to my_robot_interfaces.egg-info/dependency_links.txt
[1.761s] writing top-level names to my_robot_interfaces.egg-info/top_level.txt
[1.765s] reading manifest file 'my_robot_interfaces.egg-info/SOURCES.txt'
[1.765s] writing manifest file 'my_robot_interfaces.egg-info/SOURCES.txt'
[1.794s] [  3%] Built target ament_cmake_python_build_my_robot_interfaces_egg
[1.861s] [  3%] Built target my_robot_interfaces__cpp
[1.876s] [  9%] [34m[1mGenerating C++ introspection for ROS interfaces[0m
[1.877s] [  9%] [34m[1mGenerating C++ type support for eProsima Fast-RTPS[0m
[1.877s] [  9%] [34m[1mGenerating C++ type support dispatch for ROS interfaces[0m
[1.883s] [35m[1mConsolidate compiler generated dependencies of target my_robot_interfaces__rosidl_generator_c[0m
[1.900s] [ 14%] [32mBuilding C object CMakeFiles/my_robot_interfaces__rosidl_generator_c.dir/rosidl_generator_c/my_robot_interfaces/msg/detail/led_state_array__functions.c.o[0m
[1.900s] [ 14%] [32mBuilding C object CMakeFiles/my_robot_interfaces__rosidl_generator_c.dir/rosidl_generator_c/my_robot_interfaces/msg/detail/hardware_status__functions.c.o[0m
[1.901s] [ 14%] [32mBuilding C object CMakeFiles/my_robot_interfaces__rosidl_generator_c.dir/rosidl_generator_c/my_robot_interfaces/srv/detail/compute_rectangle_area__functions.c.o[0m
[1.903s] [ 16%] [32mBuilding C object CMakeFiles/my_robot_interfaces__rosidl_generator_c.dir/rosidl_generator_c/my_robot_interfaces/srv/detail/set_led__functions.c.o[0m
[1.982s] [ 18%] [32m[1mLinking C shared library libmy_robot_interfaces__rosidl_generator_c.so[0m
[2.032s] [ 18%] Built target my_robot_interfaces__rosidl_generator_c
[2.045s] [ 21%] [34m[1mGenerating C type support for eProsima Fast-RTPS[0m
[2.046s] [ 21%] [34m[1mGenerating C introspection for ROS interfaces[0m
[2.046s] [ 23%] [34m[1mGenerating C type support dispatch for ROS interfaces[0m
[2.228s] [35m[1mConsolidate compiler generated dependencies of target my_robot_interfaces__rosidl_typesupport_cpp[0m
[2.248s] [ 25%] [32mBuilding CXX object CMakeFiles/my_robot_interfaces__rosidl_typesupport_cpp.dir/rosidl_typesupport_cpp/my_robot_interfaces/msg/hardware_status__type_support.cpp.o[0m
[2.251s] [ 30%] [32mBuilding CXX object CMakeFiles/my_robot_interfaces__rosidl_typesupport_cpp.dir/rosidl_typesupport_cpp/my_robot_interfaces/srv/set_led__type_support.cpp.o[0m
[2.251s] [ 30%] [32mBuilding CXX object CMakeFiles/my_robot_interfaces__rosidl_typesupport_cpp.dir/rosidl_typesupport_cpp/my_robot_interfaces/msg/led_state_array__type_support.cpp.o[0m
[2.252s] [ 30%] [32mBuilding CXX object CMakeFiles/my_robot_interfaces__rosidl_typesupport_cpp.dir/rosidl_typesupport_cpp/my_robot_interfaces/srv/compute_rectangle_area__type_support.cpp.o[0m
[2.311s] [35m[1mConsolidate compiler generated dependencies of target my_robot_interfaces__rosidl_typesupport_introspection_cpp[0m
[2.339s] [ 34%] [32mBuilding CXX object CMakeFiles/my_robot_interfaces__rosidl_typesupport_introspection_cpp.dir/rosidl_typesupport_introspection_cpp/my_robot_interfaces/srv/detail/compute_rectangle_area__type_support.cpp.o[0m
[2.339s] [ 34%] [32mBuilding CXX object CMakeFiles/my_robot_interfaces__rosidl_typesupport_introspection_cpp.dir/rosidl_typesupport_introspection_cpp/my_robot_interfaces/srv/detail/set_led__type_support.cpp.o[0m
[2.339s] [ 36%] [32mBuilding CXX object CMakeFiles/my_robot_interfaces__rosidl_typesupport_introspection_cpp.dir/rosidl_typesupport_introspection_cpp/my_robot_interfaces/msg/detail/hardware_status__type_support.cpp.o[0m
[2.339s] [ 38%] [32mBuilding CXX object CMakeFiles/my_robot_interfaces__rosidl_typesupport_introspection_cpp.dir/rosidl_typesupport_introspection_cpp/my_robot_interfaces/msg/detail/led_state_array__type_support.cpp.o[0m
[2.341s] [35m[1mConsolidate compiler generated dependencies of target my_robot_interfaces__rosidl_typesupport_fastrtps_cpp[0m
[2.372s] [ 40%] [32mBuilding CXX object CMakeFiles/my_robot_interfaces__rosidl_typesupport_fastrtps_cpp.dir/rosidl_typesupport_fastrtps_cpp/my_robot_interfaces/msg/detail/dds_fastrtps/hardware_status__type_support.cpp.o[0m
[2.437s] [35m[1mConsolidate compiler generated dependencies of target my_robot_interfaces__rosidl_typesupport_c[0m
[2.462s] [ 41%] [32mBuilding CXX object CMakeFiles/my_robot_interfaces__rosidl_typesupport_c.dir/rosidl_typesupport_c/my_robot_interfaces/msg/hardware_status__type_support.cpp.o[0m
[2.537s] [ 43%] [32mBuilding CXX object CMakeFiles/my_robot_interfaces__rosidl_typesupport_c.dir/rosidl_typesupport_c/my_robot_interfaces/srv/compute_rectangle_area__type_support.cpp.o[0m
[2.610s] [ 45%] [32mBuilding CXX object CMakeFiles/my_robot_interfaces__rosidl_typesupport_c.dir/rosidl_typesupport_c/my_robot_interfaces/msg/led_state_array__type_support.cpp.o[0m
[2.694s] [ 47%] [32mBuilding CXX object CMakeFiles/my_robot_interfaces__rosidl_typesupport_c.dir/rosidl_typesupport_c/my_robot_interfaces/srv/set_led__type_support.cpp.o[0m
[2.712s] [ 49%] [32mBuilding CXX object CMakeFiles/my_robot_interfaces__rosidl_typesupport_fastrtps_cpp.dir/rosidl_typesupport_fastrtps_cpp/my_robot_interfaces/srv/detail/dds_fastrtps/compute_rectangle_area__type_support.cpp.o[0m
[2.714s] [35m[1mConsolidate compiler generated dependencies of target my_robot_interfaces__rosidl_typesupport_introspection_c[0m
[2.714s] [35m[1mConsolidate compiler generated dependencies of target my_robot_interfaces__rosidl_typesupport_fastrtps_c[0m
[2.724s] [ 50%] [32mBuilding CXX object CMakeFiles/my_robot_interfaces__rosidl_typesupport_fastrtps_cpp.dir/rosidl_typesupport_fastrtps_cpp/my_robot_interfaces/srv/detail/dds_fastrtps/set_led__type_support.cpp.o[0m
[2.724s] [ 52%] [32mBuilding CXX object CMakeFiles/my_robot_interfaces__rosidl_typesupport_fastrtps_cpp.dir/rosidl_typesupport_fastrtps_cpp/my_robot_interfaces/msg/detail/dds_fastrtps/led_state_array__type_support.cpp.o[0m
[2.741s] [ 54%] [32mBuilding C object CMakeFiles/my_robot_interfaces__rosidl_typesupport_introspection_c.dir/rosidl_typesupport_introspection_c/my_robot_interfaces/msg/detail/hardware_status__type_support.c.o[0m
[2.754s] [ 56%] [32m[1mLinking CXX shared library libmy_robot_interfaces__rosidl_typesupport_c.so[0m
[2.763s] [ 58%] [32m[1mLinking CXX shared library libmy_robot_interfaces__rosidl_typesupport_cpp.so[0m
[2.782s] [ 60%] [32mBuilding CXX object CMakeFiles/my_robot_interfaces__rosidl_typesupport_fastrtps_c.dir/rosidl_typesupport_fastrtps_c/my_robot_interfaces/msg/detail/hardware_status__type_support_c.cpp.o[0m
[2.839s] [ 61%] [32mBuilding C object CMakeFiles/my_robot_interfaces__rosidl_typesupport_introspection_c.dir/rosidl_typesupport_introspection_c/my_robot_interfaces/srv/detail/compute_rectangle_area__type_support.c.o[0m
[2.874s] [ 61%] Built target my_robot_interfaces__rosidl_typesupport_cpp
[2.877s] [ 61%] Built target my_robot_interfaces__rosidl_typesupport_c
[2.893s] [ 63%] [32mBuilding CXX object CMakeFiles/my_robot_interfaces__rosidl_typesupport_fastrtps_c.dir/rosidl_typesupport_fastrtps_c/my_robot_interfaces/srv/detail/compute_rectangle_area__type_support_c.cpp.o[0m
[2.893s] [ 65%] [32mBuilding CXX object CMakeFiles/my_robot_interfaces__rosidl_typesupport_fastrtps_c.dir/rosidl_typesupport_fastrtps_c/my_robot_interfaces/msg/detail/led_state_array__type_support_c.cpp.o[0m
[2.910s] [ 67%] [32mBuilding C object CMakeFiles/my_robot_interfaces__rosidl_typesupport_introspection_c.dir/rosidl_typesupport_introspection_c/my_robot_interfaces/msg/detail/led_state_array__type_support.c.o[0m
[2.988s] [ 69%] [32mBuilding C object CMakeFiles/my_robot_interfaces__rosidl_typesupport_introspection_c.dir/rosidl_typesupport_introspection_c/my_robot_interfaces/srv/detail/set_led__type_support.c.o[0m
[3.004s] [ 70%] [32mBuilding CXX object CMakeFiles/my_robot_interfaces__rosidl_typesupport_fastrtps_c.dir/rosidl_typesupport_fastrtps_c/my_robot_interfaces/srv/detail/set_led__type_support_c.cpp.o[0m
[3.060s] [ 72%] [32m[1mLinking C shared library libmy_robot_interfaces__rosidl_typesupport_introspection_c.so[0m
[3.079s] [ 74%] [32m[1mLinking CXX shared library libmy_robot_interfaces__rosidl_typesupport_introspection_cpp.so[0m
[3.126s] [ 74%] Built target my_robot_interfaces__rosidl_typesupport_introspection_c
[3.233s] [ 74%] Built target my_robot_interfaces__rosidl_typesupport_introspection_cpp
[3.438s] [ 76%] [32m[1mLinking CXX shared library libmy_robot_interfaces__rosidl_typesupport_fastrtps_cpp.so[0m
[3.543s] [ 78%] [32m[1mLinking CXX shared library libmy_robot_interfaces__rosidl_typesupport_fastrtps_c.so[0m
[3.546s] [ 78%] Built target my_robot_interfaces__rosidl_typesupport_fastrtps_cpp
[3.631s] [ 78%] Built target my_robot_interfaces__rosidl_typesupport_fastrtps_c
[3.658s] [ 78%] Built target my_robot_interfaces
[3.684s] [ 80%] [34m[1mGenerating Python code for ROS interfaces[0m
[4.388s] [ 80%] Built target my_robot_interfaces__py
[4.402s] [35m[1mConsolidate compiler generated dependencies of target my_robot_interfaces__rosidl_generator_py[0m
[4.425s] [ 87%] [32mBuilding C object CMakeFiles/my_robot_interfaces__rosidl_generator_py.dir/rosidl_generator_py/my_robot_interfaces/msg/_led_state_array_s.c.o[0m
[4.425s] [ 87%] [32mBuilding C object CMakeFiles/my_robot_interfaces__rosidl_generator_py.dir/rosidl_generator_py/my_robot_interfaces/msg/_hardware_status_s.c.o[0m
[4.426s] [ 87%] [32mBuilding C object CMakeFiles/my_robot_interfaces__rosidl_generator_py.dir/rosidl_generator_py/my_robot_interfaces/srv/_set_led_s.c.o[0m
[4.426s] [ 87%] [32mBuilding C object CMakeFiles/my_robot_interfaces__rosidl_generator_py.dir/rosidl_generator_py/my_robot_interfaces/srv/_compute_rectangle_area_s.c.o[0m
[4.574s] [ 89%] [32m[1mLinking C shared library rosidl_generator_py/my_robot_interfaces/libmy_robot_interfaces__rosidl_generator_py.so[0m
[4.625s] [ 89%] Built target my_robot_interfaces__rosidl_generator_py
[4.639s] [35m[1mConsolidate compiler generated dependencies of target my_robot_interfaces__rosidl_typesupport_introspection_c__pyext[0m
[4.639s] [35m[1mConsolidate compiler generated dependencies of target my_robot_interfaces__rosidl_typesupport_c__pyext[0m
[4.640s] [35m[1mConsolidate compiler generated dependencies of target my_robot_interfaces__rosidl_typesupport_fastrtps_c__pyext[0m
[4.657s] [ 92%] [32mBuilding C object CMakeFiles/my_robot_interfaces__rosidl_typesupport_c__pyext.dir/rosidl_generator_py/my_robot_interfaces/_my_robot_interfaces_s.ep.rosidl_typesupport_c.c.o[0m
[4.658s] [ 92%] [32mBuilding C object CMakeFiles/my_robot_interfaces__rosidl_typesupport_introspection_c__pyext.dir/rosidl_generator_py/my_robot_interfaces/_my_robot_interfaces_s.ep.rosidl_typesupport_introspection_c.c.o[0m
[4.658s] [ 94%] [32mBuilding C object CMakeFiles/my_robot_interfaces__rosidl_typesupport_fastrtps_c__pyext.dir/rosidl_generator_py/my_robot_interfaces/_my_robot_interfaces_s.ep.rosidl_typesupport_fastrtps_c.c.o[0m
[4.779s] [ 96%] [32m[1mLinking C shared library rosidl_generator_py/my_robot_interfaces/my_robot_interfaces_s__rosidl_typesupport_c.cpython-310-x86_64-linux-gnu.so[0m
[4.780s] [ 98%] [32m[1mLinking C shared library rosidl_generator_py/my_robot_interfaces/my_robot_interfaces_s__rosidl_typesupport_introspection_c.cpython-310-x86_64-linux-gnu.so[0m
[4.785s] [100%] [32m[1mLinking C shared library rosidl_generator_py/my_robot_interfaces/my_robot_interfaces_s__rosidl_typesupport_fastrtps_c.cpython-310-x86_64-linux-gnu.so[0m
[4.822s] [100%] Built target my_robot_interfaces__rosidl_typesupport_c__pyext
[4.822s] [100%] Built target my_robot_interfaces__rosidl_typesupport_introspection_c__pyext
[4.829s] [100%] Built target my_robot_interfaces__rosidl_typesupport_fastrtps_c__pyext
[4.846s] Invoked command in '/home/varun/ros2workspace/build/my_robot_interfaces' returned '0': CMAKE_PREFIX_PATH=${CMAKE_PREFIX_PATH}:/home/varun/ros2workspace/install/my_pkgpy:/home/varun/ros2_ws/install/my_py_pkg:/opt/ros/humble /usr/bin/cmake --build /home/varun/ros2workspace/build/my_robot_interfaces -- -j12 -l12
[5.035s] Invoking command in '/home/varun/ros2workspace/build/my_robot_interfaces': CMAKE_PREFIX_PATH=${CMAKE_PREFIX_PATH}:/home/varun/ros2workspace/install/my_pkgpy:/home/varun/ros2_ws/install/my_py_pkg:/opt/ros/humble /usr/bin/cmake --install /home/varun/ros2workspace/build/my_robot_interfaces
[5.046s] -- Install configuration: ""
[5.046s] -- Installing: /home/varun/ros2workspace/install/my_robot_interfaces/share/ament_index/resource_index/rosidl_interfaces/my_robot_interfaces
[5.046s] -- Up-to-date: /home/varun/ros2workspace/install/my_robot_interfaces/include/my_robot_interfaces/my_robot_interfaces
[5.047s] -- Up-to-date: /home/varun/ros2workspace/install/my_robot_interfaces/include/my_robot_interfaces/my_robot_interfaces/srv
[5.047s] -- Up-to-date: /home/varun/ros2workspace/install/my_robot_interfaces/include/my_robot_interfaces/my_robot_interfaces/srv/detail
[5.047s] -- Installing: /home/varun/ros2workspace/install/my_robot_interfaces/include/my_robot_interfaces/my_robot_interfaces/srv/detail/set_led__functions.h
[5.047s] -- Installing: /home/varun/ros2workspace/install/my_robot_interfaces/include/my_robot_interfaces/my_robot_interfaces/srv/detail/compute_rectangle_area__struct.h
[5.047s] -- Installing: /home/varun/ros2workspace/install/my_robot_interfaces/include/my_robot_interfaces/my_robot_interfaces/srv/detail/set_led__type_support.h
[5.047s] -- Installing: /home/varun/ros2workspace/install/my_robot_interfaces/include/my_robot_interfaces/my_robot_interfaces/srv/detail/set_led__functions.c
[5.047s] -- Installing: /home/varun/ros2workspace/install/my_robot_interfaces/include/my_robot_interfaces/my_robot_interfaces/srv/detail/compute_rectangle_area__functions.h
[5.048s] -- Installing: /home/varun/ros2workspace/install/my_robot_interfaces/include/my_robot_interfaces/my_robot_interfaces/srv/detail/set_led__struct.h
[5.048s] -- Installing: /home/varun/ros2workspace/install/my_robot_interfaces/include/my_robot_interfaces/my_robot_interfaces/srv/detail/compute_rectangle_area__functions.c
[5.048s] -- Installing: /home/varun/ros2workspace/install/my_robot_interfaces/include/my_robot_interfaces/my_robot_interfaces/srv/detail/compute_rectangle_area__type_support.h
[5.049s] -- Installing: /home/varun/ros2workspace/install/my_robot_interfaces/include/my_robot_interfaces/my_robot_interfaces/srv/compute_rectangle_area.h
[5.049s] -- Installing: /home/varun/ros2workspace/install/my_robot_interfaces/include/my_robot_interfaces/my_robot_interfaces/srv/set_led.h
[5.049s] -- Up-to-date: /home/varun/ros2workspace/install/my_robot_interfaces/include/my_robot_interfaces/my_robot_interfaces/msg
[5.049s] -- Installing: /home/varun/ros2workspace/install/my_robot_interfaces/include/my_robot_interfaces/my_robot_interfaces/msg/hardware_status.h
[5.049s] -- Up-to-date: /home/varun/ros2workspace/install/my_robot_interfaces/include/my_robot_interfaces/my_robot_interfaces/msg/detail
[5.050s] -- Installing: /home/varun/ros2workspace/install/my_robot_interfaces/include/my_robot_interfaces/my_robot_interfaces/msg/detail/led_state_array__type_support.h
[5.050s] -- Installing: /home/varun/ros2workspace/install/my_robot_interfaces/include/my_robot_interfaces/my_robot_interfaces/msg/detail/hardware_status__functions.c
[5.050s] -- Installing: /home/varun/ros2workspace/install/my_robot_interfaces/include/my_robot_interfaces/my_robot_interfaces/msg/detail/led_state_array__struct.h
[5.050s] -- Installing: /home/varun/ros2workspace/install/my_robot_interfaces/include/my_robot_interfaces/my_robot_interfaces/msg/detail/hardware_status__type_support.h
[5.051s] -- Installing: /home/varun/ros2workspace/install/my_robot_interfaces/include/my_robot_interfaces/my_robot_interfaces/msg/detail/led_state_array__functions.h
[5.051s] -- Installing: /home/varun/ros2workspace/install/my_robot_interfaces/include/my_robot_interfaces/my_robot_interfaces/msg/detail/led_state_array__functions.c
[5.051s] -- Installing: /home/varun/ros2workspace/install/my_robot_interfaces/include/my_robot_interfaces/my_robot_interfaces/msg/detail/hardware_status__struct.h
[5.051s] -- Installing: /home/varun/ros2workspace/install/my_robot_interfaces/include/my_robot_interfaces/my_robot_interfaces/msg/detail/hardware_status__functions.h
[5.052s] -- Installing: /home/varun/ros2workspace/install/my_robot_interfaces/include/my_robot_interfaces/my_robot_interfaces/msg/led_state_array.h
[5.052s] -- Up-to-date: /home/varun/ros2workspace/install/my_robot_interfaces/include/my_robot_interfaces/my_robot_interfaces/msg/rosidl_generator_c__visibility_control.h
[5.052s] -- Up-to-date: /home/varun/ros2workspace/install/my_robot_interfaces/share/my_robot_interfaces/environment/library_path.sh
[5.052s] -- Installing: /home/varun/ros2workspace/install/my_robot_interfaces/share/my_robot_interfaces/environment/library_path.dsv
[5.053s] -- Installing: /home/varun/ros2workspace/install/my_robot_interfaces/lib/libmy_robot_interfaces__rosidl_generator_c.so
[5.054s] -- Set runtime path of "/home/varun/ros2workspace/install/my_robot_interfaces/lib/libmy_robot_interfaces__rosidl_generator_c.so" to ""
[5.054s] -- Up-to-date: /home/varun/ros2workspace/install/my_robot_interfaces/include/my_robot_interfaces/my_robot_interfaces
[5.054s] -- Up-to-date: /home/varun/ros2workspace/install/my_robot_interfaces/include/my_robot_interfaces/my_robot_interfaces/srv
[5.054s] -- Up-to-date: /home/varun/ros2workspace/install/my_robot_interfaces/include/my_robot_interfaces/my_robot_interfaces/srv/detail
[5.054s] -- Installing: /home/varun/ros2workspace/install/my_robot_interfaces/include/my_robot_interfaces/my_robot_interfaces/srv/detail/compute_rectangle_area__rosidl_typesupport_fastrtps_c.h
[5.055s] -- Installing: /home/varun/ros2workspace/install/my_robot_interfaces/include/my_robot_interfaces/my_robot_interfaces/srv/detail/set_led__rosidl_typesupport_fastrtps_c.h
[5.055s] -- Up-to-date: /home/varun/ros2workspace/install/my_robot_interfaces/include/my_robot_interfaces/my_robot_interfaces/msg
[5.055s] -- Up-to-date: /home/varun/ros2workspace/install/my_robot_interfaces/include/my_robot_interfaces/my_robot_interfaces/msg/detail
[5.055s] -- Installing: /home/varun/ros2workspace/install/my_robot_interfaces/include/my_robot_interfaces/my_robot_interfaces/msg/detail/hardware_status__rosidl_typesupport_fastrtps_c.h
[5.055s] -- Installing: /home/varun/ros2workspace/install/my_robot_interfaces/include/my_robot_interfaces/my_robot_interfaces/msg/detail/led_state_array__rosidl_typesupport_fastrtps_c.h
[5.055s] -- Up-to-date: /home/varun/ros2workspace/install/my_robot_interfaces/include/my_robot_interfaces/my_robot_interfaces/msg/rosidl_typesupport_fastrtps_c__visibility_control.h
[5.056s] -- Installing: /home/varun/ros2workspace/install/my_robot_interfaces/lib/libmy_robot_interfaces__rosidl_typesupport_fastrtps_c.so
[5.057s] -- Set runtime path of "/home/varun/ros2workspace/install/my_robot_interfaces/lib/libmy_robot_interfaces__rosidl_typesupport_fastrtps_c.so" to ""
[5.057s] -- Up-to-date: /home/varun/ros2workspace/install/my_robot_interfaces/include/my_robot_interfaces/my_robot_interfaces
[5.057s] -- Up-to-date: /home/varun/ros2workspace/install/my_robot_interfaces/include/my_robot_interfaces/my_robot_interfaces/srv
[5.057s] -- Up-to-date: /home/varun/ros2workspace/install/my_robot_interfaces/include/my_robot_interfaces/my_robot_interfaces/srv/detail
[5.057s] -- Installing: /home/varun/ros2workspace/install/my_robot_interfaces/include/my_robot_interfaces/my_robot_interfaces/srv/detail/set_led__type_support.c
[5.057s] -- Installing: /home/varun/ros2workspace/install/my_robot_interfaces/include/my_robot_interfaces/my_robot_interfaces/srv/detail/set_led__rosidl_typesupport_introspection_c.h
[5.057s] -- Installing: /home/varun/ros2workspace/install/my_robot_interfaces/include/my_robot_interfaces/my_robot_interfaces/srv/detail/compute_rectangle_area__rosidl_typesupport_introspection_c.h
[5.058s] -- Installing: /home/varun/ros2workspace/install/my_robot_interfaces/include/my_robot_interfaces/my_robot_interfaces/srv/detail/compute_rectangle_area__type_support.c
[5.058s] -- Up-to-date: /home/varun/ros2workspace/install/my_robot_interfaces/include/my_robot_interfaces/my_robot_interfaces/msg
[5.058s] -- Up-to-date: /home/varun/ros2workspace/install/my_robot_interfaces/include/my_robot_interfaces/my_robot_interfaces/msg/detail
[5.058s] -- Installing: /home/varun/ros2workspace/install/my_robot_interfaces/include/my_robot_interfaces/my_robot_interfaces/msg/detail/hardware_status__rosidl_typesupport_introspection_c.h
[5.058s] -- Installing: /home/varun/ros2workspace/install/my_robot_interfaces/include/my_robot_interfaces/my_robot_interfaces/msg/detail/led_state_array__type_support.c
[5.059s] -- Installing: /home/varun/ros2workspace/install/my_robot_interfaces/include/my_robot_interfaces/my_robot_interfaces/msg/detail/hardware_status__type_support.c
[5.059s] -- Installing: /home/varun/ros2workspace/install/my_robot_interfaces/include/my_robot_interfaces/my_robot_interfaces/msg/detail/led_state_array__rosidl_typesupport_introspection_c.h
[5.059s] -- Up-to-date: /home/varun/ros2workspace/install/my_robot_interfaces/include/my_robot_interfaces/my_robot_interfaces/msg/rosidl_typesupport_introspection_c__visibility_control.h
[5.060s] -- Installing: /home/varun/ros2workspace/install/my_robot_interfaces/lib/libmy_robot_interfaces__rosidl_typesupport_introspection_c.so
[5.061s] -- Set runtime path of "/home/varun/ros2workspace/install/my_robot_interfaces/lib/libmy_robot_interfaces__rosidl_typesupport_introspection_c.so" to ""
[5.061s] -- Installing: /home/varun/ros2workspace/install/my_robot_interfaces/lib/libmy_robot_interfaces__rosidl_typesupport_c.so
[5.062s] -- Set runtime path of "/home/varun/ros2workspace/install/my_robot_interfaces/lib/libmy_robot_interfaces__rosidl_typesupport_c.so" to ""
[5.062s] -- Up-to-date: /home/varun/ros2workspace/install/my_robot_interfaces/include/my_robot_interfaces/my_robot_interfaces
[5.062s] -- Up-to-date: /home/varun/ros2workspace/install/my_robot_interfaces/include/my_robot_interfaces/my_robot_interfaces/srv
[5.062s] -- Up-to-date: /home/varun/ros2workspace/install/my_robot_interfaces/include/my_robot_interfaces/my_robot_interfaces/srv/detail
[5.062s] -- Installing: /home/varun/ros2workspace/install/my_robot_interfaces/include/my_robot_interfaces/my_robot_interfaces/srv/detail/compute_rectangle_area__traits.hpp
[5.062s] -- Installing: /home/varun/ros2workspace/install/my_robot_interfaces/include/my_robot_interfaces/my_robot_interfaces/srv/detail/compute_rectangle_area__struct.hpp
[5.063s] -- Installing: /home/varun/ros2workspace/install/my_robot_interfaces/include/my_robot_interfaces/my_robot_interfaces/srv/detail/compute_rectangle_area__builder.hpp
[5.063s] -- Installing: /home/varun/ros2workspace/install/my_robot_interfaces/include/my_robot_interfaces/my_robot_interfaces/srv/detail/set_led__traits.hpp
[5.063s] -- Installing: /home/varun/ros2workspace/install/my_robot_interfaces/include/my_robot_interfaces/my_robot_interfaces/srv/detail/set_led__builder.hpp
[5.063s] -- Installing: /home/varun/ros2workspace/install/my_robot_interfaces/include/my_robot_interfaces/my_robot_interfaces/srv/detail/set_led__struct.hpp
[5.064s] -- Installing: /home/varun/ros2workspace/install/my_robot_interfaces/include/my_robot_interfaces/my_robot_interfaces/srv/compute_rectangle_area.hpp
[5.064s] -- Installing: /home/varun/ros2workspace/install/my_robot_interfaces/include/my_robot_interfaces/my_robot_interfaces/srv/set_led.hpp
[5.064s] -- Up-to-date: /home/varun/ros2workspace/install/my_robot_interfaces/include/my_robot_interfaces/my_robot_interfaces/msg
[5.064s] -- Installing: /home/varun/ros2workspace/install/my_robot_interfaces/include/my_robot_interfaces/my_robot_interfaces/msg/led_state_array.hpp
[5.064s] -- Up-to-date: /home/varun/ros2workspace/install/my_robot_interfaces/include/my_robot_interfaces/my_robot_interfaces/msg/detail
[5.064s] -- Installing: /home/varun/ros2workspace/install/my_robot_interfaces/include/my_robot_interfaces/my_robot_interfaces/msg/detail/led_state_array__builder.hpp
[5.065s] -- Installing: /home/varun/ros2workspace/install/my_robot_interfaces/include/my_robot_interfaces/my_robot_interfaces/msg/detail/hardware_status__traits.hpp
[5.065s] -- Installing: /home/varun/ros2workspace/install/my_robot_interfaces/include/my_robot_interfaces/my_robot_interfaces/msg/detail/led_state_array__struct.hpp
[5.065s] -- Installing: /home/varun/ros2workspace/install/my_robot_interfaces/include/my_robot_interfaces/my_robot_interfaces/msg/detail/led_state_array__traits.hpp
[5.065s] -- Installing: /home/varun/ros2workspace/install/my_robot_interfaces/include/my_robot_interfaces/my_robot_interfaces/msg/detail/hardware_status__builder.hpp
[5.066s] -- Installing: /home/varun/ros2workspace/install/my_robot_interfaces/include/my_robot_interfaces/my_robot_interfaces/msg/detail/hardware_status__struct.hpp
[5.066s] -- Installing: /home/varun/ros2workspace/install/my_robot_interfaces/include/my_robot_interfaces/my_robot_interfaces/msg/hardware_status.hpp
[5.066s] -- Up-to-date: /home/varun/ros2workspace/install/my_robot_interfaces/include/my_robot_interfaces/my_robot_interfaces
[5.066s] -- Up-to-date: /home/varun/ros2workspace/install/my_robot_interfaces/include/my_robot_interfaces/my_robot_interfaces/srv
[5.066s] -- Up-to-date: /home/varun/ros2workspace/install/my_robot_interfaces/include/my_robot_interfaces/my_robot_interfaces/srv/detail
[5.067s] -- Installing: /home/varun/ros2workspace/install/my_robot_interfaces/include/my_robot_interfaces/my_robot_interfaces/srv/detail/set_led__rosidl_typesupport_fastrtps_cpp.hpp
[5.067s] -- Up-to-date: /home/varun/ros2workspace/install/my_robot_interfaces/include/my_robot_interfaces/my_robot_interfaces/srv/detail/dds_fastrtps
[5.067s] -- Installing: /home/varun/ros2workspace/install/my_robot_interfaces/include/my_robot_interfaces/my_robot_interfaces/srv/detail/compute_rectangle_area__rosidl_typesupport_fastrtps_cpp.hpp
[5.067s] -- Up-to-date: /home/varun/ros2workspace/install/my_robot_interfaces/include/my_robot_interfaces/my_robot_interfaces/msg
[5.067s] -- Up-to-date: /home/varun/ros2workspace/install/my_robot_interfaces/include/my_robot_interfaces/my_robot_interfaces/msg/detail
[5.067s] -- Installing: /home/varun/ros2workspace/install/my_robot_interfaces/include/my_robot_interfaces/my_robot_interfaces/msg/detail/hardware_status__rosidl_typesupport_fastrtps_cpp.hpp
[5.067s] -- Up-to-date: /home/varun/ros2workspace/install/my_robot_interfaces/include/my_robot_interfaces/my_robot_interfaces/msg/detail/dds_fastrtps
[5.067s] -- Installing: /home/varun/ros2workspace/install/my_robot_interfaces/include/my_robot_interfaces/my_robot_interfaces/msg/detail/led_state_array__rosidl_typesupport_fastrtps_cpp.hpp
[5.068s] -- Up-to-date: /home/varun/ros2workspace/install/my_robot_interfaces/include/my_robot_interfaces/my_robot_interfaces/msg/rosidl_typesupport_fastrtps_cpp__visibility_control.h
[5.069s] -- Installing: /home/varun/ros2workspace/install/my_robot_interfaces/lib/libmy_robot_interfaces__rosidl_typesupport_fastrtps_cpp.so
[5.069s] -- Set runtime path of "/home/varun/ros2workspace/install/my_robot_interfaces/lib/libmy_robot_interfaces__rosidl_typesupport_fastrtps_cpp.so" to ""
[5.070s] -- Up-to-date: /home/varun/ros2workspace/install/my_robot_interfaces/include/my_robot_interfaces/my_robot_interfaces
[5.070s] -- Up-to-date: /home/varun/ros2workspace/install/my_robot_interfaces/include/my_robot_interfaces/my_robot_interfaces/srv
[5.070s] -- Up-to-date: /home/varun/ros2workspace/install/my_robot_interfaces/include/my_robot_interfaces/my_robot_interfaces/srv/detail
[5.070s] -- Installing: /home/varun/ros2workspace/install/my_robot_interfaces/include/my_robot_interfaces/my_robot_interfaces/srv/detail/set_led__rosidl_typesupport_introspection_cpp.hpp
[5.070s] -- Installing: /home/varun/ros2workspace/install/my_robot_interfaces/include/my_robot_interfaces/my_robot_interfaces/srv/detail/compute_rectangle_area__rosidl_typesupport_introspection_cpp.hpp
[5.070s] -- Installing: /home/varun/ros2workspace/install/my_robot_interfaces/include/my_robot_interfaces/my_robot_interfaces/srv/detail/set_led__type_support.cpp
[5.070s] -- Installing: /home/varun/ros2workspace/install/my_robot_interfaces/include/my_robot_interfaces/my_robot_interfaces/srv/detail/compute_rectangle_area__type_support.cpp
[5.071s] -- Up-to-date: /home/varun/ros2workspace/install/my_robot_interfaces/include/my_robot_interfaces/my_robot_interfaces/msg
[5.071s] -- Up-to-date: /home/varun/ros2workspace/install/my_robot_interfaces/include/my_robot_interfaces/my_robot_interfaces/msg/detail
[5.071s] -- Installing: /home/varun/ros2workspace/install/my_robot_interfaces/include/my_robot_interfaces/my_robot_interfaces/msg/detail/hardware_status__rosidl_typesupport_introspection_cpp.hpp
[5.071s] -- Installing: /home/varun/ros2workspace/install/my_robot_interfaces/include/my_robot_interfaces/my_robot_interfaces/msg/detail/led_state_array__rosidl_typesupport_introspection_cpp.hpp
[5.071s] -- Installing: /home/varun/ros2workspace/install/my_robot_interfaces/include/my_robot_interfaces/my_robot_interfaces/msg/detail/hardware_status__type_support.cpp
[5.071s] -- Installing: /home/varun/ros2workspace/install/my_robot_interfaces/include/my_robot_interfaces/my_robot_interfaces/msg/detail/led_state_array__type_support.cpp
[5.073s] -- Installing: /home/varun/ros2workspace/install/my_robot_interfaces/lib/libmy_robot_interfaces__rosidl_typesupport_introspection_cpp.so
[5.073s] -- Set runtime path of "/home/varun/ros2workspace/install/my_robot_interfaces/lib/libmy_robot_interfaces__rosidl_typesupport_introspection_cpp.so" to ""
[5.074s] -- Installing: /home/varun/ros2workspace/install/my_robot_interfaces/lib/libmy_robot_interfaces__rosidl_typesupport_cpp.so
[5.075s] -- Set runtime path of "/home/varun/ros2workspace/install/my_robot_interfaces/lib/libmy_robot_interfaces__rosidl_typesupport_cpp.so" to ""
[5.075s] -- Up-to-date: /home/varun/ros2workspace/install/my_robot_interfaces/share/my_robot_interfaces/environment/pythonpath.sh
[5.075s] -- Installing: /home/varun/ros2workspace/install/my_robot_interfaces/share/my_robot_interfaces/environment/pythonpath.dsv
[5.075s] -- Up-to-date: /home/varun/ros2workspace/install/my_robot_interfaces/local/lib/python3.10/dist-packages/my_robot_interfaces-0.0.0-py3.10.egg-info
[5.075s] -- Installing: /home/varun/ros2workspace/install/my_robot_interfaces/local/lib/python3.10/dist-packages/my_robot_interfaces-0.0.0-py3.10.egg-info/top_level.txt
[5.075s] -- Installing: /home/varun/ros2workspace/install/my_robot_interfaces/local/lib/python3.10/dist-packages/my_robot_interfaces-0.0.0-py3.10.egg-info/SOURCES.txt
[5.076s] -- Installing: /home/varun/ros2workspace/install/my_robot_interfaces/local/lib/python3.10/dist-packages/my_robot_interfaces-0.0.0-py3.10.egg-info/PKG-INFO
[5.076s] -- Installing: /home/varun/ros2workspace/install/my_robot_interfaces/local/lib/python3.10/dist-packages/my_robot_interfaces-0.0.0-py3.10.egg-info/dependency_links.txt
[5.076s] -- Up-to-date: /home/varun/ros2workspace/install/my_robot_interfaces/local/lib/python3.10/dist-packages/my_robot_interfaces
[5.076s] -- Up-to-date: /home/varun/ros2workspace/install/my_robot_interfaces/local/lib/python3.10/dist-packages/my_robot_interfaces/srv
[5.076s] -- Installing: /home/varun/ros2workspace/install/my_robot_interfaces/local/lib/python3.10/dist-packages/my_robot_interfaces/srv/_set_led.py
[5.077s] -- Installing: /home/varun/ros2workspace/install/my_robot_interfaces/local/lib/python3.10/dist-packages/my_robot_interfaces/srv/_compute_rectangle_area.py
[5.077s] -- Installing: /home/varun/ros2workspace/install/my_robot_interfaces/local/lib/python3.10/dist-packages/my_robot_interfaces/srv/_set_led_s.c
[5.077s] -- Installing: /home/varun/ros2workspace/install/my_robot_interfaces/local/lib/python3.10/dist-packages/my_robot_interfaces/srv/__init__.py
[5.078s] -- Installing: /home/varun/ros2workspace/install/my_robot_interfaces/local/lib/python3.10/dist-packages/my_robot_interfaces/srv/_compute_rectangle_area_s.c
[5.078s] -- Installing: /home/varun/ros2workspace/install/my_robot_interfaces/local/lib/python3.10/dist-packages/my_robot_interfaces/libmy_robot_interfaces__rosidl_generator_py.so
[5.078s] -- Up-to-date: /home/varun/ros2workspace/install/my_robot_interfaces/local/lib/python3.10/dist-packages/my_robot_interfaces/msg
[5.078s] -- Installing: /home/varun/ros2workspace/install/my_robot_interfaces/local/lib/python3.10/dist-packages/my_robot_interfaces/msg/_hardware_status.py
[5.079s] -- Installing: /home/varun/ros2workspace/install/my_robot_interfaces/local/lib/python3.10/dist-packages/my_robot_interfaces/msg/_led_state_array_s.c
[5.079s] -- Installing: /home/varun/ros2workspace/install/my_robot_interfaces/local/lib/python3.10/dist-packages/my_robot_interfaces/msg/_led_state_array.py
[5.079s] -- Installing: /home/varun/ros2workspace/install/my_robot_interfaces/local/lib/python3.10/dist-packages/my_robot_interfaces/msg/_hardware_status_s.c
[5.079s] -- Installing: /home/varun/ros2workspace/install/my_robot_interfaces/local/lib/python3.10/dist-packages/my_robot_interfaces/msg/__init__.py
[5.080s] -- Installing: /home/varun/ros2workspace/install/my_robot_interfaces/local/lib/python3.10/dist-packages/my_robot_interfaces/my_robot_interfaces_s__rosidl_typesupport_fastrtps_c.cpython-310-x86_64-linux-gnu.so
[5.080s] -- Installing: /home/varun/ros2workspace/install/my_robot_interfaces/local/lib/python3.10/dist-packages/my_robot_interfaces/_my_robot_interfaces_s.ep.rosidl_typesupport_fastrtps_c.c
[5.080s] -- Installing: /home/varun/ros2workspace/install/my_robot_interfaces/local/lib/python3.10/dist-packages/my_robot_interfaces/my_robot_interfaces_s__rosidl_typesupport_c.cpython-310-x86_64-linux-gnu.so
[5.081s] -- Installing: /home/varun/ros2workspace/install/my_robot_interfaces/local/lib/python3.10/dist-packages/my_robot_interfaces/_my_robot_interfaces_s.ep.rosidl_typesupport_introspection_c.c
[5.081s] -- Installing: /home/varun/ros2workspace/install/my_robot_interfaces/local/lib/python3.10/dist-packages/my_robot_interfaces/_my_robot_interfaces_s.ep.rosidl_typesupport_c.c
[5.081s] -- Installing: /home/varun/ros2workspace/install/my_robot_interfaces/local/lib/python3.10/dist-packages/my_robot_interfaces/my_robot_interfaces_s__rosidl_typesupport_introspection_c.cpython-310-x86_64-linux-gnu.so
[5.082s] -- Installing: /home/varun/ros2workspace/install/my_robot_interfaces/local/lib/python3.10/dist-packages/my_robot_interfaces/__init__.py
[5.129s] Listing '/home/varun/ros2workspace/install/my_robot_interfaces/local/lib/python3.10/dist-packages/my_robot_interfaces'...
[5.129s] Compiling '/home/varun/ros2workspace/install/my_robot_interfaces/local/lib/python3.10/dist-packages/my_robot_interfaces/__init__.py'...
[5.129s] Listing '/home/varun/ros2workspace/install/my_robot_interfaces/local/lib/python3.10/dist-packages/my_robot_interfaces/msg'...
[5.129s] Compiling '/home/varun/ros2workspace/install/my_robot_interfaces/local/lib/python3.10/dist-packages/my_robot_interfaces/msg/__init__.py'...
[5.130s] Compiling '/home/varun/ros2workspace/install/my_robot_interfaces/local/lib/python3.10/dist-packages/my_robot_interfaces/msg/_hardware_status.py'...
[5.130s] Compiling '/home/varun/ros2workspace/install/my_robot_interfaces/local/lib/python3.10/dist-packages/my_robot_interfaces/msg/_led_state_array.py'...
[5.130s] Listing '/home/varun/ros2workspace/install/my_robot_interfaces/local/lib/python3.10/dist-packages/my_robot_interfaces/srv'...
[5.130s] Compiling '/home/varun/ros2workspace/install/my_robot_interfaces/local/lib/python3.10/dist-packages/my_robot_interfaces/srv/__init__.py'...
[5.130s] Compiling '/home/varun/ros2workspace/install/my_robot_interfaces/local/lib/python3.10/dist-packages/my_robot_interfaces/srv/_compute_rectangle_area.py'...
[5.130s] Compiling '/home/varun/ros2workspace/install/my_robot_interfaces/local/lib/python3.10/dist-packages/my_robot_interfaces/srv/_set_led.py'...
[5.134s] -- Installing: /home/varun/ros2workspace/install/my_robot_interfaces/local/lib/python3.10/dist-packages/my_robot_interfaces/my_robot_interfaces_s__rosidl_typesupport_fastrtps_c.cpython-310-x86_64-linux-gnu.so
[5.134s] -- Set runtime path of "/home/varun/ros2workspace/install/my_robot_interfaces/local/lib/python3.10/dist-packages/my_robot_interfaces/my_robot_interfaces_s__rosidl_typesupport_fastrtps_c.cpython-310-x86_64-linux-gnu.so" to ""
[5.135s] -- Installing: /home/varun/ros2workspace/install/my_robot_interfaces/local/lib/python3.10/dist-packages/my_robot_interfaces/my_robot_interfaces_s__rosidl_typesupport_introspection_c.cpython-310-x86_64-linux-gnu.so
[5.136s] -- Set runtime path of "/home/varun/ros2workspace/install/my_robot_interfaces/local/lib/python3.10/dist-packages/my_robot_interfaces/my_robot_interfaces_s__rosidl_typesupport_introspection_c.cpython-310-x86_64-linux-gnu.so" to ""
[5.136s] -- Installing: /home/varun/ros2workspace/install/my_robot_interfaces/local/lib/python3.10/dist-packages/my_robot_interfaces/my_robot_interfaces_s__rosidl_typesupport_c.cpython-310-x86_64-linux-gnu.so
[5.137s] -- Set runtime path of "/home/varun/ros2workspace/install/my_robot_interfaces/local/lib/python3.10/dist-packages/my_robot_interfaces/my_robot_interfaces_s__rosidl_typesupport_c.cpython-310-x86_64-linux-gnu.so" to ""
[5.137s] -- Installing: /home/varun/ros2workspace/install/my_robot_interfaces/lib/libmy_robot_interfaces__rosidl_generator_py.so
[5.138s] -- Set runtime path of "/home/varun/ros2workspace/install/my_robot_interfaces/lib/libmy_robot_interfaces__rosidl_generator_py.so" to ""
[5.138s] -- Up-to-date: /home/varun/ros2workspace/install/my_robot_interfaces/share/my_robot_interfaces/msg/HardwareStatus.idl
[5.138s] -- Up-to-date: /home/varun/ros2workspace/install/my_robot_interfaces/share/my_robot_interfaces/srv/ComputeRectangleArea.idl
[5.139s] -- Up-to-date: /home/varun/ros2workspace/install/my_robot_interfaces/share/my_robot_interfaces/msg/LedStateArray.idl
[5.139s] -- Installing: /home/varun/ros2workspace/install/my_robot_interfaces/share/my_robot_interfaces/srv/SetLed.idl
[5.139s] -- Up-to-date: /home/varun/ros2workspace/install/my_robot_interfaces/share/my_robot_interfaces/msg/HardwareStatus.msg
[5.139s] -- Up-to-date: /home/varun/ros2workspace/install/my_robot_interfaces/share/my_robot_interfaces/srv/ComputeRectangleArea.srv
[5.139s] -- Up-to-date: /home/varun/ros2workspace/install/my_robot_interfaces/share/my_robot_interfaces/srv/ComputeRectangleArea_Request.msg
[5.139s] -- Up-to-date: /home/varun/ros2workspace/install/my_robot_interfaces/share/my_robot_interfaces/srv/ComputeRectangleArea_Response.msg
[5.139s] -- Up-to-date: /home/varun/ros2workspace/install/my_robot_interfaces/share/my_robot_interfaces/msg/LedStateArray.msg
[5.139s] -- Installing: /home/varun/ros2workspace/install/my_robot_interfaces/share/my_robot_interfaces/srv/SetLed.srv
[5.139s] -- Installing: /home/varun/ros2workspace/install/my_robot_interfaces/share/my_robot_interfaces/srv/SetLed_Request.msg
[5.139s] -- Installing: /home/varun/ros2workspace/install/my_robot_interfaces/share/my_robot_interfaces/srv/SetLed_Response.msg
[5.140s] -- Up-to-date: /home/varun/ros2workspace/install/my_robot_interfaces/share/ament_index/resource_index/package_run_dependencies/my_robot_interfaces
[5.140s] -- Up-to-date: /home/varun/ros2workspace/install/my_robot_interfaces/share/ament_index/resource_index/parent_prefix_path/my_robot_interfaces
[5.140s] -- Up-to-date: /home/varun/ros2workspace/install/my_robot_interfaces/share/my_robot_interfaces/environment/ament_prefix_path.sh
[5.140s] -- Installing: /home/varun/ros2workspace/install/my_robot_interfaces/share/my_robot_interfaces/environment/ament_prefix_path.dsv
[5.140s] -- Up-to-date: /home/varun/ros2workspace/install/my_robot_interfaces/share/my_robot_interfaces/environment/path.sh
[5.140s] -- Installing: /home/varun/ros2workspace/install/my_robot_interfaces/share/my_robot_interfaces/environment/path.dsv
[5.140s] -- Up-to-date: /home/varun/ros2workspace/install/my_robot_interfaces/share/my_robot_interfaces/local_setup.bash
[5.140s] -- Up-to-date: /home/varun/ros2workspace/install/my_robot_interfaces/share/my_robot_interfaces/local_setup.sh
[5.140s] -- Up-to-date: /home/varun/ros2workspace/install/my_robot_interfaces/share/my_robot_interfaces/local_setup.zsh
[5.141s] -- Installing: /home/varun/ros2workspace/install/my_robot_interfaces/share/my_robot_interfaces/local_setup.dsv
[5.141s] -- Installing: /home/varun/ros2workspace/install/my_robot_interfaces/share/my_robot_interfaces/package.dsv
[5.141s] -- Up-to-date: /home/varun/ros2workspace/install/my_robot_interfaces/share/ament_index/resource_index/packages/my_robot_interfaces
[5.141s] -- Up-to-date: /home/varun/ros2workspace/install/my_robot_interfaces/share/my_robot_interfaces/cmake/export_my_robot_interfaces__rosidl_generator_cExport.cmake
[5.142s] -- Up-to-date: /home/varun/ros2workspace/install/my_robot_interfaces/share/my_robot_interfaces/cmake/export_my_robot_interfaces__rosidl_generator_cExport-noconfig.cmake
[5.142s] -- Up-to-date: /home/varun/ros2workspace/install/my_robot_interfaces/share/my_robot_interfaces/cmake/export_my_robot_interfaces__rosidl_typesupport_fastrtps_cExport.cmake
[5.142s] -- Up-to-date: /home/varun/ros2workspace/install/my_robot_interfaces/share/my_robot_interfaces/cmake/export_my_robot_interfaces__rosidl_typesupport_fastrtps_cExport-noconfig.cmake
[5.143s] -- Up-to-date: /home/varun/ros2workspace/install/my_robot_interfaces/share/my_robot_interfaces/cmake/my_robot_interfaces__rosidl_typesupport_introspection_cExport.cmake
[5.143s] -- Up-to-date: /home/varun/ros2workspace/install/my_robot_interfaces/share/my_robot_interfaces/cmake/my_robot_interfaces__rosidl_typesupport_introspection_cExport-noconfig.cmake
[5.144s] -- Up-to-date: /home/varun/ros2workspace/install/my_robot_interfaces/share/my_robot_interfaces/cmake/my_robot_interfaces__rosidl_typesupport_cExport.cmake
[5.144s] -- Up-to-date: /home/varun/ros2workspace/install/my_robot_interfaces/share/my_robot_interfaces/cmake/my_robot_interfaces__rosidl_typesupport_cExport-noconfig.cmake
[5.144s] -- Up-to-date: /home/varun/ros2workspace/install/my_robot_interfaces/share/my_robot_interfaces/cmake/export_my_robot_interfaces__rosidl_generator_cppExport.cmake
[5.144s] -- Up-to-date: /home/varun/ros2workspace/install/my_robot_interfaces/share/my_robot_interfaces/cmake/export_my_robot_interfaces__rosidl_typesupport_fastrtps_cppExport.cmake
[5.144s] -- Up-to-date: /home/varun/ros2workspace/install/my_robot_interfaces/share/my_robot_interfaces/cmake/export_my_robot_interfaces__rosidl_typesupport_fastrtps_cppExport-noconfig.cmake
[5.145s] -- Up-to-date: /home/varun/ros2workspace/install/my_robot_interfaces/share/my_robot_interfaces/cmake/my_robot_interfaces__rosidl_typesupport_introspection_cppExport.cmake
[5.145s] -- Up-to-date: /home/varun/ros2workspace/install/my_robot_interfaces/share/my_robot_interfaces/cmake/my_robot_interfaces__rosidl_typesupport_introspection_cppExport-noconfig.cmake
[5.145s] -- Up-to-date: /home/varun/ros2workspace/install/my_robot_interfaces/share/my_robot_interfaces/cmake/my_robot_interfaces__rosidl_typesupport_cppExport.cmake
[5.145s] -- Up-to-date: /home/varun/ros2workspace/install/my_robot_interfaces/share/my_robot_interfaces/cmake/my_robot_interfaces__rosidl_typesupport_cppExport-noconfig.cmake
[5.146s] -- Up-to-date: /home/varun/ros2workspace/install/my_robot_interfaces/share/my_robot_interfaces/cmake/export_my_robot_interfaces__rosidl_generator_pyExport.cmake
[5.146s] -- Up-to-date: /home/varun/ros2workspace/install/my_robot_interfaces/share/my_robot_interfaces/cmake/export_my_robot_interfaces__rosidl_generator_pyExport-noconfig.cmake
[5.146s] -- Installing: /home/varun/ros2workspace/install/my_robot_interfaces/share/my_robot_interfaces/cmake/rosidl_cmake-extras.cmake
[5.146s] -- Up-to-date: /home/varun/ros2workspace/install/my_robot_interfaces/share/my_robot_interfaces/cmake/ament_cmake_export_include_directories-extras.cmake
[5.146s] -- Up-to-date: /home/varun/ros2workspace/install/my_robot_interfaces/share/my_robot_interfaces/cmake/ament_cmake_export_libraries-extras.cmake
[5.146s] -- Up-to-date: /home/varun/ros2workspace/install/my_robot_interfaces/share/my_robot_interfaces/cmake/ament_cmake_export_targets-extras.cmake
[5.147s] -- Up-to-date: /home/varun/ros2workspace/install/my_robot_interfaces/share/my_robot_interfaces/cmake/rosidl_cmake_export_typesupport_targets-extras.cmake
[5.147s] -- Up-to-date: /home/varun/ros2workspace/install/my_robot_interfaces/share/my_robot_interfaces/cmake/ament_cmake_export_dependencies-extras.cmake
[5.147s] -- Up-to-date: /home/varun/ros2workspace/install/my_robot_interfaces/share/my_robot_interfaces/cmake/rosidl_cmake_export_typesupport_libraries-extras.cmake
[5.147s] -- Up-to-date: /home/varun/ros2workspace/install/my_robot_interfaces/share/my_robot_interfaces/cmake/my_robot_interfacesConfig.cmake
[5.147s] -- Up-to-date: /home/varun/ros2workspace/install/my_robot_interfaces/share/my_robot_interfaces/cmake/my_robot_interfacesConfig-version.cmake
[5.147s] -- Up-to-date: /home/varun/ros2workspace/install/my_robot_interfaces/share/my_robot_interfaces/package.xml
[5.150s] Invoked command in '/home/varun/ros2workspace/build/my_robot_interfaces' returned '0': CMAKE_PREFIX_PATH=${CMAKE_PREFIX_PATH}:/home/varun/ros2workspace/install/my_pkgpy:/home/varun/ros2_ws/install/my_py_pkg:/opt/ros/humble /usr/bin/cmake --install /home/varun/ros2workspace/build/my_robot_interfaces
