running egg_info
writing ../../build/my_pkgpy/my_pkgpy.egg-info/PKG-INFO
writing dependency_links to ../../build/my_pkgpy/my_pkgpy.egg-info/dependency_links.txt
writing entry points to ../../build/my_pkgpy/my_pkgpy.egg-info/entry_points.txt
writing requirements to ../../build/my_pkgpy/my_pkgpy.egg-info/requires.txt
writing top-level names to ../../build/my_pkgpy/my_pkgpy.egg-info/top_level.txt
reading manifest file '../../build/my_pkgpy/my_pkgpy.egg-info/SOURCES.txt'
writing manifest file '../../build/my_pkgpy/my_pkgpy.egg-info/SOURCES.txt'
running build
running build_py
copying my_pkgpy/add_two_ints_client_no_opp.py -> /home/varun/ros2workspace/build/my_pkgpy/build/lib/my_pkgpy
copying my_pkgpy/add_two_ints_client_opp.py -> /home/varun/ros2workspace/build/my_pkgpy/build/lib/my_pkgpy
running install
running install_lib
copying /home/varun/ros2workspace/build/my_pkgpy/build/lib/my_pkgpy/add_two_ints_client_no_opp.py -> /home/varun/ros2workspace/install/my_pkgpy/lib/python3.10/site-packages/my_pkgpy
copying /home/varun/ros2workspace/build/my_pkgpy/build/lib/my_pkgpy/add_two_ints_client_opp.py -> /home/varun/ros2workspace/install/my_pkgpy/lib/python3.10/site-packages/my_pkgpy
byte-compiling /home/varun/ros2workspace/install/my_pkgpy/lib/python3.10/site-packages/my_pkgpy/add_two_ints_client_no_opp.py to add_two_ints_client_no_opp.cpython-310.pyc
byte-compiling /home/varun/ros2workspace/install/my_pkgpy/lib/python3.10/site-packages/my_pkgpy/add_two_ints_client_opp.py to add_two_ints_client_opp.cpython-310.pyc
running install_data
running install_egg_info
removing '/home/varun/ros2workspace/install/my_pkgpy/lib/python3.10/site-packages/my_pkgpy-0.0.0-py3.10.egg-info' (and everything under it)
Copying ../../build/my_pkgpy/my_pkgpy.egg-info to /home/varun/ros2workspace/install/my_pkgpy/lib/python3.10/site-packages/my_pkgpy-0.0.0-py3.10.egg-info
running install_scripts
Installing Add_two_integers_client_no_opp script to /home/varun/ros2workspace/install/my_pkgpy/lib/my_pkgpy
Installing Add_two_integers_server script to /home/varun/ros2workspace/install/my_pkgpy/lib/my_pkgpy
Installing number_publish script to /home/varun/ros2workspace/install/my_pkgpy/lib/my_pkgpy
Installing py_node script to /home/varun/ros2workspace/install/my_pkgpy/lib/my_pkgpy
Installing robot_news_station script to /home/varun/ros2workspace/install/my_pkgpy/lib/my_pkgpy
Installing smartphone script to /home/varun/ros2workspace/install/my_pkgpy/lib/my_pkgpy
writing list of installed files to '/home/varun/ros2workspace/build/my_pkgpy/install.log'
