/home/varun/ros2workspace/install/my_pkgpy/lib/python3.10/site-packages/my_pkgpy/add_two_ints_client_no_opp.py
/home/varun/ros2workspace/install/my_pkgpy/lib/python3.10/site-packages/my_pkgpy/number_publisher.py
/home/varun/ros2workspace/install/my_pkgpy/lib/python3.10/site-packages/my_pkgpy/node1.py
/home/varun/ros2workspace/install/my_pkgpy/lib/python3.10/site-packages/my_pkgpy/battery_client.py
/home/varun/ros2workspace/install/my_pkgpy/lib/python3.10/site-packages/my_pkgpy/hw_status_publisher.py
/home/varun/ros2workspace/install/my_pkgpy/lib/python3.10/site-packages/my_pkgpy/number_counter.py
/home/varun/ros2workspace/install/my_pkgpy/lib/python3.10/site-packages/my_pkgpy/template_node.py
/home/varun/ros2workspace/install/my_pkgpy/lib/python3.10/site-packages/my_pkgpy/add_two_ints_server.py
/home/varun/ros2workspace/install/my_pkgpy/lib/python3.10/site-packages/my_pkgpy/led_panel.py
/home/varun/ros2workspace/install/my_pkgpy/lib/python3.10/site-packages/my_pkgpy/smartphone.py
/home/varun/ros2workspace/install/my_pkgpy/lib/python3.10/site-packages/my_pkgpy/add_two_ints_client_opp.py
/home/varun/ros2workspace/install/my_pkgpy/lib/python3.10/site-packages/my_pkgpy/robot_news_station.py
/home/varun/ros2workspace/install/my_pkgpy/lib/python3.10/site-packages/my_pkgpy/__init__.py
/home/varun/ros2workspace/install/my_pkgpy/lib/python3.10/site-packages/my_pkgpy/__pycache__/add_two_ints_client_no_opp.cpython-310.pyc
/home/varun/ros2workspace/install/my_pkgpy/lib/python3.10/site-packages/my_pkgpy/__pycache__/number_publisher.cpython-310.pyc
/home/varun/ros2workspace/install/my_pkgpy/lib/python3.10/site-packages/my_pkgpy/__pycache__/node1.cpython-310.pyc
/home/varun/ros2workspace/install/my_pkgpy/lib/python3.10/site-packages/my_pkgpy/__pycache__/battery_client.cpython-310.pyc
/home/varun/ros2workspace/install/my_pkgpy/lib/python3.10/site-packages/my_pkgpy/__pycache__/hw_status_publisher.cpython-310.pyc
/home/varun/ros2workspace/install/my_pkgpy/lib/python3.10/site-packages/my_pkgpy/__pycache__/number_counter.cpython-310.pyc
/home/varun/ros2workspace/install/my_pkgpy/lib/python3.10/site-packages/my_pkgpy/__pycache__/template_node.cpython-310.pyc
/home/varun/ros2workspace/install/my_pkgpy/lib/python3.10/site-packages/my_pkgpy/__pycache__/add_two_ints_server.cpython-310.pyc
/home/varun/ros2workspace/install/my_pkgpy/lib/python3.10/site-packages/my_pkgpy/__pycache__/led_panel.cpython-310.pyc
/home/varun/ros2workspace/install/my_pkgpy/lib/python3.10/site-packages/my_pkgpy/__pycache__/smartphone.cpython-310.pyc
/home/varun/ros2workspace/install/my_pkgpy/lib/python3.10/site-packages/my_pkgpy/__pycache__/add_two_ints_client_opp.cpython-310.pyc
/home/varun/ros2workspace/install/my_pkgpy/lib/python3.10/site-packages/my_pkgpy/__pycache__/robot_news_station.cpython-310.pyc
/home/varun/ros2workspace/install/my_pkgpy/lib/python3.10/site-packages/my_pkgpy/__pycache__/__init__.cpython-310.pyc
/home/varun/ros2workspace/install/my_pkgpy/share/ament_index/resource_index/packages/my_pkgpy
/home/varun/ros2workspace/install/my_pkgpy/share/my_pkgpy/package.xml
/home/varun/ros2workspace/install/my_pkgpy/lib/python3.10/site-packages/my_pkgpy-0.0.0-py3.10.egg-info/requires.txt
/home/varun/ros2workspace/install/my_pkgpy/lib/python3.10/site-packages/my_pkgpy-0.0.0-py3.10.egg-info/top_level.txt
/home/varun/ros2workspace/install/my_pkgpy/lib/python3.10/site-packages/my_pkgpy-0.0.0-py3.10.egg-info/SOURCES.txt
/home/varun/ros2workspace/install/my_pkgpy/lib/python3.10/site-packages/my_pkgpy-0.0.0-py3.10.egg-info/PKG-INFO
/home/varun/ros2workspace/install/my_pkgpy/lib/python3.10/site-packages/my_pkgpy-0.0.0-py3.10.egg-info/dependency_links.txt
/home/varun/ros2workspace/install/my_pkgpy/lib/python3.10/site-packages/my_pkgpy-0.0.0-py3.10.egg-info/zip-safe
/home/varun/ros2workspace/install/my_pkgpy/lib/python3.10/site-packages/my_pkgpy-0.0.0-py3.10.egg-info/entry_points.txt
/home/varun/ros2workspace/install/my_pkgpy/lib/my_pkgpy/Add_two_integers_client
/home/varun/ros2workspace/install/my_pkgpy/lib/my_pkgpy/Add_two_integers_client_no_opp
/home/varun/ros2workspace/install/my_pkgpy/lib/my_pkgpy/Add_two_integers_server
/home/varun/ros2workspace/install/my_pkgpy/lib/my_pkgpy/Hw_status_publihser
/home/varun/ros2workspace/install/my_pkgpy/lib/my_pkgpy/Led_states_publisher
/home/varun/ros2workspace/install/my_pkgpy/lib/my_pkgpy/battery_client
/home/varun/ros2workspace/install/my_pkgpy/lib/my_pkgpy/number_counter
/home/varun/ros2workspace/install/my_pkgpy/lib/my_pkgpy/number_publish
/home/varun/ros2workspace/install/my_pkgpy/lib/my_pkgpy/py_node
/home/varun/ros2workspace/install/my_pkgpy/lib/my_pkgpy/robot_news_station
/home/varun/ros2workspace/install/my_pkgpy/lib/my_pkgpy/smartphone
