running develop
Removing /home/varun/ros2workspace/install/my_pkgpy/lib/python3.10/site-packages/my-pkgpy.egg-link (link to .)
running egg_info
writing ../../build/my_pkgpy/my_pkgpy.egg-info/PKG-INFO
writing dependency_links to ../../build/my_pkgpy/my_pkgpy.egg-info/dependency_links.txt
writing entry points to ../../build/my_pkgpy/my_pkgpy.egg-info/entry_points.txt
writing requirements to ../../build/my_pkgpy/my_pkgpy.egg-info/requires.txt
writing top-level names to ../../build/my_pkgpy/my_pkgpy.egg-info/top_level.txt
reading manifest file '../../build/my_pkgpy/my_pkgpy.egg-info/SOURCES.txt'
writing manifest file '../../build/my_pkgpy/my_pkgpy.egg-info/SOURCES.txt'
running build
running build_py
copying my_pkgpy/robot_news_station.py -> /home/varun/ros2workspace/build/my_pkgpy/build/lib/my_pkgpy
running install
running install_lib
copying /home/varun/ros2workspace/build/my_pkgpy/build/lib/my_pkgpy/node1.py -> /home/varun/ros2workspace/install/my_pkgpy/lib/python3.10/site-packages/my_pkgpy
copying /home/varun/ros2workspace/build/my_pkgpy/build/lib/my_pkgpy/robot_news_station.py -> /home/varun/ros2workspace/install/my_pkgpy/lib/python3.10/site-packages/my_pkgpy
copying /home/varun/ros2workspace/build/my_pkgpy/build/lib/my_pkgpy/__init__.py -> /home/varun/ros2workspace/install/my_pkgpy/lib/python3.10/site-packages/my_pkgpy
byte-compiling /home/varun/ros2workspace/install/my_pkgpy/lib/python3.10/site-packages/my_pkgpy/node1.py to node1.cpython-310.pyc
byte-compiling /home/varun/ros2workspace/install/my_pkgpy/lib/python3.10/site-packages/my_pkgpy/robot_news_station.py to robot_news_station.cpython-310.pyc
byte-compiling /home/varun/ros2workspace/install/my_pkgpy/lib/python3.10/site-packages/my_pkgpy/__init__.py to __init__.cpython-310.pyc
running install_data
running install_egg_info
Copying ../../build/my_pkgpy/my_pkgpy.egg-info to /home/varun/ros2workspace/install/my_pkgpy/lib/python3.10/site-packages/my_pkgpy-0.0.0-py3.10.egg-info
running install_scripts
Installing py_node script to /home/varun/ros2workspace/install/my_pkgpy/lib/my_pkgpy
Installing robot_news_station script to /home/varun/ros2workspace/install/my_pkgpy/lib/my_pkgpy
writing list of installed files to '/home/varun/ros2workspace/build/my_pkgpy/install.log'
