[0.653s] Invoking command in '/home/varun/ros2workspace/build/my_pkgpy': PYTHONPATH=/home/varun/ros2workspace/build/my_pkgpy/prefix_override:/home/varun/ros2workspace/install/my_pkgpy/lib/python3.10/site-packages:${PYTHONPATH} /usr/bin/python3 setup.py develop --uninstall --editable --build-directory /home/varun/ros2workspace/build/my_pkgpy/build
[0.866s] running develop
[1.008s] Removing /home/varun/ros2workspace/install/my_pkgpy/lib/python3.10/site-packages/my-pkgpy.egg-link (link to .)
[1.032s] Invoked command in '/home/varun/ros2workspace/build/my_pkgpy' returned '0': PYTHONPATH=/home/varun/ros2workspace/build/my_pkgpy/prefix_override:/home/varun/ros2workspace/install/my_pkgpy/lib/python3.10/site-packages:${PYTHONPATH} /usr/bin/python3 setup.py develop --uninstall --editable --build-directory /home/varun/ros2workspace/build/my_pkgpy/build
[1.034s] Invoking command in '/home/varun/ros2workspace/src/my_pkgpy': PYTHONPATH=/home/varun/ros2workspace/build/my_pkgpy/prefix_override:/home/varun/ros2workspace/install/my_pkgpy/lib/python3.10/site-packages:${PYTHONPATH} /usr/bin/python3 setup.py egg_info --egg-base ../../build/my_pkgpy build --build-base /home/varun/ros2workspace/build/my_pkgpy/build install --record /home/varun/ros2workspace/build/my_pkgpy/install.log --single-version-externally-managed
[1.233s] running egg_info
[1.233s] writing ../../build/my_pkgpy/my_pkgpy.egg-info/PKG-INFO
[1.234s] writing dependency_links to ../../build/my_pkgpy/my_pkgpy.egg-info/dependency_links.txt
[1.234s] writing entry points to ../../build/my_pkgpy/my_pkgpy.egg-info/entry_points.txt
[1.234s] writing requirements to ../../build/my_pkgpy/my_pkgpy.egg-info/requires.txt
[1.234s] writing top-level names to ../../build/my_pkgpy/my_pkgpy.egg-info/top_level.txt
[1.235s] reading manifest file '../../build/my_pkgpy/my_pkgpy.egg-info/SOURCES.txt'
[1.236s] writing manifest file '../../build/my_pkgpy/my_pkgpy.egg-info/SOURCES.txt'
[1.236s] running build
[1.236s] running build_py
[1.236s] copying my_pkgpy/robot_news_station.py -> /home/varun/ros2workspace/build/my_pkgpy/build/lib/my_pkgpy
[1.236s] running install
[1.236s] running install_lib
[1.237s] copying /home/varun/ros2workspace/build/my_pkgpy/build/lib/my_pkgpy/node1.py -> /home/varun/ros2workspace/install/my_pkgpy/lib/python3.10/site-packages/my_pkgpy
[1.237s] copying /home/varun/ros2workspace/build/my_pkgpy/build/lib/my_pkgpy/robot_news_station.py -> /home/varun/ros2workspace/install/my_pkgpy/lib/python3.10/site-packages/my_pkgpy
[1.237s] copying /home/varun/ros2workspace/build/my_pkgpy/build/lib/my_pkgpy/__init__.py -> /home/varun/ros2workspace/install/my_pkgpy/lib/python3.10/site-packages/my_pkgpy
[1.238s] byte-compiling /home/varun/ros2workspace/install/my_pkgpy/lib/python3.10/site-packages/my_pkgpy/node1.py to node1.cpython-310.pyc
[1.238s] byte-compiling /home/varun/ros2workspace/install/my_pkgpy/lib/python3.10/site-packages/my_pkgpy/robot_news_station.py to robot_news_station.cpython-310.pyc
[1.239s] byte-compiling /home/varun/ros2workspace/install/my_pkgpy/lib/python3.10/site-packages/my_pkgpy/__init__.py to __init__.cpython-310.pyc
[1.239s] running install_data
[1.239s] running install_egg_info
[1.240s] Copying ../../build/my_pkgpy/my_pkgpy.egg-info to /home/varun/ros2workspace/install/my_pkgpy/lib/python3.10/site-packages/my_pkgpy-0.0.0-py3.10.egg-info
[1.241s] running install_scripts
[1.255s] Installing py_node script to /home/varun/ros2workspace/install/my_pkgpy/lib/my_pkgpy
[1.255s] Installing robot_news_station script to /home/varun/ros2workspace/install/my_pkgpy/lib/my_pkgpy
[1.255s] writing list of installed files to '/home/varun/ros2workspace/build/my_pkgpy/install.log'
[1.272s] Invoked command in '/home/varun/ros2workspace/src/my_pkgpy' returned '0': PYTHONPATH=/home/varun/ros2workspace/build/my_pkgpy/prefix_override:/home/varun/ros2workspace/install/my_pkgpy/lib/python3.10/site-packages:${PYTHONPATH} /usr/bin/python3 setup.py egg_info --egg-base ../../build/my_pkgpy build --build-base /home/varun/ros2workspace/build/my_pkgpy/build install --record /home/varun/ros2workspace/build/my_pkgpy/install.log --single-version-externally-managed
