[0.110s] Invoking command in '/home/varun/ros2workspace/build/my_robot_interfaces': /usr/bin/cmake /home/varun/ros2workspace/src/my_robot_interfaces -DCMAKE_INSTALL_PREFIX=/home/varun/ros2workspace/install/my_robot_interfaces
[0.124s] -- Found ament_cmake: 1.3.6 (/opt/ros/humble/share/ament_cmake/cmake)
[0.240s] -- Found rosidl_default_generators: 1.2.0 (/opt/ros/humble/share/rosidl_default_generators/cmake)
[0.242s] -- Using all available rosidl_typesupport_c: rosidl_typesupport_fastrtps_c;rosidl_typesupport_introspection_c
[0.244s] -- Found rosidl_adapter: 3.1.5 (/opt/ros/humble/share/rosidl_adapter/cmake)
[0.267s] -- Using all available rosidl_typesupport_cpp: rosidl_typesupport_fastrtps_cpp;rosidl_typesupport_introspection_cpp
[0.430s] Error parsing '/home/varun/ros2workspace/src/my_robot_interfaces/package.xml':
[0.464s] Traceback (most recent call last):
[0.464s]   File "/opt/ros/humble/share/ament_cmake_core/cmake/core/package_xml_2_cmake.py", line 150, in <module>
[0.464s]     main()
[0.464s]   File "/opt/ros/humble/share/ament_cmake_core/cmake/core/package_xml_2_cmake.py", line 53, in main
[0.464s]     raise e
[0.464s]   File "/opt/ros/humble/share/ament_cmake_core/cmake/core/package_xml_2_cmake.py", line 49, in main
[0.464s]     package = parse_package_string(
[0.464s]   File "/usr/lib/python3/dist-packages/catkin_pkg/package.py", line 788, in parse_package_string
[0.464s]     pkg.validate(warnings=warnings)
[0.464s]   File "/usr/lib/python3/dist-packages/catkin_pkg/package.py", line 330, in validate
[0.464s]     raise InvalidPackage('\n'.join(errors), self.filename)
[0.465s] catkin_pkg.package.InvalidPackage: Error(s) in package '/home/varun/ros2workspace/src/my_robot_interfaces/package.xml':
[0.465s] Package name "my_robot_interfaces/" does not follow naming conventions
[0.478s] [31mCMake Error at /opt/ros/humble/share/ament_cmake_core/cmake/core/ament_package_xml.cmake:95 (message):
[0.478s]   execute_process(/usr/bin/python3.10
[0.478s]   /opt/ros/humble/share/ament_cmake_core/cmake/core/package_xml_2_cmake.py
[0.478s]   /home/varun/ros2workspace/src/my_robot_interfaces/package.xml
[0.478s]   /home/varun/ros2workspace/build/my_robot_interfaces/ament_cmake_core/package.cmake)
[0.478s]   returned error code 1
[0.478s] Call Stack (most recent call first):
[0.478s]   /opt/ros/humble/share/ament_cmake_core/cmake/core/ament_package_xml.cmake:49 (_ament_package_xml)
[0.478s]   /opt/ros/humble/share/rosidl_cmake/cmake/rosidl_generate_interfaces.cmake:226 (ament_package_xml)
[0.478s]   CMakeLists.txt:15 (rosidl_generate_interfaces)
[0.479s] 
[0.479s] [0m
[0.480s] -- Configuring incomplete, errors occurred!
[0.480s] See also "/home/varun/ros2workspace/build/my_robot_interfaces/CMakeFiles/CMakeOutput.log".
[0.494s] Invoked command in '/home/varun/ros2workspace/build/my_robot_interfaces' returned '1': /usr/bin/cmake /home/varun/ros2workspace/src/my_robot_interfaces -DCMAKE_INSTALL_PREFIX=/home/varun/ros2workspace/install/my_robot_interfaces
