[1.172s] Invoking command in '/home/varun/ros2workspace/build/turtlesim_catch_them_all': CMAKE_PREFIX_PATH=/home/varun/ros2workspace/install/my_robot_interfaces:/home/varun/robot_ws/install/robot_bringup:/home/varun/robot_ws/install/my_robot_bringupp:/home/varun/robot_ws/install/my_robot_bringup:/home/varun/robot_ws/install/my_robot_description:/home/varun/ros_robot/install/rrbot_description:/home/varun/ros_robot/install/robo_description:/home/varun/ros_robot/install/robo_bringup:/home/varun/ros2workspace/install/my_robot_bringup:/home/varun/ros2workspace/install/my_pkgcpp:/home/varun/ros2_ws/install/my_cpp_pkg LD_LIBRARY_PATH=/home/varun/ros2workspace/install/my_robot_interfaces/lib:/usr/lib/x86_64-linux-gnu/gazebo-11/plugins:/opt/ros/humble/opt/rviz_ogre_vendor/lib:/opt/ros/humble/lib/x86_64-linux-gnu:/opt/ros/humble/lib:/usr/share/gazebo/../../lib/x86_64-linux-gnu/gazebo-11/plugins PYTHONPATH=/home/varun/ros2workspace/build/turtlesim_catch_them_all/prefix_override:/home/varun/ros2workspace/install/turtlesim_catch_them_all/lib/python3.10/site-packages:${PYTHONPATH} /usr/bin/python3 setup.py develop --uninstall --editable --build-directory /home/varun/ros2workspace/build/turtlesim_catch_them_all/build
[1.395s] running develop
[1.548s] Removing /home/varun/ros2workspace/install/turtlesim_catch_them_all/lib/python3.10/site-packages/turtlesim-catch-them-all.egg-link (link to .)
[1.569s] Invoked command in '/home/varun/ros2workspace/build/turtlesim_catch_them_all' returned '0': CMAKE_PREFIX_PATH=/home/varun/ros2workspace/install/my_robot_interfaces:/home/varun/robot_ws/install/robot_bringup:/home/varun/robot_ws/install/my_robot_bringupp:/home/varun/robot_ws/install/my_robot_bringup:/home/varun/robot_ws/install/my_robot_description:/home/varun/ros_robot/install/rrbot_description:/home/varun/ros_robot/install/robo_description:/home/varun/ros_robot/install/robo_bringup:/home/varun/ros2workspace/install/my_robot_bringup:/home/varun/ros2workspace/install/my_pkgcpp:/home/varun/ros2_ws/install/my_cpp_pkg LD_LIBRARY_PATH=/home/varun/ros2workspace/install/my_robot_interfaces/lib:/usr/lib/x86_64-linux-gnu/gazebo-11/plugins:/opt/ros/humble/opt/rviz_ogre_vendor/lib:/opt/ros/humble/lib/x86_64-linux-gnu:/opt/ros/humble/lib:/usr/share/gazebo/../../lib/x86_64-linux-gnu/gazebo-11/plugins PYTHONPATH=/home/varun/ros2workspace/build/turtlesim_catch_them_all/prefix_override:/home/varun/ros2workspace/install/turtlesim_catch_them_all/lib/python3.10/site-packages:${PYTHONPATH} /usr/bin/python3 setup.py develop --uninstall --editable --build-directory /home/varun/ros2workspace/build/turtlesim_catch_them_all/build
[1.571s] Invoking command in '/home/varun/ros2workspace/src/turtlesim_catch_them_all': CMAKE_PREFIX_PATH=/home/varun/ros2workspace/install/my_robot_interfaces:/home/varun/robot_ws/install/robot_bringup:/home/varun/robot_ws/install/my_robot_bringupp:/home/varun/robot_ws/install/my_robot_bringup:/home/varun/robot_ws/install/my_robot_description:/home/varun/ros_robot/install/rrbot_description:/home/varun/ros_robot/install/robo_description:/home/varun/ros_robot/install/robo_bringup:/home/varun/ros2workspace/install/my_robot_bringup:/home/varun/ros2workspace/install/my_pkgcpp:/home/varun/ros2_ws/install/my_cpp_pkg LD_LIBRARY_PATH=/home/varun/ros2workspace/install/my_robot_interfaces/lib:/usr/lib/x86_64-linux-gnu/gazebo-11/plugins:/opt/ros/humble/opt/rviz_ogre_vendor/lib:/opt/ros/humble/lib/x86_64-linux-gnu:/opt/ros/humble/lib:/usr/share/gazebo/../../lib/x86_64-linux-gnu/gazebo-11/plugins PYTHONPATH=/home/varun/ros2workspace/build/turtlesim_catch_them_all/prefix_override:/home/varun/ros2workspace/install/turtlesim_catch_them_all/lib/python3.10/site-packages:${PYTHONPATH} /usr/bin/python3 setup.py egg_info --egg-base ../../build/turtlesim_catch_them_all build --build-base /home/varun/ros2workspace/build/turtlesim_catch_them_all/build install --record /home/varun/ros2workspace/build/turtlesim_catch_them_all/install.log --single-version-externally-managed
[1.781s] running egg_info
[1.781s] writing ../../build/turtlesim_catch_them_all/turtlesim_catch_them_all.egg-info/PKG-INFO
[1.781s] writing dependency_links to ../../build/turtlesim_catch_them_all/turtlesim_catch_them_all.egg-info/dependency_links.txt
[1.782s] writing entry points to ../../build/turtlesim_catch_them_all/turtlesim_catch_them_all.egg-info/entry_points.txt
[1.782s] writing requirements to ../../build/turtlesim_catch_them_all/turtlesim_catch_them_all.egg-info/requires.txt
[1.782s] writing top-level names to ../../build/turtlesim_catch_them_all/turtlesim_catch_them_all.egg-info/top_level.txt
[1.783s] reading manifest file '../../build/turtlesim_catch_them_all/turtlesim_catch_them_all.egg-info/SOURCES.txt'
[1.784s] writing manifest file '../../build/turtlesim_catch_them_all/turtlesim_catch_them_all.egg-info/SOURCES.txt'
[1.784s] running build
[1.784s] running build_py
[1.784s] copying turtlesim_catch_them_all/turtle_spawner.py -> /home/varun/ros2workspace/build/turtlesim_catch_them_all/build/lib/turtlesim_catch_them_all
[1.785s] copying turtlesim_catch_them_all/turtle_controller.py -> /home/varun/ros2workspace/build/turtlesim_catch_them_all/build/lib/turtlesim_catch_them_all
[1.785s] running install
[1.785s] running install_lib
[1.786s] creating /home/varun/ros2workspace/install/turtlesim_catch_them_all/lib/python3.10/site-packages/turtlesim_catch_them_all
[1.786s] copying /home/varun/ros2workspace/build/turtlesim_catch_them_all/build/lib/turtlesim_catch_them_all/turtle_spawner.py -> /home/varun/ros2workspace/install/turtlesim_catch_them_all/lib/python3.10/site-packages/turtlesim_catch_them_all
[1.786s] copying /home/varun/ros2workspace/build/turtlesim_catch_them_all/build/lib/turtlesim_catch_them_all/turtle_controller.py -> /home/varun/ros2workspace/install/turtlesim_catch_them_all/lib/python3.10/site-packages/turtlesim_catch_them_all
[1.786s] copying /home/varun/ros2workspace/build/turtlesim_catch_them_all/build/lib/turtlesim_catch_them_all/__init__.py -> /home/varun/ros2workspace/install/turtlesim_catch_them_all/lib/python3.10/site-packages/turtlesim_catch_them_all
[1.786s] byte-compiling /home/varun/ros2workspace/install/turtlesim_catch_them_all/lib/python3.10/site-packages/turtlesim_catch_them_all/turtle_spawner.py to turtle_spawner.cpython-310.pyc
[1.787s] byte-compiling /home/varun/ros2workspace/install/turtlesim_catch_them_all/lib/python3.10/site-packages/turtlesim_catch_them_all/turtle_controller.py to turtle_controller.cpython-310.pyc
[1.787s] byte-compiling /home/varun/ros2workspace/install/turtlesim_catch_them_all/lib/python3.10/site-packages/turtlesim_catch_them_all/__init__.py to __init__.cpython-310.pyc
[1.788s] running install_data
[1.788s] running install_egg_info
[1.789s] Copying ../../build/turtlesim_catch_them_all/turtlesim_catch_them_all.egg-info to /home/varun/ros2workspace/install/turtlesim_catch_them_all/lib/python3.10/site-packages/turtlesim_catch_them_all-0.0.0-py3.10.egg-info
[1.790s] running install_scripts
[1.804s] Installing turtle_spawnnerr script to /home/varun/ros2workspace/install/turtlesim_catch_them_all/lib/turtlesim_catch_them_all
[1.804s] Installing turtlee_controller script to /home/varun/ros2workspace/install/turtlesim_catch_them_all/lib/turtlesim_catch_them_all
[1.805s] writing list of installed files to '/home/varun/ros2workspace/build/turtlesim_catch_them_all/install.log'
[1.822s] Invoked command in '/home/varun/ros2workspace/src/turtlesim_catch_them_all' returned '0': CMAKE_PREFIX_PATH=/home/varun/ros2workspace/install/my_robot_interfaces:/home/varun/robot_ws/install/robot_bringup:/home/varun/robot_ws/install/my_robot_bringupp:/home/varun/robot_ws/install/my_robot_bringup:/home/varun/robot_ws/install/my_robot_description:/home/varun/ros_robot/install/rrbot_description:/home/varun/ros_robot/install/robo_description:/home/varun/ros_robot/install/robo_bringup:/home/varun/ros2workspace/install/my_robot_bringup:/home/varun/ros2workspace/install/my_pkgcpp:/home/varun/ros2_ws/install/my_cpp_pkg LD_LIBRARY_PATH=/home/varun/ros2workspace/install/my_robot_interfaces/lib:/usr/lib/x86_64-linux-gnu/gazebo-11/plugins:/opt/ros/humble/opt/rviz_ogre_vendor/lib:/opt/ros/humble/lib/x86_64-linux-gnu:/opt/ros/humble/lib:/usr/share/gazebo/../../lib/x86_64-linux-gnu/gazebo-11/plugins PYTHONPATH=/home/varun/ros2workspace/build/turtlesim_catch_them_all/prefix_override:/home/varun/ros2workspace/install/turtlesim_catch_them_all/lib/python3.10/site-packages:${PYTHONPATH} /usr/bin/python3 setup.py egg_info --egg-base ../../build/turtlesim_catch_them_all build --build-base /home/varun/ros2workspace/build/turtlesim_catch_them_all/build install --record /home/varun/ros2workspace/build/turtlesim_catch_them_all/install.log --single-version-externally-managed
