[0.726s] Invoking command in '/home/varun/ros2workspace/src/my_pkgpy': PYTHONPATH=/home/varun/ros2workspace/build/my_pkgpy/prefix_override:/home/varun/ros2workspace/install/my_pkgpy/lib/python3.10/site-packages:${PYTHONPATH} /usr/bin/python3 setup.py egg_info --egg-base ../../build/my_pkgpy build --build-base /home/varun/ros2workspace/build/my_pkgpy/build install --record /home/varun/ros2workspace/build/my_pkgpy/install.log --single-version-externally-managed
[0.928s] running egg_info
[0.929s] writing ../../build/my_pkgpy/my_pkgpy.egg-info/PKG-INFO
[0.929s] writing dependency_links to ../../build/my_pkgpy/my_pkgpy.egg-info/dependency_links.txt
[0.929s] writing entry points to ../../build/my_pkgpy/my_pkgpy.egg-info/entry_points.txt
[0.929s] writing requirements to ../../build/my_pkgpy/my_pkgpy.egg-info/requires.txt
[0.929s] writing top-level names to ../../build/my_pkgpy/my_pkgpy.egg-info/top_level.txt
[0.930s] reading manifest file '../../build/my_pkgpy/my_pkgpy.egg-info/SOURCES.txt'
[0.931s] writing manifest file '../../build/my_pkgpy/my_pkgpy.egg-info/SOURCES.txt'
[0.931s] running build
[0.931s] running build_py
[0.931s] copying my_pkgpy/node1.py -> /home/varun/ros2workspace/build/my_pkgpy/build/lib/my_pkgpy
[0.932s] running install
[0.932s] running install_lib
[0.932s] copying /home/varun/ros2workspace/build/my_pkgpy/build/lib/my_pkgpy/node1.py -> /home/varun/ros2workspace/install/my_pkgpy/lib/python3.10/site-packages/my_pkgpy
[0.933s] byte-compiling /home/varun/ros2workspace/install/my_pkgpy/lib/python3.10/site-packages/my_pkgpy/node1.py to node1.cpython-310.pyc
[0.933s] running install_data
[0.934s] running install_egg_info
[0.935s] removing '/home/varun/ros2workspace/install/my_pkgpy/lib/python3.10/site-packages/my_pkgpy-0.0.0-py3.10.egg-info' (and everything under it)
[0.935s] Copying ../../build/my_pkgpy/my_pkgpy.egg-info to /home/varun/ros2workspace/install/my_pkgpy/lib/python3.10/site-packages/my_pkgpy-0.0.0-py3.10.egg-info
[0.936s] running install_scripts
[0.952s] Installing py_node script to /home/varun/ros2workspace/install/my_pkgpy/lib/my_pkgpy
[0.952s] writing list of installed files to '/home/varun/ros2workspace/build/my_pkgpy/install.log'
[0.976s] Invoked command in '/home/varun/ros2workspace/src/my_pkgpy' returned '0': PYTHONPATH=/home/varun/ros2workspace/build/my_pkgpy/prefix_override:/home/varun/ros2workspace/install/my_pkgpy/lib/python3.10/site-packages:${PYTHONPATH} /usr/bin/python3 setup.py egg_info --egg-base ../../build/my_pkgpy build --build-base /home/varun/ros2workspace/build/my_pkgpy/build install --record /home/varun/ros2workspace/build/my_pkgpy/install.log --single-version-externally-managed
