[0.073s] Invoking command in '/home/varun/ros2workspace/build/my_robot_interfaces': CMAKE_PREFIX_PATH=${CMAKE_PREFIX_PATH}:/home/varun/ros2workspace/install/my_pkgpy:/home/varun/ros2_ws/install/my_py_pkg:/opt/ros/humble /usr/bin/cmake /home/varun/ros2workspace/src/my_robot_interfaces -DCMAKE_INSTALL_PREFIX=/home/varun/ros2workspace/install/my_robot_interfaces
[0.085s] -- Found ament_cmake: 1.3.6 (/opt/ros/humble/share/ament_cmake/cmake)
[0.201s] -- Found rosidl_default_generators: 1.2.0 (/opt/ros/humble/share/rosidl_default_generators/cmake)
[0.202s] -- Using all available rosidl_typesupport_c: rosidl_typesupport_fastrtps_c;rosidl_typesupport_introspection_c
[0.205s] -- Found rosidl_adapter: 3.1.5 (/opt/ros/humble/share/rosidl_adapter/cmake)
[0.228s] -- Using all available rosidl_typesupport_cpp: rosidl_typesupport_fastrtps_cpp;rosidl_typesupport_introspection_cpp
[0.448s] -- Found ament_cmake_ros: 0.10.0 (/opt/ros/humble/share/ament_cmake_ros/cmake)
[0.609s] -- Using all available rosidl_typesupport_c: rosidl_typesupport_fastrtps_c;rosidl_typesupport_introspection_c
[0.823s] -- Using all available rosidl_typesupport_cpp: rosidl_typesupport_fastrtps_cpp;rosidl_typesupport_introspection_cpp
[0.843s] -- Found PythonInterp: /usr/bin/python3 (found suitable version "3.10.12", minimum required is "3.6") 
[0.846s] -- Found python_cmake_module: 0.10.0 (/opt/ros/humble/share/python_cmake_module/cmake)
[0.869s] -- Found PythonLibs: /usr/lib/x86_64-linux-gnu/libpython3.10.so (found suitable version "3.10.12", minimum required is "3.5") 
[0.869s] -- Using PYTHON_EXECUTABLE: /usr/bin/python3
[0.869s] -- Using PYTHON_INCLUDE_DIRS: /usr/include/python3.10
[0.869s] -- Using PYTHON_LIBRARIES: /usr/lib/x86_64-linux-gnu/libpython3.10.so
[0.886s] -- Found PythonExtra: .so  
[0.921s] -- Configuring done
[0.945s] -- Generating done
[0.947s] -- Build files have been written to: /home/varun/ros2workspace/build/my_robot_interfaces
[0.951s] Invoked command in '/home/varun/ros2workspace/build/my_robot_interfaces' returned '0': CMAKE_PREFIX_PATH=${CMAKE_PREFIX_PATH}:/home/varun/ros2workspace/install/my_pkgpy:/home/varun/ros2_ws/install/my_py_pkg:/opt/ros/humble /usr/bin/cmake /home/varun/ros2workspace/src/my_robot_interfaces -DCMAKE_INSTALL_PREFIX=/home/varun/ros2workspace/install/my_robot_interfaces
[0.953s] Invoking command in '/home/varun/ros2workspace/build/my_robot_interfaces': CMAKE_PREFIX_PATH=${CMAKE_PREFIX_PATH}:/home/varun/ros2workspace/install/my_pkgpy:/home/varun/ros2_ws/install/my_py_pkg:/opt/ros/humble /usr/bin/cmake --build /home/varun/ros2workspace/build/my_robot_interfaces -- -j12 -l12
[0.991s] [  3%] [34m[1mGenerating C code for ROS interfaces[0m
[1.000s] [  6%] [34m[1mGenerating C++ code for ROS interfaces[0m
[1.008s] [  6%] Built target ament_cmake_python_copy_my_robot_interfaces
[1.173s] [  6%] Built target my_robot_interfaces__cpp
[1.178s] [  9%] [32mBuilding C object CMakeFiles/my_robot_interfaces__rosidl_generator_c.dir/rosidl_generator_c/my_robot_interfaces/msg/detail/hardware_status__functions.c.o[0m
[1.183s] [ 19%] [34m[1mGenerating C++ type support dispatch for ROS interfaces[0m
[1.183s] [ 19%] [34m[1mGenerating C++ type support for eProsima Fast-RTPS[0m
[1.183s] [ 19%] [34m[1mGenerating C++ introspection for ROS interfaces[0m
[1.224s] running egg_info
[1.224s] creating my_robot_interfaces.egg-info
[1.224s] writing my_robot_interfaces.egg-info/PKG-INFO
[1.224s] writing dependency_links to my_robot_interfaces.egg-info/dependency_links.txt
[1.225s] writing top-level names to my_robot_interfaces.egg-info/top_level.txt
[1.225s] writing manifest file 'my_robot_interfaces.egg-info/SOURCES.txt'
[1.226s] reading manifest file 'my_robot_interfaces.egg-info/SOURCES.txt'
[1.226s] writing manifest file 'my_robot_interfaces.egg-info/SOURCES.txt'
[1.251s] [ 22%] Built target ament_cmake_python_build_my_robot_interfaces_egg
[1.251s] [ 22%] [32m[1mLinking C shared library libmy_robot_interfaces__rosidl_generator_c.so[0m
[1.283s] [ 22%] Built target my_robot_interfaces__rosidl_generator_c
[1.292s] [ 32%] [34m[1mGenerating C type support dispatch for ROS interfaces[0m
[1.292s] [ 32%] [34m[1mGenerating C introspection for ROS interfaces[0m
[1.292s] [ 32%] [34m[1mGenerating C type support for eProsima Fast-RTPS[0m
[1.355s] [ 35%] [32mBuilding CXX object CMakeFiles/my_robot_interfaces__rosidl_typesupport_cpp.dir/rosidl_typesupport_cpp/my_robot_interfaces/msg/hardware_status__type_support.cpp.o[0m
[1.367s] [ 38%] [32mBuilding CXX object CMakeFiles/my_robot_interfaces__rosidl_typesupport_introspection_cpp.dir/rosidl_typesupport_introspection_cpp/my_robot_interfaces/msg/detail/hardware_status__type_support.cpp.o[0m
[1.372s] [ 41%] [32mBuilding CXX object CMakeFiles/my_robot_interfaces__rosidl_typesupport_fastrtps_cpp.dir/rosidl_typesupport_fastrtps_cpp/my_robot_interfaces/msg/detail/dds_fastrtps/hardware_status__type_support.cpp.o[0m
[1.464s] [ 45%] [32mBuilding CXX object CMakeFiles/my_robot_interfaces__rosidl_typesupport_c.dir/rosidl_typesupport_c/my_robot_interfaces/msg/hardware_status__type_support.cpp.o[0m
[1.485s] [ 51%] [32mBuilding C object CMakeFiles/my_robot_interfaces__rosidl_typesupport_introspection_c.dir/rosidl_typesupport_introspection_c/my_robot_interfaces/msg/detail/hardware_status__type_support.c.o[0m
[1.485s] [ 51%] [32mBuilding CXX object CMakeFiles/my_robot_interfaces__rosidl_typesupport_fastrtps_c.dir/rosidl_typesupport_fastrtps_c/my_robot_interfaces/msg/detail/hardware_status__type_support_c.cpp.o[0m
[1.495s] [ 54%] [32m[1mLinking CXX shared library libmy_robot_interfaces__rosidl_typesupport_c.so[0m
[1.515s] [ 58%] [32m[1mLinking C shared library libmy_robot_interfaces__rosidl_typesupport_introspection_c.so[0m
[1.534s] [ 58%] Built target my_robot_interfaces__rosidl_typesupport_c
[1.544s] [ 58%] Built target my_robot_interfaces__rosidl_typesupport_introspection_c
[1.635s] [ 61%] [32m[1mLinking CXX shared library libmy_robot_interfaces__rosidl_typesupport_cpp.so[0m
[1.672s] [ 61%] Built target my_robot_interfaces__rosidl_typesupport_cpp
[1.687s] [ 64%] [32m[1mLinking CXX shared library libmy_robot_interfaces__rosidl_typesupport_fastrtps_cpp.so[0m
[1.721s] [ 67%] [32m[1mLinking CXX shared library libmy_robot_interfaces__rosidl_typesupport_introspection_cpp.so[0m
[1.740s] [ 70%] [32m[1mLinking CXX shared library libmy_robot_interfaces__rosidl_typesupport_fastrtps_c.so[0m
[1.752s] [ 70%] Built target my_robot_interfaces__rosidl_typesupport_fastrtps_cpp
[1.775s] [ 70%] Built target my_robot_interfaces__rosidl_typesupport_introspection_cpp
[1.799s] [ 70%] Built target my_robot_interfaces__rosidl_typesupport_fastrtps_c
[1.817s] [ 70%] Built target my_robot_interfaces
[1.836s] [ 74%] [34m[1mGenerating Python code for ROS interfaces[0m
[2.041s] [ 74%] Built target my_robot_interfaces__py
[2.059s] [ 77%] [32mBuilding C object CMakeFiles/my_robot_interfaces__rosidl_generator_py.dir/rosidl_generator_py/my_robot_interfaces/msg/_hardware_status_s.c.o[0m
[2.165s] [ 80%] [32m[1mLinking C shared library rosidl_generator_py/my_robot_interfaces/libmy_robot_interfaces__rosidl_generator_py.so[0m
[2.204s] [ 80%] Built target my_robot_interfaces__rosidl_generator_py
[2.223s] [ 90%] [32mBuilding C object CMakeFiles/my_robot_interfaces__rosidl_typesupport_fastrtps_c__pyext.dir/rosidl_generator_py/my_robot_interfaces/_my_robot_interfaces_s.ep.rosidl_typesupport_fastrtps_c.c.o[0m
[2.223s] [ 90%] [32mBuilding C object CMakeFiles/my_robot_interfaces__rosidl_typesupport_introspection_c__pyext.dir/rosidl_generator_py/my_robot_interfaces/_my_robot_interfaces_s.ep.rosidl_typesupport_introspection_c.c.o[0m
[2.223s] [ 90%] [32mBuilding C object CMakeFiles/my_robot_interfaces__rosidl_typesupport_c__pyext.dir/rosidl_generator_py/my_robot_interfaces/_my_robot_interfaces_s.ep.rosidl_typesupport_c.c.o[0m
[2.292s] [ 96%] [32m[1mLinking C shared library rosidl_generator_py/my_robot_interfaces/my_robot_interfaces_s__rosidl_typesupport_introspection_c.cpython-310-x86_64-linux-gnu.so[0m
[2.292s] [ 96%] [32m[1mLinking C shared library rosidl_generator_py/my_robot_interfaces/my_robot_interfaces_s__rosidl_typesupport_c.cpython-310-x86_64-linux-gnu.so[0m
[2.296s] [100%] [32m[1mLinking C shared library rosidl_generator_py/my_robot_interfaces/my_robot_interfaces_s__rosidl_typesupport_fastrtps_c.cpython-310-x86_64-linux-gnu.so[0m
[2.321s] [100%] Built target my_robot_interfaces__rosidl_typesupport_c__pyext
[2.322s] [100%] Built target my_robot_interfaces__rosidl_typesupport_introspection_c__pyext
[2.326s] [100%] Built target my_robot_interfaces__rosidl_typesupport_fastrtps_c__pyext
[2.337s] Invoked command in '/home/varun/ros2workspace/build/my_robot_interfaces' returned '0': CMAKE_PREFIX_PATH=${CMAKE_PREFIX_PATH}:/home/varun/ros2workspace/install/my_pkgpy:/home/varun/ros2_ws/install/my_py_pkg:/opt/ros/humble /usr/bin/cmake --build /home/varun/ros2workspace/build/my_robot_interfaces -- -j12 -l12
[2.406s] Invoking command in '/home/varun/ros2workspace/build/my_robot_interfaces': CMAKE_PREFIX_PATH=${CMAKE_PREFIX_PATH}:/home/varun/ros2workspace/install/my_pkgpy:/home/varun/ros2_ws/install/my_py_pkg:/opt/ros/humble /usr/bin/cmake --install /home/varun/ros2workspace/build/my_robot_interfaces
[2.413s] -- Install configuration: ""
[2.413s] -- Installing: /home/varun/ros2workspace/install/my_robot_interfaces/share/ament_index/resource_index/rosidl_interfaces/my_robot_interfaces
[2.414s] -- Installing: /home/varun/ros2workspace/install/my_robot_interfaces/include/my_robot_interfaces/my_robot_interfaces
[2.414s] -- Installing: /home/varun/ros2workspace/install/my_robot_interfaces/include/my_robot_interfaces/my_robot_interfaces/msg
[2.414s] -- Installing: /home/varun/ros2workspace/install/my_robot_interfaces/include/my_robot_interfaces/my_robot_interfaces/msg/hardware_status.h
[2.414s] -- Installing: /home/varun/ros2workspace/install/my_robot_interfaces/include/my_robot_interfaces/my_robot_interfaces/msg/detail
[2.414s] -- Installing: /home/varun/ros2workspace/install/my_robot_interfaces/include/my_robot_interfaces/my_robot_interfaces/msg/detail/hardware_status__functions.c
[2.414s] -- Installing: /home/varun/ros2workspace/install/my_robot_interfaces/include/my_robot_interfaces/my_robot_interfaces/msg/detail/hardware_status__type_support.h
[2.414s] -- Installing: /home/varun/ros2workspace/install/my_robot_interfaces/include/my_robot_interfaces/my_robot_interfaces/msg/detail/hardware_status__struct.h
[2.414s] -- Installing: /home/varun/ros2workspace/install/my_robot_interfaces/include/my_robot_interfaces/my_robot_interfaces/msg/detail/hardware_status__functions.h
[2.415s] -- Installing: /home/varun/ros2workspace/install/my_robot_interfaces/include/my_robot_interfaces/my_robot_interfaces/msg/rosidl_generator_c__visibility_control.h
[2.415s] -- Installing: /home/varun/ros2workspace/install/my_robot_interfaces/share/my_robot_interfaces/environment/library_path.sh
[2.415s] -- Installing: /home/varun/ros2workspace/install/my_robot_interfaces/share/my_robot_interfaces/environment/library_path.dsv
[2.415s] -- Installing: /home/varun/ros2workspace/install/my_robot_interfaces/lib/libmy_robot_interfaces__rosidl_generator_c.so
[2.415s] -- Set runtime path of "/home/varun/ros2workspace/install/my_robot_interfaces/lib/libmy_robot_interfaces__rosidl_generator_c.so" to ""
[2.416s] -- Up-to-date: /home/varun/ros2workspace/install/my_robot_interfaces/include/my_robot_interfaces/my_robot_interfaces
[2.416s] -- Up-to-date: /home/varun/ros2workspace/install/my_robot_interfaces/include/my_robot_interfaces/my_robot_interfaces/msg
[2.416s] -- Up-to-date: /home/varun/ros2workspace/install/my_robot_interfaces/include/my_robot_interfaces/my_robot_interfaces/msg/detail
[2.416s] -- Installing: /home/varun/ros2workspace/install/my_robot_interfaces/include/my_robot_interfaces/my_robot_interfaces/msg/detail/hardware_status__rosidl_typesupport_fastrtps_c.h
[2.416s] -- Installing: /home/varun/ros2workspace/install/my_robot_interfaces/include/my_robot_interfaces/my_robot_interfaces/msg/rosidl_typesupport_fastrtps_c__visibility_control.h
[2.416s] -- Installing: /home/varun/ros2workspace/install/my_robot_interfaces/lib/libmy_robot_interfaces__rosidl_typesupport_fastrtps_c.so
[2.416s] -- Set runtime path of "/home/varun/ros2workspace/install/my_robot_interfaces/lib/libmy_robot_interfaces__rosidl_typesupport_fastrtps_c.so" to ""
[2.416s] -- Up-to-date: /home/varun/ros2workspace/install/my_robot_interfaces/include/my_robot_interfaces/my_robot_interfaces
[2.416s] -- Up-to-date: /home/varun/ros2workspace/install/my_robot_interfaces/include/my_robot_interfaces/my_robot_interfaces/msg
[2.416s] -- Up-to-date: /home/varun/ros2workspace/install/my_robot_interfaces/include/my_robot_interfaces/my_robot_interfaces/msg/detail
[2.417s] -- Installing: /home/varun/ros2workspace/install/my_robot_interfaces/include/my_robot_interfaces/my_robot_interfaces/msg/detail/hardware_status__rosidl_typesupport_introspection_c.h
[2.417s] -- Installing: /home/varun/ros2workspace/install/my_robot_interfaces/include/my_robot_interfaces/my_robot_interfaces/msg/detail/hardware_status__type_support.c
[2.417s] -- Installing: /home/varun/ros2workspace/install/my_robot_interfaces/include/my_robot_interfaces/my_robot_interfaces/msg/rosidl_typesupport_introspection_c__visibility_control.h
[2.417s] -- Installing: /home/varun/ros2workspace/install/my_robot_interfaces/lib/libmy_robot_interfaces__rosidl_typesupport_introspection_c.so
[2.417s] -- Set runtime path of "/home/varun/ros2workspace/install/my_robot_interfaces/lib/libmy_robot_interfaces__rosidl_typesupport_introspection_c.so" to ""
[2.417s] -- Installing: /home/varun/ros2workspace/install/my_robot_interfaces/lib/libmy_robot_interfaces__rosidl_typesupport_c.so
[2.417s] -- Set runtime path of "/home/varun/ros2workspace/install/my_robot_interfaces/lib/libmy_robot_interfaces__rosidl_typesupport_c.so" to ""
[2.417s] -- Up-to-date: /home/varun/ros2workspace/install/my_robot_interfaces/include/my_robot_interfaces/my_robot_interfaces
[2.417s] -- Up-to-date: /home/varun/ros2workspace/install/my_robot_interfaces/include/my_robot_interfaces/my_robot_interfaces/msg
[2.418s] -- Up-to-date: /home/varun/ros2workspace/install/my_robot_interfaces/include/my_robot_interfaces/my_robot_interfaces/msg/detail
[2.418s] -- Installing: /home/varun/ros2workspace/install/my_robot_interfaces/include/my_robot_interfaces/my_robot_interfaces/msg/detail/hardware_status__traits.hpp
[2.418s] -- Installing: /home/varun/ros2workspace/install/my_robot_interfaces/include/my_robot_interfaces/my_robot_interfaces/msg/detail/hardware_status__builder.hpp
[2.418s] -- Installing: /home/varun/ros2workspace/install/my_robot_interfaces/include/my_robot_interfaces/my_robot_interfaces/msg/detail/hardware_status__struct.hpp
[2.418s] -- Installing: /home/varun/ros2workspace/install/my_robot_interfaces/include/my_robot_interfaces/my_robot_interfaces/msg/hardware_status.hpp
[2.418s] -- Up-to-date: /home/varun/ros2workspace/install/my_robot_interfaces/include/my_robot_interfaces/my_robot_interfaces
[2.418s] -- Up-to-date: /home/varun/ros2workspace/install/my_robot_interfaces/include/my_robot_interfaces/my_robot_interfaces/msg
[2.418s] -- Up-to-date: /home/varun/ros2workspace/install/my_robot_interfaces/include/my_robot_interfaces/my_robot_interfaces/msg/detail
[2.418s] -- Installing: /home/varun/ros2workspace/install/my_robot_interfaces/include/my_robot_interfaces/my_robot_interfaces/msg/detail/hardware_status__rosidl_typesupport_fastrtps_cpp.hpp
[2.418s] -- Installing: /home/varun/ros2workspace/install/my_robot_interfaces/include/my_robot_interfaces/my_robot_interfaces/msg/detail/dds_fastrtps
[2.418s] -- Installing: /home/varun/ros2workspace/install/my_robot_interfaces/include/my_robot_interfaces/my_robot_interfaces/msg/rosidl_typesupport_fastrtps_cpp__visibility_control.h
[2.418s] -- Installing: /home/varun/ros2workspace/install/my_robot_interfaces/lib/libmy_robot_interfaces__rosidl_typesupport_fastrtps_cpp.so
[2.419s] -- Set runtime path of "/home/varun/ros2workspace/install/my_robot_interfaces/lib/libmy_robot_interfaces__rosidl_typesupport_fastrtps_cpp.so" to ""
[2.419s] -- Up-to-date: /home/varun/ros2workspace/install/my_robot_interfaces/include/my_robot_interfaces/my_robot_interfaces
[2.419s] -- Up-to-date: /home/varun/ros2workspace/install/my_robot_interfaces/include/my_robot_interfaces/my_robot_interfaces/msg
[2.419s] -- Up-to-date: /home/varun/ros2workspace/install/my_robot_interfaces/include/my_robot_interfaces/my_robot_interfaces/msg/detail
[2.419s] -- Installing: /home/varun/ros2workspace/install/my_robot_interfaces/include/my_robot_interfaces/my_robot_interfaces/msg/detail/hardware_status__rosidl_typesupport_introspection_cpp.hpp
[2.419s] -- Installing: /home/varun/ros2workspace/install/my_robot_interfaces/include/my_robot_interfaces/my_robot_interfaces/msg/detail/hardware_status__type_support.cpp
[2.419s] -- Installing: /home/varun/ros2workspace/install/my_robot_interfaces/lib/libmy_robot_interfaces__rosidl_typesupport_introspection_cpp.so
[2.419s] -- Set runtime path of "/home/varun/ros2workspace/install/my_robot_interfaces/lib/libmy_robot_interfaces__rosidl_typesupport_introspection_cpp.so" to ""
[2.419s] -- Installing: /home/varun/ros2workspace/install/my_robot_interfaces/lib/libmy_robot_interfaces__rosidl_typesupport_cpp.so
[2.420s] -- Set runtime path of "/home/varun/ros2workspace/install/my_robot_interfaces/lib/libmy_robot_interfaces__rosidl_typesupport_cpp.so" to ""
[2.420s] -- Installing: /home/varun/ros2workspace/install/my_robot_interfaces/share/my_robot_interfaces/environment/pythonpath.sh
[2.420s] -- Installing: /home/varun/ros2workspace/install/my_robot_interfaces/share/my_robot_interfaces/environment/pythonpath.dsv
[2.420s] -- Installing: /home/varun/ros2workspace/install/my_robot_interfaces/local/lib/python3.10/dist-packages/my_robot_interfaces-0.0.0-py3.10.egg-info
[2.420s] -- Installing: /home/varun/ros2workspace/install/my_robot_interfaces/local/lib/python3.10/dist-packages/my_robot_interfaces-0.0.0-py3.10.egg-info/top_level.txt
[2.420s] -- Installing: /home/varun/ros2workspace/install/my_robot_interfaces/local/lib/python3.10/dist-packages/my_robot_interfaces-0.0.0-py3.10.egg-info/SOURCES.txt
[2.420s] -- Installing: /home/varun/ros2workspace/install/my_robot_interfaces/local/lib/python3.10/dist-packages/my_robot_interfaces-0.0.0-py3.10.egg-info/PKG-INFO
[2.421s] -- Installing: /home/varun/ros2workspace/install/my_robot_interfaces/local/lib/python3.10/dist-packages/my_robot_interfaces-0.0.0-py3.10.egg-info/dependency_links.txt
[2.421s] -- Installing: /home/varun/ros2workspace/install/my_robot_interfaces/local/lib/python3.10/dist-packages/my_robot_interfaces
[2.421s] -- Installing: /home/varun/ros2workspace/install/my_robot_interfaces/local/lib/python3.10/dist-packages/my_robot_interfaces/libmy_robot_interfaces__rosidl_generator_py.so
[2.421s] -- Installing: /home/varun/ros2workspace/install/my_robot_interfaces/local/lib/python3.10/dist-packages/my_robot_interfaces/msg
[2.421s] -- Installing: /home/varun/ros2workspace/install/my_robot_interfaces/local/lib/python3.10/dist-packages/my_robot_interfaces/msg/_hardware_status.py
[2.421s] -- Installing: /home/varun/ros2workspace/install/my_robot_interfaces/local/lib/python3.10/dist-packages/my_robot_interfaces/msg/_hardware_status_s.c
[2.421s] -- Installing: /home/varun/ros2workspace/install/my_robot_interfaces/local/lib/python3.10/dist-packages/my_robot_interfaces/msg/__init__.py
[2.421s] -- Installing: /home/varun/ros2workspace/install/my_robot_interfaces/local/lib/python3.10/dist-packages/my_robot_interfaces/my_robot_interfaces_s__rosidl_typesupport_fastrtps_c.cpython-310-x86_64-linux-gnu.so
[2.421s] -- Installing: /home/varun/ros2workspace/install/my_robot_interfaces/local/lib/python3.10/dist-packages/my_robot_interfaces/_my_robot_interfaces_s.ep.rosidl_typesupport_fastrtps_c.c
[2.422s] -- Installing: /home/varun/ros2workspace/install/my_robot_interfaces/local/lib/python3.10/dist-packages/my_robot_interfaces/my_robot_interfaces_s__rosidl_typesupport_c.cpython-310-x86_64-linux-gnu.so
[2.422s] -- Installing: /home/varun/ros2workspace/install/my_robot_interfaces/local/lib/python3.10/dist-packages/my_robot_interfaces/_my_robot_interfaces_s.ep.rosidl_typesupport_introspection_c.c
[2.422s] -- Installing: /home/varun/ros2workspace/install/my_robot_interfaces/local/lib/python3.10/dist-packages/my_robot_interfaces/_my_robot_interfaces_s.ep.rosidl_typesupport_c.c
[2.422s] -- Installing: /home/varun/ros2workspace/install/my_robot_interfaces/local/lib/python3.10/dist-packages/my_robot_interfaces/my_robot_interfaces_s__rosidl_typesupport_introspection_c.cpython-310-x86_64-linux-gnu.so
[2.422s] -- Installing: /home/varun/ros2workspace/install/my_robot_interfaces/local/lib/python3.10/dist-packages/my_robot_interfaces/__init__.py
[2.449s] Listing '/home/varun/ros2workspace/install/my_robot_interfaces/local/lib/python3.10/dist-packages/my_robot_interfaces'...
[2.449s] Compiling '/home/varun/ros2workspace/install/my_robot_interfaces/local/lib/python3.10/dist-packages/my_robot_interfaces/__init__.py'...
[2.449s] Listing '/home/varun/ros2workspace/install/my_robot_interfaces/local/lib/python3.10/dist-packages/my_robot_interfaces/msg'...
[2.449s] Compiling '/home/varun/ros2workspace/install/my_robot_interfaces/local/lib/python3.10/dist-packages/my_robot_interfaces/msg/__init__.py'...
[2.449s] Compiling '/home/varun/ros2workspace/install/my_robot_interfaces/local/lib/python3.10/dist-packages/my_robot_interfaces/msg/_hardware_status.py'...
[2.452s] -- Installing: /home/varun/ros2workspace/install/my_robot_interfaces/local/lib/python3.10/dist-packages/my_robot_interfaces/my_robot_interfaces_s__rosidl_typesupport_fastrtps_c.cpython-310-x86_64-linux-gnu.so
[2.453s] -- Set runtime path of "/home/varun/ros2workspace/install/my_robot_interfaces/local/lib/python3.10/dist-packages/my_robot_interfaces/my_robot_interfaces_s__rosidl_typesupport_fastrtps_c.cpython-310-x86_64-linux-gnu.so" to ""
[2.453s] -- Installing: /home/varun/ros2workspace/install/my_robot_interfaces/local/lib/python3.10/dist-packages/my_robot_interfaces/my_robot_interfaces_s__rosidl_typesupport_introspection_c.cpython-310-x86_64-linux-gnu.so
[2.453s] -- Set runtime path of "/home/varun/ros2workspace/install/my_robot_interfaces/local/lib/python3.10/dist-packages/my_robot_interfaces/my_robot_interfaces_s__rosidl_typesupport_introspection_c.cpython-310-x86_64-linux-gnu.so" to ""
[2.453s] -- Installing: /home/varun/ros2workspace/install/my_robot_interfaces/local/lib/python3.10/dist-packages/my_robot_interfaces/my_robot_interfaces_s__rosidl_typesupport_c.cpython-310-x86_64-linux-gnu.so
[2.454s] -- Set runtime path of "/home/varun/ros2workspace/install/my_robot_interfaces/local/lib/python3.10/dist-packages/my_robot_interfaces/my_robot_interfaces_s__rosidl_typesupport_c.cpython-310-x86_64-linux-gnu.so" to ""
[2.454s] -- Installing: /home/varun/ros2workspace/install/my_robot_interfaces/lib/libmy_robot_interfaces__rosidl_generator_py.so
[2.454s] -- Set runtime path of "/home/varun/ros2workspace/install/my_robot_interfaces/lib/libmy_robot_interfaces__rosidl_generator_py.so" to ""
[2.454s] -- Installing: /home/varun/ros2workspace/install/my_robot_interfaces/share/my_robot_interfaces/msg/HardwareStatus.idl
[2.454s] -- Installing: /home/varun/ros2workspace/install/my_robot_interfaces/share/my_robot_interfaces/msg/HardwareStatus.msg
[2.455s] -- Installing: /home/varun/ros2workspace/install/my_robot_interfaces/share/ament_index/resource_index/package_run_dependencies/my_robot_interfaces
[2.455s] -- Installing: /home/varun/ros2workspace/install/my_robot_interfaces/share/ament_index/resource_index/parent_prefix_path/my_robot_interfaces
[2.455s] -- Installing: /home/varun/ros2workspace/install/my_robot_interfaces/share/my_robot_interfaces/environment/ament_prefix_path.sh
[2.455s] -- Installing: /home/varun/ros2workspace/install/my_robot_interfaces/share/my_robot_interfaces/environment/ament_prefix_path.dsv
[2.455s] -- Installing: /home/varun/ros2workspace/install/my_robot_interfaces/share/my_robot_interfaces/environment/path.sh
[2.455s] -- Installing: /home/varun/ros2workspace/install/my_robot_interfaces/share/my_robot_interfaces/environment/path.dsv
[2.455s] -- Installing: /home/varun/ros2workspace/install/my_robot_interfaces/share/my_robot_interfaces/local_setup.bash
[2.456s] -- Installing: /home/varun/ros2workspace/install/my_robot_interfaces/share/my_robot_interfaces/local_setup.sh
[2.456s] -- Installing: /home/varun/ros2workspace/install/my_robot_interfaces/share/my_robot_interfaces/local_setup.zsh
[2.456s] -- Installing: /home/varun/ros2workspace/install/my_robot_interfaces/share/my_robot_interfaces/local_setup.dsv
[2.456s] -- Installing: /home/varun/ros2workspace/install/my_robot_interfaces/share/my_robot_interfaces/package.dsv
[2.456s] -- Installing: /home/varun/ros2workspace/install/my_robot_interfaces/share/ament_index/resource_index/packages/my_robot_interfaces
[2.456s] -- Installing: /home/varun/ros2workspace/install/my_robot_interfaces/share/my_robot_interfaces/cmake/export_my_robot_interfaces__rosidl_generator_cExport.cmake
[2.457s] -- Installing: /home/varun/ros2workspace/install/my_robot_interfaces/share/my_robot_interfaces/cmake/export_my_robot_interfaces__rosidl_generator_cExport-noconfig.cmake
[2.457s] -- Installing: /home/varun/ros2workspace/install/my_robot_interfaces/share/my_robot_interfaces/cmake/export_my_robot_interfaces__rosidl_typesupport_fastrtps_cExport.cmake
[2.457s] -- Installing: /home/varun/ros2workspace/install/my_robot_interfaces/share/my_robot_interfaces/cmake/export_my_robot_interfaces__rosidl_typesupport_fastrtps_cExport-noconfig.cmake
[2.457s] -- Installing: /home/varun/ros2workspace/install/my_robot_interfaces/share/my_robot_interfaces/cmake/my_robot_interfaces__rosidl_typesupport_introspection_cExport.cmake
[2.457s] -- Installing: /home/varun/ros2workspace/install/my_robot_interfaces/share/my_robot_interfaces/cmake/my_robot_interfaces__rosidl_typesupport_introspection_cExport-noconfig.cmake
[2.457s] -- Installing: /home/varun/ros2workspace/install/my_robot_interfaces/share/my_robot_interfaces/cmake/my_robot_interfaces__rosidl_typesupport_cExport.cmake
[2.457s] -- Installing: /home/varun/ros2workspace/install/my_robot_interfaces/share/my_robot_interfaces/cmake/my_robot_interfaces__rosidl_typesupport_cExport-noconfig.cmake
[2.458s] -- Installing: /home/varun/ros2workspace/install/my_robot_interfaces/share/my_robot_interfaces/cmake/export_my_robot_interfaces__rosidl_generator_cppExport.cmake
[2.458s] -- Installing: /home/varun/ros2workspace/install/my_robot_interfaces/share/my_robot_interfaces/cmake/export_my_robot_interfaces__rosidl_typesupport_fastrtps_cppExport.cmake
[2.458s] -- Installing: /home/varun/ros2workspace/install/my_robot_interfaces/share/my_robot_interfaces/cmake/export_my_robot_interfaces__rosidl_typesupport_fastrtps_cppExport-noconfig.cmake
[2.458s] -- Installing: /home/varun/ros2workspace/install/my_robot_interfaces/share/my_robot_interfaces/cmake/my_robot_interfaces__rosidl_typesupport_introspection_cppExport.cmake
[2.458s] -- Installing: /home/varun/ros2workspace/install/my_robot_interfaces/share/my_robot_interfaces/cmake/my_robot_interfaces__rosidl_typesupport_introspection_cppExport-noconfig.cmake
[2.458s] -- Installing: /home/varun/ros2workspace/install/my_robot_interfaces/share/my_robot_interfaces/cmake/my_robot_interfaces__rosidl_typesupport_cppExport.cmake
[2.458s] -- Installing: /home/varun/ros2workspace/install/my_robot_interfaces/share/my_robot_interfaces/cmake/my_robot_interfaces__rosidl_typesupport_cppExport-noconfig.cmake
[2.459s] -- Installing: /home/varun/ros2workspace/install/my_robot_interfaces/share/my_robot_interfaces/cmake/export_my_robot_interfaces__rosidl_generator_pyExport.cmake
[2.459s] -- Installing: /home/varun/ros2workspace/install/my_robot_interfaces/share/my_robot_interfaces/cmake/export_my_robot_interfaces__rosidl_generator_pyExport-noconfig.cmake
[2.459s] -- Installing: /home/varun/ros2workspace/install/my_robot_interfaces/share/my_robot_interfaces/cmake/rosidl_cmake-extras.cmake
[2.459s] -- Installing: /home/varun/ros2workspace/install/my_robot_interfaces/share/my_robot_interfaces/cmake/ament_cmake_export_include_directories-extras.cmake
[2.459s] -- Installing: /home/varun/ros2workspace/install/my_robot_interfaces/share/my_robot_interfaces/cmake/ament_cmake_export_libraries-extras.cmake
[2.459s] -- Installing: /home/varun/ros2workspace/install/my_robot_interfaces/share/my_robot_interfaces/cmake/ament_cmake_export_targets-extras.cmake
[2.460s] -- Installing: /home/varun/ros2workspace/install/my_robot_interfaces/share/my_robot_interfaces/cmake/rosidl_cmake_export_typesupport_targets-extras.cmake
[2.460s] -- Installing: /home/varun/ros2workspace/install/my_robot_interfaces/share/my_robot_interfaces/cmake/ament_cmake_export_dependencies-extras.cmake
[2.460s] -- Installing: /home/varun/ros2workspace/install/my_robot_interfaces/share/my_robot_interfaces/cmake/rosidl_cmake_export_typesupport_libraries-extras.cmake
[2.460s] -- Installing: /home/varun/ros2workspace/install/my_robot_interfaces/share/my_robot_interfaces/cmake/my_robot_interfacesConfig.cmake
[2.460s] -- Installing: /home/varun/ros2workspace/install/my_robot_interfaces/share/my_robot_interfaces/cmake/my_robot_interfacesConfig-version.cmake
[2.460s] -- Installing: /home/varun/ros2workspace/install/my_robot_interfaces/share/my_robot_interfaces/package.xml
[2.463s] Invoked command in '/home/varun/ros2workspace/build/my_robot_interfaces' returned '0': CMAKE_PREFIX_PATH=${CMAKE_PREFIX_PATH}:/home/varun/ros2workspace/install/my_pkgpy:/home/varun/ros2_ws/install/my_py_pkg:/opt/ros/humble /usr/bin/cmake --install /home/varun/ros2workspace/build/my_robot_interfaces
