[1.115s] Invoking command in '/home/varun/ros2workspace/src/my_pkgpy': CMAKE_PREFIX_PATH=/home/varun/ros2workspace/install/my_robot_interfaces:/home/varun/ros2workspace/install/my_robot_bringup:/home/varun/ros2workspace/install/my_pkgcpp:/home/varun/ros2_ws/install/my_cpp_pkg PYTHONPATH=/home/varun/ros2workspace/build/my_pkgpy/prefix_override:/home/varun/ros2workspace/install/my_pkgpy/lib/python3.10/site-packages:${PYTHONPATH} /usr/bin/python3 setup.py egg_info --egg-base ../../build/my_pkgpy build --build-base /home/varun/ros2workspace/build/my_pkgpy/build install --record /home/varun/ros2workspace/build/my_pkgpy/install.log --single-version-externally-managed
[1.428s] running egg_info
[1.429s] writing ../../build/my_pkgpy/my_pkgpy.egg-info/PKG-INFO
[1.429s] writing dependency_links to ../../build/my_pkgpy/my_pkgpy.egg-info/dependency_links.txt
[1.430s] writing entry points to ../../build/my_pkgpy/my_pkgpy.egg-info/entry_points.txt
[1.430s] writing requirements to ../../build/my_pkgpy/my_pkgpy.egg-info/requires.txt
[1.430s] writing top-level names to ../../build/my_pkgpy/my_pkgpy.egg-info/top_level.txt
[1.432s] reading manifest file '../../build/my_pkgpy/my_pkgpy.egg-info/SOURCES.txt'
[1.434s] writing manifest file '../../build/my_pkgpy/my_pkgpy.egg-info/SOURCES.txt'
[1.434s] running build
[1.434s] running build_py
[1.435s] running install
[1.435s] running install_lib
[1.437s] running install_data
[1.438s] running install_egg_info
[1.440s] removing '/home/varun/ros2workspace/install/my_pkgpy/lib/python3.10/site-packages/my_pkgpy-0.0.0-py3.10.egg-info' (and everything under it)
[1.440s] Copying ../../build/my_pkgpy/my_pkgpy.egg-info to /home/varun/ros2workspace/install/my_pkgpy/lib/python3.10/site-packages/my_pkgpy-0.0.0-py3.10.egg-info
[1.442s] running install_scripts
[1.463s] Installing Add_two_integers_client script to /home/varun/ros2workspace/install/my_pkgpy/lib/my_pkgpy
[1.464s] Installing Add_two_integers_client_no_opp script to /home/varun/ros2workspace/install/my_pkgpy/lib/my_pkgpy
[1.464s] Installing Add_two_integers_server script to /home/varun/ros2workspace/install/my_pkgpy/lib/my_pkgpy
[1.464s] Installing Hw_status_publihser script to /home/varun/ros2workspace/install/my_pkgpy/lib/my_pkgpy
[1.464s] Installing Led_states_publisher script to /home/varun/ros2workspace/install/my_pkgpy/lib/my_pkgpy
[1.464s] Installing battery_client script to /home/varun/ros2workspace/install/my_pkgpy/lib/my_pkgpy
[1.464s] Installing number_counter script to /home/varun/ros2workspace/install/my_pkgpy/lib/my_pkgpy
[1.465s] Installing number_publish script to /home/varun/ros2workspace/install/my_pkgpy/lib/my_pkgpy
[1.465s] Installing py_node script to /home/varun/ros2workspace/install/my_pkgpy/lib/my_pkgpy
[1.465s] Installing robot_news_station script to /home/varun/ros2workspace/install/my_pkgpy/lib/my_pkgpy
[1.465s] Installing smartphone script to /home/varun/ros2workspace/install/my_pkgpy/lib/my_pkgpy
[1.466s] writing list of installed files to '/home/varun/ros2workspace/build/my_pkgpy/install.log'
[1.492s] Invoked command in '/home/varun/ros2workspace/src/my_pkgpy' returned '0': CMAKE_PREFIX_PATH=/home/varun/ros2workspace/install/my_robot_interfaces:/home/varun/ros2workspace/install/my_robot_bringup:/home/varun/ros2workspace/install/my_pkgcpp:/home/varun/ros2_ws/install/my_cpp_pkg PYTHONPATH=/home/varun/ros2workspace/build/my_pkgpy/prefix_override:/home/varun/ros2workspace/install/my_pkgpy/lib/python3.10/site-packages:${PYTHONPATH} /usr/bin/python3 setup.py egg_info --egg-base ../../build/my_pkgpy build --build-base /home/varun/ros2workspace/build/my_pkgpy/build install --record /home/varun/ros2workspace/build/my_pkgpy/install.log --single-version-externally-managed
