[0.999s] Invoking command in '/home/varun/ros2workspace/src/turtlesim_catch_them_all': PYTHONPATH=/home/varun/ros2workspace/build/turtlesim_catch_them_all/prefix_override:/home/varun/ros2workspace/install/turtlesim_catch_them_all/lib/python3.10/site-packages:${PYTHONPATH} /usr/bin/python3 setup.py egg_info --egg-base ../../build/turtlesim_catch_them_all build --build-base /home/varun/ros2workspace/build/turtlesim_catch_them_all/build install --record /home/varun/ros2workspace/build/turtlesim_catch_them_all/install.log --single-version-externally-managed
[1.310s] running egg_info
[1.311s] writing ../../build/turtlesim_catch_them_all/turtlesim_catch_them_all.egg-info/PKG-INFO
[1.311s] writing dependency_links to ../../build/turtlesim_catch_them_all/turtlesim_catch_them_all.egg-info/dependency_links.txt
[1.311s] writing entry points to ../../build/turtlesim_catch_them_all/turtlesim_catch_them_all.egg-info/entry_points.txt
[1.312s] writing requirements to ../../build/turtlesim_catch_them_all/turtlesim_catch_them_all.egg-info/requires.txt
[1.312s] writing top-level names to ../../build/turtlesim_catch_them_all/turtlesim_catch_them_all.egg-info/top_level.txt
[1.314s] reading manifest file '../../build/turtlesim_catch_them_all/turtlesim_catch_them_all.egg-info/SOURCES.txt'
[1.315s] writing manifest file '../../build/turtlesim_catch_them_all/turtlesim_catch_them_all.egg-info/SOURCES.txt'
[1.315s] running build
[1.315s] running build_py
[1.315s] copying turtlesim_catch_them_all/turtle_controller.py -> /home/varun/ros2workspace/build/turtlesim_catch_them_all/build/lib/turtlesim_catch_them_all
[1.315s] running install
[1.315s] running install_lib
[1.316s] copying /home/varun/ros2workspace/build/turtlesim_catch_them_all/build/lib/turtlesim_catch_them_all/turtle_controller.py -> /home/varun/ros2workspace/install/turtlesim_catch_them_all/lib/python3.10/site-packages/turtlesim_catch_them_all
[1.317s] byte-compiling /home/varun/ros2workspace/install/turtlesim_catch_them_all/lib/python3.10/site-packages/turtlesim_catch_them_all/turtle_controller.py to turtle_controller.cpython-310.pyc
[1.318s] running install_data
[1.318s] running install_egg_info
[1.320s] removing '/home/varun/ros2workspace/install/turtlesim_catch_them_all/lib/python3.10/site-packages/turtlesim_catch_them_all-0.0.0-py3.10.egg-info' (and everything under it)
[1.320s] Copying ../../build/turtlesim_catch_them_all/turtlesim_catch_them_all.egg-info to /home/varun/ros2workspace/install/turtlesim_catch_them_all/lib/python3.10/site-packages/turtlesim_catch_them_all-0.0.0-py3.10.egg-info
[1.322s] running install_scripts
[1.344s] Installing turtlee_controller script to /home/varun/ros2workspace/install/turtlesim_catch_them_all/lib/turtlesim_catch_them_all
[1.344s] writing list of installed files to '/home/varun/ros2workspace/build/turtlesim_catch_them_all/install.log'
[1.369s] Invoked command in '/home/varun/ros2workspace/src/turtlesim_catch_them_all' returned '0': PYTHONPATH=/home/varun/ros2workspace/build/turtlesim_catch_them_all/prefix_override:/home/varun/ros2workspace/install/turtlesim_catch_them_all/lib/python3.10/site-packages:${PYTHONPATH} /usr/bin/python3 setup.py egg_info --egg-base ../../build/turtlesim_catch_them_all build --build-base /home/varun/ros2workspace/build/turtlesim_catch_them_all/build install --record /home/varun/ros2workspace/build/turtlesim_catch_them_all/install.log --single-version-externally-managed
