[0.104s] Invoking command in '/home/varun/ros2workspace/build/my_pkgcpp': CMAKE_PREFIX_PATH=/home/varun/ros2workspace/install/my_robot_bringup:/home/varun/ros2workspace/install/my_robot_interfaces:/home/varun/ros2workspace/install/my_pkgcpp:/home/varun/ros2workspace/install/turtlesim_catch_them_all:/home/varun/ros2workspace/install/my_pkgpy:/home/varun/ros2_ws/install/my_py_pkg:/opt/ros/humble:/home/varun/ros_robot/install/rrbot_description:/home/varun/ros_robot/install/robo_description:/home/varun/ros_robot/install/robo_bringup:/home/varun/robot_ws/install/robot_bringup:/home/varun/robot_ws/install/my_robot_bringupp:/home/varun/robot_ws/install/my_robot_bringup:/home/varun/robot_ws/install/my_robot_description:/home/varun/ros2_ws/install/my_cpp_pkg /usr/bin/cmake --build /home/varun/ros2workspace/build/my_pkgcpp -- -j12 -l12
[0.195s] [35m[1mConsolidate compiler generated dependencies of target cpp_node[0m
[0.236s] [100%] Built target cpp_node
[0.249s] Invoked command in '/home/varun/ros2workspace/build/my_pkgcpp' returned '0': CMAKE_PREFIX_PATH=/home/varun/ros2workspace/install/my_robot_bringup:/home/varun/ros2workspace/install/my_robot_interfaces:/home/varun/ros2workspace/install/my_pkgcpp:/home/varun/ros2workspace/install/turtlesim_catch_them_all:/home/varun/ros2workspace/install/my_pkgpy:/home/varun/ros2_ws/install/my_py_pkg:/opt/ros/humble:/home/varun/ros_robot/install/rrbot_description:/home/varun/ros_robot/install/robo_description:/home/varun/ros_robot/install/robo_bringup:/home/varun/robot_ws/install/robot_bringup:/home/varun/robot_ws/install/my_robot_bringupp:/home/varun/robot_ws/install/my_robot_bringup:/home/varun/robot_ws/install/my_robot_description:/home/varun/ros2_ws/install/my_cpp_pkg /usr/bin/cmake --build /home/varun/ros2workspace/build/my_pkgcpp -- -j12 -l12
[0.283s] Invoking command in '/home/varun/ros2workspace/build/my_pkgcpp': CMAKE_PREFIX_PATH=/home/varun/ros2workspace/install/my_robot_bringup:/home/varun/ros2workspace/install/my_robot_interfaces:/home/varun/ros2workspace/install/my_pkgcpp:/home/varun/ros2workspace/install/turtlesim_catch_them_all:/home/varun/ros2workspace/install/my_pkgpy:/home/varun/ros2_ws/install/my_py_pkg:/opt/ros/humble:/home/varun/ros_robot/install/rrbot_description:/home/varun/ros_robot/install/robo_description:/home/varun/ros_robot/install/robo_bringup:/home/varun/robot_ws/install/robot_bringup:/home/varun/robot_ws/install/my_robot_bringupp:/home/varun/robot_ws/install/my_robot_bringup:/home/varun/robot_ws/install/my_robot_description:/home/varun/ros2_ws/install/my_cpp_pkg /usr/bin/cmake --install /home/varun/ros2workspace/build/my_pkgcpp
[0.290s] -- Install configuration: ""
[0.292s] -- Up-to-date: /home/varun/ros2workspace/install/my_pkgcpp/lib/my_pkgcpp/cpp_node
[0.292s] -- Up-to-date: /home/varun/ros2workspace/install/my_pkgcpp/share/ament_index/resource_index/package_run_dependencies/my_pkgcpp
[0.292s] -- Up-to-date: /home/varun/ros2workspace/install/my_pkgcpp/share/ament_index/resource_index/parent_prefix_path/my_pkgcpp
[0.292s] -- Up-to-date: /home/varun/ros2workspace/install/my_pkgcpp/share/my_pkgcpp/environment/ament_prefix_path.sh
[0.292s] -- Up-to-date: /home/varun/ros2workspace/install/my_pkgcpp/share/my_pkgcpp/environment/ament_prefix_path.dsv
[0.292s] -- Up-to-date: /home/varun/ros2workspace/install/my_pkgcpp/share/my_pkgcpp/environment/path.sh
[0.292s] -- Up-to-date: /home/varun/ros2workspace/install/my_pkgcpp/share/my_pkgcpp/environment/path.dsv
[0.292s] -- Up-to-date: /home/varun/ros2workspace/install/my_pkgcpp/share/my_pkgcpp/local_setup.bash
[0.292s] -- Up-to-date: /home/varun/ros2workspace/install/my_pkgcpp/share/my_pkgcpp/local_setup.sh
[0.293s] -- Up-to-date: /home/varun/ros2workspace/install/my_pkgcpp/share/my_pkgcpp/local_setup.zsh
[0.293s] -- Up-to-date: /home/varun/ros2workspace/install/my_pkgcpp/share/my_pkgcpp/local_setup.dsv
[0.293s] -- Installing: /home/varun/ros2workspace/install/my_pkgcpp/share/my_pkgcpp/package.dsv
[0.293s] -- Up-to-date: /home/varun/ros2workspace/install/my_pkgcpp/share/ament_index/resource_index/packages/my_pkgcpp
[0.293s] -- Up-to-date: /home/varun/ros2workspace/install/my_pkgcpp/share/my_pkgcpp/cmake/my_pkgcppConfig.cmake
[0.293s] -- Up-to-date: /home/varun/ros2workspace/install/my_pkgcpp/share/my_pkgcpp/cmake/my_pkgcppConfig-version.cmake
[0.293s] -- Up-to-date: /home/varun/ros2workspace/install/my_pkgcpp/share/my_pkgcpp/package.xml
[0.295s] Invoked command in '/home/varun/ros2workspace/build/my_pkgcpp' returned '0': CMAKE_PREFIX_PATH=/home/varun/ros2workspace/install/my_robot_bringup:/home/varun/ros2workspace/install/my_robot_interfaces:/home/varun/ros2workspace/install/my_pkgcpp:/home/varun/ros2workspace/install/turtlesim_catch_them_all:/home/varun/ros2workspace/install/my_pkgpy:/home/varun/ros2_ws/install/my_py_pkg:/opt/ros/humble:/home/varun/ros_robot/install/rrbot_description:/home/varun/ros_robot/install/robo_description:/home/varun/ros_robot/install/robo_bringup:/home/varun/robot_ws/install/robot_bringup:/home/varun/robot_ws/install/my_robot_bringupp:/home/varun/robot_ws/install/my_robot_bringup:/home/varun/robot_ws/install/my_robot_description:/home/varun/ros2_ws/install/my_cpp_pkg /usr/bin/cmake --install /home/varun/ros2workspace/build/my_pkgcpp
