[0.076s] Invoking command in '/home/varun/ros2workspace/build/my_robot_interfaces': /usr/bin/cmake /home/varun/ros2workspace/src/my_robot_interfaces -DCMAKE_INSTALL_PREFIX=/home/varun/ros2workspace/install/my_robot_interfaces
[0.087s] -- Found ament_cmake: 1.3.6 (/opt/ros/humble/share/ament_cmake/cmake)
[0.198s] [31mCMake Error at /opt/ros/humble/share/ament_cmake_core/cmake/ament_cmake_uninstall_target-extras.cmake:40 (add_custom_target):
[0.198s]   add_custom_target called with invalid target name
[0.198s]   "my_robot_interfaces/_uninstall".  Target names may not contain a slash.
[0.198s]   Use ADD_CUSTOM_COMMAND to generate files.
[0.198s] Call Stack (most recent call first):
[0.198s]   /opt/ros/humble/share/ament_cmake_core/cmake/ament_cmake_coreConfig.cmake:41 (include)
[0.198s]   /opt/ros/humble/share/ament_cmake/cmake/ament_cmake_export_dependencies-extras.cmake:15 (find_package)
[0.198s]   /opt/ros/humble/share/ament_cmake/cmake/ament_cmakeConfig.cmake:41 (include)
[0.198s]   CMakeLists.txt:9 (find_package)
[0.198s] 
[0.198s] [0m
[0.203s] -- Found rosidl_default_generators: 1.2.0 (/opt/ros/humble/share/rosidl_default_generators/cmake)
[0.204s] -- Using all available rosidl_typesupport_c: rosidl_typesupport_fastrtps_c;rosidl_typesupport_introspection_c
[0.206s] -- Found rosidl_adapter: 3.1.5 (/opt/ros/humble/share/rosidl_adapter/cmake)
[0.230s] -- Using all available rosidl_typesupport_cpp: rosidl_typesupport_fastrtps_cpp;rosidl_typesupport_introspection_cpp
[0.384s] [31mCMake Error at /opt/ros/humble/share/rosidl_adapter/cmake/rosidl_adapt_interfaces.cmake:59 (message):
[0.384s]   execute_process(/usr/bin/python3.10 -m rosidl_adapter --package-name
[0.384s]   my_robot_interfaces/ --arguments-file
[0.384s]   /home/varun/ros2workspace/build/my_robot_interfaces/rosidl_adapter__arguments__my_robot_interfaces/.json
[0.384s]   --output-dir
[0.384s]   /home/varun/ros2workspace/build/my_robot_interfaces/rosidl_adapter/my_robot_interfaces/
[0.384s]   --output-file
[0.384s]   /home/varun/ros2workspace/build/my_robot_interfaces/rosidl_adapter/my_robot_interfaces/.idls)
[0.384s]   returned error code 1:
[0.384s] 
[0.384s]   Traceback (most recent call last):
[0.384s] 
[0.384s]     File "/usr/lib/python3.10/runpy.py", line 196, in _run_module_as_main
[0.385s]       return _run_code(code, main_globals, None,
[0.385s]     File "/usr/lib/python3.10/runpy.py", line 86, in _run_code
[0.385s]       exec(code, run_globals)
[0.385s]     File "/opt/ros/humble/local/lib/python3.10/dist-packages/rosidl_adapter/__main__.py", line 19, in <module>
[0.385s]       sys.exit(main())
[0.385s]     File "/opt/ros/humble/local/lib/python3.10/dist-packages/rosidl_adapter/main.py", line 53, in main
[0.385s]       abs_idl_file = convert_to_idl(
[0.385s]     File "/opt/ros/humble/local/lib/python3.10/dist-packages/rosidl_adapter/__init__.py", line 19, in convert_to_idl
[0.385s]       return convert_msg_to_idl(
[0.385s]     File "/opt/ros/humble/local/lib/python3.10/dist-packages/rosidl_adapter/msg/__init__.py", line 28, in convert_msg_to_idl
[0.385s]       msg = parse_message_string(package_name, input_file.stem, content)
[0.385s]     File "/opt/ros/humble/local/lib/python3.10/dist-packages/rosidl_adapter/parser.py", line 544, in parse_message_string
[0.385s]       msg = MessageSpecification(pkg_name, msg_name, fields, constants)
[0.385s]     File "/opt/ros/humble/local/lib/python3.10/dist-packages/rosidl_adapter/parser.py", line 388, in __init__
[0.385s]       self.base_type = BaseType(
[0.385s]     File "/opt/ros/humble/local/lib/python3.10/dist-packages/rosidl_adapter/parser.py", line 190, in __init__
[0.385s]       raise InvalidResourceName(type_string)
[0.386s] 
[0.386s]   rosidl_adapter.parser.InvalidResourceName:
[0.386s]   my_robot_interfaces//HardwareStatus
[0.386s] 
[0.386s] Call Stack (most recent call first):
[0.386s]   /opt/ros/humble/share/rosidl_cmake/cmake/rosidl_generate_interfaces.cmake:130 (rosidl_adapt_interfaces)
[0.386s]   CMakeLists.txt:12 (rosidl_generate_interfaces)
[0.386s] 
[0.386s] [0m
[0.386s] -- Configuring incomplete, errors occurred!
[0.386s] See also "/home/varun/ros2workspace/build/my_robot_interfaces/CMakeFiles/CMakeOutput.log".
[0.390s] Invoked command in '/home/varun/ros2workspace/build/my_robot_interfaces' returned '1': /usr/bin/cmake /home/varun/ros2workspace/src/my_robot_interfaces -DCMAKE_INSTALL_PREFIX=/home/varun/ros2workspace/install/my_robot_interfaces
