[1.469s] DEBUG:colcon:Command line arguments: ['/usr/bin/colcon', 'build', '--packages-select', 'turtlesim_catch_them_all', '--symlink-install']
[1.469s] DEBUG:colcon:Parsed command line arguments: Namespace(log_base=None, log_level=None, verb_name='build', build_base='build', install_base='install', merge_install=False, symlink_install=True, test_result_base=None, continue_on_error=False, executor='parallel', parallel_workers=12, event_handlers=None, ignore_user_meta=False, metas=['./colcon.meta'], base_paths=['.'], packages_ignore=None, packages_ignore_regex=None, paths=None, packages_up_to=None, packages_up_to_regex=None, packages_above=None, packages_above_and_dependencies=None, packages_above_depth=None, packages_select_by_dep=None, packages_skip_by_dep=None, packages_skip_up_to=None, packages_select_build_failed=False, packages_skip_build_finished=False, packages_select_test_failures=False, packages_skip_test_passed=False, packages_select=['turtlesim_catch_them_all'], packages_skip=None, packages_select_regex=None, packages_skip_regex=None, packages_start=None, packages_end=None, allow_overriding=[], cmake_args=None, cmake_target=None, cmake_target_skip_unavailable=False, cmake_clean_cache=False, cmake_clean_first=False, cmake_force_configure=False, ament_cmake_args=None, catkin_cmake_args=None, catkin_skip_building_tests=False, verb_parser=<colcon_defaults.argument_parser.defaults.DefaultArgumentsDecorator object at 0x7fbdedf309a0>, verb_extension=<colcon_core.verb.build.BuildVerb object at 0x7fbdedf27f70>, main=<bound method BuildVerb.main of <colcon_core.verb.build.BuildVerb object at 0x7fbdedf27f70>>)
[1.530s] Level 1:colcon.colcon_core.package_discovery:discover_packages(colcon_meta) check parameters
[1.530s] Level 1:colcon.colcon_core.package_discovery:discover_packages(recursive) check parameters
[1.531s] Level 1:colcon.colcon_core.package_discovery:discover_packages(ignore) check parameters
[1.531s] Level 1:colcon.colcon_core.package_discovery:discover_packages(path) check parameters
[1.531s] Level 1:colcon.colcon_core.package_discovery:discover_packages(colcon_meta) discover
[1.531s] Level 1:colcon.colcon_core.package_discovery:discover_packages(recursive) discover
[1.531s] INFO:colcon.colcon_core.package_discovery:Crawling recursively for packages in '/home/varun/ros2workspace'
[1.531s] Level 1:colcon.colcon_core.package_identification:_identify(.) by extensions ['ignore', 'ignore_ament_install']
[1.531s] Level 1:colcon.colcon_core.package_identification:_identify(.) by extension 'ignore'
[1.531s] Level 1:colcon.colcon_core.package_identification:_identify(.) by extension 'ignore_ament_install'
[1.531s] Level 1:colcon.colcon_core.package_identification:_identify(.) by extensions ['colcon_pkg']
[1.531s] Level 1:colcon.colcon_core.package_identification:_identify(.) by extension 'colcon_pkg'
[1.531s] Level 1:colcon.colcon_core.package_identification:_identify(.) by extensions ['colcon_meta']
[1.532s] Level 1:colcon.colcon_core.package_identification:_identify(.) by extension 'colcon_meta'
[1.532s] Level 1:colcon.colcon_core.package_identification:_identify(.) by extensions ['ros']
[1.532s] Level 1:colcon.colcon_core.package_identification:_identify(.) by extension 'ros'
[1.544s] Level 1:colcon.colcon_core.package_identification:_identify(.) by extensions ['cmake', 'python']
[1.544s] Level 1:colcon.colcon_core.package_identification:_identify(.) by extension 'cmake'
[1.544s] Level 1:colcon.colcon_core.package_identification:_identify(.) by extension 'python'
[1.544s] Level 1:colcon.colcon_core.package_identification:_identify(.) by extensions ['python_setup_py']
[1.544s] Level 1:colcon.colcon_core.package_identification:_identify(.) by extension 'python_setup_py'
[1.545s] Level 1:colcon.colcon_core.package_identification:_identify(build) by extensions ['ignore', 'ignore_ament_install']
[1.545s] Level 1:colcon.colcon_core.package_identification:_identify(build) by extension 'ignore'
[1.545s] Level 1:colcon.colcon_core.package_identification:_identify(build) ignored
[1.545s] Level 1:colcon.colcon_core.package_identification:_identify(install) by extensions ['ignore', 'ignore_ament_install']
[1.545s] Level 1:colcon.colcon_core.package_identification:_identify(install) by extension 'ignore'
[1.545s] Level 1:colcon.colcon_core.package_identification:_identify(install) ignored
[1.546s] Level 1:colcon.colcon_core.package_identification:_identify(log) by extensions ['ignore', 'ignore_ament_install']
[1.546s] Level 1:colcon.colcon_core.package_identification:_identify(log) by extension 'ignore'
[1.546s] Level 1:colcon.colcon_core.package_identification:_identify(log) ignored
[1.546s] Level 1:colcon.colcon_core.package_identification:_identify(src) by extensions ['ignore', 'ignore_ament_install']
[1.546s] Level 1:colcon.colcon_core.package_identification:_identify(src) by extension 'ignore'
[1.546s] Level 1:colcon.colcon_core.package_identification:_identify(src) by extension 'ignore_ament_install'
[1.546s] Level 1:colcon.colcon_core.package_identification:_identify(src) by extensions ['colcon_pkg']
[1.546s] Level 1:colcon.colcon_core.package_identification:_identify(src) by extension 'colcon_pkg'
[1.547s] Level 1:colcon.colcon_core.package_identification:_identify(src) by extensions ['colcon_meta']
[1.547s] Level 1:colcon.colcon_core.package_identification:_identify(src) by extension 'colcon_meta'
[1.547s] Level 1:colcon.colcon_core.package_identification:_identify(src) by extensions ['ros']
[1.547s] Level 1:colcon.colcon_core.package_identification:_identify(src) by extension 'ros'
[1.547s] Level 1:colcon.colcon_core.package_identification:_identify(src) by extensions ['cmake', 'python']
[1.547s] Level 1:colcon.colcon_core.package_identification:_identify(src) by extension 'cmake'
[1.547s] Level 1:colcon.colcon_core.package_identification:_identify(src) by extension 'python'
[1.547s] Level 1:colcon.colcon_core.package_identification:_identify(src) by extensions ['python_setup_py']
[1.547s] Level 1:colcon.colcon_core.package_identification:_identify(src) by extension 'python_setup_py'
[1.547s] Level 1:colcon.colcon_core.package_identification:_identify(src/my_pkgcpp) by extensions ['ignore', 'ignore_ament_install']
[1.547s] Level 1:colcon.colcon_core.package_identification:_identify(src/my_pkgcpp) by extension 'ignore'
[1.548s] Level 1:colcon.colcon_core.package_identification:_identify(src/my_pkgcpp) by extension 'ignore_ament_install'
[1.548s] Level 1:colcon.colcon_core.package_identification:_identify(src/my_pkgcpp) by extensions ['colcon_pkg']
[1.548s] Level 1:colcon.colcon_core.package_identification:_identify(src/my_pkgcpp) by extension 'colcon_pkg'
[1.548s] Level 1:colcon.colcon_core.package_identification:_identify(src/my_pkgcpp) by extensions ['colcon_meta']
[1.548s] Level 1:colcon.colcon_core.package_identification:_identify(src/my_pkgcpp) by extension 'colcon_meta'
[1.548s] Level 1:colcon.colcon_core.package_identification:_identify(src/my_pkgcpp) by extensions ['ros']
[1.548s] Level 1:colcon.colcon_core.package_identification:_identify(src/my_pkgcpp) by extension 'ros'
[1.551s] DEBUG:colcon.colcon_core.package_identification:Package 'src/my_pkgcpp' with type 'ros.ament_cmake' and name 'my_pkgcpp'
[1.551s] Level 1:colcon.colcon_core.package_identification:_identify(src/my_pkgpy) by extensions ['ignore', 'ignore_ament_install']
[1.551s] Level 1:colcon.colcon_core.package_identification:_identify(src/my_pkgpy) by extension 'ignore'
[1.551s] Level 1:colcon.colcon_core.package_identification:_identify(src/my_pkgpy) by extension 'ignore_ament_install'
[1.551s] Level 1:colcon.colcon_core.package_identification:_identify(src/my_pkgpy) by extensions ['colcon_pkg']
[1.551s] Level 1:colcon.colcon_core.package_identification:_identify(src/my_pkgpy) by extension 'colcon_pkg'
[1.551s] Level 1:colcon.colcon_core.package_identification:_identify(src/my_pkgpy) by extensions ['colcon_meta']
[1.551s] Level 1:colcon.colcon_core.package_identification:_identify(src/my_pkgpy) by extension 'colcon_meta'
[1.551s] Level 1:colcon.colcon_core.package_identification:_identify(src/my_pkgpy) by extensions ['ros']
[1.552s] Level 1:colcon.colcon_core.package_identification:_identify(src/my_pkgpy) by extension 'ros'
[1.552s] DEBUG:colcon.colcon_core.package_identification:Package 'src/my_pkgpy' with type 'ros.ament_python' and name 'my_pkgpy'
[1.552s] Level 1:colcon.colcon_core.package_identification:_identify(src/my_robot_bringup) by extensions ['ignore', 'ignore_ament_install']
[1.553s] Level 1:colcon.colcon_core.package_identification:_identify(src/my_robot_bringup) by extension 'ignore'
[1.553s] Level 1:colcon.colcon_core.package_identification:_identify(src/my_robot_bringup) by extension 'ignore_ament_install'
[1.553s] Level 1:colcon.colcon_core.package_identification:_identify(src/my_robot_bringup) by extensions ['colcon_pkg']
[1.553s] Level 1:colcon.colcon_core.package_identification:_identify(src/my_robot_bringup) by extension 'colcon_pkg'
[1.553s] Level 1:colcon.colcon_core.package_identification:_identify(src/my_robot_bringup) by extensions ['colcon_meta']
[1.553s] Level 1:colcon.colcon_core.package_identification:_identify(src/my_robot_bringup) by extension 'colcon_meta'
[1.553s] Level 1:colcon.colcon_core.package_identification:_identify(src/my_robot_bringup) by extensions ['ros']
[1.553s] Level 1:colcon.colcon_core.package_identification:_identify(src/my_robot_bringup) by extension 'ros'
[1.554s] DEBUG:colcon.colcon_core.package_identification:Package 'src/my_robot_bringup' with type 'ros.ament_cmake' and name 'my_robot_bringup'
[1.554s] Level 1:colcon.colcon_core.package_identification:_identify(src/my_robot_interfaces) by extensions ['ignore', 'ignore_ament_install']
[1.554s] Level 1:colcon.colcon_core.package_identification:_identify(src/my_robot_interfaces) by extension 'ignore'
[1.554s] Level 1:colcon.colcon_core.package_identification:_identify(src/my_robot_interfaces) by extension 'ignore_ament_install'
[1.554s] Level 1:colcon.colcon_core.package_identification:_identify(src/my_robot_interfaces) by extensions ['colcon_pkg']
[1.554s] Level 1:colcon.colcon_core.package_identification:_identify(src/my_robot_interfaces) by extension 'colcon_pkg'
[1.554s] Level 1:colcon.colcon_core.package_identification:_identify(src/my_robot_interfaces) by extensions ['colcon_meta']
[1.554s] Level 1:colcon.colcon_core.package_identification:_identify(src/my_robot_interfaces) by extension 'colcon_meta'
[1.554s] Level 1:colcon.colcon_core.package_identification:_identify(src/my_robot_interfaces) by extensions ['ros']
[1.555s] Level 1:colcon.colcon_core.package_identification:_identify(src/my_robot_interfaces) by extension 'ros'
[1.555s] DEBUG:colcon.colcon_core.package_identification:Package 'src/my_robot_interfaces' with type 'ros.ament_cmake' and name 'my_robot_interfaces'
[1.555s] Level 1:colcon.colcon_core.package_identification:_identify(src/turtlesim_catch_them_all) by extensions ['ignore', 'ignore_ament_install']
[1.555s] Level 1:colcon.colcon_core.package_identification:_identify(src/turtlesim_catch_them_all) by extension 'ignore'
[1.556s] Level 1:colcon.colcon_core.package_identification:_identify(src/turtlesim_catch_them_all) by extension 'ignore_ament_install'
[1.556s] Level 1:colcon.colcon_core.package_identification:_identify(src/turtlesim_catch_them_all) by extensions ['colcon_pkg']
[1.556s] Level 1:colcon.colcon_core.package_identification:_identify(src/turtlesim_catch_them_all) by extension 'colcon_pkg'
[1.556s] Level 1:colcon.colcon_core.package_identification:_identify(src/turtlesim_catch_them_all) by extensions ['colcon_meta']
[1.556s] Level 1:colcon.colcon_core.package_identification:_identify(src/turtlesim_catch_them_all) by extension 'colcon_meta'
[1.556s] Level 1:colcon.colcon_core.package_identification:_identify(src/turtlesim_catch_them_all) by extensions ['ros']
[1.556s] Level 1:colcon.colcon_core.package_identification:_identify(src/turtlesim_catch_them_all) by extension 'ros'
[1.557s] DEBUG:colcon.colcon_core.package_identification:Package 'src/turtlesim_catch_them_all' with type 'ros.ament_python' and name 'turtlesim_catch_them_all'
[1.557s] Level 1:colcon.colcon_core.package_discovery:discover_packages(recursive) using defaults
[1.557s] Level 1:colcon.colcon_core.package_discovery:discover_packages(ignore) discover
[1.557s] Level 1:colcon.colcon_core.package_discovery:discover_packages(ignore) using defaults
[1.557s] Level 1:colcon.colcon_core.package_discovery:discover_packages(path) discover
[1.557s] Level 1:colcon.colcon_core.package_discovery:discover_packages(path) using defaults
[1.652s] INFO:colcon.colcon_core.package_selection:Skipping not selected package 'my_pkgcpp' in 'src/my_pkgcpp'
[1.652s] INFO:colcon.colcon_core.package_selection:Skipping not selected package 'my_robot_interfaces' in 'src/my_robot_interfaces'
[1.652s] INFO:colcon.colcon_core.package_selection:Skipping not selected package 'my_pkgpy' in 'src/my_pkgpy'
[1.652s] INFO:colcon.colcon_core.package_selection:Skipping not selected package 'my_robot_bringup' in 'src/my_robot_bringup'
[1.694s] Level 1:colcon.colcon_core.package_discovery:discover_packages(prefix_path) check parameters
[1.694s] Level 1:colcon.colcon_core.package_discovery:discover_packages(prefix_path) discover
[1.737s] DEBUG:colcon.colcon_installed_package_information.package_discovery:Found 4 installed packages in /home/varun/ros2workspace/install
[1.769s] DEBUG:colcon.colcon_installed_package_information.package_discovery:Found 2 installed packages in /home/varun/ros2_ws/install
[1.791s] DEBUG:colcon.colcon_installed_package_information.package_discovery:Found 270 installed packages in /opt/ros/humble
[1.792s] Level 1:colcon.colcon_core.package_discovery:discover_packages(prefix_path) using defaults
[1.902s] Level 5:colcon.colcon_core.verb:set package 'turtlesim_catch_them_all' build argument 'cmake_args' from command line to 'None'
[1.903s] Level 5:colcon.colcon_core.verb:set package 'turtlesim_catch_them_all' build argument 'cmake_target' from command line to 'None'
[1.903s] Level 5:colcon.colcon_core.verb:set package 'turtlesim_catch_them_all' build argument 'cmake_target_skip_unavailable' from command line to 'False'
[1.903s] Level 5:colcon.colcon_core.verb:set package 'turtlesim_catch_them_all' build argument 'cmake_clean_cache' from command line to 'False'
[1.903s] Level 5:colcon.colcon_core.verb:set package 'turtlesim_catch_them_all' build argument 'cmake_clean_first' from command line to 'False'
[1.903s] Level 5:colcon.colcon_core.verb:set package 'turtlesim_catch_them_all' build argument 'cmake_force_configure' from command line to 'False'
[1.903s] Level 5:colcon.colcon_core.verb:set package 'turtlesim_catch_them_all' build argument 'ament_cmake_args' from command line to 'None'
[1.903s] Level 5:colcon.colcon_core.verb:set package 'turtlesim_catch_them_all' build argument 'catkin_cmake_args' from command line to 'None'
[1.903s] Level 5:colcon.colcon_core.verb:set package 'turtlesim_catch_them_all' build argument 'catkin_skip_building_tests' from command line to 'False'
[1.903s] DEBUG:colcon.colcon_core.verb:Building package 'turtlesim_catch_them_all' with the following arguments: {'ament_cmake_args': None, 'build_base': '/home/varun/ros2workspace/build/turtlesim_catch_them_all', 'catkin_cmake_args': None, 'catkin_skip_building_tests': False, 'cmake_args': None, 'cmake_clean_cache': False, 'cmake_clean_first': False, 'cmake_force_configure': False, 'cmake_target': None, 'cmake_target_skip_unavailable': False, 'install_base': '/home/varun/ros2workspace/install/turtlesim_catch_them_all', 'merge_install': False, 'path': '/home/varun/ros2workspace/src/turtlesim_catch_them_all', 'symlink_install': True, 'test_result_base': None}
[1.924s] INFO:colcon.colcon_core.executor:Executing jobs using 'parallel' executor
[1.946s] DEBUG:colcon.colcon_parallel_executor.executor.parallel:run_until_complete
[1.946s] INFO:colcon.colcon_ros.task.ament_python.build:Building ROS package in '/home/varun/ros2workspace/src/turtlesim_catch_them_all' with build type 'ament_python'
[1.946s] Level 1:colcon.colcon_core.shell:create_environment_hook('turtlesim_catch_them_all', 'ament_prefix_path')
[1.973s] INFO:colcon.colcon_core.plugin_system:Skipping extension 'colcon_core.shell.bat': Not used on non-Windows systems
[1.973s] INFO:colcon.colcon_core.shell:Creating environment hook '/home/varun/ros2workspace/install/turtlesim_catch_them_all/share/turtlesim_catch_them_all/hook/ament_prefix_path.ps1'
[1.974s] INFO:colcon.colcon_core.shell:Creating environment descriptor '/home/varun/ros2workspace/install/turtlesim_catch_them_all/share/turtlesim_catch_them_all/hook/ament_prefix_path.dsv'
[1.975s] INFO:colcon.colcon_core.shell:Creating environment hook '/home/varun/ros2workspace/install/turtlesim_catch_them_all/share/turtlesim_catch_them_all/hook/ament_prefix_path.sh'
[1.996s] INFO:colcon.colcon_core.shell:Skip shell extension 'powershell' for command environment: Not usable outside of PowerShell
[1.996s] DEBUG:colcon.colcon_core.shell:Skip shell extension 'dsv' for command environment
[2.420s] INFO:colcon.colcon_core.task.python.build:Building Python package in '/home/varun/ros2workspace/src/turtlesim_catch_them_all'
[2.441s] INFO:colcon.colcon_core.shell:Skip shell extension 'powershell' for command environment: Not usable outside of PowerShell
[2.441s] DEBUG:colcon.colcon_core.shell:Skip shell extension 'dsv' for command environment
[3.074s] DEBUG:colcon.colcon_core.event_handler.log_command:Invoking command in '/home/varun/ros2workspace/build/turtlesim_catch_them_all': PYTHONPATH=/home/varun/ros2workspace/build/turtlesim_catch_them_all/prefix_override:/home/varun/ros2workspace/install/turtlesim_catch_them_all/lib/python3.10/site-packages:${PYTHONPATH} /usr/bin/python3 setup.py develop --editable --build-directory /home/varun/ros2workspace/build/turtlesim_catch_them_all/build --no-deps install_data
[3.676s] Level 1:colcon.colcon_core.shell:create_environment_hook('turtlesim_catch_them_all', 'pythonpath_develop')
[3.677s] DEBUG:colcon.colcon_core.event_handler.log_command:Invoked command in '/home/varun/ros2workspace/build/turtlesim_catch_them_all' returned '0': PYTHONPATH=/home/varun/ros2workspace/build/turtlesim_catch_them_all/prefix_override:/home/varun/ros2workspace/install/turtlesim_catch_them_all/lib/python3.10/site-packages:${PYTHONPATH} /usr/bin/python3 setup.py develop --editable --build-directory /home/varun/ros2workspace/build/turtlesim_catch_them_all/build --no-deps install_data
[3.697s] INFO:colcon.colcon_core.shell:Creating environment hook '/home/varun/ros2workspace/build/turtlesim_catch_them_all/share/turtlesim_catch_them_all/hook/pythonpath_develop.ps1'
[3.698s] INFO:colcon.colcon_core.shell:Creating environment descriptor '/home/varun/ros2workspace/build/turtlesim_catch_them_all/share/turtlesim_catch_them_all/hook/pythonpath_develop.dsv'
[3.698s] INFO:colcon.colcon_core.shell:Creating environment hook '/home/varun/ros2workspace/build/turtlesim_catch_them_all/share/turtlesim_catch_them_all/hook/pythonpath_develop.sh'
[3.724s] Level 1:colcon.colcon_core.environment:checking '/home/varun/ros2workspace/install/turtlesim_catch_them_all' for CMake module files
[3.724s] Level 1:colcon.colcon_core.environment:checking '/home/varun/ros2workspace/install/turtlesim_catch_them_all' for CMake config files
[3.725s] Level 1:colcon.colcon_core.environment:checking '/home/varun/ros2workspace/install/turtlesim_catch_them_all/lib'
[3.725s] Level 1:colcon.colcon_core.environment:checking '/home/varun/ros2workspace/install/turtlesim_catch_them_all/bin'
[3.726s] Level 1:colcon.colcon_core.environment:checking '/home/varun/ros2workspace/install/turtlesim_catch_them_all/lib/pkgconfig/turtlesim_catch_them_all.pc'
[3.726s] Level 1:colcon.colcon_core.environment:checking '/home/varun/ros2workspace/install/turtlesim_catch_them_all/lib/python3.10/site-packages'
[3.726s] Level 1:colcon.colcon_core.shell:create_environment_hook('turtlesim_catch_them_all', 'pythonpath')
[3.747s] INFO:colcon.colcon_core.shell:Creating environment hook '/home/varun/ros2workspace/install/turtlesim_catch_them_all/share/turtlesim_catch_them_all/hook/pythonpath.ps1'
[3.747s] INFO:colcon.colcon_core.shell:Creating environment descriptor '/home/varun/ros2workspace/install/turtlesim_catch_them_all/share/turtlesim_catch_them_all/hook/pythonpath.dsv'
[3.747s] INFO:colcon.colcon_core.shell:Creating environment hook '/home/varun/ros2workspace/install/turtlesim_catch_them_all/share/turtlesim_catch_them_all/hook/pythonpath.sh'
[3.748s] Level 1:colcon.colcon_core.environment:checking '/home/varun/ros2workspace/install/turtlesim_catch_them_all/bin'
[3.748s] Level 1:colcon.colcon_core.environment:create_environment_scripts_only(turtlesim_catch_them_all)
[3.769s] INFO:colcon.colcon_core.shell:Creating package script '/home/varun/ros2workspace/install/turtlesim_catch_them_all/share/turtlesim_catch_them_all/package.ps1'
[3.770s] INFO:colcon.colcon_core.shell:Creating package descriptor '/home/varun/ros2workspace/install/turtlesim_catch_them_all/share/turtlesim_catch_them_all/package.dsv'
[3.771s] INFO:colcon.colcon_core.shell:Creating package script '/home/varun/ros2workspace/install/turtlesim_catch_them_all/share/turtlesim_catch_them_all/package.sh'
[3.772s] INFO:colcon.colcon_core.shell:Creating package script '/home/varun/ros2workspace/install/turtlesim_catch_them_all/share/turtlesim_catch_them_all/package.bash'
[3.773s] INFO:colcon.colcon_core.shell:Creating package script '/home/varun/ros2workspace/install/turtlesim_catch_them_all/share/turtlesim_catch_them_all/package.zsh'
[3.774s] Level 1:colcon.colcon_core.environment:create_file_with_runtime_dependencies(/home/varun/ros2workspace/install/turtlesim_catch_them_all/share/colcon-core/packages/turtlesim_catch_them_all)
[3.774s] DEBUG:colcon.colcon_parallel_executor.executor.parallel:closing loop
[3.775s] DEBUG:colcon.colcon_parallel_executor.executor.parallel:loop closed
[3.775s] DEBUG:colcon.colcon_parallel_executor.executor.parallel:run_until_complete finished with '0'
[3.775s] DEBUG:colcon.colcon_core.event_reactor:joining thread
[3.805s] INFO:colcon.colcon_core.plugin_system:Skipping extension 'colcon_notification.desktop_notification.terminal_notifier': Not used on non-Darwin systems
[3.806s] INFO:colcon.colcon_core.plugin_system:Skipping extension 'colcon_notification.desktop_notification.win32': Not used on non-Windows systems
[3.806s] INFO:colcon.colcon_notification.desktop_notification:Sending desktop notification using 'notify2'
[3.820s] DEBUG:colcon.colcon_core.event_reactor:joined thread
[3.841s] INFO:colcon.colcon_core.shell:Creating prefix script '/home/varun/ros2workspace/install/local_setup.ps1'
[3.842s] INFO:colcon.colcon_core.shell:Creating prefix util module '/home/varun/ros2workspace/install/_local_setup_util_ps1.py'
[3.844s] INFO:colcon.colcon_core.shell:Creating prefix chain script '/home/varun/ros2workspace/install/setup.ps1'
[3.866s] INFO:colcon.colcon_core.shell:Creating prefix script '/home/varun/ros2workspace/install/local_setup.sh'
[3.867s] INFO:colcon.colcon_core.shell:Creating prefix util module '/home/varun/ros2workspace/install/_local_setup_util_sh.py'
[3.867s] INFO:colcon.colcon_core.shell:Creating prefix chain script '/home/varun/ros2workspace/install/setup.sh'
[3.889s] INFO:colcon.colcon_core.shell:Creating prefix script '/home/varun/ros2workspace/install/local_setup.bash'
[3.890s] INFO:colcon.colcon_core.shell:Creating prefix chain script '/home/varun/ros2workspace/install/setup.bash'
[3.912s] INFO:colcon.colcon_core.shell:Creating prefix script '/home/varun/ros2workspace/install/local_setup.zsh'
[3.913s] INFO:colcon.colcon_core.shell:Creating prefix chain script '/home/varun/ros2workspace/install/setup.zsh'
