[0.116s] Invoking command in '/home/varun/ros2workspace/build/my_robot_interfaces': CMAKE_PREFIX_PATH=${CMAKE_PREFIX_PATH}:/home/varun/ros2workspace/install/turtlesim_catch_them_all:/home/varun/ros2workspace/install/my_pkgpy:/home/varun/ros2_ws/install/my_py_pkg:/opt/ros/humble /usr/bin/cmake --build /home/varun/ros2workspace/build/my_robot_interfaces -- -j12 -l12
[0.176s] -- Found ament_cmake: 1.3.6 (/opt/ros/humble/share/ament_cmake/cmake)
[0.371s] -- Found rosidl_default_generators: 1.2.0 (/opt/ros/humble/share/rosidl_default_generators/cmake)
[0.376s] -- Using all available rosidl_typesupport_c: rosidl_typesupport_fastrtps_c;rosidl_typesupport_introspection_c
[0.381s] -- Found rosidl_adapter: 3.1.5 (/opt/ros/humble/share/rosidl_adapter/cmake)
[0.437s] -- Using all available rosidl_typesupport_cpp: rosidl_typesupport_fastrtps_cpp;rosidl_typesupport_introspection_cpp
[0.805s] -- Found ament_cmake_ros: 0.10.0 (/opt/ros/humble/share/ament_cmake_ros/cmake)
[1.033s] -- Using all available rosidl_typesupport_c: rosidl_typesupport_fastrtps_c;rosidl_typesupport_introspection_c
[1.324s] -- Using all available rosidl_typesupport_cpp: rosidl_typesupport_fastrtps_cpp;rosidl_typesupport_introspection_cpp
[1.354s] -- Found python_cmake_module: 0.10.0 (/opt/ros/humble/share/python_cmake_module/cmake)
[1.384s] -- Using PYTHON_EXECUTABLE: /usr/bin/python3
[1.384s] -- Using PYTHON_INCLUDE_DIRS: /usr/include/python3.10
[1.384s] -- Using PYTHON_LIBRARIES: /usr/lib/x86_64-linux-gnu/libpython3.10.so
[1.414s] -- Configuring done
[1.474s] -- Generating done
[1.479s] -- Build files have been written to: /home/varun/ros2workspace/build/my_robot_interfaces
[1.511s] [  1%] [34m[1mGenerating C code for ROS interfaces[0m
[1.525s] [  2%] [34m[1mGenerating C++ code for ROS interfaces[0m
[1.546s] [  2%] Built target ament_cmake_python_copy_my_robot_interfaces
[1.875s] running egg_info
[1.876s] writing my_robot_interfaces.egg-info/PKG-INFO
[1.876s] writing dependency_links to my_robot_interfaces.egg-info/dependency_links.txt
[1.876s] writing top-level names to my_robot_interfaces.egg-info/top_level.txt
[1.879s] reading manifest file 'my_robot_interfaces.egg-info/SOURCES.txt'
[1.880s] writing manifest file 'my_robot_interfaces.egg-info/SOURCES.txt'
[1.908s] [  2%] Built target ament_cmake_python_build_my_robot_interfaces_egg
[2.081s] [  2%] Built target my_robot_interfaces__cpp
[2.097s] [  4%] [34m[1mGenerating C++ type support dispatch for ROS interfaces[0m
[2.097s] [  5%] [34m[1mGenerating C++ introspection for ROS interfaces[0m
[2.098s] [  7%] [34m[1mGenerating C++ type support for eProsima Fast-RTPS[0m
[2.109s] [35m[1mConsolidate compiler generated dependencies of target my_robot_interfaces__rosidl_generator_c[0m
[2.128s] [  8%] [32mBuilding C object CMakeFiles/my_robot_interfaces__rosidl_generator_c.dir/rosidl_generator_c/my_robot_interfaces/msg/detail/turtle_array__functions.c.o[0m
[2.128s] [ 11%] [32mBuilding C object CMakeFiles/my_robot_interfaces__rosidl_generator_c.dir/rosidl_generator_c/my_robot_interfaces/msg/detail/hardware_status__functions.c.o[0m
[2.128s] [ 11%] [32mBuilding C object CMakeFiles/my_robot_interfaces__rosidl_generator_c.dir/rosidl_generator_c/my_robot_interfaces/srv/detail/compute_rectangle_area__functions.c.o[0m
[2.129s] [ 14%] [32mBuilding C object CMakeFiles/my_robot_interfaces__rosidl_generator_c.dir/rosidl_generator_c/my_robot_interfaces/msg/detail/led_state_array__functions.c.o[0m
[2.129s] [ 14%] [32mBuilding C object CMakeFiles/my_robot_interfaces__rosidl_generator_c.dir/rosidl_generator_c/my_robot_interfaces/srv/detail/set_led__functions.c.o[0m
[2.130s] [ 15%] [32mBuilding C object CMakeFiles/my_robot_interfaces__rosidl_generator_c.dir/rosidl_generator_c/my_robot_interfaces/msg/detail/turtle__functions.c.o[0m
[2.233s] [ 16%] [32m[1mLinking C shared library libmy_robot_interfaces__rosidl_generator_c.so[0m
[2.295s] [ 16%] Built target my_robot_interfaces__rosidl_generator_c
[2.309s] [ 21%] [34m[1mGenerating C introspection for ROS interfaces[0m
[2.309s] [ 21%] [34m[1mGenerating C type support for eProsima Fast-RTPS[0m
[2.309s] [ 21%] [34m[1mGenerating C type support dispatch for ROS interfaces[0m
[2.475s] [35m[1mConsolidate compiler generated dependencies of target my_robot_interfaces__rosidl_typesupport_cpp[0m
[2.502s] [ 22%] [32mBuilding CXX object CMakeFiles/my_robot_interfaces__rosidl_typesupport_cpp.dir/rosidl_typesupport_cpp/my_robot_interfaces/msg/hardware_status__type_support.cpp.o[0m
[2.503s] [ 23%] [32mBuilding CXX object CMakeFiles/my_robot_interfaces__rosidl_typesupport_cpp.dir/rosidl_typesupport_cpp/my_robot_interfaces/srv/compute_rectangle_area__type_support.cpp.o[0m
[2.504s] [ 26%] [32mBuilding CXX object CMakeFiles/my_robot_interfaces__rosidl_typesupport_cpp.dir/rosidl_typesupport_cpp/my_robot_interfaces/msg/turtle__type_support.cpp.o[0m
[2.504s] [ 26%] [32mBuilding CXX object CMakeFiles/my_robot_interfaces__rosidl_typesupport_cpp.dir/rosidl_typesupport_cpp/my_robot_interfaces/srv/set_led__type_support.cpp.o[0m
[2.505s] [ 28%] [32mBuilding CXX object CMakeFiles/my_robot_interfaces__rosidl_typesupport_cpp.dir/rosidl_typesupport_cpp/my_robot_interfaces/msg/led_state_array__type_support.cpp.o[0m
[2.510s] [ 29%] [32mBuilding CXX object CMakeFiles/my_robot_interfaces__rosidl_typesupport_cpp.dir/rosidl_typesupport_cpp/my_robot_interfaces/msg/turtle_array__type_support.cpp.o[0m
[2.647s] [35m[1mConsolidate compiler generated dependencies of target my_robot_interfaces__rosidl_typesupport_introspection_cpp[0m
[2.677s] [ 30%] [32mBuilding CXX object CMakeFiles/my_robot_interfaces__rosidl_typesupport_introspection_cpp.dir/rosidl_typesupport_introspection_cpp/my_robot_interfaces/msg/detail/hardware_status__type_support.cpp.o[0m
[2.711s] [ 32%] [32mBuilding CXX object CMakeFiles/my_robot_interfaces__rosidl_typesupport_introspection_cpp.dir/rosidl_typesupport_introspection_cpp/my_robot_interfaces/srv/detail/compute_rectangle_area__type_support.cpp.o[0m
[2.807s] [35m[1mConsolidate compiler generated dependencies of target my_robot_interfaces__rosidl_typesupport_fastrtps_cpp[0m
[2.861s] [ 33%] [32mBuilding CXX object CMakeFiles/my_robot_interfaces__rosidl_typesupport_fastrtps_cpp.dir/rosidl_typesupport_fastrtps_cpp/my_robot_interfaces/msg/detail/dds_fastrtps/hardware_status__type_support.cpp.o[0m
[2.906s] [35m[1mConsolidate compiler generated dependencies of target my_robot_interfaces__rosidl_typesupport_c[0m
[2.933s] [ 35%] [32mBuilding CXX object CMakeFiles/my_robot_interfaces__rosidl_typesupport_c.dir/rosidl_typesupport_c/my_robot_interfaces/msg/hardware_status__type_support.cpp.o[0m
[3.011s] [ 36%] [32mBuilding CXX object CMakeFiles/my_robot_interfaces__rosidl_typesupport_c.dir/rosidl_typesupport_c/my_robot_interfaces/srv/compute_rectangle_area__type_support.cpp.o[0m
[3.018s] [ 38%] [32mBuilding CXX object CMakeFiles/my_robot_interfaces__rosidl_typesupport_fastrtps_cpp.dir/rosidl_typesupport_fastrtps_cpp/my_robot_interfaces/srv/detail/dds_fastrtps/compute_rectangle_area__type_support.cpp.o[0m
[3.025s] [ 40%] [32mBuilding CXX object CMakeFiles/my_robot_interfaces__rosidl_typesupport_fastrtps_cpp.dir/rosidl_typesupport_fastrtps_cpp/my_robot_interfaces/msg/detail/dds_fastrtps/led_state_array__type_support.cpp.o[0m
[3.026s] [ 40%] [32mBuilding CXX object CMakeFiles/my_robot_interfaces__rosidl_typesupport_c.dir/rosidl_typesupport_c/my_robot_interfaces/msg/led_state_array__type_support.cpp.o[0m
[3.031s] [ 42%] [32mBuilding CXX object CMakeFiles/my_robot_interfaces__rosidl_typesupport_c.dir/rosidl_typesupport_c/my_robot_interfaces/srv/set_led__type_support.cpp.o[0m
[3.032s] [ 43%] [32m[1mLinking CXX shared library libmy_robot_interfaces__rosidl_typesupport_cpp.so[0m
[3.048s] [ 45%] [32mBuilding CXX object CMakeFiles/my_robot_interfaces__rosidl_typesupport_c.dir/rosidl_typesupport_c/my_robot_interfaces/msg/turtle__type_support.cpp.o[0m
[3.079s] [ 46%] [32mBuilding CXX object CMakeFiles/my_robot_interfaces__rosidl_typesupport_c.dir/rosidl_typesupport_c/my_robot_interfaces/msg/turtle_array__type_support.cpp.o[0m
[3.080s] [ 47%] [32mBuilding CXX object CMakeFiles/my_robot_interfaces__rosidl_typesupport_fastrtps_cpp.dir/rosidl_typesupport_fastrtps_cpp/my_robot_interfaces/srv/detail/dds_fastrtps/set_led__type_support.cpp.o[0m
[3.098s] [ 49%] [32mBuilding CXX object CMakeFiles/my_robot_interfaces__rosidl_typesupport_fastrtps_cpp.dir/rosidl_typesupport_fastrtps_cpp/my_robot_interfaces/msg/detail/dds_fastrtps/turtle__type_support.cpp.o[0m
[3.119s] [35m[1mConsolidate compiler generated dependencies of target my_robot_interfaces__rosidl_typesupport_introspection_c[0m
[3.123s] [ 49%] Built target my_robot_interfaces__rosidl_typesupport_cpp
[3.141s] [ 50%] [32mBuilding CXX object CMakeFiles/my_robot_interfaces__rosidl_typesupport_fastrtps_cpp.dir/rosidl_typesupport_fastrtps_cpp/my_robot_interfaces/msg/detail/dds_fastrtps/turtle_array__type_support.cpp.o[0m
[3.142s] [ 52%] [32mBuilding CXX object CMakeFiles/my_robot_interfaces__rosidl_typesupport_introspection_cpp.dir/rosidl_typesupport_introspection_cpp/my_robot_interfaces/msg/detail/led_state_array__type_support.cpp.o[0m
[3.145s] [ 53%] [32m[1mLinking CXX shared library libmy_robot_interfaces__rosidl_typesupport_c.so[0m
[3.148s] [ 54%] [32mBuilding C object CMakeFiles/my_robot_interfaces__rosidl_typesupport_introspection_c.dir/rosidl_typesupport_introspection_c/my_robot_interfaces/msg/detail/hardware_status__type_support.c.o[0m
[3.158s] [35m[1mConsolidate compiler generated dependencies of target my_robot_interfaces__rosidl_typesupport_fastrtps_c[0m
[3.194s] [ 56%] [32mBuilding CXX object CMakeFiles/my_robot_interfaces__rosidl_typesupport_fastrtps_c.dir/rosidl_typesupport_fastrtps_c/my_robot_interfaces/msg/detail/hardware_status__type_support_c.cpp.o[0m
[3.226s] [ 57%] [32mBuilding C object CMakeFiles/my_robot_interfaces__rosidl_typesupport_introspection_c.dir/rosidl_typesupport_introspection_c/my_robot_interfaces/srv/detail/compute_rectangle_area__type_support.c.o[0m
[3.228s] [ 57%] Built target my_robot_interfaces__rosidl_typesupport_c
[3.245s] [ 59%] [32mBuilding CXX object CMakeFiles/my_robot_interfaces__rosidl_typesupport_fastrtps_c.dir/rosidl_typesupport_fastrtps_c/my_robot_interfaces/srv/detail/compute_rectangle_area__type_support_c.cpp.o[0m
[3.306s] [ 60%] [32mBuilding C object CMakeFiles/my_robot_interfaces__rosidl_typesupport_introspection_c.dir/rosidl_typesupport_introspection_c/my_robot_interfaces/msg/detail/led_state_array__type_support.c.o[0m
[3.374s] [ 61%] [32mBuilding CXX object CMakeFiles/my_robot_interfaces__rosidl_typesupport_fastrtps_c.dir/rosidl_typesupport_fastrtps_c/my_robot_interfaces/msg/detail/led_state_array__type_support_c.cpp.o[0m
[3.378s] [ 63%] [32mBuilding C object CMakeFiles/my_robot_interfaces__rosidl_typesupport_introspection_c.dir/rosidl_typesupport_introspection_c/my_robot_interfaces/srv/detail/set_led__type_support.c.o[0m
[3.386s] [ 64%] [32mBuilding CXX object CMakeFiles/my_robot_interfaces__rosidl_typesupport_introspection_cpp.dir/rosidl_typesupport_introspection_cpp/my_robot_interfaces/srv/detail/set_led__type_support.cpp.o[0m
[3.452s] [ 66%] [32mBuilding C object CMakeFiles/my_robot_interfaces__rosidl_typesupport_introspection_c.dir/rosidl_typesupport_introspection_c/my_robot_interfaces/msg/detail/turtle__type_support.c.o[0m
[3.547s] [ 67%] [32mBuilding C object CMakeFiles/my_robot_interfaces__rosidl_typesupport_introspection_c.dir/rosidl_typesupport_introspection_c/my_robot_interfaces/msg/detail/turtle_array__type_support.c.o[0m
[3.623s] [ 69%] [32m[1mLinking C shared library libmy_robot_interfaces__rosidl_typesupport_introspection_c.so[0m
[3.654s] [ 70%] [32mBuilding CXX object CMakeFiles/my_robot_interfaces__rosidl_typesupport_fastrtps_c.dir/rosidl_typesupport_fastrtps_c/my_robot_interfaces/srv/detail/set_led__type_support_c.cpp.o[0m
[3.689s] [ 70%] Built target my_robot_interfaces__rosidl_typesupport_introspection_c
[3.706s] [ 71%] [32mBuilding CXX object CMakeFiles/my_robot_interfaces__rosidl_typesupport_fastrtps_c.dir/rosidl_typesupport_fastrtps_c/my_robot_interfaces/msg/detail/turtle__type_support_c.cpp.o[0m
[3.793s] [ 73%] [32mBuilding CXX object CMakeFiles/my_robot_interfaces__rosidl_typesupport_fastrtps_c.dir/rosidl_typesupport_fastrtps_c/my_robot_interfaces/msg/detail/turtle_array__type_support_c.cpp.o[0m
[3.812s] [ 74%] [32mBuilding CXX object CMakeFiles/my_robot_interfaces__rosidl_typesupport_introspection_cpp.dir/rosidl_typesupport_introspection_cpp/my_robot_interfaces/msg/detail/turtle__type_support.cpp.o[0m
[3.822s] [ 76%] [32mBuilding CXX object CMakeFiles/my_robot_interfaces__rosidl_typesupport_introspection_cpp.dir/rosidl_typesupport_introspection_cpp/my_robot_interfaces/msg/detail/turtle_array__type_support.cpp.o[0m
[3.902s] [ 77%] [32m[1mLinking CXX shared library libmy_robot_interfaces__rosidl_typesupport_fastrtps_cpp.so[0m
[4.004s] [ 77%] Built target my_robot_interfaces__rosidl_typesupport_fastrtps_cpp
[4.210s] [ 78%] [32m[1mLinking CXX shared library libmy_robot_interfaces__rosidl_typesupport_fastrtps_c.so[0m
[4.302s] [ 78%] Built target my_robot_interfaces__rosidl_typesupport_fastrtps_c
[4.320s] [ 80%] [32m[1mLinking CXX shared library libmy_robot_interfaces__rosidl_typesupport_introspection_cpp.so[0m
[4.408s] [ 80%] Built target my_robot_interfaces__rosidl_typesupport_introspection_cpp
[4.436s] [ 80%] Built target my_robot_interfaces
[4.463s] [ 81%] [34m[1mGenerating Python code for ROS interfaces[0m
[5.322s] [ 81%] Built target my_robot_interfaces__py
[5.338s] [35m[1mConsolidate compiler generated dependencies of target my_robot_interfaces__rosidl_generator_py[0m
[5.361s] [ 85%] [32mBuilding C object CMakeFiles/my_robot_interfaces__rosidl_generator_py.dir/rosidl_generator_py/my_robot_interfaces/srv/_compute_rectangle_area_s.c.o[0m
[5.361s] [ 85%] [32mBuilding C object CMakeFiles/my_robot_interfaces__rosidl_generator_py.dir/rosidl_generator_py/my_robot_interfaces/msg/_led_state_array_s.c.o[0m
[5.362s] [ 85%] [32mBuilding C object CMakeFiles/my_robot_interfaces__rosidl_generator_py.dir/rosidl_generator_py/my_robot_interfaces/msg/_hardware_status_s.c.o[0m
[5.362s] [ 87%] [32mBuilding C object CMakeFiles/my_robot_interfaces__rosidl_generator_py.dir/rosidl_generator_py/my_robot_interfaces/srv/_set_led_s.c.o[0m
[5.362s] [ 88%] [32mBuilding C object CMakeFiles/my_robot_interfaces__rosidl_generator_py.dir/rosidl_generator_py/my_robot_interfaces/msg/_turtle_s.c.o[0m
[5.362s] [ 90%] [32mBuilding C object CMakeFiles/my_robot_interfaces__rosidl_generator_py.dir/rosidl_generator_py/my_robot_interfaces/msg/_turtle_array_s.c.o[0m
[5.512s] [ 91%] [32m[1mLinking C shared library rosidl_generator_py/my_robot_interfaces/libmy_robot_interfaces__rosidl_generator_py.so[0m
[5.567s] [ 91%] Built target my_robot_interfaces__rosidl_generator_py
[5.580s] [35m[1mConsolidate compiler generated dependencies of target my_robot_interfaces__rosidl_typesupport_introspection_c__pyext[0m
[5.581s] [35m[1mConsolidate compiler generated dependencies of target my_robot_interfaces__rosidl_typesupport_c__pyext[0m
[5.581s] [35m[1mConsolidate compiler generated dependencies of target my_robot_interfaces__rosidl_typesupport_fastrtps_c__pyext[0m
[5.599s] [ 92%] [32mBuilding C object CMakeFiles/my_robot_interfaces__rosidl_typesupport_c__pyext.dir/rosidl_generator_py/my_robot_interfaces/_my_robot_interfaces_s.ep.rosidl_typesupport_c.c.o[0m
[5.599s] [ 94%] [32mBuilding C object CMakeFiles/my_robot_interfaces__rosidl_typesupport_introspection_c__pyext.dir/rosidl_generator_py/my_robot_interfaces/_my_robot_interfaces_s.ep.rosidl_typesupport_introspection_c.c.o[0m
[5.599s] [ 95%] [32mBuilding C object CMakeFiles/my_robot_interfaces__rosidl_typesupport_fastrtps_c__pyext.dir/rosidl_generator_py/my_robot_interfaces/_my_robot_interfaces_s.ep.rosidl_typesupport_fastrtps_c.c.o[0m
[5.728s] [ 98%] [32m[1mLinking C shared library rosidl_generator_py/my_robot_interfaces/my_robot_interfaces_s__rosidl_typesupport_introspection_c.cpython-310-x86_64-linux-gnu.so[0m
[5.728s] [ 98%] [32m[1mLinking C shared library rosidl_generator_py/my_robot_interfaces/my_robot_interfaces_s__rosidl_typesupport_c.cpython-310-x86_64-linux-gnu.so[0m
[5.733s] [100%] [32m[1mLinking C shared library rosidl_generator_py/my_robot_interfaces/my_robot_interfaces_s__rosidl_typesupport_fastrtps_c.cpython-310-x86_64-linux-gnu.so[0m
[5.770s] [100%] Built target my_robot_interfaces__rosidl_typesupport_introspection_c__pyext
[5.770s] [100%] Built target my_robot_interfaces__rosidl_typesupport_c__pyext
[5.779s] [100%] Built target my_robot_interfaces__rosidl_typesupport_fastrtps_c__pyext
[5.796s] Invoked command in '/home/varun/ros2workspace/build/my_robot_interfaces' returned '0': CMAKE_PREFIX_PATH=${CMAKE_PREFIX_PATH}:/home/varun/ros2workspace/install/turtlesim_catch_them_all:/home/varun/ros2workspace/install/my_pkgpy:/home/varun/ros2_ws/install/my_py_pkg:/opt/ros/humble /usr/bin/cmake --build /home/varun/ros2workspace/build/my_robot_interfaces -- -j12 -l12
[6.049s] Invoking command in '/home/varun/ros2workspace/build/my_robot_interfaces': CMAKE_PREFIX_PATH=${CMAKE_PREFIX_PATH}:/home/varun/ros2workspace/install/turtlesim_catch_them_all:/home/varun/ros2workspace/install/my_pkgpy:/home/varun/ros2_ws/install/my_py_pkg:/opt/ros/humble /usr/bin/cmake --install /home/varun/ros2workspace/build/my_robot_interfaces
[6.060s] -- Install configuration: ""
[6.060s] -- Installing: /home/varun/ros2workspace/install/my_robot_interfaces/share/ament_index/resource_index/rosidl_interfaces/my_robot_interfaces
[6.061s] -- Up-to-date: /home/varun/ros2workspace/install/my_robot_interfaces/include/my_robot_interfaces/my_robot_interfaces
[6.061s] -- Up-to-date: /home/varun/ros2workspace/install/my_robot_interfaces/include/my_robot_interfaces/my_robot_interfaces/srv
[6.061s] -- Up-to-date: /home/varun/ros2workspace/install/my_robot_interfaces/include/my_robot_interfaces/my_robot_interfaces/srv/detail
[6.061s] -- Installing: /home/varun/ros2workspace/install/my_robot_interfaces/include/my_robot_interfaces/my_robot_interfaces/srv/detail/set_led__functions.h
[6.061s] -- Installing: /home/varun/ros2workspace/install/my_robot_interfaces/include/my_robot_interfaces/my_robot_interfaces/srv/detail/compute_rectangle_area__struct.h
[6.061s] -- Installing: /home/varun/ros2workspace/install/my_robot_interfaces/include/my_robot_interfaces/my_robot_interfaces/srv/detail/set_led__type_support.h
[6.061s] -- Installing: /home/varun/ros2workspace/install/my_robot_interfaces/include/my_robot_interfaces/my_robot_interfaces/srv/detail/set_led__functions.c
[6.062s] -- Installing: /home/varun/ros2workspace/install/my_robot_interfaces/include/my_robot_interfaces/my_robot_interfaces/srv/detail/compute_rectangle_area__functions.h
[6.062s] -- Installing: /home/varun/ros2workspace/install/my_robot_interfaces/include/my_robot_interfaces/my_robot_interfaces/srv/detail/set_led__struct.h
[6.062s] -- Installing: /home/varun/ros2workspace/install/my_robot_interfaces/include/my_robot_interfaces/my_robot_interfaces/srv/detail/compute_rectangle_area__functions.c
[6.063s] -- Installing: /home/varun/ros2workspace/install/my_robot_interfaces/include/my_robot_interfaces/my_robot_interfaces/srv/detail/compute_rectangle_area__type_support.h
[6.063s] -- Installing: /home/varun/ros2workspace/install/my_robot_interfaces/include/my_robot_interfaces/my_robot_interfaces/srv/compute_rectangle_area.h
[6.063s] -- Installing: /home/varun/ros2workspace/install/my_robot_interfaces/include/my_robot_interfaces/my_robot_interfaces/srv/set_led.h
[6.063s] -- Up-to-date: /home/varun/ros2workspace/install/my_robot_interfaces/include/my_robot_interfaces/my_robot_interfaces/msg
[6.064s] -- Installing: /home/varun/ros2workspace/install/my_robot_interfaces/include/my_robot_interfaces/my_robot_interfaces/msg/hardware_status.h
[6.064s] -- Installing: /home/varun/ros2workspace/install/my_robot_interfaces/include/my_robot_interfaces/my_robot_interfaces/msg/turtle_array.h
[6.064s] -- Installing: /home/varun/ros2workspace/install/my_robot_interfaces/include/my_robot_interfaces/my_robot_interfaces/msg/turtle.h
[6.064s] -- Up-to-date: /home/varun/ros2workspace/install/my_robot_interfaces/include/my_robot_interfaces/my_robot_interfaces/msg/detail
[6.064s] -- Installing: /home/varun/ros2workspace/install/my_robot_interfaces/include/my_robot_interfaces/my_robot_interfaces/msg/detail/led_state_array__type_support.h
[6.064s] -- Installing: /home/varun/ros2workspace/install/my_robot_interfaces/include/my_robot_interfaces/my_robot_interfaces/msg/detail/turtle__functions.h
[6.065s] -- Installing: /home/varun/ros2workspace/install/my_robot_interfaces/include/my_robot_interfaces/my_robot_interfaces/msg/detail/turtle__type_support.h
[6.065s] -- Installing: /home/varun/ros2workspace/install/my_robot_interfaces/include/my_robot_interfaces/my_robot_interfaces/msg/detail/turtle__functions.c
[6.065s] -- Installing: /home/varun/ros2workspace/install/my_robot_interfaces/include/my_robot_interfaces/my_robot_interfaces/msg/detail/turtle_array__type_support.h
[6.065s] -- Installing: /home/varun/ros2workspace/install/my_robot_interfaces/include/my_robot_interfaces/my_robot_interfaces/msg/detail/hardware_status__functions.c
[6.066s] -- Installing: /home/varun/ros2workspace/install/my_robot_interfaces/include/my_robot_interfaces/my_robot_interfaces/msg/detail/turtle_array__struct.h
[6.066s] -- Installing: /home/varun/ros2workspace/install/my_robot_interfaces/include/my_robot_interfaces/my_robot_interfaces/msg/detail/led_state_array__struct.h
[6.066s] -- Installing: /home/varun/ros2workspace/install/my_robot_interfaces/include/my_robot_interfaces/my_robot_interfaces/msg/detail/hardware_status__type_support.h
[6.066s] -- Installing: /home/varun/ros2workspace/install/my_robot_interfaces/include/my_robot_interfaces/my_robot_interfaces/msg/detail/led_state_array__functions.h
[6.067s] -- Installing: /home/varun/ros2workspace/install/my_robot_interfaces/include/my_robot_interfaces/my_robot_interfaces/msg/detail/led_state_array__functions.c
[6.067s] -- Installing: /home/varun/ros2workspace/install/my_robot_interfaces/include/my_robot_interfaces/my_robot_interfaces/msg/detail/hardware_status__struct.h
[6.067s] -- Installing: /home/varun/ros2workspace/install/my_robot_interfaces/include/my_robot_interfaces/my_robot_interfaces/msg/detail/hardware_status__functions.h
[6.067s] -- Installing: /home/varun/ros2workspace/install/my_robot_interfaces/include/my_robot_interfaces/my_robot_interfaces/msg/detail/turtle_array__functions.h
[6.068s] -- Installing: /home/varun/ros2workspace/install/my_robot_interfaces/include/my_robot_interfaces/my_robot_interfaces/msg/detail/turtle__struct.h
[6.068s] -- Installing: /home/varun/ros2workspace/install/my_robot_interfaces/include/my_robot_interfaces/my_robot_interfaces/msg/detail/turtle_array__functions.c
[6.068s] -- Installing: /home/varun/ros2workspace/install/my_robot_interfaces/include/my_robot_interfaces/my_robot_interfaces/msg/led_state_array.h
[6.068s] -- Up-to-date: /home/varun/ros2workspace/install/my_robot_interfaces/include/my_robot_interfaces/my_robot_interfaces/msg/rosidl_generator_c__visibility_control.h
[6.068s] -- Up-to-date: /home/varun/ros2workspace/install/my_robot_interfaces/share/my_robot_interfaces/environment/library_path.sh
[6.069s] -- Installing: /home/varun/ros2workspace/install/my_robot_interfaces/share/my_robot_interfaces/environment/library_path.dsv
[6.071s] -- Installing: /home/varun/ros2workspace/install/my_robot_interfaces/lib/libmy_robot_interfaces__rosidl_generator_c.so
[6.071s] -- Set runtime path of "/home/varun/ros2workspace/install/my_robot_interfaces/lib/libmy_robot_interfaces__rosidl_generator_c.so" to ""
[6.072s] -- Up-to-date: /home/varun/ros2workspace/install/my_robot_interfaces/include/my_robot_interfaces/my_robot_interfaces
[6.072s] -- Up-to-date: /home/varun/ros2workspace/install/my_robot_interfaces/include/my_robot_interfaces/my_robot_interfaces/srv
[6.072s] -- Up-to-date: /home/varun/ros2workspace/install/my_robot_interfaces/include/my_robot_interfaces/my_robot_interfaces/srv/detail
[6.072s] -- Installing: /home/varun/ros2workspace/install/my_robot_interfaces/include/my_robot_interfaces/my_robot_interfaces/srv/detail/compute_rectangle_area__rosidl_typesupport_fastrtps_c.h
[6.072s] -- Installing: /home/varun/ros2workspace/install/my_robot_interfaces/include/my_robot_interfaces/my_robot_interfaces/srv/detail/set_led__rosidl_typesupport_fastrtps_c.h
[6.072s] -- Up-to-date: /home/varun/ros2workspace/install/my_robot_interfaces/include/my_robot_interfaces/my_robot_interfaces/msg
[6.072s] -- Up-to-date: /home/varun/ros2workspace/install/my_robot_interfaces/include/my_robot_interfaces/my_robot_interfaces/msg/detail
[6.072s] -- Installing: /home/varun/ros2workspace/install/my_robot_interfaces/include/my_robot_interfaces/my_robot_interfaces/msg/detail/hardware_status__rosidl_typesupport_fastrtps_c.h
[6.072s] -- Installing: /home/varun/ros2workspace/install/my_robot_interfaces/include/my_robot_interfaces/my_robot_interfaces/msg/detail/led_state_array__rosidl_typesupport_fastrtps_c.h
[6.073s] -- Installing: /home/varun/ros2workspace/install/my_robot_interfaces/include/my_robot_interfaces/my_robot_interfaces/msg/detail/turtle__rosidl_typesupport_fastrtps_c.h
[6.073s] -- Installing: /home/varun/ros2workspace/install/my_robot_interfaces/include/my_robot_interfaces/my_robot_interfaces/msg/detail/turtle_array__rosidl_typesupport_fastrtps_c.h
[6.073s] -- Up-to-date: /home/varun/ros2workspace/install/my_robot_interfaces/include/my_robot_interfaces/my_robot_interfaces/msg/rosidl_typesupport_fastrtps_c__visibility_control.h
[6.074s] -- Installing: /home/varun/ros2workspace/install/my_robot_interfaces/lib/libmy_robot_interfaces__rosidl_typesupport_fastrtps_c.so
[6.075s] -- Set runtime path of "/home/varun/ros2workspace/install/my_robot_interfaces/lib/libmy_robot_interfaces__rosidl_typesupport_fastrtps_c.so" to ""
[6.075s] -- Up-to-date: /home/varun/ros2workspace/install/my_robot_interfaces/include/my_robot_interfaces/my_robot_interfaces
[6.075s] -- Up-to-date: /home/varun/ros2workspace/install/my_robot_interfaces/include/my_robot_interfaces/my_robot_interfaces/srv
[6.075s] -- Up-to-date: /home/varun/ros2workspace/install/my_robot_interfaces/include/my_robot_interfaces/my_robot_interfaces/srv/detail
[6.075s] -- Installing: /home/varun/ros2workspace/install/my_robot_interfaces/include/my_robot_interfaces/my_robot_interfaces/srv/detail/set_led__type_support.c
[6.076s] -- Installing: /home/varun/ros2workspace/install/my_robot_interfaces/include/my_robot_interfaces/my_robot_interfaces/srv/detail/set_led__rosidl_typesupport_introspection_c.h
[6.076s] -- Installing: /home/varun/ros2workspace/install/my_robot_interfaces/include/my_robot_interfaces/my_robot_interfaces/srv/detail/compute_rectangle_area__rosidl_typesupport_introspection_c.h
[6.076s] -- Installing: /home/varun/ros2workspace/install/my_robot_interfaces/include/my_robot_interfaces/my_robot_interfaces/srv/detail/compute_rectangle_area__type_support.c
[6.076s] -- Up-to-date: /home/varun/ros2workspace/install/my_robot_interfaces/include/my_robot_interfaces/my_robot_interfaces/msg
[6.076s] -- Up-to-date: /home/varun/ros2workspace/install/my_robot_interfaces/include/my_robot_interfaces/my_robot_interfaces/msg/detail
[6.076s] -- Installing: /home/varun/ros2workspace/install/my_robot_interfaces/include/my_robot_interfaces/my_robot_interfaces/msg/detail/hardware_status__rosidl_typesupport_introspection_c.h
[6.076s] -- Installing: /home/varun/ros2workspace/install/my_robot_interfaces/include/my_robot_interfaces/my_robot_interfaces/msg/detail/turtle__rosidl_typesupport_introspection_c.h
[6.077s] -- Installing: /home/varun/ros2workspace/install/my_robot_interfaces/include/my_robot_interfaces/my_robot_interfaces/msg/detail/turtle_array__rosidl_typesupport_introspection_c.h
[6.077s] -- Installing: /home/varun/ros2workspace/install/my_robot_interfaces/include/my_robot_interfaces/my_robot_interfaces/msg/detail/led_state_array__type_support.c
[6.077s] -- Installing: /home/varun/ros2workspace/install/my_robot_interfaces/include/my_robot_interfaces/my_robot_interfaces/msg/detail/turtle_array__type_support.c
[6.077s] -- Installing: /home/varun/ros2workspace/install/my_robot_interfaces/include/my_robot_interfaces/my_robot_interfaces/msg/detail/turtle__type_support.c
[6.078s] -- Installing: /home/varun/ros2workspace/install/my_robot_interfaces/include/my_robot_interfaces/my_robot_interfaces/msg/detail/hardware_status__type_support.c
[6.078s] -- Installing: /home/varun/ros2workspace/install/my_robot_interfaces/include/my_robot_interfaces/my_robot_interfaces/msg/detail/led_state_array__rosidl_typesupport_introspection_c.h
[6.078s] -- Up-to-date: /home/varun/ros2workspace/install/my_robot_interfaces/include/my_robot_interfaces/my_robot_interfaces/msg/rosidl_typesupport_introspection_c__visibility_control.h
[6.080s] -- Installing: /home/varun/ros2workspace/install/my_robot_interfaces/lib/libmy_robot_interfaces__rosidl_typesupport_introspection_c.so
[6.080s] -- Set runtime path of "/home/varun/ros2workspace/install/my_robot_interfaces/lib/libmy_robot_interfaces__rosidl_typesupport_introspection_c.so" to ""
[6.081s] -- Installing: /home/varun/ros2workspace/install/my_robot_interfaces/lib/libmy_robot_interfaces__rosidl_typesupport_c.so
[6.082s] -- Set runtime path of "/home/varun/ros2workspace/install/my_robot_interfaces/lib/libmy_robot_interfaces__rosidl_typesupport_c.so" to ""
[6.082s] -- Up-to-date: /home/varun/ros2workspace/install/my_robot_interfaces/include/my_robot_interfaces/my_robot_interfaces
[6.082s] -- Up-to-date: /home/varun/ros2workspace/install/my_robot_interfaces/include/my_robot_interfaces/my_robot_interfaces/srv
[6.082s] -- Up-to-date: /home/varun/ros2workspace/install/my_robot_interfaces/include/my_robot_interfaces/my_robot_interfaces/srv/detail
[6.082s] -- Installing: /home/varun/ros2workspace/install/my_robot_interfaces/include/my_robot_interfaces/my_robot_interfaces/srv/detail/compute_rectangle_area__traits.hpp
[6.082s] -- Installing: /home/varun/ros2workspace/install/my_robot_interfaces/include/my_robot_interfaces/my_robot_interfaces/srv/detail/compute_rectangle_area__struct.hpp
[6.082s] -- Installing: /home/varun/ros2workspace/install/my_robot_interfaces/include/my_robot_interfaces/my_robot_interfaces/srv/detail/compute_rectangle_area__builder.hpp
[6.083s] -- Installing: /home/varun/ros2workspace/install/my_robot_interfaces/include/my_robot_interfaces/my_robot_interfaces/srv/detail/set_led__traits.hpp
[6.083s] -- Installing: /home/varun/ros2workspace/install/my_robot_interfaces/include/my_robot_interfaces/my_robot_interfaces/srv/detail/set_led__builder.hpp
[6.083s] -- Installing: /home/varun/ros2workspace/install/my_robot_interfaces/include/my_robot_interfaces/my_robot_interfaces/srv/detail/set_led__struct.hpp
[6.084s] -- Installing: /home/varun/ros2workspace/install/my_robot_interfaces/include/my_robot_interfaces/my_robot_interfaces/srv/compute_rectangle_area.hpp
[6.084s] -- Installing: /home/varun/ros2workspace/install/my_robot_interfaces/include/my_robot_interfaces/my_robot_interfaces/srv/set_led.hpp
[6.084s] -- Up-to-date: /home/varun/ros2workspace/install/my_robot_interfaces/include/my_robot_interfaces/my_robot_interfaces/msg
[6.084s] -- Installing: /home/varun/ros2workspace/install/my_robot_interfaces/include/my_robot_interfaces/my_robot_interfaces/msg/led_state_array.hpp
[6.084s] -- Up-to-date: /home/varun/ros2workspace/install/my_robot_interfaces/include/my_robot_interfaces/my_robot_interfaces/msg/detail
[6.084s] -- Installing: /home/varun/ros2workspace/install/my_robot_interfaces/include/my_robot_interfaces/my_robot_interfaces/msg/detail/turtle__struct.hpp
[6.085s] -- Installing: /home/varun/ros2workspace/install/my_robot_interfaces/include/my_robot_interfaces/my_robot_interfaces/msg/detail/led_state_array__builder.hpp
[6.085s] -- Installing: /home/varun/ros2workspace/install/my_robot_interfaces/include/my_robot_interfaces/my_robot_interfaces/msg/detail/turtle_array__traits.hpp
[6.085s] -- Installing: /home/varun/ros2workspace/install/my_robot_interfaces/include/my_robot_interfaces/my_robot_interfaces/msg/detail/turtle_array__struct.hpp
[6.085s] -- Installing: /home/varun/ros2workspace/install/my_robot_interfaces/include/my_robot_interfaces/my_robot_interfaces/msg/detail/hardware_status__traits.hpp
[6.086s] -- Installing: /home/varun/ros2workspace/install/my_robot_interfaces/include/my_robot_interfaces/my_robot_interfaces/msg/detail/turtle__traits.hpp
[6.086s] -- Installing: /home/varun/ros2workspace/install/my_robot_interfaces/include/my_robot_interfaces/my_robot_interfaces/msg/detail/turtle_array__builder.hpp
[6.086s] -- Installing: /home/varun/ros2workspace/install/my_robot_interfaces/include/my_robot_interfaces/my_robot_interfaces/msg/detail/led_state_array__struct.hpp
[6.086s] -- Installing: /home/varun/ros2workspace/install/my_robot_interfaces/include/my_robot_interfaces/my_robot_interfaces/msg/detail/turtle__builder.hpp
[6.087s] -- Installing: /home/varun/ros2workspace/install/my_robot_interfaces/include/my_robot_interfaces/my_robot_interfaces/msg/detail/led_state_array__traits.hpp
[6.087s] -- Installing: /home/varun/ros2workspace/install/my_robot_interfaces/include/my_robot_interfaces/my_robot_interfaces/msg/detail/hardware_status__builder.hpp
[6.087s] -- Installing: /home/varun/ros2workspace/install/my_robot_interfaces/include/my_robot_interfaces/my_robot_interfaces/msg/detail/hardware_status__struct.hpp
[6.087s] -- Installing: /home/varun/ros2workspace/install/my_robot_interfaces/include/my_robot_interfaces/my_robot_interfaces/msg/hardware_status.hpp
[6.088s] -- Installing: /home/varun/ros2workspace/install/my_robot_interfaces/include/my_robot_interfaces/my_robot_interfaces/msg/turtle.hpp
[6.088s] -- Installing: /home/varun/ros2workspace/install/my_robot_interfaces/include/my_robot_interfaces/my_robot_interfaces/msg/turtle_array.hpp
[6.088s] -- Up-to-date: /home/varun/ros2workspace/install/my_robot_interfaces/include/my_robot_interfaces/my_robot_interfaces
[6.088s] -- Up-to-date: /home/varun/ros2workspace/install/my_robot_interfaces/include/my_robot_interfaces/my_robot_interfaces/srv
[6.088s] -- Up-to-date: /home/varun/ros2workspace/install/my_robot_interfaces/include/my_robot_interfaces/my_robot_interfaces/srv/detail
[6.088s] -- Installing: /home/varun/ros2workspace/install/my_robot_interfaces/include/my_robot_interfaces/my_robot_interfaces/srv/detail/set_led__rosidl_typesupport_fastrtps_cpp.hpp
[6.089s] -- Up-to-date: /home/varun/ros2workspace/install/my_robot_interfaces/include/my_robot_interfaces/my_robot_interfaces/srv/detail/dds_fastrtps
[6.089s] -- Installing: /home/varun/ros2workspace/install/my_robot_interfaces/include/my_robot_interfaces/my_robot_interfaces/srv/detail/compute_rectangle_area__rosidl_typesupport_fastrtps_cpp.hpp
[6.089s] -- Up-to-date: /home/varun/ros2workspace/install/my_robot_interfaces/include/my_robot_interfaces/my_robot_interfaces/msg
[6.089s] -- Up-to-date: /home/varun/ros2workspace/install/my_robot_interfaces/include/my_robot_interfaces/my_robot_interfaces/msg/detail
[6.089s] -- Installing: /home/varun/ros2workspace/install/my_robot_interfaces/include/my_robot_interfaces/my_robot_interfaces/msg/detail/turtle__rosidl_typesupport_fastrtps_cpp.hpp
[6.089s] -- Installing: /home/varun/ros2workspace/install/my_robot_interfaces/include/my_robot_interfaces/my_robot_interfaces/msg/detail/hardware_status__rosidl_typesupport_fastrtps_cpp.hpp
[6.089s] -- Up-to-date: /home/varun/ros2workspace/install/my_robot_interfaces/include/my_robot_interfaces/my_robot_interfaces/msg/detail/dds_fastrtps
[6.089s] -- Installing: /home/varun/ros2workspace/install/my_robot_interfaces/include/my_robot_interfaces/my_robot_interfaces/msg/detail/led_state_array__rosidl_typesupport_fastrtps_cpp.hpp
[6.089s] -- Installing: /home/varun/ros2workspace/install/my_robot_interfaces/include/my_robot_interfaces/my_robot_interfaces/msg/detail/turtle_array__rosidl_typesupport_fastrtps_cpp.hpp
[6.090s] -- Up-to-date: /home/varun/ros2workspace/install/my_robot_interfaces/include/my_robot_interfaces/my_robot_interfaces/msg/rosidl_typesupport_fastrtps_cpp__visibility_control.h
[6.091s] -- Installing: /home/varun/ros2workspace/install/my_robot_interfaces/lib/libmy_robot_interfaces__rosidl_typesupport_fastrtps_cpp.so
[6.092s] -- Set runtime path of "/home/varun/ros2workspace/install/my_robot_interfaces/lib/libmy_robot_interfaces__rosidl_typesupport_fastrtps_cpp.so" to ""
[6.092s] -- Up-to-date: /home/varun/ros2workspace/install/my_robot_interfaces/include/my_robot_interfaces/my_robot_interfaces
[6.092s] -- Up-to-date: /home/varun/ros2workspace/install/my_robot_interfaces/include/my_robot_interfaces/my_robot_interfaces/srv
[6.092s] -- Up-to-date: /home/varun/ros2workspace/install/my_robot_interfaces/include/my_robot_interfaces/my_robot_interfaces/srv/detail
[6.092s] -- Installing: /home/varun/ros2workspace/install/my_robot_interfaces/include/my_robot_interfaces/my_robot_interfaces/srv/detail/set_led__rosidl_typesupport_introspection_cpp.hpp
[6.092s] -- Installing: /home/varun/ros2workspace/install/my_robot_interfaces/include/my_robot_interfaces/my_robot_interfaces/srv/detail/compute_rectangle_area__rosidl_typesupport_introspection_cpp.hpp
[6.093s] -- Installing: /home/varun/ros2workspace/install/my_robot_interfaces/include/my_robot_interfaces/my_robot_interfaces/srv/detail/set_led__type_support.cpp
[6.093s] -- Installing: /home/varun/ros2workspace/install/my_robot_interfaces/include/my_robot_interfaces/my_robot_interfaces/srv/detail/compute_rectangle_area__type_support.cpp
[6.093s] -- Up-to-date: /home/varun/ros2workspace/install/my_robot_interfaces/include/my_robot_interfaces/my_robot_interfaces/msg
[6.093s] -- Up-to-date: /home/varun/ros2workspace/install/my_robot_interfaces/include/my_robot_interfaces/my_robot_interfaces/msg/detail
[6.093s] -- Installing: /home/varun/ros2workspace/install/my_robot_interfaces/include/my_robot_interfaces/my_robot_interfaces/msg/detail/turtle_array__type_support.cpp
[6.093s] -- Installing: /home/varun/ros2workspace/install/my_robot_interfaces/include/my_robot_interfaces/my_robot_interfaces/msg/detail/turtle__rosidl_typesupport_introspection_cpp.hpp
[6.094s] -- Installing: /home/varun/ros2workspace/install/my_robot_interfaces/include/my_robot_interfaces/my_robot_interfaces/msg/detail/turtle__type_support.cpp
[6.094s] -- Installing: /home/varun/ros2workspace/install/my_robot_interfaces/include/my_robot_interfaces/my_robot_interfaces/msg/detail/hardware_status__rosidl_typesupport_introspection_cpp.hpp
[6.094s] -- Installing: /home/varun/ros2workspace/install/my_robot_interfaces/include/my_robot_interfaces/my_robot_interfaces/msg/detail/led_state_array__rosidl_typesupport_introspection_cpp.hpp
[6.094s] -- Installing: /home/varun/ros2workspace/install/my_robot_interfaces/include/my_robot_interfaces/my_robot_interfaces/msg/detail/hardware_status__type_support.cpp
[6.095s] -- Installing: /home/varun/ros2workspace/install/my_robot_interfaces/include/my_robot_interfaces/my_robot_interfaces/msg/detail/turtle_array__rosidl_typesupport_introspection_cpp.hpp
[6.095s] -- Installing: /home/varun/ros2workspace/install/my_robot_interfaces/include/my_robot_interfaces/my_robot_interfaces/msg/detail/led_state_array__type_support.cpp
[6.096s] -- Installing: /home/varun/ros2workspace/install/my_robot_interfaces/lib/libmy_robot_interfaces__rosidl_typesupport_introspection_cpp.so
[6.097s] -- Set runtime path of "/home/varun/ros2workspace/install/my_robot_interfaces/lib/libmy_robot_interfaces__rosidl_typesupport_introspection_cpp.so" to ""
[6.098s] -- Installing: /home/varun/ros2workspace/install/my_robot_interfaces/lib/libmy_robot_interfaces__rosidl_typesupport_cpp.so
[6.099s] -- Set runtime path of "/home/varun/ros2workspace/install/my_robot_interfaces/lib/libmy_robot_interfaces__rosidl_typesupport_cpp.so" to ""
[6.099s] -- Up-to-date: /home/varun/ros2workspace/install/my_robot_interfaces/share/my_robot_interfaces/environment/pythonpath.sh
[6.099s] -- Installing: /home/varun/ros2workspace/install/my_robot_interfaces/share/my_robot_interfaces/environment/pythonpath.dsv
[6.099s] -- Up-to-date: /home/varun/ros2workspace/install/my_robot_interfaces/local/lib/python3.10/dist-packages/my_robot_interfaces-0.0.0-py3.10.egg-info
[6.099s] -- Installing: /home/varun/ros2workspace/install/my_robot_interfaces/local/lib/python3.10/dist-packages/my_robot_interfaces-0.0.0-py3.10.egg-info/top_level.txt
[6.099s] -- Installing: /home/varun/ros2workspace/install/my_robot_interfaces/local/lib/python3.10/dist-packages/my_robot_interfaces-0.0.0-py3.10.egg-info/SOURCES.txt
[6.100s] -- Installing: /home/varun/ros2workspace/install/my_robot_interfaces/local/lib/python3.10/dist-packages/my_robot_interfaces-0.0.0-py3.10.egg-info/PKG-INFO
[6.100s] -- Installing: /home/varun/ros2workspace/install/my_robot_interfaces/local/lib/python3.10/dist-packages/my_robot_interfaces-0.0.0-py3.10.egg-info/dependency_links.txt
[6.100s] -- Up-to-date: /home/varun/ros2workspace/install/my_robot_interfaces/local/lib/python3.10/dist-packages/my_robot_interfaces
[6.100s] -- Up-to-date: /home/varun/ros2workspace/install/my_robot_interfaces/local/lib/python3.10/dist-packages/my_robot_interfaces/srv
[6.100s] -- Installing: /home/varun/ros2workspace/install/my_robot_interfaces/local/lib/python3.10/dist-packages/my_robot_interfaces/srv/_set_led.py
[6.101s] -- Installing: /home/varun/ros2workspace/install/my_robot_interfaces/local/lib/python3.10/dist-packages/my_robot_interfaces/srv/_compute_rectangle_area.py
[6.101s] -- Installing: /home/varun/ros2workspace/install/my_robot_interfaces/local/lib/python3.10/dist-packages/my_robot_interfaces/srv/_set_led_s.c
[6.101s] -- Installing: /home/varun/ros2workspace/install/my_robot_interfaces/local/lib/python3.10/dist-packages/my_robot_interfaces/srv/__init__.py
[6.101s] -- Installing: /home/varun/ros2workspace/install/my_robot_interfaces/local/lib/python3.10/dist-packages/my_robot_interfaces/srv/_compute_rectangle_area_s.c
[6.102s] -- Installing: /home/varun/ros2workspace/install/my_robot_interfaces/local/lib/python3.10/dist-packages/my_robot_interfaces/libmy_robot_interfaces__rosidl_generator_py.so
[6.102s] -- Up-to-date: /home/varun/ros2workspace/install/my_robot_interfaces/local/lib/python3.10/dist-packages/my_robot_interfaces/msg
[6.102s] -- Installing: /home/varun/ros2workspace/install/my_robot_interfaces/local/lib/python3.10/dist-packages/my_robot_interfaces/msg/_hardware_status.py
[6.102s] -- Installing: /home/varun/ros2workspace/install/my_robot_interfaces/local/lib/python3.10/dist-packages/my_robot_interfaces/msg/_led_state_array_s.c
[6.103s] -- Installing: /home/varun/ros2workspace/install/my_robot_interfaces/local/lib/python3.10/dist-packages/my_robot_interfaces/msg/_turtle_array.py
[6.103s] -- Installing: /home/varun/ros2workspace/install/my_robot_interfaces/local/lib/python3.10/dist-packages/my_robot_interfaces/msg/_turtle_array_s.c
[6.103s] -- Installing: /home/varun/ros2workspace/install/my_robot_interfaces/local/lib/python3.10/dist-packages/my_robot_interfaces/msg/_led_state_array.py
[6.103s] -- Installing: /home/varun/ros2workspace/install/my_robot_interfaces/local/lib/python3.10/dist-packages/my_robot_interfaces/msg/_turtle.py
[6.103s] -- Installing: /home/varun/ros2workspace/install/my_robot_interfaces/local/lib/python3.10/dist-packages/my_robot_interfaces/msg/_hardware_status_s.c
[6.104s] -- Installing: /home/varun/ros2workspace/install/my_robot_interfaces/local/lib/python3.10/dist-packages/my_robot_interfaces/msg/__init__.py
[6.104s] -- Installing: /home/varun/ros2workspace/install/my_robot_interfaces/local/lib/python3.10/dist-packages/my_robot_interfaces/msg/_turtle_s.c
[6.104s] -- Installing: /home/varun/ros2workspace/install/my_robot_interfaces/local/lib/python3.10/dist-packages/my_robot_interfaces/my_robot_interfaces_s__rosidl_typesupport_fastrtps_c.cpython-310-x86_64-linux-gnu.so
[6.105s] -- Installing: /home/varun/ros2workspace/install/my_robot_interfaces/local/lib/python3.10/dist-packages/my_robot_interfaces/_my_robot_interfaces_s.ep.rosidl_typesupport_fastrtps_c.c
[6.105s] -- Installing: /home/varun/ros2workspace/install/my_robot_interfaces/local/lib/python3.10/dist-packages/my_robot_interfaces/my_robot_interfaces_s__rosidl_typesupport_c.cpython-310-x86_64-linux-gnu.so
[6.105s] -- Installing: /home/varun/ros2workspace/install/my_robot_interfaces/local/lib/python3.10/dist-packages/my_robot_interfaces/_my_robot_interfaces_s.ep.rosidl_typesupport_introspection_c.c
[6.106s] -- Installing: /home/varun/ros2workspace/install/my_robot_interfaces/local/lib/python3.10/dist-packages/my_robot_interfaces/_my_robot_interfaces_s.ep.rosidl_typesupport_c.c
[6.106s] -- Installing: /home/varun/ros2workspace/install/my_robot_interfaces/local/lib/python3.10/dist-packages/my_robot_interfaces/my_robot_interfaces_s__rosidl_typesupport_introspection_c.cpython-310-x86_64-linux-gnu.so
[6.106s] -- Installing: /home/varun/ros2workspace/install/my_robot_interfaces/local/lib/python3.10/dist-packages/my_robot_interfaces/__init__.py
[6.158s] Listing '/home/varun/ros2workspace/install/my_robot_interfaces/local/lib/python3.10/dist-packages/my_robot_interfaces'...
[6.158s] Compiling '/home/varun/ros2workspace/install/my_robot_interfaces/local/lib/python3.10/dist-packages/my_robot_interfaces/__init__.py'...
[6.158s] Listing '/home/varun/ros2workspace/install/my_robot_interfaces/local/lib/python3.10/dist-packages/my_robot_interfaces/msg'...
[6.158s] Compiling '/home/varun/ros2workspace/install/my_robot_interfaces/local/lib/python3.10/dist-packages/my_robot_interfaces/msg/__init__.py'...
[6.158s] Compiling '/home/varun/ros2workspace/install/my_robot_interfaces/local/lib/python3.10/dist-packages/my_robot_interfaces/msg/_hardware_status.py'...
[6.158s] Compiling '/home/varun/ros2workspace/install/my_robot_interfaces/local/lib/python3.10/dist-packages/my_robot_interfaces/msg/_led_state_array.py'...
[6.159s] Compiling '/home/varun/ros2workspace/install/my_robot_interfaces/local/lib/python3.10/dist-packages/my_robot_interfaces/msg/_turtle.py'...
[6.159s] Compiling '/home/varun/ros2workspace/install/my_robot_interfaces/local/lib/python3.10/dist-packages/my_robot_interfaces/msg/_turtle_array.py'...
[6.159s] Listing '/home/varun/ros2workspace/install/my_robot_interfaces/local/lib/python3.10/dist-packages/my_robot_interfaces/srv'...
[6.159s] Compiling '/home/varun/ros2workspace/install/my_robot_interfaces/local/lib/python3.10/dist-packages/my_robot_interfaces/srv/__init__.py'...
[6.159s] Compiling '/home/varun/ros2workspace/install/my_robot_interfaces/local/lib/python3.10/dist-packages/my_robot_interfaces/srv/_compute_rectangle_area.py'...
[6.159s] Compiling '/home/varun/ros2workspace/install/my_robot_interfaces/local/lib/python3.10/dist-packages/my_robot_interfaces/srv/_set_led.py'...
[6.163s] -- Installing: /home/varun/ros2workspace/install/my_robot_interfaces/local/lib/python3.10/dist-packages/my_robot_interfaces/my_robot_interfaces_s__rosidl_typesupport_fastrtps_c.cpython-310-x86_64-linux-gnu.so
[6.164s] -- Set runtime path of "/home/varun/ros2workspace/install/my_robot_interfaces/local/lib/python3.10/dist-packages/my_robot_interfaces/my_robot_interfaces_s__rosidl_typesupport_fastrtps_c.cpython-310-x86_64-linux-gnu.so" to ""
[6.164s] -- Installing: /home/varun/ros2workspace/install/my_robot_interfaces/local/lib/python3.10/dist-packages/my_robot_interfaces/my_robot_interfaces_s__rosidl_typesupport_introspection_c.cpython-310-x86_64-linux-gnu.so
[6.165s] -- Set runtime path of "/home/varun/ros2workspace/install/my_robot_interfaces/local/lib/python3.10/dist-packages/my_robot_interfaces/my_robot_interfaces_s__rosidl_typesupport_introspection_c.cpython-310-x86_64-linux-gnu.so" to ""
[6.165s] -- Installing: /home/varun/ros2workspace/install/my_robot_interfaces/local/lib/python3.10/dist-packages/my_robot_interfaces/my_robot_interfaces_s__rosidl_typesupport_c.cpython-310-x86_64-linux-gnu.so
[6.166s] -- Set runtime path of "/home/varun/ros2workspace/install/my_robot_interfaces/local/lib/python3.10/dist-packages/my_robot_interfaces/my_robot_interfaces_s__rosidl_typesupport_c.cpython-310-x86_64-linux-gnu.so" to ""
[6.167s] -- Installing: /home/varun/ros2workspace/install/my_robot_interfaces/lib/libmy_robot_interfaces__rosidl_generator_py.so
[6.168s] -- Set runtime path of "/home/varun/ros2workspace/install/my_robot_interfaces/lib/libmy_robot_interfaces__rosidl_generator_py.so" to ""
[6.168s] -- Up-to-date: /home/varun/ros2workspace/install/my_robot_interfaces/share/my_robot_interfaces/msg/HardwareStatus.idl
[6.168s] -- Up-to-date: /home/varun/ros2workspace/install/my_robot_interfaces/share/my_robot_interfaces/srv/ComputeRectangleArea.idl
[6.168s] -- Up-to-date: /home/varun/ros2workspace/install/my_robot_interfaces/share/my_robot_interfaces/msg/LedStateArray.idl
[6.168s] -- Up-to-date: /home/varun/ros2workspace/install/my_robot_interfaces/share/my_robot_interfaces/srv/SetLed.idl
[6.168s] -- Installing: /home/varun/ros2workspace/install/my_robot_interfaces/share/my_robot_interfaces/msg/Turtle.idl
[6.168s] -- Installing: /home/varun/ros2workspace/install/my_robot_interfaces/share/my_robot_interfaces/msg/TurtleArray.idl
[6.168s] -- Up-to-date: /home/varun/ros2workspace/install/my_robot_interfaces/share/my_robot_interfaces/msg/HardwareStatus.msg
[6.169s] -- Up-to-date: /home/varun/ros2workspace/install/my_robot_interfaces/share/my_robot_interfaces/srv/ComputeRectangleArea.srv
[6.169s] -- Up-to-date: /home/varun/ros2workspace/install/my_robot_interfaces/share/my_robot_interfaces/srv/ComputeRectangleArea_Request.msg
[6.169s] -- Up-to-date: /home/varun/ros2workspace/install/my_robot_interfaces/share/my_robot_interfaces/srv/ComputeRectangleArea_Response.msg
[6.169s] -- Up-to-date: /home/varun/ros2workspace/install/my_robot_interfaces/share/my_robot_interfaces/msg/LedStateArray.msg
[6.169s] -- Up-to-date: /home/varun/ros2workspace/install/my_robot_interfaces/share/my_robot_interfaces/srv/SetLed.srv
[6.169s] -- Up-to-date: /home/varun/ros2workspace/install/my_robot_interfaces/share/my_robot_interfaces/srv/SetLed_Request.msg
[6.169s] -- Up-to-date: /home/varun/ros2workspace/install/my_robot_interfaces/share/my_robot_interfaces/srv/SetLed_Response.msg
[6.169s] -- Installing: /home/varun/ros2workspace/install/my_robot_interfaces/share/my_robot_interfaces/msg/Turtle.msg
[6.170s] -- Installing: /home/varun/ros2workspace/install/my_robot_interfaces/share/my_robot_interfaces/msg/TurtleArray.msg
[6.170s] -- Up-to-date: /home/varun/ros2workspace/install/my_robot_interfaces/share/ament_index/resource_index/package_run_dependencies/my_robot_interfaces
[6.170s] -- Installing: /home/varun/ros2workspace/install/my_robot_interfaces/share/ament_index/resource_index/parent_prefix_path/my_robot_interfaces
[6.170s] -- Up-to-date: /home/varun/ros2workspace/install/my_robot_interfaces/share/my_robot_interfaces/environment/ament_prefix_path.sh
[6.170s] -- Installing: /home/varun/ros2workspace/install/my_robot_interfaces/share/my_robot_interfaces/environment/ament_prefix_path.dsv
[6.170s] -- Up-to-date: /home/varun/ros2workspace/install/my_robot_interfaces/share/my_robot_interfaces/environment/path.sh
[6.170s] -- Installing: /home/varun/ros2workspace/install/my_robot_interfaces/share/my_robot_interfaces/environment/path.dsv
[6.171s] -- Up-to-date: /home/varun/ros2workspace/install/my_robot_interfaces/share/my_robot_interfaces/local_setup.bash
[6.171s] -- Up-to-date: /home/varun/ros2workspace/install/my_robot_interfaces/share/my_robot_interfaces/local_setup.sh
[6.171s] -- Up-to-date: /home/varun/ros2workspace/install/my_robot_interfaces/share/my_robot_interfaces/local_setup.zsh
[6.171s] -- Installing: /home/varun/ros2workspace/install/my_robot_interfaces/share/my_robot_interfaces/local_setup.dsv
[6.171s] -- Installing: /home/varun/ros2workspace/install/my_robot_interfaces/share/my_robot_interfaces/package.dsv
[6.171s] -- Up-to-date: /home/varun/ros2workspace/install/my_robot_interfaces/share/ament_index/resource_index/packages/my_robot_interfaces
[6.171s] -- Up-to-date: /home/varun/ros2workspace/install/my_robot_interfaces/share/my_robot_interfaces/cmake/export_my_robot_interfaces__rosidl_generator_cExport.cmake
[6.172s] -- Up-to-date: /home/varun/ros2workspace/install/my_robot_interfaces/share/my_robot_interfaces/cmake/export_my_robot_interfaces__rosidl_generator_cExport-noconfig.cmake
[6.172s] -- Up-to-date: /home/varun/ros2workspace/install/my_robot_interfaces/share/my_robot_interfaces/cmake/export_my_robot_interfaces__rosidl_typesupport_fastrtps_cExport.cmake
[6.172s] -- Up-to-date: /home/varun/ros2workspace/install/my_robot_interfaces/share/my_robot_interfaces/cmake/export_my_robot_interfaces__rosidl_typesupport_fastrtps_cExport-noconfig.cmake
[6.173s] -- Up-to-date: /home/varun/ros2workspace/install/my_robot_interfaces/share/my_robot_interfaces/cmake/my_robot_interfaces__rosidl_typesupport_introspection_cExport.cmake
[6.173s] -- Up-to-date: /home/varun/ros2workspace/install/my_robot_interfaces/share/my_robot_interfaces/cmake/my_robot_interfaces__rosidl_typesupport_introspection_cExport-noconfig.cmake
[6.173s] -- Up-to-date: /home/varun/ros2workspace/install/my_robot_interfaces/share/my_robot_interfaces/cmake/my_robot_interfaces__rosidl_typesupport_cExport.cmake
[6.173s] -- Up-to-date: /home/varun/ros2workspace/install/my_robot_interfaces/share/my_robot_interfaces/cmake/my_robot_interfaces__rosidl_typesupport_cExport-noconfig.cmake
[6.173s] -- Up-to-date: /home/varun/ros2workspace/install/my_robot_interfaces/share/my_robot_interfaces/cmake/export_my_robot_interfaces__rosidl_generator_cppExport.cmake
[6.174s] -- Up-to-date: /home/varun/ros2workspace/install/my_robot_interfaces/share/my_robot_interfaces/cmake/export_my_robot_interfaces__rosidl_typesupport_fastrtps_cppExport.cmake
[6.174s] -- Up-to-date: /home/varun/ros2workspace/install/my_robot_interfaces/share/my_robot_interfaces/cmake/export_my_robot_interfaces__rosidl_typesupport_fastrtps_cppExport-noconfig.cmake
[6.174s] -- Up-to-date: /home/varun/ros2workspace/install/my_robot_interfaces/share/my_robot_interfaces/cmake/my_robot_interfaces__rosidl_typesupport_introspection_cppExport.cmake
[6.175s] -- Up-to-date: /home/varun/ros2workspace/install/my_robot_interfaces/share/my_robot_interfaces/cmake/my_robot_interfaces__rosidl_typesupport_introspection_cppExport-noconfig.cmake
[6.175s] -- Up-to-date: /home/varun/ros2workspace/install/my_robot_interfaces/share/my_robot_interfaces/cmake/my_robot_interfaces__rosidl_typesupport_cppExport.cmake
[6.175s] -- Up-to-date: /home/varun/ros2workspace/install/my_robot_interfaces/share/my_robot_interfaces/cmake/my_robot_interfaces__rosidl_typesupport_cppExport-noconfig.cmake
[6.175s] -- Up-to-date: /home/varun/ros2workspace/install/my_robot_interfaces/share/my_robot_interfaces/cmake/export_my_robot_interfaces__rosidl_generator_pyExport.cmake
[6.176s] -- Up-to-date: /home/varun/ros2workspace/install/my_robot_interfaces/share/my_robot_interfaces/cmake/export_my_robot_interfaces__rosidl_generator_pyExport-noconfig.cmake
[6.176s] -- Installing: /home/varun/ros2workspace/install/my_robot_interfaces/share/my_robot_interfaces/cmake/rosidl_cmake-extras.cmake
[6.176s] -- Up-to-date: /home/varun/ros2workspace/install/my_robot_interfaces/share/my_robot_interfaces/cmake/ament_cmake_export_include_directories-extras.cmake
[6.176s] -- Up-to-date: /home/varun/ros2workspace/install/my_robot_interfaces/share/my_robot_interfaces/cmake/ament_cmake_export_libraries-extras.cmake
[6.176s] -- Up-to-date: /home/varun/ros2workspace/install/my_robot_interfaces/share/my_robot_interfaces/cmake/ament_cmake_export_targets-extras.cmake
[6.176s] -- Up-to-date: /home/varun/ros2workspace/install/my_robot_interfaces/share/my_robot_interfaces/cmake/rosidl_cmake_export_typesupport_targets-extras.cmake
[6.176s] -- Up-to-date: /home/varun/ros2workspace/install/my_robot_interfaces/share/my_robot_interfaces/cmake/ament_cmake_export_dependencies-extras.cmake
[6.177s] -- Up-to-date: /home/varun/ros2workspace/install/my_robot_interfaces/share/my_robot_interfaces/cmake/rosidl_cmake_export_typesupport_libraries-extras.cmake
[6.177s] -- Up-to-date: /home/varun/ros2workspace/install/my_robot_interfaces/share/my_robot_interfaces/cmake/my_robot_interfacesConfig.cmake
[6.177s] -- Up-to-date: /home/varun/ros2workspace/install/my_robot_interfaces/share/my_robot_interfaces/cmake/my_robot_interfacesConfig-version.cmake
[6.177s] -- Up-to-date: /home/varun/ros2workspace/install/my_robot_interfaces/share/my_robot_interfaces/package.xml
[6.181s] Invoked command in '/home/varun/ros2workspace/build/my_robot_interfaces' returned '0': CMAKE_PREFIX_PATH=${CMAKE_PREFIX_PATH}:/home/varun/ros2workspace/install/turtlesim_catch_them_all:/home/varun/ros2workspace/install/my_pkgpy:/home/varun/ros2_ws/install/my_py_pkg:/opt/ros/humble /usr/bin/cmake --install /home/varun/ros2workspace/build/my_robot_interfaces
