[0.148s] Invoking command in '/home/varun/ros2workspace/build/my_robot_interfaces': CMAKE_PREFIX_PATH=${CMAKE_PREFIX_PATH}:/home/varun/ros2workspace/install/my_pkgpy:/home/varun/ros2_ws/install/my_py_pkg:/opt/ros/humble /usr/bin/cmake --build /home/varun/ros2workspace/build/my_robot_interfaces -- -j12 -l12
[0.179s] -- Found ament_cmake: 1.3.6 (/opt/ros/humble/share/ament_cmake/cmake)
[0.349s] -- Found rosidl_default_generators: 1.2.0 (/opt/ros/humble/share/rosidl_default_generators/cmake)
[0.351s] -- Using all available rosidl_typesupport_c: rosidl_typesupport_fastrtps_c;rosidl_typesupport_introspection_c
[0.355s] -- Found rosidl_adapter: 3.1.5 (/opt/ros/humble/share/rosidl_adapter/cmake)
[0.390s] -- Using all available rosidl_typesupport_cpp: rosidl_typesupport_fastrtps_cpp;rosidl_typesupport_introspection_cpp
[0.723s] -- Found ament_cmake_ros: 0.10.0 (/opt/ros/humble/share/ament_cmake_ros/cmake)
[0.947s] -- Using all available rosidl_typesupport_c: rosidl_typesupport_fastrtps_c;rosidl_typesupport_introspection_c
[1.236s] -- Using all available rosidl_typesupport_cpp: rosidl_typesupport_fastrtps_cpp;rosidl_typesupport_introspection_cpp
[1.266s] -- Found python_cmake_module: 0.10.0 (/opt/ros/humble/share/python_cmake_module/cmake)
[1.296s] -- Using PYTHON_EXECUTABLE: /usr/bin/python3
[1.296s] -- Using PYTHON_INCLUDE_DIRS: /usr/include/python3.10
[1.296s] -- Using PYTHON_LIBRARIES: /usr/lib/x86_64-linux-gnu/libpython3.10.so
[1.324s] -- Configuring done
[1.375s] -- Generating done
[1.380s] -- Build files have been written to: /home/varun/ros2workspace/build/my_robot_interfaces
[1.410s] [  2%] [34m[1mGenerating C code for ROS interfaces[0m
[1.423s] [  4%] [34m[1mGenerating C++ code for ROS interfaces[0m
[1.440s] [  4%] Built target ament_cmake_python_copy_my_robot_interfaces
[1.765s] running egg_info
[1.766s] writing my_robot_interfaces.egg-info/PKG-INFO
[1.766s] writing dependency_links to my_robot_interfaces.egg-info/dependency_links.txt
[1.766s] writing top-level names to my_robot_interfaces.egg-info/top_level.txt
[1.770s] reading manifest file 'my_robot_interfaces.egg-info/SOURCES.txt'
[1.771s] writing manifest file 'my_robot_interfaces.egg-info/SOURCES.txt'
[1.810s] [  4%] Built target my_robot_interfaces__cpp
[1.816s] [  4%] Built target ament_cmake_python_build_my_robot_interfaces_egg
[1.820s] [35m[1mConsolidate compiler generated dependencies of target my_robot_interfaces__rosidl_generator_c[0m
[1.823s] [  6%] [34m[1mGenerating C++ type support for eProsima Fast-RTPS[0m
[1.823s] [  8%] [34m[1mGenerating C++ introspection for ROS interfaces[0m
[1.824s] [ 10%] [34m[1mGenerating C++ type support dispatch for ROS interfaces[0m
[1.836s] [ 14%] [32mBuilding C object CMakeFiles/my_robot_interfaces__rosidl_generator_c.dir/rosidl_generator_c/my_robot_interfaces/srv/detail/compute_rectangle_area__functions.c.o[0m
[1.836s] [ 17%] [32mBuilding C object CMakeFiles/my_robot_interfaces__rosidl_generator_c.dir/rosidl_generator_c/my_robot_interfaces/msg/detail/hardware_status__functions.c.o[0m
[1.836s] [ 17%] [32mBuilding C object CMakeFiles/my_robot_interfaces__rosidl_generator_c.dir/rosidl_generator_c/my_robot_interfaces/msg/detail/led_state_array__functions.c.o[0m
[1.931s] [ 19%] [32m[1mLinking C shared library libmy_robot_interfaces__rosidl_generator_c.so[0m
[1.986s] [ 19%] Built target my_robot_interfaces__rosidl_generator_c
[1.999s] [ 25%] [34m[1mGenerating C introspection for ROS interfaces[0m
[2.000s] [ 25%] [34m[1mGenerating C type support for eProsima Fast-RTPS[0m
[2.000s] [ 25%] [34m[1mGenerating C type support dispatch for ROS interfaces[0m
[2.109s] [35m[1mConsolidate compiler generated dependencies of target my_robot_interfaces__rosidl_typesupport_cpp[0m
[2.128s] [ 27%] [32mBuilding CXX object CMakeFiles/my_robot_interfaces__rosidl_typesupport_cpp.dir/rosidl_typesupport_cpp/my_robot_interfaces/msg/hardware_status__type_support.cpp.o[0m
[2.130s] [ 31%] [32mBuilding CXX object CMakeFiles/my_robot_interfaces__rosidl_typesupport_cpp.dir/rosidl_typesupport_cpp/my_robot_interfaces/msg/led_state_array__type_support.cpp.o[0m
[2.131s] [ 31%] [32mBuilding CXX object CMakeFiles/my_robot_interfaces__rosidl_typesupport_cpp.dir/rosidl_typesupport_cpp/my_robot_interfaces/srv/compute_rectangle_area__type_support.cpp.o[0m
[2.153s] [35m[1mConsolidate compiler generated dependencies of target my_robot_interfaces__rosidl_typesupport_introspection_cpp[0m
[2.174s] [ 34%] [32mBuilding CXX object CMakeFiles/my_robot_interfaces__rosidl_typesupport_introspection_cpp.dir/rosidl_typesupport_introspection_cpp/my_robot_interfaces/msg/detail/hardware_status__type_support.cpp.o[0m
[2.175s] [ 36%] [32mBuilding CXX object CMakeFiles/my_robot_interfaces__rosidl_typesupport_introspection_cpp.dir/rosidl_typesupport_introspection_cpp/my_robot_interfaces/msg/detail/led_state_array__type_support.cpp.o[0m
[2.177s] [ 38%] [32mBuilding CXX object CMakeFiles/my_robot_interfaces__rosidl_typesupport_introspection_cpp.dir/rosidl_typesupport_introspection_cpp/my_robot_interfaces/srv/detail/compute_rectangle_area__type_support.cpp.o[0m
[2.207s] [35m[1mConsolidate compiler generated dependencies of target my_robot_interfaces__rosidl_typesupport_fastrtps_cpp[0m
[2.227s] [ 42%] [32mBuilding CXX object CMakeFiles/my_robot_interfaces__rosidl_typesupport_fastrtps_cpp.dir/rosidl_typesupport_fastrtps_cpp/my_robot_interfaces/srv/detail/dds_fastrtps/compute_rectangle_area__type_support.cpp.o[0m
[2.227s] [ 44%] [32mBuilding CXX object CMakeFiles/my_robot_interfaces__rosidl_typesupport_fastrtps_cpp.dir/rosidl_typesupport_fastrtps_cpp/my_robot_interfaces/msg/detail/dds_fastrtps/led_state_array__type_support.cpp.o[0m
[2.227s] [ 44%] [32mBuilding CXX object CMakeFiles/my_robot_interfaces__rosidl_typesupport_fastrtps_cpp.dir/rosidl_typesupport_fastrtps_cpp/my_robot_interfaces/msg/detail/dds_fastrtps/hardware_status__type_support.cpp.o[0m
[2.351s] [35m[1mConsolidate compiler generated dependencies of target my_robot_interfaces__rosidl_typesupport_c[0m
[2.398s] [ 46%] [32mBuilding CXX object CMakeFiles/my_robot_interfaces__rosidl_typesupport_c.dir/rosidl_typesupport_c/my_robot_interfaces/msg/hardware_status__type_support.cpp.o[0m
[2.461s] [ 48%] [32mBuilding CXX object CMakeFiles/my_robot_interfaces__rosidl_typesupport_c.dir/rosidl_typesupport_c/my_robot_interfaces/srv/compute_rectangle_area__type_support.cpp.o[0m
[2.473s] [35m[1mConsolidate compiler generated dependencies of target my_robot_interfaces__rosidl_typesupport_introspection_c[0m
[2.498s] [ 51%] [32mBuilding C object CMakeFiles/my_robot_interfaces__rosidl_typesupport_introspection_c.dir/rosidl_typesupport_introspection_c/my_robot_interfaces/msg/detail/hardware_status__type_support.c.o[0m
[2.527s] [35m[1mConsolidate compiler generated dependencies of target my_robot_interfaces__rosidl_typesupport_fastrtps_c[0m
[2.528s] [ 53%] [32mBuilding CXX object CMakeFiles/my_robot_interfaces__rosidl_typesupport_c.dir/rosidl_typesupport_c/my_robot_interfaces/msg/led_state_array__type_support.cpp.o[0m
[2.562s] [ 55%] [32mBuilding C object CMakeFiles/my_robot_interfaces__rosidl_typesupport_introspection_c.dir/rosidl_typesupport_introspection_c/my_robot_interfaces/srv/detail/compute_rectangle_area__type_support.c.o[0m
[2.573s] [ 57%] [32mBuilding CXX object CMakeFiles/my_robot_interfaces__rosidl_typesupport_fastrtps_c.dir/rosidl_typesupport_fastrtps_c/my_robot_interfaces/msg/detail/hardware_status__type_support_c.cpp.o[0m
[2.578s] [ 59%] [32m[1mLinking CXX shared library libmy_robot_interfaces__rosidl_typesupport_c.so[0m
[2.590s] [ 61%] [32mBuilding C object CMakeFiles/my_robot_interfaces__rosidl_typesupport_introspection_c.dir/rosidl_typesupport_introspection_c/my_robot_interfaces/msg/detail/led_state_array__type_support.c.o[0m
[2.602s] [ 63%] [32mBuilding CXX object CMakeFiles/my_robot_interfaces__rosidl_typesupport_fastrtps_c.dir/rosidl_typesupport_fastrtps_c/my_robot_interfaces/srv/detail/compute_rectangle_area__type_support_c.cpp.o[0m
[2.620s] [ 65%] [32mBuilding CXX object CMakeFiles/my_robot_interfaces__rosidl_typesupport_fastrtps_c.dir/rosidl_typesupport_fastrtps_c/my_robot_interfaces/msg/detail/led_state_array__type_support_c.cpp.o[0m
[2.636s] [ 68%] [32m[1mLinking CXX shared library libmy_robot_interfaces__rosidl_typesupport_cpp.so[0m
[2.649s] [ 70%] Built target my_robot_interfaces__rosidl_typesupport_c
[2.649s] [ 70%] [32m[1mLinking C shared library libmy_robot_interfaces__rosidl_typesupport_introspection_c.so[0m
[2.703s] [ 70%] Built target my_robot_interfaces__rosidl_typesupport_introspection_c
[2.704s] [ 70%] Built target my_robot_interfaces__rosidl_typesupport_cpp
[2.761s] [ 72%] [32m[1mLinking CXX shared library libmy_robot_interfaces__rosidl_typesupport_introspection_cpp.so[0m
[2.834s] [ 74%] [32m[1mLinking CXX shared library libmy_robot_interfaces__rosidl_typesupport_fastrtps_cpp.so[0m
[2.843s] [ 74%] Built target my_robot_interfaces__rosidl_typesupport_introspection_cpp
[2.904s] [ 74%] Built target my_robot_interfaces__rosidl_typesupport_fastrtps_cpp
[2.966s] [ 76%] [32m[1mLinking CXX shared library libmy_robot_interfaces__rosidl_typesupport_fastrtps_c.so[0m
[3.026s] [ 76%] Built target my_robot_interfaces__rosidl_typesupport_fastrtps_c
[3.047s] [ 76%] Built target my_robot_interfaces
[3.068s] [ 78%] [34m[1mGenerating Python code for ROS interfaces[0m
[3.461s] [ 78%] Built target my_robot_interfaces__py
[3.471s] [35m[1mConsolidate compiler generated dependencies of target my_robot_interfaces__rosidl_generator_py[0m
[3.484s] [ 85%] [32mBuilding C object CMakeFiles/my_robot_interfaces__rosidl_generator_py.dir/rosidl_generator_py/my_robot_interfaces/msg/_hardware_status_s.c.o[0m
[3.485s] [ 85%] [32mBuilding C object CMakeFiles/my_robot_interfaces__rosidl_generator_py.dir/rosidl_generator_py/my_robot_interfaces/msg/_led_state_array_s.c.o[0m
[3.485s] [ 85%] [32mBuilding C object CMakeFiles/my_robot_interfaces__rosidl_generator_py.dir/rosidl_generator_py/my_robot_interfaces/srv/_compute_rectangle_area_s.c.o[0m
[3.589s] [ 87%] [32m[1mLinking C shared library rosidl_generator_py/my_robot_interfaces/libmy_robot_interfaces__rosidl_generator_py.so[0m
[3.626s] [ 87%] Built target my_robot_interfaces__rosidl_generator_py
[3.636s] [35m[1mConsolidate compiler generated dependencies of target my_robot_interfaces__rosidl_typesupport_introspection_c__pyext[0m
[3.636s] [35m[1mConsolidate compiler generated dependencies of target my_robot_interfaces__rosidl_typesupport_fastrtps_c__pyext[0m
[3.636s] [35m[1mConsolidate compiler generated dependencies of target my_robot_interfaces__rosidl_typesupport_c__pyext[0m
[3.648s] [ 93%] [32mBuilding C object CMakeFiles/my_robot_interfaces__rosidl_typesupport_c__pyext.dir/rosidl_generator_py/my_robot_interfaces/_my_robot_interfaces_s.ep.rosidl_typesupport_c.c.o[0m
[3.648s] [ 93%] [32mBuilding C object CMakeFiles/my_robot_interfaces__rosidl_typesupport_fastrtps_c__pyext.dir/rosidl_generator_py/my_robot_interfaces/_my_robot_interfaces_s.ep.rosidl_typesupport_fastrtps_c.c.o[0m
[3.649s] [ 93%] [32mBuilding C object CMakeFiles/my_robot_interfaces__rosidl_typesupport_introspection_c__pyext.dir/rosidl_generator_py/my_robot_interfaces/_my_robot_interfaces_s.ep.rosidl_typesupport_introspection_c.c.o[0m
[3.726s] [ 97%] [32m[1mLinking C shared library rosidl_generator_py/my_robot_interfaces/my_robot_interfaces_s__rosidl_typesupport_c.cpython-310-x86_64-linux-gnu.so[0m
[3.726s] [ 97%] [32m[1mLinking C shared library rosidl_generator_py/my_robot_interfaces/my_robot_interfaces_s__rosidl_typesupport_introspection_c.cpython-310-x86_64-linux-gnu.so[0m
[3.728s] [100%] [32m[1mLinking C shared library rosidl_generator_py/my_robot_interfaces/my_robot_interfaces_s__rosidl_typesupport_fastrtps_c.cpython-310-x86_64-linux-gnu.so[0m
[3.756s] [100%] Built target my_robot_interfaces__rosidl_typesupport_c__pyext
[3.756s] [100%] Built target my_robot_interfaces__rosidl_typesupport_introspection_c__pyext
[3.757s] [100%] Built target my_robot_interfaces__rosidl_typesupport_fastrtps_c__pyext
[3.768s] Invoked command in '/home/varun/ros2workspace/build/my_robot_interfaces' returned '0': CMAKE_PREFIX_PATH=${CMAKE_PREFIX_PATH}:/home/varun/ros2workspace/install/my_pkgpy:/home/varun/ros2_ws/install/my_py_pkg:/opt/ros/humble /usr/bin/cmake --build /home/varun/ros2workspace/build/my_robot_interfaces -- -j12 -l12
[3.876s] Invoking command in '/home/varun/ros2workspace/build/my_robot_interfaces': CMAKE_PREFIX_PATH=${CMAKE_PREFIX_PATH}:/home/varun/ros2workspace/install/my_pkgpy:/home/varun/ros2_ws/install/my_py_pkg:/opt/ros/humble /usr/bin/cmake --install /home/varun/ros2workspace/build/my_robot_interfaces
[3.882s] -- Install configuration: ""
[3.882s] -- Installing: /home/varun/ros2workspace/install/my_robot_interfaces/share/ament_index/resource_index/rosidl_interfaces/my_robot_interfaces
[3.882s] -- Up-to-date: /home/varun/ros2workspace/install/my_robot_interfaces/include/my_robot_interfaces/my_robot_interfaces
[3.883s] -- Installing: /home/varun/ros2workspace/install/my_robot_interfaces/include/my_robot_interfaces/my_robot_interfaces/srv
[3.883s] -- Installing: /home/varun/ros2workspace/install/my_robot_interfaces/include/my_robot_interfaces/my_robot_interfaces/srv/detail
[3.883s] -- Installing: /home/varun/ros2workspace/install/my_robot_interfaces/include/my_robot_interfaces/my_robot_interfaces/srv/detail/compute_rectangle_area__struct.h
[3.883s] -- Installing: /home/varun/ros2workspace/install/my_robot_interfaces/include/my_robot_interfaces/my_robot_interfaces/srv/detail/compute_rectangle_area__functions.h
[3.883s] -- Installing: /home/varun/ros2workspace/install/my_robot_interfaces/include/my_robot_interfaces/my_robot_interfaces/srv/detail/compute_rectangle_area__functions.c
[3.883s] -- Installing: /home/varun/ros2workspace/install/my_robot_interfaces/include/my_robot_interfaces/my_robot_interfaces/srv/detail/compute_rectangle_area__type_support.h
[3.883s] -- Installing: /home/varun/ros2workspace/install/my_robot_interfaces/include/my_robot_interfaces/my_robot_interfaces/srv/compute_rectangle_area.h
[3.883s] -- Up-to-date: /home/varun/ros2workspace/install/my_robot_interfaces/include/my_robot_interfaces/my_robot_interfaces/msg
[3.883s] -- Installing: /home/varun/ros2workspace/install/my_robot_interfaces/include/my_robot_interfaces/my_robot_interfaces/msg/hardware_status.h
[3.883s] -- Up-to-date: /home/varun/ros2workspace/install/my_robot_interfaces/include/my_robot_interfaces/my_robot_interfaces/msg/detail
[3.883s] -- Installing: /home/varun/ros2workspace/install/my_robot_interfaces/include/my_robot_interfaces/my_robot_interfaces/msg/detail/led_state_array__type_support.h
[3.884s] -- Installing: /home/varun/ros2workspace/install/my_robot_interfaces/include/my_robot_interfaces/my_robot_interfaces/msg/detail/hardware_status__functions.c
[3.884s] -- Installing: /home/varun/ros2workspace/install/my_robot_interfaces/include/my_robot_interfaces/my_robot_interfaces/msg/detail/led_state_array__struct.h
[3.884s] -- Installing: /home/varun/ros2workspace/install/my_robot_interfaces/include/my_robot_interfaces/my_robot_interfaces/msg/detail/hardware_status__type_support.h
[3.884s] -- Installing: /home/varun/ros2workspace/install/my_robot_interfaces/include/my_robot_interfaces/my_robot_interfaces/msg/detail/led_state_array__functions.h
[3.884s] -- Installing: /home/varun/ros2workspace/install/my_robot_interfaces/include/my_robot_interfaces/my_robot_interfaces/msg/detail/led_state_array__functions.c
[3.884s] -- Installing: /home/varun/ros2workspace/install/my_robot_interfaces/include/my_robot_interfaces/my_robot_interfaces/msg/detail/hardware_status__struct.h
[3.885s] -- Installing: /home/varun/ros2workspace/install/my_robot_interfaces/include/my_robot_interfaces/my_robot_interfaces/msg/detail/hardware_status__functions.h
[3.885s] -- Installing: /home/varun/ros2workspace/install/my_robot_interfaces/include/my_robot_interfaces/my_robot_interfaces/msg/led_state_array.h
[3.885s] -- Up-to-date: /home/varun/ros2workspace/install/my_robot_interfaces/include/my_robot_interfaces/my_robot_interfaces/msg/rosidl_generator_c__visibility_control.h
[3.885s] -- Up-to-date: /home/varun/ros2workspace/install/my_robot_interfaces/share/my_robot_interfaces/environment/library_path.sh
[3.885s] -- Installing: /home/varun/ros2workspace/install/my_robot_interfaces/share/my_robot_interfaces/environment/library_path.dsv
[3.887s] -- Installing: /home/varun/ros2workspace/install/my_robot_interfaces/lib/libmy_robot_interfaces__rosidl_generator_c.so
[3.887s] -- Set runtime path of "/home/varun/ros2workspace/install/my_robot_interfaces/lib/libmy_robot_interfaces__rosidl_generator_c.so" to ""
[3.887s] -- Up-to-date: /home/varun/ros2workspace/install/my_robot_interfaces/include/my_robot_interfaces/my_robot_interfaces
[3.887s] -- Up-to-date: /home/varun/ros2workspace/install/my_robot_interfaces/include/my_robot_interfaces/my_robot_interfaces/srv
[3.887s] -- Up-to-date: /home/varun/ros2workspace/install/my_robot_interfaces/include/my_robot_interfaces/my_robot_interfaces/srv/detail
[3.887s] -- Installing: /home/varun/ros2workspace/install/my_robot_interfaces/include/my_robot_interfaces/my_robot_interfaces/srv/detail/compute_rectangle_area__rosidl_typesupport_fastrtps_c.h
[3.887s] -- Up-to-date: /home/varun/ros2workspace/install/my_robot_interfaces/include/my_robot_interfaces/my_robot_interfaces/msg
[3.888s] -- Up-to-date: /home/varun/ros2workspace/install/my_robot_interfaces/include/my_robot_interfaces/my_robot_interfaces/msg/detail
[3.888s] -- Installing: /home/varun/ros2workspace/install/my_robot_interfaces/include/my_robot_interfaces/my_robot_interfaces/msg/detail/hardware_status__rosidl_typesupport_fastrtps_c.h
[3.888s] -- Installing: /home/varun/ros2workspace/install/my_robot_interfaces/include/my_robot_interfaces/my_robot_interfaces/msg/detail/led_state_array__rosidl_typesupport_fastrtps_c.h
[3.888s] -- Up-to-date: /home/varun/ros2workspace/install/my_robot_interfaces/include/my_robot_interfaces/my_robot_interfaces/msg/rosidl_typesupport_fastrtps_c__visibility_control.h
[3.888s] -- Installing: /home/varun/ros2workspace/install/my_robot_interfaces/lib/libmy_robot_interfaces__rosidl_typesupport_fastrtps_c.so
[3.889s] -- Set runtime path of "/home/varun/ros2workspace/install/my_robot_interfaces/lib/libmy_robot_interfaces__rosidl_typesupport_fastrtps_c.so" to ""
[3.889s] -- Up-to-date: /home/varun/ros2workspace/install/my_robot_interfaces/include/my_robot_interfaces/my_robot_interfaces
[3.889s] -- Up-to-date: /home/varun/ros2workspace/install/my_robot_interfaces/include/my_robot_interfaces/my_robot_interfaces/srv
[3.889s] -- Up-to-date: /home/varun/ros2workspace/install/my_robot_interfaces/include/my_robot_interfaces/my_robot_interfaces/srv/detail
[3.889s] -- Installing: /home/varun/ros2workspace/install/my_robot_interfaces/include/my_robot_interfaces/my_robot_interfaces/srv/detail/compute_rectangle_area__rosidl_typesupport_introspection_c.h
[3.889s] -- Installing: /home/varun/ros2workspace/install/my_robot_interfaces/include/my_robot_interfaces/my_robot_interfaces/srv/detail/compute_rectangle_area__type_support.c
[3.889s] -- Up-to-date: /home/varun/ros2workspace/install/my_robot_interfaces/include/my_robot_interfaces/my_robot_interfaces/msg
[3.889s] -- Up-to-date: /home/varun/ros2workspace/install/my_robot_interfaces/include/my_robot_interfaces/my_robot_interfaces/msg/detail
[3.889s] -- Installing: /home/varun/ros2workspace/install/my_robot_interfaces/include/my_robot_interfaces/my_robot_interfaces/msg/detail/hardware_status__rosidl_typesupport_introspection_c.h
[3.889s] -- Installing: /home/varun/ros2workspace/install/my_robot_interfaces/include/my_robot_interfaces/my_robot_interfaces/msg/detail/led_state_array__type_support.c
[3.889s] -- Installing: /home/varun/ros2workspace/install/my_robot_interfaces/include/my_robot_interfaces/my_robot_interfaces/msg/detail/hardware_status__type_support.c
[3.889s] -- Installing: /home/varun/ros2workspace/install/my_robot_interfaces/include/my_robot_interfaces/my_robot_interfaces/msg/detail/led_state_array__rosidl_typesupport_introspection_c.h
[3.890s] -- Up-to-date: /home/varun/ros2workspace/install/my_robot_interfaces/include/my_robot_interfaces/my_robot_interfaces/msg/rosidl_typesupport_introspection_c__visibility_control.h
[3.890s] -- Installing: /home/varun/ros2workspace/install/my_robot_interfaces/lib/libmy_robot_interfaces__rosidl_typesupport_introspection_c.so
[3.891s] -- Set runtime path of "/home/varun/ros2workspace/install/my_robot_interfaces/lib/libmy_robot_interfaces__rosidl_typesupport_introspection_c.so" to ""
[3.891s] -- Installing: /home/varun/ros2workspace/install/my_robot_interfaces/lib/libmy_robot_interfaces__rosidl_typesupport_c.so
[3.891s] -- Set runtime path of "/home/varun/ros2workspace/install/my_robot_interfaces/lib/libmy_robot_interfaces__rosidl_typesupport_c.so" to ""
[3.891s] -- Up-to-date: /home/varun/ros2workspace/install/my_robot_interfaces/include/my_robot_interfaces/my_robot_interfaces
[3.891s] -- Up-to-date: /home/varun/ros2workspace/install/my_robot_interfaces/include/my_robot_interfaces/my_robot_interfaces/srv
[3.891s] -- Up-to-date: /home/varun/ros2workspace/install/my_robot_interfaces/include/my_robot_interfaces/my_robot_interfaces/srv/detail
[3.891s] -- Installing: /home/varun/ros2workspace/install/my_robot_interfaces/include/my_robot_interfaces/my_robot_interfaces/srv/detail/compute_rectangle_area__traits.hpp
[3.892s] -- Installing: /home/varun/ros2workspace/install/my_robot_interfaces/include/my_robot_interfaces/my_robot_interfaces/srv/detail/compute_rectangle_area__struct.hpp
[3.892s] -- Installing: /home/varun/ros2workspace/install/my_robot_interfaces/include/my_robot_interfaces/my_robot_interfaces/srv/detail/compute_rectangle_area__builder.hpp
[3.892s] -- Installing: /home/varun/ros2workspace/install/my_robot_interfaces/include/my_robot_interfaces/my_robot_interfaces/srv/compute_rectangle_area.hpp
[3.892s] -- Up-to-date: /home/varun/ros2workspace/install/my_robot_interfaces/include/my_robot_interfaces/my_robot_interfaces/msg
[3.892s] -- Installing: /home/varun/ros2workspace/install/my_robot_interfaces/include/my_robot_interfaces/my_robot_interfaces/msg/led_state_array.hpp
[3.892s] -- Up-to-date: /home/varun/ros2workspace/install/my_robot_interfaces/include/my_robot_interfaces/my_robot_interfaces/msg/detail
[3.892s] -- Installing: /home/varun/ros2workspace/install/my_robot_interfaces/include/my_robot_interfaces/my_robot_interfaces/msg/detail/led_state_array__builder.hpp
[3.892s] -- Installing: /home/varun/ros2workspace/install/my_robot_interfaces/include/my_robot_interfaces/my_robot_interfaces/msg/detail/hardware_status__traits.hpp
[3.892s] -- Installing: /home/varun/ros2workspace/install/my_robot_interfaces/include/my_robot_interfaces/my_robot_interfaces/msg/detail/led_state_array__struct.hpp
[3.892s] -- Installing: /home/varun/ros2workspace/install/my_robot_interfaces/include/my_robot_interfaces/my_robot_interfaces/msg/detail/led_state_array__traits.hpp
[3.893s] -- Installing: /home/varun/ros2workspace/install/my_robot_interfaces/include/my_robot_interfaces/my_robot_interfaces/msg/detail/hardware_status__builder.hpp
[3.893s] -- Installing: /home/varun/ros2workspace/install/my_robot_interfaces/include/my_robot_interfaces/my_robot_interfaces/msg/detail/hardware_status__struct.hpp
[3.893s] -- Installing: /home/varun/ros2workspace/install/my_robot_interfaces/include/my_robot_interfaces/my_robot_interfaces/msg/hardware_status.hpp
[3.893s] -- Up-to-date: /home/varun/ros2workspace/install/my_robot_interfaces/include/my_robot_interfaces/my_robot_interfaces
[3.893s] -- Up-to-date: /home/varun/ros2workspace/install/my_robot_interfaces/include/my_robot_interfaces/my_robot_interfaces/srv
[3.893s] -- Up-to-date: /home/varun/ros2workspace/install/my_robot_interfaces/include/my_robot_interfaces/my_robot_interfaces/srv/detail
[3.893s] -- Installing: /home/varun/ros2workspace/install/my_robot_interfaces/include/my_robot_interfaces/my_robot_interfaces/srv/detail/dds_fastrtps
[3.893s] -- Installing: /home/varun/ros2workspace/install/my_robot_interfaces/include/my_robot_interfaces/my_robot_interfaces/srv/detail/compute_rectangle_area__rosidl_typesupport_fastrtps_cpp.hpp
[3.894s] -- Up-to-date: /home/varun/ros2workspace/install/my_robot_interfaces/include/my_robot_interfaces/my_robot_interfaces/msg
[3.894s] -- Up-to-date: /home/varun/ros2workspace/install/my_robot_interfaces/include/my_robot_interfaces/my_robot_interfaces/msg/detail
[3.894s] -- Installing: /home/varun/ros2workspace/install/my_robot_interfaces/include/my_robot_interfaces/my_robot_interfaces/msg/detail/hardware_status__rosidl_typesupport_fastrtps_cpp.hpp
[3.894s] -- Up-to-date: /home/varun/ros2workspace/install/my_robot_interfaces/include/my_robot_interfaces/my_robot_interfaces/msg/detail/dds_fastrtps
[3.894s] -- Installing: /home/varun/ros2workspace/install/my_robot_interfaces/include/my_robot_interfaces/my_robot_interfaces/msg/detail/led_state_array__rosidl_typesupport_fastrtps_cpp.hpp
[3.894s] -- Up-to-date: /home/varun/ros2workspace/install/my_robot_interfaces/include/my_robot_interfaces/my_robot_interfaces/msg/rosidl_typesupport_fastrtps_cpp__visibility_control.h
[3.894s] -- Installing: /home/varun/ros2workspace/install/my_robot_interfaces/lib/libmy_robot_interfaces__rosidl_typesupport_fastrtps_cpp.so
[3.895s] -- Set runtime path of "/home/varun/ros2workspace/install/my_robot_interfaces/lib/libmy_robot_interfaces__rosidl_typesupport_fastrtps_cpp.so" to ""
[3.895s] -- Up-to-date: /home/varun/ros2workspace/install/my_robot_interfaces/include/my_robot_interfaces/my_robot_interfaces
[3.895s] -- Up-to-date: /home/varun/ros2workspace/install/my_robot_interfaces/include/my_robot_interfaces/my_robot_interfaces/srv
[3.895s] -- Up-to-date: /home/varun/ros2workspace/install/my_robot_interfaces/include/my_robot_interfaces/my_robot_interfaces/srv/detail
[3.895s] -- Installing: /home/varun/ros2workspace/install/my_robot_interfaces/include/my_robot_interfaces/my_robot_interfaces/srv/detail/compute_rectangle_area__rosidl_typesupport_introspection_cpp.hpp
[3.895s] -- Installing: /home/varun/ros2workspace/install/my_robot_interfaces/include/my_robot_interfaces/my_robot_interfaces/srv/detail/compute_rectangle_area__type_support.cpp
[3.895s] -- Up-to-date: /home/varun/ros2workspace/install/my_robot_interfaces/include/my_robot_interfaces/my_robot_interfaces/msg
[3.895s] -- Up-to-date: /home/varun/ros2workspace/install/my_robot_interfaces/include/my_robot_interfaces/my_robot_interfaces/msg/detail
[3.896s] -- Installing: /home/varun/ros2workspace/install/my_robot_interfaces/include/my_robot_interfaces/my_robot_interfaces/msg/detail/hardware_status__rosidl_typesupport_introspection_cpp.hpp
[3.896s] -- Installing: /home/varun/ros2workspace/install/my_robot_interfaces/include/my_robot_interfaces/my_robot_interfaces/msg/detail/led_state_array__rosidl_typesupport_introspection_cpp.hpp
[3.896s] -- Installing: /home/varun/ros2workspace/install/my_robot_interfaces/include/my_robot_interfaces/my_robot_interfaces/msg/detail/hardware_status__type_support.cpp
[3.896s] -- Installing: /home/varun/ros2workspace/install/my_robot_interfaces/include/my_robot_interfaces/my_robot_interfaces/msg/detail/led_state_array__type_support.cpp
[3.897s] -- Installing: /home/varun/ros2workspace/install/my_robot_interfaces/lib/libmy_robot_interfaces__rosidl_typesupport_introspection_cpp.so
[3.897s] -- Set runtime path of "/home/varun/ros2workspace/install/my_robot_interfaces/lib/libmy_robot_interfaces__rosidl_typesupport_introspection_cpp.so" to ""
[3.897s] -- Installing: /home/varun/ros2workspace/install/my_robot_interfaces/lib/libmy_robot_interfaces__rosidl_typesupport_cpp.so
[3.898s] -- Set runtime path of "/home/varun/ros2workspace/install/my_robot_interfaces/lib/libmy_robot_interfaces__rosidl_typesupport_cpp.so" to ""
[3.898s] -- Up-to-date: /home/varun/ros2workspace/install/my_robot_interfaces/share/my_robot_interfaces/environment/pythonpath.sh
[3.898s] -- Installing: /home/varun/ros2workspace/install/my_robot_interfaces/share/my_robot_interfaces/environment/pythonpath.dsv
[3.898s] -- Up-to-date: /home/varun/ros2workspace/install/my_robot_interfaces/local/lib/python3.10/dist-packages/my_robot_interfaces-0.0.0-py3.10.egg-info
[3.898s] -- Installing: /home/varun/ros2workspace/install/my_robot_interfaces/local/lib/python3.10/dist-packages/my_robot_interfaces-0.0.0-py3.10.egg-info/top_level.txt
[3.898s] -- Installing: /home/varun/ros2workspace/install/my_robot_interfaces/local/lib/python3.10/dist-packages/my_robot_interfaces-0.0.0-py3.10.egg-info/SOURCES.txt
[3.898s] -- Installing: /home/varun/ros2workspace/install/my_robot_interfaces/local/lib/python3.10/dist-packages/my_robot_interfaces-0.0.0-py3.10.egg-info/PKG-INFO
[3.898s] -- Installing: /home/varun/ros2workspace/install/my_robot_interfaces/local/lib/python3.10/dist-packages/my_robot_interfaces-0.0.0-py3.10.egg-info/dependency_links.txt
[3.899s] -- Up-to-date: /home/varun/ros2workspace/install/my_robot_interfaces/local/lib/python3.10/dist-packages/my_robot_interfaces
[3.899s] -- Installing: /home/varun/ros2workspace/install/my_robot_interfaces/local/lib/python3.10/dist-packages/my_robot_interfaces/srv
[3.899s] -- Installing: /home/varun/ros2workspace/install/my_robot_interfaces/local/lib/python3.10/dist-packages/my_robot_interfaces/srv/_compute_rectangle_area.py
[3.899s] -- Installing: /home/varun/ros2workspace/install/my_robot_interfaces/local/lib/python3.10/dist-packages/my_robot_interfaces/srv/__init__.py
[3.899s] -- Installing: /home/varun/ros2workspace/install/my_robot_interfaces/local/lib/python3.10/dist-packages/my_robot_interfaces/srv/_compute_rectangle_area_s.c
[3.899s] -- Installing: /home/varun/ros2workspace/install/my_robot_interfaces/local/lib/python3.10/dist-packages/my_robot_interfaces/libmy_robot_interfaces__rosidl_generator_py.so
[3.900s] -- Up-to-date: /home/varun/ros2workspace/install/my_robot_interfaces/local/lib/python3.10/dist-packages/my_robot_interfaces/msg
[3.900s] -- Installing: /home/varun/ros2workspace/install/my_robot_interfaces/local/lib/python3.10/dist-packages/my_robot_interfaces/msg/_hardware_status.py
[3.900s] -- Installing: /home/varun/ros2workspace/install/my_robot_interfaces/local/lib/python3.10/dist-packages/my_robot_interfaces/msg/_led_state_array_s.c
[3.900s] -- Installing: /home/varun/ros2workspace/install/my_robot_interfaces/local/lib/python3.10/dist-packages/my_robot_interfaces/msg/_led_state_array.py
[3.900s] -- Installing: /home/varun/ros2workspace/install/my_robot_interfaces/local/lib/python3.10/dist-packages/my_robot_interfaces/msg/_hardware_status_s.c
[3.900s] -- Installing: /home/varun/ros2workspace/install/my_robot_interfaces/local/lib/python3.10/dist-packages/my_robot_interfaces/msg/__init__.py
[3.900s] -- Installing: /home/varun/ros2workspace/install/my_robot_interfaces/local/lib/python3.10/dist-packages/my_robot_interfaces/my_robot_interfaces_s__rosidl_typesupport_fastrtps_c.cpython-310-x86_64-linux-gnu.so
[3.901s] -- Installing: /home/varun/ros2workspace/install/my_robot_interfaces/local/lib/python3.10/dist-packages/my_robot_interfaces/_my_robot_interfaces_s.ep.rosidl_typesupport_fastrtps_c.c
[3.901s] -- Installing: /home/varun/ros2workspace/install/my_robot_interfaces/local/lib/python3.10/dist-packages/my_robot_interfaces/my_robot_interfaces_s__rosidl_typesupport_c.cpython-310-x86_64-linux-gnu.so
[3.901s] -- Installing: /home/varun/ros2workspace/install/my_robot_interfaces/local/lib/python3.10/dist-packages/my_robot_interfaces/_my_robot_interfaces_s.ep.rosidl_typesupport_introspection_c.c
[3.901s] -- Installing: /home/varun/ros2workspace/install/my_robot_interfaces/local/lib/python3.10/dist-packages/my_robot_interfaces/_my_robot_interfaces_s.ep.rosidl_typesupport_c.c
[3.901s] -- Installing: /home/varun/ros2workspace/install/my_robot_interfaces/local/lib/python3.10/dist-packages/my_robot_interfaces/my_robot_interfaces_s__rosidl_typesupport_introspection_c.cpython-310-x86_64-linux-gnu.so
[3.902s] -- Installing: /home/varun/ros2workspace/install/my_robot_interfaces/local/lib/python3.10/dist-packages/my_robot_interfaces/__init__.py
[3.933s] Listing '/home/varun/ros2workspace/install/my_robot_interfaces/local/lib/python3.10/dist-packages/my_robot_interfaces'...
[3.933s] Compiling '/home/varun/ros2workspace/install/my_robot_interfaces/local/lib/python3.10/dist-packages/my_robot_interfaces/__init__.py'...
[3.933s] Listing '/home/varun/ros2workspace/install/my_robot_interfaces/local/lib/python3.10/dist-packages/my_robot_interfaces/msg'...
[3.933s] Compiling '/home/varun/ros2workspace/install/my_robot_interfaces/local/lib/python3.10/dist-packages/my_robot_interfaces/msg/__init__.py'...
[3.933s] Compiling '/home/varun/ros2workspace/install/my_robot_interfaces/local/lib/python3.10/dist-packages/my_robot_interfaces/msg/_hardware_status.py'...
[3.933s] Compiling '/home/varun/ros2workspace/install/my_robot_interfaces/local/lib/python3.10/dist-packages/my_robot_interfaces/msg/_led_state_array.py'...
[3.933s] Listing '/home/varun/ros2workspace/install/my_robot_interfaces/local/lib/python3.10/dist-packages/my_robot_interfaces/srv'...
[3.933s] Compiling '/home/varun/ros2workspace/install/my_robot_interfaces/local/lib/python3.10/dist-packages/my_robot_interfaces/srv/__init__.py'...
[3.933s] Compiling '/home/varun/ros2workspace/install/my_robot_interfaces/local/lib/python3.10/dist-packages/my_robot_interfaces/srv/_compute_rectangle_area.py'...
[3.936s] -- Installing: /home/varun/ros2workspace/install/my_robot_interfaces/local/lib/python3.10/dist-packages/my_robot_interfaces/my_robot_interfaces_s__rosidl_typesupport_fastrtps_c.cpython-310-x86_64-linux-gnu.so
[3.936s] -- Set runtime path of "/home/varun/ros2workspace/install/my_robot_interfaces/local/lib/python3.10/dist-packages/my_robot_interfaces/my_robot_interfaces_s__rosidl_typesupport_fastrtps_c.cpython-310-x86_64-linux-gnu.so" to ""
[3.936s] -- Installing: /home/varun/ros2workspace/install/my_robot_interfaces/local/lib/python3.10/dist-packages/my_robot_interfaces/my_robot_interfaces_s__rosidl_typesupport_introspection_c.cpython-310-x86_64-linux-gnu.so
[3.937s] -- Set runtime path of "/home/varun/ros2workspace/install/my_robot_interfaces/local/lib/python3.10/dist-packages/my_robot_interfaces/my_robot_interfaces_s__rosidl_typesupport_introspection_c.cpython-310-x86_64-linux-gnu.so" to ""
[3.937s] -- Installing: /home/varun/ros2workspace/install/my_robot_interfaces/local/lib/python3.10/dist-packages/my_robot_interfaces/my_robot_interfaces_s__rosidl_typesupport_c.cpython-310-x86_64-linux-gnu.so
[3.937s] -- Set runtime path of "/home/varun/ros2workspace/install/my_robot_interfaces/local/lib/python3.10/dist-packages/my_robot_interfaces/my_robot_interfaces_s__rosidl_typesupport_c.cpython-310-x86_64-linux-gnu.so" to ""
[3.938s] -- Installing: /home/varun/ros2workspace/install/my_robot_interfaces/lib/libmy_robot_interfaces__rosidl_generator_py.so
[3.938s] -- Set runtime path of "/home/varun/ros2workspace/install/my_robot_interfaces/lib/libmy_robot_interfaces__rosidl_generator_py.so" to ""
[3.938s] -- Up-to-date: /home/varun/ros2workspace/install/my_robot_interfaces/share/my_robot_interfaces/msg/HardwareStatus.idl
[3.939s] -- Installing: /home/varun/ros2workspace/install/my_robot_interfaces/share/my_robot_interfaces/srv/ComputeRectangleArea.idl
[3.939s] -- Installing: /home/varun/ros2workspace/install/my_robot_interfaces/share/my_robot_interfaces/msg/LedStateArray.idl
[3.939s] -- Up-to-date: /home/varun/ros2workspace/install/my_robot_interfaces/share/my_robot_interfaces/msg/HardwareStatus.msg
[3.939s] -- Installing: /home/varun/ros2workspace/install/my_robot_interfaces/share/my_robot_interfaces/srv/ComputeRectangleArea.srv
[3.939s] -- Installing: /home/varun/ros2workspace/install/my_robot_interfaces/share/my_robot_interfaces/srv/ComputeRectangleArea_Request.msg
[3.939s] -- Installing: /home/varun/ros2workspace/install/my_robot_interfaces/share/my_robot_interfaces/srv/ComputeRectangleArea_Response.msg
[3.939s] -- Installing: /home/varun/ros2workspace/install/my_robot_interfaces/share/my_robot_interfaces/msg/LedStateArray.msg
[3.939s] -- Up-to-date: /home/varun/ros2workspace/install/my_robot_interfaces/share/ament_index/resource_index/package_run_dependencies/my_robot_interfaces
[3.940s] -- Installing: /home/varun/ros2workspace/install/my_robot_interfaces/share/ament_index/resource_index/parent_prefix_path/my_robot_interfaces
[3.940s] -- Up-to-date: /home/varun/ros2workspace/install/my_robot_interfaces/share/my_robot_interfaces/environment/ament_prefix_path.sh
[3.940s] -- Installing: /home/varun/ros2workspace/install/my_robot_interfaces/share/my_robot_interfaces/environment/ament_prefix_path.dsv
[3.940s] -- Up-to-date: /home/varun/ros2workspace/install/my_robot_interfaces/share/my_robot_interfaces/environment/path.sh
[3.940s] -- Installing: /home/varun/ros2workspace/install/my_robot_interfaces/share/my_robot_interfaces/environment/path.dsv
[3.940s] -- Up-to-date: /home/varun/ros2workspace/install/my_robot_interfaces/share/my_robot_interfaces/local_setup.bash
[3.940s] -- Up-to-date: /home/varun/ros2workspace/install/my_robot_interfaces/share/my_robot_interfaces/local_setup.sh
[3.940s] -- Up-to-date: /home/varun/ros2workspace/install/my_robot_interfaces/share/my_robot_interfaces/local_setup.zsh
[3.940s] -- Installing: /home/varun/ros2workspace/install/my_robot_interfaces/share/my_robot_interfaces/local_setup.dsv
[3.940s] -- Installing: /home/varun/ros2workspace/install/my_robot_interfaces/share/my_robot_interfaces/package.dsv
[3.941s] -- Up-to-date: /home/varun/ros2workspace/install/my_robot_interfaces/share/ament_index/resource_index/packages/my_robot_interfaces
[3.941s] -- Up-to-date: /home/varun/ros2workspace/install/my_robot_interfaces/share/my_robot_interfaces/cmake/export_my_robot_interfaces__rosidl_generator_cExport.cmake
[3.941s] -- Up-to-date: /home/varun/ros2workspace/install/my_robot_interfaces/share/my_robot_interfaces/cmake/export_my_robot_interfaces__rosidl_generator_cExport-noconfig.cmake
[3.941s] -- Up-to-date: /home/varun/ros2workspace/install/my_robot_interfaces/share/my_robot_interfaces/cmake/export_my_robot_interfaces__rosidl_typesupport_fastrtps_cExport.cmake
[3.941s] -- Up-to-date: /home/varun/ros2workspace/install/my_robot_interfaces/share/my_robot_interfaces/cmake/export_my_robot_interfaces__rosidl_typesupport_fastrtps_cExport-noconfig.cmake
[3.941s] -- Up-to-date: /home/varun/ros2workspace/install/my_robot_interfaces/share/my_robot_interfaces/cmake/my_robot_interfaces__rosidl_typesupport_introspection_cExport.cmake
[3.942s] -- Up-to-date: /home/varun/ros2workspace/install/my_robot_interfaces/share/my_robot_interfaces/cmake/my_robot_interfaces__rosidl_typesupport_introspection_cExport-noconfig.cmake
[3.942s] -- Up-to-date: /home/varun/ros2workspace/install/my_robot_interfaces/share/my_robot_interfaces/cmake/my_robot_interfaces__rosidl_typesupport_cExport.cmake
[3.942s] -- Up-to-date: /home/varun/ros2workspace/install/my_robot_interfaces/share/my_robot_interfaces/cmake/my_robot_interfaces__rosidl_typesupport_cExport-noconfig.cmake
[3.942s] -- Up-to-date: /home/varun/ros2workspace/install/my_robot_interfaces/share/my_robot_interfaces/cmake/export_my_robot_interfaces__rosidl_generator_cppExport.cmake
[3.942s] -- Up-to-date: /home/varun/ros2workspace/install/my_robot_interfaces/share/my_robot_interfaces/cmake/export_my_robot_interfaces__rosidl_typesupport_fastrtps_cppExport.cmake
[3.942s] -- Up-to-date: /home/varun/ros2workspace/install/my_robot_interfaces/share/my_robot_interfaces/cmake/export_my_robot_interfaces__rosidl_typesupport_fastrtps_cppExport-noconfig.cmake
[3.943s] -- Up-to-date: /home/varun/ros2workspace/install/my_robot_interfaces/share/my_robot_interfaces/cmake/my_robot_interfaces__rosidl_typesupport_introspection_cppExport.cmake
[3.943s] -- Up-to-date: /home/varun/ros2workspace/install/my_robot_interfaces/share/my_robot_interfaces/cmake/my_robot_interfaces__rosidl_typesupport_introspection_cppExport-noconfig.cmake
[3.943s] -- Up-to-date: /home/varun/ros2workspace/install/my_robot_interfaces/share/my_robot_interfaces/cmake/my_robot_interfaces__rosidl_typesupport_cppExport.cmake
[3.943s] -- Up-to-date: /home/varun/ros2workspace/install/my_robot_interfaces/share/my_robot_interfaces/cmake/my_robot_interfaces__rosidl_typesupport_cppExport-noconfig.cmake
[3.943s] -- Up-to-date: /home/varun/ros2workspace/install/my_robot_interfaces/share/my_robot_interfaces/cmake/export_my_robot_interfaces__rosidl_generator_pyExport.cmake
[3.944s] -- Up-to-date: /home/varun/ros2workspace/install/my_robot_interfaces/share/my_robot_interfaces/cmake/export_my_robot_interfaces__rosidl_generator_pyExport-noconfig.cmake
[3.944s] -- Installing: /home/varun/ros2workspace/install/my_robot_interfaces/share/my_robot_interfaces/cmake/rosidl_cmake-extras.cmake
[3.944s] -- Up-to-date: /home/varun/ros2workspace/install/my_robot_interfaces/share/my_robot_interfaces/cmake/ament_cmake_export_include_directories-extras.cmake
[3.944s] -- Up-to-date: /home/varun/ros2workspace/install/my_robot_interfaces/share/my_robot_interfaces/cmake/ament_cmake_export_libraries-extras.cmake
[3.944s] -- Up-to-date: /home/varun/ros2workspace/install/my_robot_interfaces/share/my_robot_interfaces/cmake/ament_cmake_export_targets-extras.cmake
[3.944s] -- Up-to-date: /home/varun/ros2workspace/install/my_robot_interfaces/share/my_robot_interfaces/cmake/rosidl_cmake_export_typesupport_targets-extras.cmake
[3.944s] -- Up-to-date: /home/varun/ros2workspace/install/my_robot_interfaces/share/my_robot_interfaces/cmake/ament_cmake_export_dependencies-extras.cmake
[3.944s] -- Up-to-date: /home/varun/ros2workspace/install/my_robot_interfaces/share/my_robot_interfaces/cmake/rosidl_cmake_export_typesupport_libraries-extras.cmake
[3.944s] -- Up-to-date: /home/varun/ros2workspace/install/my_robot_interfaces/share/my_robot_interfaces/cmake/my_robot_interfacesConfig.cmake
[3.944s] -- Up-to-date: /home/varun/ros2workspace/install/my_robot_interfaces/share/my_robot_interfaces/cmake/my_robot_interfacesConfig-version.cmake
[3.944s] -- Up-to-date: /home/varun/ros2workspace/install/my_robot_interfaces/share/my_robot_interfaces/package.xml
[3.947s] Invoked command in '/home/varun/ros2workspace/build/my_robot_interfaces' returned '0': CMAKE_PREFIX_PATH=${CMAKE_PREFIX_PATH}:/home/varun/ros2workspace/install/my_pkgpy:/home/varun/ros2_ws/install/my_py_pkg:/opt/ros/humble /usr/bin/cmake --install /home/varun/ros2workspace/build/my_robot_interfaces
