[0.116s] Invoking command in '/home/varun/ros2workspace/build/my_robot_interfaces': CMAKE_PREFIX_PATH=${CMAKE_PREFIX_PATH}:/home/varun/ros2workspace/install/my_pkgpy:/home/varun/ros2_ws/install/my_py_pkg:/opt/ros/humble /usr/bin/cmake --build /home/varun/ros2workspace/build/my_robot_interfaces -- -j12 -l12
[0.167s] [33mCMake Warning (dev) at CMakeLists.txt:16:
[0.168s]   Syntax Warning in cmake code at column 27
[0.168s] 
[0.168s]   Argument not separated from preceding token by whitespace.
[0.168s] This warning is for project developers.  Use -Wno-dev to suppress it.
[0.168s] [0m
[0.179s] -- Found ament_cmake: 1.3.6 (/opt/ros/humble/share/ament_cmake/cmake)
[0.374s] -- Found rosidl_default_generators: 1.2.0 (/opt/ros/humble/share/rosidl_default_generators/cmake)
[0.378s] -- Using all available rosidl_typesupport_c: rosidl_typesupport_fastrtps_c;rosidl_typesupport_introspection_c
[0.382s] -- Found rosidl_adapter: 3.1.5 (/opt/ros/humble/share/rosidl_adapter/cmake)
[0.436s] -- Using all available rosidl_typesupport_cpp: rosidl_typesupport_fastrtps_cpp;rosidl_typesupport_introspection_cpp
[0.477s] [31mCMake Error at /opt/ros/humble/share/rosidl_cmake/cmake/rosidl_generate_interfaces.cmake:93 (message):
[0.478s]   rosidl_generate_interfaces() the passed file ',' doesn't exist relative to
[0.478s]   the CMAKE_CURRENT_SOURCE_DIR
[0.478s]   '/home/varun/ros2workspace/src/my_robot_interfaces'
[0.478s] Call Stack (most recent call first):
[0.478s]   CMakeLists.txt:15 (rosidl_generate_interfaces)
[0.478s] 
[0.478s] [0m
[0.478s] -- Configuring incomplete, errors occurred!
[0.478s] See also "/home/varun/ros2workspace/build/my_robot_interfaces/CMakeFiles/CMakeOutput.log".
[0.483s] gmake: *** [Makefile:747: cmake_check_build_system] Error 1
[0.486s] Invoked command in '/home/varun/ros2workspace/build/my_robot_interfaces' returned '2': CMAKE_PREFIX_PATH=${CMAKE_PREFIX_PATH}:/home/varun/ros2workspace/install/my_pkgpy:/home/varun/ros2_ws/install/my_py_pkg:/opt/ros/humble /usr/bin/cmake --build /home/varun/ros2workspace/build/my_robot_interfaces -- -j12 -l12
