[1.992s] Invoking command in '/home/varun/ros2workspace/src/my_pkgpy': PYTHONPATH=/home/varun/ros2workspace/build/my_pkgpy/prefix_override:/home/varun/ros2workspace/install/my_pkgpy/lib/python3.10/site-packages:${PYTHONPATH} /usr/bin/python3 setup.py egg_info --egg-base ../../build/my_pkgpy build --build-base /home/varun/ros2workspace/build/my_pkgpy/build install --record /home/varun/ros2workspace/build/my_pkgpy/install.log --single-version-externally-managed
[2.615s] running egg_info
[2.617s] writing ../../build/my_pkgpy/my_pkgpy.egg-info/PKG-INFO
[2.617s] writing dependency_links to ../../build/my_pkgpy/my_pkgpy.egg-info/dependency_links.txt
[2.618s] writing entry points to ../../build/my_pkgpy/my_pkgpy.egg-info/entry_points.txt
[2.618s] writing requirements to ../../build/my_pkgpy/my_pkgpy.egg-info/requires.txt
[2.619s] writing top-level names to ../../build/my_pkgpy/my_pkgpy.egg-info/top_level.txt
[2.623s] reading manifest file '../../build/my_pkgpy/my_pkgpy.egg-info/SOURCES.txt'
[2.625s] writing manifest file '../../build/my_pkgpy/my_pkgpy.egg-info/SOURCES.txt'
[2.625s] running build
[2.625s] running build_py
[2.627s] running install
[2.628s] running install_lib
[2.632s] running install_data
[2.633s] running install_egg_info
[2.636s] removing '/home/varun/ros2workspace/install/my_pkgpy/lib/python3.10/site-packages/my_pkgpy-0.0.0-py3.10.egg-info' (and everything under it)
[2.637s] Copying ../../build/my_pkgpy/my_pkgpy.egg-info to /home/varun/ros2workspace/install/my_pkgpy/lib/python3.10/site-packages/my_pkgpy-0.0.0-py3.10.egg-info
[2.640s] running install_scripts
[2.682s] Installing Add_two_integers_client script to /home/varun/ros2workspace/install/my_pkgpy/lib/my_pkgpy
[2.682s] Installing Add_two_integers_client_no_opp script to /home/varun/ros2workspace/install/my_pkgpy/lib/my_pkgpy
[2.683s] Installing Add_two_integers_server script to /home/varun/ros2workspace/install/my_pkgpy/lib/my_pkgpy
[2.683s] Installing Hw_status_publihser script to /home/varun/ros2workspace/install/my_pkgpy/lib/my_pkgpy
[2.683s] Installing Led_states_publisher script to /home/varun/ros2workspace/install/my_pkgpy/lib/my_pkgpy
[2.683s] Installing battery_client script to /home/varun/ros2workspace/install/my_pkgpy/lib/my_pkgpy
[2.684s] Installing number_counter script to /home/varun/ros2workspace/install/my_pkgpy/lib/my_pkgpy
[2.684s] Installing number_publish script to /home/varun/ros2workspace/install/my_pkgpy/lib/my_pkgpy
[2.684s] Installing py_node script to /home/varun/ros2workspace/install/my_pkgpy/lib/my_pkgpy
[2.685s] Installing robot_news_station script to /home/varun/ros2workspace/install/my_pkgpy/lib/my_pkgpy
[2.685s] Installing smartphone script to /home/varun/ros2workspace/install/my_pkgpy/lib/my_pkgpy
[2.686s] writing list of installed files to '/home/varun/ros2workspace/build/my_pkgpy/install.log'
[2.733s] Invoked command in '/home/varun/ros2workspace/src/my_pkgpy' returned '0': PYTHONPATH=/home/varun/ros2workspace/build/my_pkgpy/prefix_override:/home/varun/ros2workspace/install/my_pkgpy/lib/python3.10/site-packages:${PYTHONPATH} /usr/bin/python3 setup.py egg_info --egg-base ../../build/my_pkgpy build --build-base /home/varun/ros2workspace/build/my_pkgpy/build install --record /home/varun/ros2workspace/build/my_pkgpy/install.log --single-version-externally-managed
