[0.077s] Invoking command in '/home/varun/ros2workspace/build/my_robot_interfaces': /usr/bin/cmake /home/varun/ros2workspace/src/my_robot_interfaces -DCMAKE_INSTALL_PREFIX=/home/varun/ros2workspace/install/my_robot_interfaces
[0.090s] -- Found ament_cmake: 1.3.6 (/opt/ros/humble/share/ament_cmake/cmake)
[0.207s] -- Found rosidl_default_generators: 1.2.0 (/opt/ros/humble/share/rosidl_default_generators/cmake)
[0.209s] -- Using all available rosidl_typesupport_c: rosidl_typesupport_fastrtps_c;rosidl_typesupport_introspection_c
[0.211s] -- Found rosidl_adapter: 3.1.5 (/opt/ros/humble/share/rosidl_adapter/cmake)
[0.234s] -- Using all available rosidl_typesupport_cpp: rosidl_typesupport_fastrtps_cpp;rosidl_typesupport_introspection_cpp
[0.391s] Error parsing '/home/varun/ros2workspace/src/my_robot_interfaces/package.xml':
[0.426s] Traceback (most recent call last):
[0.426s]   File "/opt/ros/humble/share/ament_cmake_core/cmake/core/package_xml_2_cmake.py", line 150, in <module>
[0.427s]     main()
[0.427s]   File "/opt/ros/humble/share/ament_cmake_core/cmake/core/package_xml_2_cmake.py", line 53, in main
[0.427s]     raise e
[0.427s]   File "/opt/ros/humble/share/ament_cmake_core/cmake/core/package_xml_2_cmake.py", line 49, in main
[0.427s]     package = parse_package_string(
[0.427s]   File "/usr/lib/python3/dist-packages/catkin_pkg/package.py", line 788, in parse_package_string
[0.427s]     pkg.validate(warnings=warnings)
[0.427s]   File "/usr/lib/python3/dist-packages/catkin_pkg/package.py", line 330, in validate
[0.427s]     raise InvalidPackage('\n'.join(errors), self.filename)
[0.427s] catkin_pkg.package.InvalidPackage: Error(s) in package '/home/varun/ros2workspace/src/my_robot_interfaces/package.xml':
[0.427s] Package name "my_robot_interfaces/" does not follow naming conventions
[0.441s] [31mCMake Error at /opt/ros/humble/share/ament_cmake_core/cmake/core/ament_package_xml.cmake:95 (message):
[0.441s]   execute_process(/usr/bin/python3.10
[0.441s]   /opt/ros/humble/share/ament_cmake_core/cmake/core/package_xml_2_cmake.py
[0.441s]   /home/varun/ros2workspace/src/my_robot_interfaces/package.xml
[0.441s]   /home/varun/ros2workspace/build/my_robot_interfaces/ament_cmake_core/package.cmake)
[0.441s]   returned error code 1
[0.441s] Call Stack (most recent call first):
[0.441s]   /opt/ros/humble/share/ament_cmake_core/cmake/core/ament_package_xml.cmake:49 (_ament_package_xml)
[0.441s]   /opt/ros/humble/share/rosidl_cmake/cmake/rosidl_generate_interfaces.cmake:226 (ament_package_xml)
[0.442s]   CMakeLists.txt:15 (rosidl_generate_interfaces)
[0.442s] 
[0.442s] [0m
[0.442s] -- Configuring incomplete, errors occurred!
[0.442s] See also "/home/varun/ros2workspace/build/my_robot_interfaces/CMakeFiles/CMakeOutput.log".
[0.448s] Invoked command in '/home/varun/ros2workspace/build/my_robot_interfaces' returned '1': /usr/bin/cmake /home/varun/ros2workspace/src/my_robot_interfaces -DCMAKE_INSTALL_PREFIX=/home/varun/ros2workspace/install/my_robot_interfaces
