[2.018s] Invoking command in '/home/varun/ros2workspace/src/my_pkgpy': PYTHONPATH=/home/varun/ros2workspace/build/my_pkgpy/prefix_override:/home/varun/ros2workspace/install/my_pkgpy/lib/python3.10/site-packages:${PYTHONPATH} /usr/bin/python3 setup.py egg_info --egg-base ../../build/my_pkgpy build --build-base /home/varun/ros2workspace/build/my_pkgpy/build install --record /home/varun/ros2workspace/build/my_pkgpy/install.log --single-version-externally-managed
[2.637s] running egg_info
[2.638s] writing ../../build/my_pkgpy/my_pkgpy.egg-info/PKG-INFO
[2.639s] writing dependency_links to ../../build/my_pkgpy/my_pkgpy.egg-info/dependency_links.txt
[2.639s] writing entry points to ../../build/my_pkgpy/my_pkgpy.egg-info/entry_points.txt
[2.640s] writing requirements to ../../build/my_pkgpy/my_pkgpy.egg-info/requires.txt
[2.640s] writing top-level names to ../../build/my_pkgpy/my_pkgpy.egg-info/top_level.txt
[2.644s] reading manifest file '../../build/my_pkgpy/my_pkgpy.egg-info/SOURCES.txt'
[2.647s] writing manifest file '../../build/my_pkgpy/my_pkgpy.egg-info/SOURCES.txt'
[2.647s] running build
[2.647s] running build_py
[2.648s] copying my_pkgpy/battery_client.py -> /home/varun/ros2workspace/build/my_pkgpy/build/lib/my_pkgpy
[2.648s] copying my_pkgpy/template_node.py -> /home/varun/ros2workspace/build/my_pkgpy/build/lib/my_pkgpy
[2.649s] copying my_pkgpy/led_panel.py -> /home/varun/ros2workspace/build/my_pkgpy/build/lib/my_pkgpy
[2.650s] running install
[2.651s] running install_lib
[2.653s] copying /home/varun/ros2workspace/build/my_pkgpy/build/lib/my_pkgpy/battery_client.py -> /home/varun/ros2workspace/install/my_pkgpy/lib/python3.10/site-packages/my_pkgpy
[2.653s] copying /home/varun/ros2workspace/build/my_pkgpy/build/lib/my_pkgpy/template_node.py -> /home/varun/ros2workspace/install/my_pkgpy/lib/python3.10/site-packages/my_pkgpy
[2.654s] copying /home/varun/ros2workspace/build/my_pkgpy/build/lib/my_pkgpy/led_panel.py -> /home/varun/ros2workspace/install/my_pkgpy/lib/python3.10/site-packages/my_pkgpy
[2.655s] byte-compiling /home/varun/ros2workspace/install/my_pkgpy/lib/python3.10/site-packages/my_pkgpy/battery_client.py to battery_client.cpython-310.pyc
[2.657s] byte-compiling /home/varun/ros2workspace/install/my_pkgpy/lib/python3.10/site-packages/my_pkgpy/template_node.py to template_node.cpython-310.pyc
[2.658s] byte-compiling /home/varun/ros2workspace/install/my_pkgpy/lib/python3.10/site-packages/my_pkgpy/led_panel.py to led_panel.cpython-310.pyc
[2.660s] running install_data
[2.661s] running install_egg_info
[2.664s] removing '/home/varun/ros2workspace/install/my_pkgpy/lib/python3.10/site-packages/my_pkgpy-0.0.0-py3.10.egg-info' (and everything under it)
[2.665s] Copying ../../build/my_pkgpy/my_pkgpy.egg-info to /home/varun/ros2workspace/install/my_pkgpy/lib/python3.10/site-packages/my_pkgpy-0.0.0-py3.10.egg-info
[2.667s] running install_scripts
[2.708s] Installing Add_two_integers_client script to /home/varun/ros2workspace/install/my_pkgpy/lib/my_pkgpy
[2.708s] Installing Add_two_integers_client_no_opp script to /home/varun/ros2workspace/install/my_pkgpy/lib/my_pkgpy
[2.709s] Installing Add_two_integers_server script to /home/varun/ros2workspace/install/my_pkgpy/lib/my_pkgpy
[2.709s] Installing Hw_status_publihser script to /home/varun/ros2workspace/install/my_pkgpy/lib/my_pkgpy
[2.709s] Installing Led_states_publisher script to /home/varun/ros2workspace/install/my_pkgpy/lib/my_pkgpy
[2.710s] Installing number_counter script to /home/varun/ros2workspace/install/my_pkgpy/lib/my_pkgpy
[2.710s] Installing number_publish script to /home/varun/ros2workspace/install/my_pkgpy/lib/my_pkgpy
[2.710s] Installing py_node script to /home/varun/ros2workspace/install/my_pkgpy/lib/my_pkgpy
[2.711s] Installing robot_news_station script to /home/varun/ros2workspace/install/my_pkgpy/lib/my_pkgpy
[2.711s] Installing smartphone script to /home/varun/ros2workspace/install/my_pkgpy/lib/my_pkgpy
[2.712s] writing list of installed files to '/home/varun/ros2workspace/build/my_pkgpy/install.log'
[2.757s] Invoked command in '/home/varun/ros2workspace/src/my_pkgpy' returned '0': PYTHONPATH=/home/varun/ros2workspace/build/my_pkgpy/prefix_override:/home/varun/ros2workspace/install/my_pkgpy/lib/python3.10/site-packages:${PYTHONPATH} /usr/bin/python3 setup.py egg_info --egg-base ../../build/my_pkgpy build --build-base /home/varun/ros2workspace/build/my_pkgpy/build install --record /home/varun/ros2workspace/build/my_pkgpy/install.log --single-version-externally-managed
