[0.655s] Invoking command in '/home/varun/ros2workspace/build/my_pkgpy': PYTHONPATH=/home/varun/ros2workspace/build/my_pkgpy/prefix_override:/home/varun/ros2workspace/install/my_pkgpy/lib/python3.10/site-packages:${PYTHONPATH} /usr/bin/python3 setup.py develop --uninstall --editable --build-directory /home/varun/ros2workspace/build/my_pkgpy/build
[0.879s] running develop
[1.024s] Removing /home/varun/ros2workspace/install/my_pkgpy/lib/python3.10/site-packages/my-pkgpy.egg-link (link to .)
[1.044s] Invoked command in '/home/varun/ros2workspace/build/my_pkgpy' returned '0': PYTHONPATH=/home/varun/ros2workspace/build/my_pkgpy/prefix_override:/home/varun/ros2workspace/install/my_pkgpy/lib/python3.10/site-packages:${PYTHONPATH} /usr/bin/python3 setup.py develop --uninstall --editable --build-directory /home/varun/ros2workspace/build/my_pkgpy/build
[1.046s] Invoking command in '/home/varun/ros2workspace/src/my_pkgpy': PYTHONPATH=/home/varun/ros2workspace/build/my_pkgpy/prefix_override:/home/varun/ros2workspace/install/my_pkgpy/lib/python3.10/site-packages:${PYTHONPATH} /usr/bin/python3 setup.py egg_info --egg-base ../../build/my_pkgpy build --build-base /home/varun/ros2workspace/build/my_pkgpy/build install --record /home/varun/ros2workspace/build/my_pkgpy/install.log --single-version-externally-managed
[1.244s] running egg_info
[1.244s] writing ../../build/my_pkgpy/my_pkgpy.egg-info/PKG-INFO
[1.244s] writing dependency_links to ../../build/my_pkgpy/my_pkgpy.egg-info/dependency_links.txt
[1.245s] writing entry points to ../../build/my_pkgpy/my_pkgpy.egg-info/entry_points.txt
[1.245s] writing requirements to ../../build/my_pkgpy/my_pkgpy.egg-info/requires.txt
[1.245s] writing top-level names to ../../build/my_pkgpy/my_pkgpy.egg-info/top_level.txt
[1.246s] reading manifest file '../../build/my_pkgpy/my_pkgpy.egg-info/SOURCES.txt'
[1.247s] writing manifest file '../../build/my_pkgpy/my_pkgpy.egg-info/SOURCES.txt'
[1.247s] running build
[1.247s] running build_py
[1.247s] copying my_pkgpy/node1.py -> /home/varun/ros2workspace/build/my_pkgpy/build/lib/my_pkgpy
[1.247s] running install
[1.248s] running install_lib
[1.248s] creating /home/varun/ros2workspace/install/my_pkgpy/lib/python3.10/site-packages/my_pkgpy
[1.248s] copying /home/varun/ros2workspace/build/my_pkgpy/build/lib/my_pkgpy/node1.py -> /home/varun/ros2workspace/install/my_pkgpy/lib/python3.10/site-packages/my_pkgpy
[1.248s] copying /home/varun/ros2workspace/build/my_pkgpy/build/lib/my_pkgpy/node1 copy.py -> /home/varun/ros2workspace/install/my_pkgpy/lib/python3.10/site-packages/my_pkgpy
[1.248s] copying /home/varun/ros2workspace/build/my_pkgpy/build/lib/my_pkgpy/node1 copy 2.py -> /home/varun/ros2workspace/install/my_pkgpy/lib/python3.10/site-packages/my_pkgpy
[1.249s] copying /home/varun/ros2workspace/build/my_pkgpy/build/lib/my_pkgpy/__init__.py -> /home/varun/ros2workspace/install/my_pkgpy/lib/python3.10/site-packages/my_pkgpy
[1.249s] byte-compiling /home/varun/ros2workspace/install/my_pkgpy/lib/python3.10/site-packages/my_pkgpy/node1.py to node1.cpython-310.pyc
[1.249s] byte-compiling /home/varun/ros2workspace/install/my_pkgpy/lib/python3.10/site-packages/my_pkgpy/node1 copy.py to node1 copy.cpython-310.pyc
[1.249s] byte-compiling /home/varun/ros2workspace/install/my_pkgpy/lib/python3.10/site-packages/my_pkgpy/node1 copy 2.py to node1 copy 2.cpython-310.pyc
[1.249s] byte-compiling /home/varun/ros2workspace/install/my_pkgpy/lib/python3.10/site-packages/my_pkgpy/__init__.py to __init__.cpython-310.pyc
[1.250s] running install_data
[1.250s] running install_egg_info
[1.251s] Copying ../../build/my_pkgpy/my_pkgpy.egg-info to /home/varun/ros2workspace/install/my_pkgpy/lib/python3.10/site-packages/my_pkgpy-0.0.0-py3.10.egg-info
[1.252s] running install_scripts
[1.266s] Installing py_node script to /home/varun/ros2workspace/install/my_pkgpy/lib/my_pkgpy
[1.266s] writing list of installed files to '/home/varun/ros2workspace/build/my_pkgpy/install.log'
[1.283s] Invoked command in '/home/varun/ros2workspace/src/my_pkgpy' returned '0': PYTHONPATH=/home/varun/ros2workspace/build/my_pkgpy/prefix_override:/home/varun/ros2workspace/install/my_pkgpy/lib/python3.10/site-packages:${PYTHONPATH} /usr/bin/python3 setup.py egg_info --egg-base ../../build/my_pkgpy build --build-base /home/varun/ros2workspace/build/my_pkgpy/build install --record /home/varun/ros2workspace/build/my_pkgpy/install.log --single-version-externally-managed
