[0.989s] DEBUG:colcon:Command line arguments: ['/usr/bin/colcon', 'build', '--packages-select']
[0.989s] DEBUG:colcon:Parsed command line arguments: Namespace(log_base=None, log_level=None, verb_name='build', build_base='build', install_base='install', merge_install=False, symlink_install=False, test_result_base=None, continue_on_error=False, executor='parallel', parallel_workers=12, event_handlers=None, ignore_user_meta=False, metas=['./colcon.meta'], base_paths=['.'], packages_ignore=None, packages_ignore_regex=None, paths=None, packages_up_to=None, packages_up_to_regex=None, packages_above=None, packages_above_and_dependencies=None, packages_above_depth=None, packages_select_by_dep=None, packages_skip_by_dep=None, packages_skip_up_to=None, packages_select_build_failed=False, packages_skip_build_finished=False, packages_select_test_failures=False, packages_skip_test_passed=False, packages_select=[], packages_skip=None, packages_select_regex=None, packages_skip_regex=None, packages_start=None, packages_end=None, allow_overriding=[], cmake_args=None, cmake_target=None, cmake_target_skip_unavailable=False, cmake_clean_cache=False, cmake_clean_first=False, cmake_force_configure=False, ament_cmake_args=None, catkin_cmake_args=None, catkin_skip_building_tests=False, verb_parser=<colcon_defaults.argument_parser.defaults.DefaultArgumentsDecorator object at 0x7f4a81988af0>, verb_extension=<colcon_core.verb.build.BuildVerb object at 0x7f4a81944130>, main=<bound method BuildVerb.main of <colcon_core.verb.build.BuildVerb object at 0x7f4a81944130>>)
[1.046s] Level 1:colcon.colcon_core.package_discovery:discover_packages(colcon_meta) check parameters
[1.046s] Level 1:colcon.colcon_core.package_discovery:discover_packages(recursive) check parameters
[1.046s] Level 1:colcon.colcon_core.package_discovery:discover_packages(ignore) check parameters
[1.046s] Level 1:colcon.colcon_core.package_discovery:discover_packages(path) check parameters
[1.046s] Level 1:colcon.colcon_core.package_discovery:discover_packages(colcon_meta) discover
[1.046s] Level 1:colcon.colcon_core.package_discovery:discover_packages(recursive) discover
[1.046s] INFO:colcon.colcon_core.package_discovery:Crawling recursively for packages in '/home/varun/ros2workspace'
[1.046s] Level 1:colcon.colcon_core.package_identification:_identify(.) by extensions ['ignore', 'ignore_ament_install']
[1.046s] Level 1:colcon.colcon_core.package_identification:_identify(.) by extension 'ignore'
[1.046s] Level 1:colcon.colcon_core.package_identification:_identify(.) by extension 'ignore_ament_install'
[1.046s] Level 1:colcon.colcon_core.package_identification:_identify(.) by extensions ['colcon_pkg']
[1.046s] Level 1:colcon.colcon_core.package_identification:_identify(.) by extension 'colcon_pkg'
[1.046s] Level 1:colcon.colcon_core.package_identification:_identify(.) by extensions ['colcon_meta']
[1.046s] Level 1:colcon.colcon_core.package_identification:_identify(.) by extension 'colcon_meta'
[1.046s] Level 1:colcon.colcon_core.package_identification:_identify(.) by extensions ['ros']
[1.046s] Level 1:colcon.colcon_core.package_identification:_identify(.) by extension 'ros'
[1.054s] Level 1:colcon.colcon_core.package_identification:_identify(.) by extensions ['cmake', 'python']
[1.054s] Level 1:colcon.colcon_core.package_identification:_identify(.) by extension 'cmake'
[1.054s] Level 1:colcon.colcon_core.package_identification:_identify(.) by extension 'python'
[1.054s] Level 1:colcon.colcon_core.package_identification:_identify(.) by extensions ['python_setup_py']
[1.054s] Level 1:colcon.colcon_core.package_identification:_identify(.) by extension 'python_setup_py'
[1.055s] Level 1:colcon.colcon_core.package_identification:_identify(build) by extensions ['ignore', 'ignore_ament_install']
[1.055s] Level 1:colcon.colcon_core.package_identification:_identify(build) by extension 'ignore'
[1.055s] Level 1:colcon.colcon_core.package_identification:_identify(build) ignored
[1.055s] Level 1:colcon.colcon_core.package_identification:_identify(install) by extensions ['ignore', 'ignore_ament_install']
[1.055s] Level 1:colcon.colcon_core.package_identification:_identify(install) by extension 'ignore'
[1.055s] Level 1:colcon.colcon_core.package_identification:_identify(install) ignored
[1.055s] Level 1:colcon.colcon_core.package_identification:_identify(log) by extensions ['ignore', 'ignore_ament_install']
[1.055s] Level 1:colcon.colcon_core.package_identification:_identify(log) by extension 'ignore'
[1.055s] Level 1:colcon.colcon_core.package_identification:_identify(log) ignored
[1.055s] Level 1:colcon.colcon_core.package_identification:_identify(src) by extensions ['ignore', 'ignore_ament_install']
[1.055s] Level 1:colcon.colcon_core.package_identification:_identify(src) by extension 'ignore'
[1.055s] Level 1:colcon.colcon_core.package_identification:_identify(src) by extension 'ignore_ament_install'
[1.055s] Level 1:colcon.colcon_core.package_identification:_identify(src) by extensions ['colcon_pkg']
[1.055s] Level 1:colcon.colcon_core.package_identification:_identify(src) by extension 'colcon_pkg'
[1.055s] Level 1:colcon.colcon_core.package_identification:_identify(src) by extensions ['colcon_meta']
[1.055s] Level 1:colcon.colcon_core.package_identification:_identify(src) by extension 'colcon_meta'
[1.056s] Level 1:colcon.colcon_core.package_identification:_identify(src) by extensions ['ros']
[1.056s] Level 1:colcon.colcon_core.package_identification:_identify(src) by extension 'ros'
[1.056s] Level 1:colcon.colcon_core.package_identification:_identify(src) by extensions ['cmake', 'python']
[1.056s] Level 1:colcon.colcon_core.package_identification:_identify(src) by extension 'cmake'
[1.056s] Level 1:colcon.colcon_core.package_identification:_identify(src) by extension 'python'
[1.056s] Level 1:colcon.colcon_core.package_identification:_identify(src) by extensions ['python_setup_py']
[1.056s] Level 1:colcon.colcon_core.package_identification:_identify(src) by extension 'python_setup_py'
[1.056s] Level 1:colcon.colcon_core.package_identification:_identify(src/my_pkgcpp) by extensions ['ignore', 'ignore_ament_install']
[1.056s] Level 1:colcon.colcon_core.package_identification:_identify(src/my_pkgcpp) by extension 'ignore'
[1.056s] Level 1:colcon.colcon_core.package_identification:_identify(src/my_pkgcpp) by extension 'ignore_ament_install'
[1.056s] Level 1:colcon.colcon_core.package_identification:_identify(src/my_pkgcpp) by extensions ['colcon_pkg']
[1.056s] Level 1:colcon.colcon_core.package_identification:_identify(src/my_pkgcpp) by extension 'colcon_pkg'
[1.056s] Level 1:colcon.colcon_core.package_identification:_identify(src/my_pkgcpp) by extensions ['colcon_meta']
[1.056s] Level 1:colcon.colcon_core.package_identification:_identify(src/my_pkgcpp) by extension 'colcon_meta'
[1.056s] Level 1:colcon.colcon_core.package_identification:_identify(src/my_pkgcpp) by extensions ['ros']
[1.056s] Level 1:colcon.colcon_core.package_identification:_identify(src/my_pkgcpp) by extension 'ros'
[1.059s] DEBUG:colcon.colcon_core.package_identification:Package 'src/my_pkgcpp' with type 'ros.ament_cmake' and name 'my_pkgcpp'
[1.059s] Level 1:colcon.colcon_core.package_identification:_identify(src/my_pkgpy) by extensions ['ignore', 'ignore_ament_install']
[1.059s] Level 1:colcon.colcon_core.package_identification:_identify(src/my_pkgpy) by extension 'ignore'
[1.059s] Level 1:colcon.colcon_core.package_identification:_identify(src/my_pkgpy) by extension 'ignore_ament_install'
[1.059s] Level 1:colcon.colcon_core.package_identification:_identify(src/my_pkgpy) by extensions ['colcon_pkg']
[1.059s] Level 1:colcon.colcon_core.package_identification:_identify(src/my_pkgpy) by extension 'colcon_pkg'
[1.059s] Level 1:colcon.colcon_core.package_identification:_identify(src/my_pkgpy) by extensions ['colcon_meta']
[1.059s] Level 1:colcon.colcon_core.package_identification:_identify(src/my_pkgpy) by extension 'colcon_meta'
[1.059s] Level 1:colcon.colcon_core.package_identification:_identify(src/my_pkgpy) by extensions ['ros']
[1.059s] Level 1:colcon.colcon_core.package_identification:_identify(src/my_pkgpy) by extension 'ros'
[1.060s] DEBUG:colcon.colcon_core.package_identification:Package 'src/my_pkgpy' with type 'ros.ament_python' and name 'my_pkgpy'
[1.060s] Level 1:colcon.colcon_core.package_discovery:discover_packages(recursive) using defaults
[1.060s] Level 1:colcon.colcon_core.package_discovery:discover_packages(ignore) discover
[1.060s] Level 1:colcon.colcon_core.package_discovery:discover_packages(ignore) using defaults
[1.060s] Level 1:colcon.colcon_core.package_discovery:discover_packages(path) discover
[1.060s] Level 1:colcon.colcon_core.package_discovery:discover_packages(path) using defaults
[1.117s] INFO:colcon.colcon_core.package_selection:Skipping not selected package 'my_pkgcpp' in 'src/my_pkgcpp'
[1.117s] INFO:colcon.colcon_core.package_selection:Skipping not selected package 'my_pkgpy' in 'src/my_pkgpy'
[1.142s] Level 1:colcon.colcon_core.package_discovery:discover_packages(prefix_path) check parameters
[1.142s] Level 1:colcon.colcon_core.package_discovery:discover_packages(prefix_path) discover
[1.170s] DEBUG:colcon.colcon_installed_package_information.package_discovery:Found 2 installed packages in /home/varun/ros2workspace/install
[1.183s] DEBUG:colcon.colcon_installed_package_information.package_discovery:Found 2 installed packages in /home/varun/ros2_ws/install
[1.204s] DEBUG:colcon.colcon_installed_package_information.package_discovery:Found 270 installed packages in /opt/ros/humble
[1.204s] Level 1:colcon.colcon_core.package_discovery:discover_packages(prefix_path) using defaults
[1.275s] INFO:colcon.colcon_core.executor:Executing jobs using 'parallel' executor
[1.289s] DEBUG:colcon.colcon_parallel_executor.executor.parallel:run_until_complete
[1.289s] DEBUG:colcon.colcon_parallel_executor.executor.parallel:closing loop
[1.289s] DEBUG:colcon.colcon_parallel_executor.executor.parallel:loop closed
[1.289s] DEBUG:colcon.colcon_parallel_executor.executor.parallel:run_until_complete finished with '0'
[1.289s] DEBUG:colcon.colcon_core.event_reactor:joining thread
[1.309s] INFO:colcon.colcon_core.plugin_system:Skipping extension 'colcon_notification.desktop_notification.terminal_notifier': Not used on non-Darwin systems
[1.309s] INFO:colcon.colcon_core.plugin_system:Skipping extension 'colcon_notification.desktop_notification.win32': Not used on non-Windows systems
[1.309s] INFO:colcon.colcon_notification.desktop_notification:Sending desktop notification using 'notify2'
[1.331s] DEBUG:colcon.colcon_core.event_reactor:joined thread
[1.349s] INFO:colcon.colcon_core.plugin_system:Skipping extension 'colcon_core.shell.bat': Not used on non-Windows systems
[1.349s] INFO:colcon.colcon_core.shell:Creating prefix script '/home/varun/ros2workspace/install/local_setup.ps1'
[1.350s] INFO:colcon.colcon_core.shell:Creating prefix util module '/home/varun/ros2workspace/install/_local_setup_util_ps1.py'
[1.351s] INFO:colcon.colcon_core.shell:Creating prefix chain script '/home/varun/ros2workspace/install/setup.ps1'
[1.365s] INFO:colcon.colcon_core.shell:Creating prefix script '/home/varun/ros2workspace/install/local_setup.sh'
[1.365s] INFO:colcon.colcon_core.shell:Creating prefix util module '/home/varun/ros2workspace/install/_local_setup_util_sh.py'
[1.366s] INFO:colcon.colcon_core.shell:Creating prefix chain script '/home/varun/ros2workspace/install/setup.sh'
[1.379s] INFO:colcon.colcon_core.shell:Creating prefix script '/home/varun/ros2workspace/install/local_setup.bash'
[1.380s] INFO:colcon.colcon_core.shell:Creating prefix chain script '/home/varun/ros2workspace/install/setup.bash'
[1.393s] INFO:colcon.colcon_core.shell:Creating prefix script '/home/varun/ros2workspace/install/local_setup.zsh'
[1.394s] INFO:colcon.colcon_core.shell:Creating prefix chain script '/home/varun/ros2workspace/install/setup.zsh'
