[1.370s] DEBUG:colcon:Command line arguments: ['/usr/bin/colcon', 'build', '--packages-select', 'my_robot_bringup', '--symlink-install']
[1.370s] DEBUG:colcon:Parsed command line arguments: Namespace(log_base=None, log_level=None, verb_name='build', build_base='build', install_base='install', merge_install=False, symlink_install=True, test_result_base=None, continue_on_error=False, executor='parallel', parallel_workers=12, event_handlers=None, ignore_user_meta=False, metas=['./colcon.meta'], base_paths=['.'], packages_ignore=None, packages_ignore_regex=None, paths=None, packages_up_to=None, packages_up_to_regex=None, packages_above=None, packages_above_and_dependencies=None, packages_above_depth=None, packages_select_by_dep=None, packages_skip_by_dep=None, packages_skip_up_to=None, packages_select_build_failed=False, packages_skip_build_finished=False, packages_select_test_failures=False, packages_skip_test_passed=False, packages_select=['my_robot_bringup'], packages_skip=None, packages_select_regex=None, packages_skip_regex=None, packages_start=None, packages_end=None, allow_overriding=[], cmake_args=None, cmake_target=None, cmake_target_skip_unavailable=False, cmake_clean_cache=False, cmake_clean_first=False, cmake_force_configure=False, ament_cmake_args=None, catkin_cmake_args=None, catkin_skip_building_tests=False, verb_parser=<colcon_defaults.argument_parser.defaults.DefaultArgumentsDecorator object at 0x7f2de8c335e0>, verb_extension=<colcon_core.verb.build.BuildVerb object at 0x7f2de8be5420>, main=<bound method BuildVerb.main of <colcon_core.verb.build.BuildVerb object at 0x7f2de8be5420>>)
[1.434s] Level 1:colcon.colcon_core.package_discovery:discover_packages(colcon_meta) check parameters
[1.434s] Level 1:colcon.colcon_core.package_discovery:discover_packages(recursive) check parameters
[1.434s] Level 1:colcon.colcon_core.package_discovery:discover_packages(ignore) check parameters
[1.434s] Level 1:colcon.colcon_core.package_discovery:discover_packages(path) check parameters
[1.434s] Level 1:colcon.colcon_core.package_discovery:discover_packages(colcon_meta) discover
[1.434s] Level 1:colcon.colcon_core.package_discovery:discover_packages(recursive) discover
[1.434s] INFO:colcon.colcon_core.package_discovery:Crawling recursively for packages in '/home/varun/ros2workspace'
[1.434s] Level 1:colcon.colcon_core.package_identification:_identify(.) by extensions ['ignore', 'ignore_ament_install']
[1.434s] Level 1:colcon.colcon_core.package_identification:_identify(.) by extension 'ignore'
[1.434s] Level 1:colcon.colcon_core.package_identification:_identify(.) by extension 'ignore_ament_install'
[1.435s] Level 1:colcon.colcon_core.package_identification:_identify(.) by extensions ['colcon_pkg']
[1.435s] Level 1:colcon.colcon_core.package_identification:_identify(.) by extension 'colcon_pkg'
[1.435s] Level 1:colcon.colcon_core.package_identification:_identify(.) by extensions ['colcon_meta']
[1.435s] Level 1:colcon.colcon_core.package_identification:_identify(.) by extension 'colcon_meta'
[1.435s] Level 1:colcon.colcon_core.package_identification:_identify(.) by extensions ['ros']
[1.435s] Level 1:colcon.colcon_core.package_identification:_identify(.) by extension 'ros'
[1.448s] Level 1:colcon.colcon_core.package_identification:_identify(.) by extensions ['cmake', 'python']
[1.449s] Level 1:colcon.colcon_core.package_identification:_identify(.) by extension 'cmake'
[1.449s] Level 1:colcon.colcon_core.package_identification:_identify(.) by extension 'python'
[1.449s] Level 1:colcon.colcon_core.package_identification:_identify(.) by extensions ['python_setup_py']
[1.449s] Level 1:colcon.colcon_core.package_identification:_identify(.) by extension 'python_setup_py'
[1.449s] Level 1:colcon.colcon_core.package_identification:_identify(build) by extensions ['ignore', 'ignore_ament_install']
[1.449s] Level 1:colcon.colcon_core.package_identification:_identify(build) by extension 'ignore'
[1.449s] Level 1:colcon.colcon_core.package_identification:_identify(build) ignored
[1.449s] Level 1:colcon.colcon_core.package_identification:_identify(install) by extensions ['ignore', 'ignore_ament_install']
[1.450s] Level 1:colcon.colcon_core.package_identification:_identify(install) by extension 'ignore'
[1.450s] Level 1:colcon.colcon_core.package_identification:_identify(install) ignored
[1.450s] Level 1:colcon.colcon_core.package_identification:_identify(log) by extensions ['ignore', 'ignore_ament_install']
[1.450s] Level 1:colcon.colcon_core.package_identification:_identify(log) by extension 'ignore'
[1.450s] Level 1:colcon.colcon_core.package_identification:_identify(log) ignored
[1.450s] Level 1:colcon.colcon_core.package_identification:_identify(src) by extensions ['ignore', 'ignore_ament_install']
[1.450s] Level 1:colcon.colcon_core.package_identification:_identify(src) by extension 'ignore'
[1.450s] Level 1:colcon.colcon_core.package_identification:_identify(src) by extension 'ignore_ament_install'
[1.450s] Level 1:colcon.colcon_core.package_identification:_identify(src) by extensions ['colcon_pkg']
[1.450s] Level 1:colcon.colcon_core.package_identification:_identify(src) by extension 'colcon_pkg'
[1.450s] Level 1:colcon.colcon_core.package_identification:_identify(src) by extensions ['colcon_meta']
[1.451s] Level 1:colcon.colcon_core.package_identification:_identify(src) by extension 'colcon_meta'
[1.451s] Level 1:colcon.colcon_core.package_identification:_identify(src) by extensions ['ros']
[1.451s] Level 1:colcon.colcon_core.package_identification:_identify(src) by extension 'ros'
[1.451s] Level 1:colcon.colcon_core.package_identification:_identify(src) by extensions ['cmake', 'python']
[1.451s] Level 1:colcon.colcon_core.package_identification:_identify(src) by extension 'cmake'
[1.451s] Level 1:colcon.colcon_core.package_identification:_identify(src) by extension 'python'
[1.451s] Level 1:colcon.colcon_core.package_identification:_identify(src) by extensions ['python_setup_py']
[1.451s] Level 1:colcon.colcon_core.package_identification:_identify(src) by extension 'python_setup_py'
[1.451s] Level 1:colcon.colcon_core.package_identification:_identify(src/my_pkgcpp) by extensions ['ignore', 'ignore_ament_install']
[1.451s] Level 1:colcon.colcon_core.package_identification:_identify(src/my_pkgcpp) by extension 'ignore'
[1.451s] Level 1:colcon.colcon_core.package_identification:_identify(src/my_pkgcpp) by extension 'ignore_ament_install'
[1.451s] Level 1:colcon.colcon_core.package_identification:_identify(src/my_pkgcpp) by extensions ['colcon_pkg']
[1.451s] Level 1:colcon.colcon_core.package_identification:_identify(src/my_pkgcpp) by extension 'colcon_pkg'
[1.451s] Level 1:colcon.colcon_core.package_identification:_identify(src/my_pkgcpp) by extensions ['colcon_meta']
[1.451s] Level 1:colcon.colcon_core.package_identification:_identify(src/my_pkgcpp) by extension 'colcon_meta'
[1.451s] Level 1:colcon.colcon_core.package_identification:_identify(src/my_pkgcpp) by extensions ['ros']
[1.451s] Level 1:colcon.colcon_core.package_identification:_identify(src/my_pkgcpp) by extension 'ros'
[1.455s] DEBUG:colcon.colcon_core.package_identification:Package 'src/my_pkgcpp' with type 'ros.ament_cmake' and name 'my_pkgcpp'
[1.455s] Level 1:colcon.colcon_core.package_identification:_identify(src/my_pkgpy) by extensions ['ignore', 'ignore_ament_install']
[1.455s] Level 1:colcon.colcon_core.package_identification:_identify(src/my_pkgpy) by extension 'ignore'
[1.455s] Level 1:colcon.colcon_core.package_identification:_identify(src/my_pkgpy) by extension 'ignore_ament_install'
[1.455s] Level 1:colcon.colcon_core.package_identification:_identify(src/my_pkgpy) by extensions ['colcon_pkg']
[1.455s] Level 1:colcon.colcon_core.package_identification:_identify(src/my_pkgpy) by extension 'colcon_pkg'
[1.455s] Level 1:colcon.colcon_core.package_identification:_identify(src/my_pkgpy) by extensions ['colcon_meta']
[1.455s] Level 1:colcon.colcon_core.package_identification:_identify(src/my_pkgpy) by extension 'colcon_meta'
[1.455s] Level 1:colcon.colcon_core.package_identification:_identify(src/my_pkgpy) by extensions ['ros']
[1.456s] Level 1:colcon.colcon_core.package_identification:_identify(src/my_pkgpy) by extension 'ros'
[1.456s] DEBUG:colcon.colcon_core.package_identification:Package 'src/my_pkgpy' with type 'ros.ament_python' and name 'my_pkgpy'
[1.456s] Level 1:colcon.colcon_core.package_identification:_identify(src/my_robot_bringup) by extensions ['ignore', 'ignore_ament_install']
[1.457s] Level 1:colcon.colcon_core.package_identification:_identify(src/my_robot_bringup) by extension 'ignore'
[1.457s] Level 1:colcon.colcon_core.package_identification:_identify(src/my_robot_bringup) by extension 'ignore_ament_install'
[1.457s] Level 1:colcon.colcon_core.package_identification:_identify(src/my_robot_bringup) by extensions ['colcon_pkg']
[1.457s] Level 1:colcon.colcon_core.package_identification:_identify(src/my_robot_bringup) by extension 'colcon_pkg'
[1.457s] Level 1:colcon.colcon_core.package_identification:_identify(src/my_robot_bringup) by extensions ['colcon_meta']
[1.457s] Level 1:colcon.colcon_core.package_identification:_identify(src/my_robot_bringup) by extension 'colcon_meta'
[1.457s] Level 1:colcon.colcon_core.package_identification:_identify(src/my_robot_bringup) by extensions ['ros']
[1.457s] Level 1:colcon.colcon_core.package_identification:_identify(src/my_robot_bringup) by extension 'ros'
[1.458s] DEBUG:colcon.colcon_core.package_identification:Package 'src/my_robot_bringup' with type 'ros.ament_cmake' and name 'my_robot_bringup'
[1.458s] Level 1:colcon.colcon_core.package_identification:_identify(src/my_robot_interfaces) by extensions ['ignore', 'ignore_ament_install']
[1.458s] Level 1:colcon.colcon_core.package_identification:_identify(src/my_robot_interfaces) by extension 'ignore'
[1.458s] Level 1:colcon.colcon_core.package_identification:_identify(src/my_robot_interfaces) by extension 'ignore_ament_install'
[1.458s] Level 1:colcon.colcon_core.package_identification:_identify(src/my_robot_interfaces) by extensions ['colcon_pkg']
[1.458s] Level 1:colcon.colcon_core.package_identification:_identify(src/my_robot_interfaces) by extension 'colcon_pkg'
[1.458s] Level 1:colcon.colcon_core.package_identification:_identify(src/my_robot_interfaces) by extensions ['colcon_meta']
[1.458s] Level 1:colcon.colcon_core.package_identification:_identify(src/my_robot_interfaces) by extension 'colcon_meta'
[1.458s] Level 1:colcon.colcon_core.package_identification:_identify(src/my_robot_interfaces) by extensions ['ros']
[1.458s] Level 1:colcon.colcon_core.package_identification:_identify(src/my_robot_interfaces) by extension 'ros'
[1.459s] DEBUG:colcon.colcon_core.package_identification:Package 'src/my_robot_interfaces' with type 'ros.ament_cmake' and name 'my_robot_interfaces'
[1.459s] Level 1:colcon.colcon_core.package_discovery:discover_packages(recursive) using defaults
[1.459s] Level 1:colcon.colcon_core.package_discovery:discover_packages(ignore) discover
[1.459s] Level 1:colcon.colcon_core.package_discovery:discover_packages(ignore) using defaults
[1.459s] Level 1:colcon.colcon_core.package_discovery:discover_packages(path) discover
[1.459s] Level 1:colcon.colcon_core.package_discovery:discover_packages(path) using defaults
[1.542s] INFO:colcon.colcon_core.package_selection:Skipping not selected package 'my_pkgcpp' in 'src/my_pkgcpp'
[1.542s] INFO:colcon.colcon_core.package_selection:Skipping not selected package 'my_robot_interfaces' in 'src/my_robot_interfaces'
[1.542s] INFO:colcon.colcon_core.package_selection:Skipping not selected package 'my_pkgpy' in 'src/my_pkgpy'
[1.581s] Level 1:colcon.colcon_core.package_discovery:discover_packages(prefix_path) check parameters
[1.581s] Level 1:colcon.colcon_core.package_discovery:discover_packages(prefix_path) discover
[1.622s] DEBUG:colcon.colcon_installed_package_information.package_discovery:Found 4 installed packages in /home/varun/ros2workspace/install
[1.659s] DEBUG:colcon.colcon_installed_package_information.package_discovery:Found 2 installed packages in /home/varun/ros2_ws/install
[1.680s] DEBUG:colcon.colcon_installed_package_information.package_discovery:Found 270 installed packages in /opt/ros/humble
[1.682s] Level 1:colcon.colcon_core.package_discovery:discover_packages(prefix_path) using defaults
[1.791s] Level 5:colcon.colcon_core.verb:set package 'my_robot_bringup' build argument 'cmake_args' from command line to 'None'
[1.791s] Level 5:colcon.colcon_core.verb:set package 'my_robot_bringup' build argument 'cmake_target' from command line to 'None'
[1.791s] Level 5:colcon.colcon_core.verb:set package 'my_robot_bringup' build argument 'cmake_target_skip_unavailable' from command line to 'False'
[1.791s] Level 5:colcon.colcon_core.verb:set package 'my_robot_bringup' build argument 'cmake_clean_cache' from command line to 'False'
[1.791s] Level 5:colcon.colcon_core.verb:set package 'my_robot_bringup' build argument 'cmake_clean_first' from command line to 'False'
[1.791s] Level 5:colcon.colcon_core.verb:set package 'my_robot_bringup' build argument 'cmake_force_configure' from command line to 'False'
[1.791s] Level 5:colcon.colcon_core.verb:set package 'my_robot_bringup' build argument 'ament_cmake_args' from command line to 'None'
[1.792s] Level 5:colcon.colcon_core.verb:set package 'my_robot_bringup' build argument 'catkin_cmake_args' from command line to 'None'
[1.792s] Level 5:colcon.colcon_core.verb:set package 'my_robot_bringup' build argument 'catkin_skip_building_tests' from command line to 'False'
[1.792s] DEBUG:colcon.colcon_core.verb:Building package 'my_robot_bringup' with the following arguments: {'ament_cmake_args': None, 'build_base': '/home/varun/ros2workspace/build/my_robot_bringup', 'catkin_cmake_args': None, 'catkin_skip_building_tests': False, 'cmake_args': None, 'cmake_clean_cache': False, 'cmake_clean_first': False, 'cmake_force_configure': False, 'cmake_target': None, 'cmake_target_skip_unavailable': False, 'install_base': '/home/varun/ros2workspace/install/my_robot_bringup', 'merge_install': False, 'path': '/home/varun/ros2workspace/src/my_robot_bringup', 'symlink_install': True, 'test_result_base': None}
[1.812s] INFO:colcon.colcon_core.executor:Executing jobs using 'parallel' executor
[1.833s] DEBUG:colcon.colcon_parallel_executor.executor.parallel:run_until_complete
[1.833s] INFO:colcon.colcon_ros.task.ament_cmake.build:Building ROS package in '/home/varun/ros2workspace/src/my_robot_bringup' with build type 'ament_cmake'
[1.833s] INFO:colcon.colcon_cmake.task.cmake.build:Building CMake package in '/home/varun/ros2workspace/src/my_robot_bringup'
[1.856s] INFO:colcon.colcon_core.plugin_system:Skipping extension 'colcon_core.shell.bat': Not used on non-Windows systems
[1.856s] INFO:colcon.colcon_core.shell:Skip shell extension 'powershell' for command environment: Not usable outside of PowerShell
[1.856s] DEBUG:colcon.colcon_core.shell:Skip shell extension 'dsv' for command environment
[1.951s] DEBUG:colcon.colcon_core.event_handler.log_command:Invoking command in '/home/varun/ros2workspace/build/my_robot_bringup': AMENT_PREFIX_PATH=/home/varun/ros2workspace/install/my_pkgpy:/home/varun/ros2workspace/install/my_robot_bringup:/home/varun/ros2workspace/install/my_robot_interfaces:/home/varun/ros2workspace/install/my_pkgcpp:/home/varun/ros2_ws/install/my_py_pkg:/home/varun/ros2_ws/install/my_cpp_pkg:/opt/ros/humble CMAKE_PREFIX_PATH=/home/varun/ros2workspace/install/my_robot_interfaces:/home/varun/ros2workspace/install/my_robot_bringup:/home/varun/ros2workspace/install/my_pkgcpp:/home/varun/ros2_ws/install/my_cpp_pkg:/home/varun/ros2workspace/install/my_pkgpy:/home/varun/ros2_ws/install/my_py_pkg:/opt/ros/humble /usr/bin/cmake /home/varun/ros2workspace/src/my_robot_bringup -DAMENT_CMAKE_SYMLINK_INSTALL=1 -DCMAKE_INSTALL_PREFIX=/home/varun/ros2workspace/install/my_robot_bringup
[2.257s] DEBUG:colcon.colcon_core.event_handler.log_command:Invoked command in '/home/varun/ros2workspace/build/my_robot_bringup' returned '0': AMENT_PREFIX_PATH=/home/varun/ros2workspace/install/my_pkgpy:/home/varun/ros2workspace/install/my_robot_bringup:/home/varun/ros2workspace/install/my_robot_interfaces:/home/varun/ros2workspace/install/my_pkgcpp:/home/varun/ros2_ws/install/my_py_pkg:/home/varun/ros2_ws/install/my_cpp_pkg:/opt/ros/humble CMAKE_PREFIX_PATH=/home/varun/ros2workspace/install/my_robot_interfaces:/home/varun/ros2workspace/install/my_robot_bringup:/home/varun/ros2workspace/install/my_pkgcpp:/home/varun/ros2_ws/install/my_cpp_pkg:/home/varun/ros2workspace/install/my_pkgpy:/home/varun/ros2_ws/install/my_py_pkg:/opt/ros/humble /usr/bin/cmake /home/varun/ros2workspace/src/my_robot_bringup -DAMENT_CMAKE_SYMLINK_INSTALL=1 -DCMAKE_INSTALL_PREFIX=/home/varun/ros2workspace/install/my_robot_bringup
[2.259s] DEBUG:colcon.colcon_core.event_handler.log_command:Invoking command in '/home/varun/ros2workspace/build/my_robot_bringup': AMENT_PREFIX_PATH=/home/varun/ros2workspace/install/my_pkgpy:/home/varun/ros2workspace/install/my_robot_bringup:/home/varun/ros2workspace/install/my_robot_interfaces:/home/varun/ros2workspace/install/my_pkgcpp:/home/varun/ros2_ws/install/my_py_pkg:/home/varun/ros2_ws/install/my_cpp_pkg:/opt/ros/humble CMAKE_PREFIX_PATH=/home/varun/ros2workspace/install/my_robot_interfaces:/home/varun/ros2workspace/install/my_robot_bringup:/home/varun/ros2workspace/install/my_pkgcpp:/home/varun/ros2_ws/install/my_cpp_pkg:/home/varun/ros2workspace/install/my_pkgpy:/home/varun/ros2_ws/install/my_py_pkg:/opt/ros/humble /usr/bin/cmake --build /home/varun/ros2workspace/build/my_robot_bringup -- -j12 -l12
[2.309s] DEBUG:colcon.colcon_core.event_handler.log_command:Invoked command in '/home/varun/ros2workspace/build/my_robot_bringup' returned '0': AMENT_PREFIX_PATH=/home/varun/ros2workspace/install/my_pkgpy:/home/varun/ros2workspace/install/my_robot_bringup:/home/varun/ros2workspace/install/my_robot_interfaces:/home/varun/ros2workspace/install/my_pkgcpp:/home/varun/ros2_ws/install/my_py_pkg:/home/varun/ros2_ws/install/my_cpp_pkg:/opt/ros/humble CMAKE_PREFIX_PATH=/home/varun/ros2workspace/install/my_robot_interfaces:/home/varun/ros2workspace/install/my_robot_bringup:/home/varun/ros2workspace/install/my_pkgcpp:/home/varun/ros2_ws/install/my_cpp_pkg:/home/varun/ros2workspace/install/my_pkgpy:/home/varun/ros2_ws/install/my_py_pkg:/opt/ros/humble /usr/bin/cmake --build /home/varun/ros2workspace/build/my_robot_bringup -- -j12 -l12
[2.353s] DEBUG:colcon.colcon_core.event_handler.log_command:Invoking command in '/home/varun/ros2workspace/build/my_robot_bringup': AMENT_PREFIX_PATH=/home/varun/ros2workspace/install/my_pkgpy:/home/varun/ros2workspace/install/my_robot_bringup:/home/varun/ros2workspace/install/my_robot_interfaces:/home/varun/ros2workspace/install/my_pkgcpp:/home/varun/ros2_ws/install/my_py_pkg:/home/varun/ros2_ws/install/my_cpp_pkg:/opt/ros/humble CMAKE_PREFIX_PATH=/home/varun/ros2workspace/install/my_robot_interfaces:/home/varun/ros2workspace/install/my_robot_bringup:/home/varun/ros2workspace/install/my_pkgcpp:/home/varun/ros2_ws/install/my_cpp_pkg:/home/varun/ros2workspace/install/my_pkgpy:/home/varun/ros2_ws/install/my_py_pkg:/opt/ros/humble /usr/bin/cmake --install /home/varun/ros2workspace/build/my_robot_bringup
[2.379s] Level 1:colcon.colcon_core.environment:create_environment_scripts_only(my_robot_bringup)
[2.380s] DEBUG:colcon.colcon_core.event_handler.log_command:Invoked command in '/home/varun/ros2workspace/build/my_robot_bringup' returned '0': AMENT_PREFIX_PATH=/home/varun/ros2workspace/install/my_pkgpy:/home/varun/ros2workspace/install/my_robot_bringup:/home/varun/ros2workspace/install/my_robot_interfaces:/home/varun/ros2workspace/install/my_pkgcpp:/home/varun/ros2_ws/install/my_py_pkg:/home/varun/ros2_ws/install/my_cpp_pkg:/opt/ros/humble CMAKE_PREFIX_PATH=/home/varun/ros2workspace/install/my_robot_interfaces:/home/varun/ros2workspace/install/my_robot_bringup:/home/varun/ros2workspace/install/my_pkgcpp:/home/varun/ros2_ws/install/my_cpp_pkg:/home/varun/ros2workspace/install/my_pkgpy:/home/varun/ros2_ws/install/my_py_pkg:/opt/ros/humble /usr/bin/cmake --install /home/varun/ros2workspace/build/my_robot_bringup
[2.401s] Level 1:colcon.colcon_core.environment:checking '/home/varun/ros2workspace/install/my_robot_bringup' for CMake module files
[2.402s] Level 1:colcon.colcon_core.environment:checking '/home/varun/ros2workspace/install/my_robot_bringup' for CMake config files
[2.402s] Level 1:colcon.colcon_core.shell:create_environment_hook('my_robot_bringup', 'cmake_prefix_path')
[2.422s] INFO:colcon.colcon_core.shell:Creating environment hook '/home/varun/ros2workspace/install/my_robot_bringup/share/my_robot_bringup/hook/cmake_prefix_path.ps1'
[2.422s] INFO:colcon.colcon_core.shell:Creating environment descriptor '/home/varun/ros2workspace/install/my_robot_bringup/share/my_robot_bringup/hook/cmake_prefix_path.dsv'
[2.423s] INFO:colcon.colcon_core.shell:Creating environment hook '/home/varun/ros2workspace/install/my_robot_bringup/share/my_robot_bringup/hook/cmake_prefix_path.sh'
[2.424s] Level 1:colcon.colcon_core.environment:checking '/home/varun/ros2workspace/install/my_robot_bringup/bin'
[2.424s] Level 1:colcon.colcon_core.environment:checking '/home/varun/ros2workspace/install/my_robot_bringup/lib/pkgconfig/my_robot_bringup.pc'
[2.424s] Level 1:colcon.colcon_core.environment:checking '/home/varun/ros2workspace/install/my_robot_bringup/lib/python3.10/site-packages'
[2.424s] Level 1:colcon.colcon_core.environment:checking '/home/varun/ros2workspace/install/my_robot_bringup/bin'
[2.444s] INFO:colcon.colcon_core.shell:Creating package script '/home/varun/ros2workspace/install/my_robot_bringup/share/my_robot_bringup/package.ps1'
[2.446s] INFO:colcon.colcon_core.shell:Creating package descriptor '/home/varun/ros2workspace/install/my_robot_bringup/share/my_robot_bringup/package.dsv'
[2.446s] INFO:colcon.colcon_core.shell:Creating package script '/home/varun/ros2workspace/install/my_robot_bringup/share/my_robot_bringup/package.sh'
[2.447s] INFO:colcon.colcon_core.shell:Creating package script '/home/varun/ros2workspace/install/my_robot_bringup/share/my_robot_bringup/package.bash'
[2.448s] INFO:colcon.colcon_core.shell:Creating package script '/home/varun/ros2workspace/install/my_robot_bringup/share/my_robot_bringup/package.zsh'
[2.448s] Level 1:colcon.colcon_core.environment:create_file_with_runtime_dependencies(/home/varun/ros2workspace/install/my_robot_bringup/share/colcon-core/packages/my_robot_bringup)
[2.502s] Level 1:colcon.colcon_core.environment:create_environment_scripts_only(my_robot_bringup)
[2.521s] Level 1:colcon.colcon_core.environment:checking '/home/varun/ros2workspace/install/my_robot_bringup' for CMake module files
[2.522s] Level 1:colcon.colcon_core.environment:checking '/home/varun/ros2workspace/install/my_robot_bringup' for CMake config files
[2.522s] Level 1:colcon.colcon_core.shell:create_environment_hook('my_robot_bringup', 'cmake_prefix_path')
[2.542s] INFO:colcon.colcon_core.shell:Creating environment hook '/home/varun/ros2workspace/install/my_robot_bringup/share/my_robot_bringup/hook/cmake_prefix_path.ps1'
[2.543s] INFO:colcon.colcon_core.shell:Creating environment descriptor '/home/varun/ros2workspace/install/my_robot_bringup/share/my_robot_bringup/hook/cmake_prefix_path.dsv'
[2.543s] INFO:colcon.colcon_core.shell:Creating environment hook '/home/varun/ros2workspace/install/my_robot_bringup/share/my_robot_bringup/hook/cmake_prefix_path.sh'
[2.544s] Level 1:colcon.colcon_core.environment:checking '/home/varun/ros2workspace/install/my_robot_bringup/bin'
[2.544s] Level 1:colcon.colcon_core.environment:checking '/home/varun/ros2workspace/install/my_robot_bringup/lib/pkgconfig/my_robot_bringup.pc'
[2.544s] Level 1:colcon.colcon_core.environment:checking '/home/varun/ros2workspace/install/my_robot_bringup/lib/python3.10/site-packages'
[2.544s] Level 1:colcon.colcon_core.environment:checking '/home/varun/ros2workspace/install/my_robot_bringup/bin'
[2.564s] INFO:colcon.colcon_core.shell:Creating package script '/home/varun/ros2workspace/install/my_robot_bringup/share/my_robot_bringup/package.ps1'
[2.565s] INFO:colcon.colcon_core.shell:Creating package descriptor '/home/varun/ros2workspace/install/my_robot_bringup/share/my_robot_bringup/package.dsv'
[2.566s] INFO:colcon.colcon_core.shell:Creating package script '/home/varun/ros2workspace/install/my_robot_bringup/share/my_robot_bringup/package.sh'
[2.566s] INFO:colcon.colcon_core.shell:Creating package script '/home/varun/ros2workspace/install/my_robot_bringup/share/my_robot_bringup/package.bash'
[2.567s] INFO:colcon.colcon_core.shell:Creating package script '/home/varun/ros2workspace/install/my_robot_bringup/share/my_robot_bringup/package.zsh'
[2.567s] Level 1:colcon.colcon_core.environment:create_file_with_runtime_dependencies(/home/varun/ros2workspace/install/my_robot_bringup/share/colcon-core/packages/my_robot_bringup)
[2.567s] DEBUG:colcon.colcon_parallel_executor.executor.parallel:closing loop
[2.568s] DEBUG:colcon.colcon_parallel_executor.executor.parallel:loop closed
[2.568s] DEBUG:colcon.colcon_parallel_executor.executor.parallel:run_until_complete finished with '0'
[2.568s] DEBUG:colcon.colcon_core.event_reactor:joining thread
[2.594s] INFO:colcon.colcon_core.plugin_system:Skipping extension 'colcon_notification.desktop_notification.terminal_notifier': Not used on non-Darwin systems
[2.594s] INFO:colcon.colcon_core.plugin_system:Skipping extension 'colcon_notification.desktop_notification.win32': Not used on non-Windows systems
[2.594s] INFO:colcon.colcon_notification.desktop_notification:Sending desktop notification using 'notify2'
[2.608s] DEBUG:colcon.colcon_core.event_reactor:joined thread
[2.628s] INFO:colcon.colcon_core.shell:Creating prefix script '/home/varun/ros2workspace/install/local_setup.ps1'
[2.629s] INFO:colcon.colcon_core.shell:Creating prefix util module '/home/varun/ros2workspace/install/_local_setup_util_ps1.py'
[2.631s] INFO:colcon.colcon_core.shell:Creating prefix chain script '/home/varun/ros2workspace/install/setup.ps1'
[2.652s] INFO:colcon.colcon_core.shell:Creating prefix script '/home/varun/ros2workspace/install/local_setup.sh'
[2.653s] INFO:colcon.colcon_core.shell:Creating prefix util module '/home/varun/ros2workspace/install/_local_setup_util_sh.py'
[2.653s] INFO:colcon.colcon_core.shell:Creating prefix chain script '/home/varun/ros2workspace/install/setup.sh'
[2.674s] INFO:colcon.colcon_core.shell:Creating prefix script '/home/varun/ros2workspace/install/local_setup.bash'
[2.675s] INFO:colcon.colcon_core.shell:Creating prefix chain script '/home/varun/ros2workspace/install/setup.bash'
[2.696s] INFO:colcon.colcon_core.shell:Creating prefix script '/home/varun/ros2workspace/install/local_setup.zsh'
[2.696s] INFO:colcon.colcon_core.shell:Creating prefix chain script '/home/varun/ros2workspace/install/setup.zsh'
